[2020-10-26 21:49:02,841] INFO Reading configuration from: /etc/kafka/zookeeper.properties.scale-3.zoo-0 (org.apache.zookeeper.server.quorum.QuorumPeerConfig)
[2020-10-26 21:49:02,868] INFO clientPortAddress is 0.0.0.0:2181 (org.apache.zookeeper.server.quorum.QuorumPeerConfig)
[2020-10-26 21:49:02,868] INFO secureClientPort is not set (org.apache.zookeeper.server.quorum.QuorumPeerConfig)
[2020-10-26 21:49:02,980] INFO autopurge.snapRetainCount set to 3 (org.apache.zookeeper.server.DatadirCleanupManager)
[2020-10-26 21:49:02,982] INFO autopurge.purgeInterval set to 0 (org.apache.zookeeper.server.DatadirCleanupManager)
[2020-10-26 21:49:02,982] INFO Purge task is not scheduled. (org.apache.zookeeper.server.DatadirCleanupManager)
[2020-10-26 21:49:02,989] INFO Log4j 1.2 jmx support found and enabled. (org.apache.zookeeper.jmx.ManagedUtil)
[2020-10-26 21:49:03,266] INFO Starting quorum peer (org.apache.zookeeper.server.quorum.QuorumPeerMain)
[2020-10-26 21:49:03,276] INFO Using org.apache.zookeeper.server.NIOServerCnxnFactory as server connection factory (org.apache.zookeeper.server.ServerCnxnFactory)
[2020-10-26 21:49:03,279] INFO Configuring NIO connection handler with 10s sessionless connection timeout, 1 selector thread(s), 2 worker threads, and 64 kB direct buffers. (org.apache.zookeeper.server.NIOServerCnxnFactory)
[2020-10-26 21:49:03,290] INFO binding to port 0.0.0.0/0.0.0.0:2181 (org.apache.zookeeper.server.NIOServerCnxnFactory)
[2020-10-26 21:49:03,344] INFO Logging initialized @910ms to org.eclipse.jetty.util.log.Slf4jLog (org.eclipse.jetty.util.log)
[2020-10-26 21:49:03,532] WARN o.e.j.s.ServletContextHandler@4efac082{/,null,UNAVAILABLE} contextPath ends with /* (org.eclipse.jetty.server.handler.ContextHandler)
[2020-10-26 21:49:03,533] WARN Empty contextPath (org.eclipse.jetty.server.handler.ContextHandler)
[2020-10-26 21:49:03,564] INFO Setting -D jdk.tls.rejectClientInitiatedRenegotiation=true to disable client-initiated TLS renegotiation (org.apache.zookeeper.common.X509Util)
[2020-10-26 21:49:03,568] INFO zookeeper.snapshot.trust.empty : false (org.apache.zookeeper.server.persistence.FileTxnSnapLog)
[2020-10-26 21:49:03,574] INFO Local sessions disabled (org.apache.zookeeper.server.quorum.QuorumPeer)
[2020-10-26 21:49:03,574] INFO Local session upgrading disabled (org.apache.zookeeper.server.quorum.QuorumPeer)
[2020-10-26 21:49:03,574] INFO tickTime set to 130 (org.apache.zookeeper.server.quorum.QuorumPeer)
[2020-10-26 21:49:03,574] INFO minSessionTimeout set to 260 (org.apache.zookeeper.server.quorum.QuorumPeer)
[2020-10-26 21:49:03,574] INFO maxSessionTimeout set to 3000 (org.apache.zookeeper.server.quorum.QuorumPeer)
[2020-10-26 21:49:03,574] INFO initLimit set to 5 (org.apache.zookeeper.server.quorum.QuorumPeer)
[2020-10-26 21:49:03,597] INFO zookeeper.snapshotSizeFactor = 0.33 (org.apache.zookeeper.server.ZKDatabase)
[2020-10-26 21:49:03,599] INFO Using insecure (non-TLS) quorum communication (org.apache.zookeeper.server.quorum.QuorumPeer)
[2020-10-26 21:49:03,599] INFO Port unification disabled (org.apache.zookeeper.server.quorum.QuorumPeer)
[2020-10-26 21:49:03,599] INFO QuorumPeer communication is not secured! (SASL auth disabled) (org.apache.zookeeper.server.quorum.QuorumPeer)
[2020-10-26 21:49:03,599] INFO quorum.cnxn.threads.size set to 20 (org.apache.zookeeper.server.quorum.QuorumPeer)
[2020-10-26 21:49:03,604] INFO Snapshotting: 0x0 to /var/lib/zookeeper/data/version-2/snapshot.0 (org.apache.zookeeper.server.persistence.FileTxnSnapLog)
[2020-10-26 21:49:03,608] INFO currentEpoch not found! Creating with a reasonable default of 0. This should only happen when you are upgrading your installation (org.apache.zookeeper.server.quorum.QuorumPeer)
[2020-10-26 21:49:03,612] INFO acceptedEpoch not found! Creating with a reasonable default of 0. This should only happen when you are upgrading your installation (org.apache.zookeeper.server.quorum.QuorumPeer)
[2020-10-26 21:49:03,644] INFO jetty-9.4.24.v20191120; built: 2019-11-20T21:37:49.771Z; git: 363d5f2df3a8a28de40604320230664b9c793c16; jvm 11.0.7+10 (org.eclipse.jetty.server.Server)
[2020-10-26 21:49:03,722] INFO DefaultSessionIdManager workerName=node0 (org.eclipse.jetty.server.session)
[2020-10-26 21:49:03,722] INFO No SessionScavenger set, using defaults (org.eclipse.jetty.server.session)
[2020-10-26 21:49:03,725] INFO node0 Scavenging every 600000ms (org.eclipse.jetty.server.session)
[2020-10-26 21:49:03,743] INFO Started o.e.j.s.ServletContextHandler@4efac082{/,null,AVAILABLE} (org.eclipse.jetty.server.handler.ContextHandler)
[2020-10-26 21:49:03,762] INFO Started ServerConnector@2053d869{HTTP/1.1,[http/1.1]}{0.0.0.0:8080} (org.eclipse.jetty.server.AbstractConnector)
[2020-10-26 21:49:03,763] INFO Started @1328ms (org.eclipse.jetty.server.Server)
[2020-10-26 21:49:03,764] INFO Started AdminServer on address 0.0.0.0, port 8080 and command URL /commands (org.apache.zookeeper.server.admin.JettyAdminServer)
[2020-10-26 21:49:03,787] INFO Election port bind maximum retries is infinite (org.apache.zookeeper.server.quorum.QuorumCnxManager)
[2020-10-26 21:49:03,800] INFO 1 is accepting connections now, my election bind port: zoo-0.zoo.kafka.svc.cluster.local/10.233.122.3:3888 (org.apache.zookeeper.server.quorum.QuorumCnxManager)
[2020-10-26 21:49:03,840] INFO LOOKING (org.apache.zookeeper.server.quorum.QuorumPeer)
[2020-10-26 21:49:03,842] INFO New election. My id =  1, proposed zxid=0x0 (org.apache.zookeeper.server.quorum.FastLeaderElection)
[2020-10-26 21:49:03,845] WARN Failed to resolve address: zoo-1.zoo.kafka.svc.cluster.local (org.apache.zookeeper.server.quorum.QuorumPeer)
java.net.UnknownHostException: zoo-1.zoo.kafka.svc.cluster.local
	at java.base/java.net.InetAddress$CachedAddresses.get(Unknown Source)
	at java.base/java.net.InetAddress.getAllByName0(Unknown Source)
	at java.base/java.net.InetAddress.getAllByName(Unknown Source)
	at java.base/java.net.InetAddress.getAllByName(Unknown Source)
	at java.base/java.net.InetAddress.getByName(Unknown Source)
	at org.apache.zookeeper.server.quorum.QuorumPeer$QuorumServer.recreateSocketAddresses(QuorumPeer.java:197)
	at org.apache.zookeeper.server.quorum.QuorumPeer.recreateSocketAddresses(QuorumPeer.java:746)
	at org.apache.zookeeper.server.quorum.QuorumCnxManager.connectOne(QuorumCnxManager.java:715)
	at org.apache.zookeeper.server.quorum.QuorumCnxManager.toSend(QuorumCnxManager.java:676)
	at org.apache.zookeeper.server.quorum.FastLeaderElection$Messenger$WorkerSender.process(FastLeaderElection.java:495)
	at org.apache.zookeeper.server.quorum.FastLeaderElection$Messenger$WorkerSender.run(FastLeaderElection.java:474)
	at java.base/java.lang.Thread.run(Unknown Source)
[2020-10-26 21:49:03,853] WARN Failed to resolve address: zoo-1.zoo.kafka.svc.cluster.local (org.apache.zookeeper.server.quorum.QuorumPeer)
java.net.UnknownHostException: zoo-1.zoo.kafka.svc.cluster.local
	at java.base/java.net.InetAddress$CachedAddresses.get(Unknown Source)
	at java.base/java.net.InetAddress.getAllByName0(Unknown Source)
	at java.base/java.net.InetAddress.getAllByName(Unknown Source)
	at java.base/java.net.InetAddress.getAllByName(Unknown Source)
	at java.base/java.net.InetAddress.getByName(Unknown Source)
	at org.apache.zookeeper.server.quorum.QuorumPeer$QuorumServer.recreateSocketAddresses(QuorumPeer.java:197)
	at org.apache.zookeeper.server.quorum.QuorumPeer.recreateSocketAddresses(QuorumPeer.java:756)
	at org.apache.zookeeper.server.quorum.QuorumCnxManager.connectOne(QuorumCnxManager.java:715)
	at org.apache.zookeeper.server.quorum.QuorumCnxManager.toSend(QuorumCnxManager.java:676)
	at org.apache.zookeeper.server.quorum.FastLeaderElection$Messenger$WorkerSender.process(FastLeaderElection.java:495)
	at org.apache.zookeeper.server.quorum.FastLeaderElection$Messenger$WorkerSender.run(FastLeaderElection.java:474)
	at java.base/java.lang.Thread.run(Unknown Source)
[2020-10-26 21:49:03,855] WARN Failed to resolve address: zoo-2.zoo.kafka.svc.cluster.local (org.apache.zookeeper.server.quorum.QuorumPeer)
java.net.UnknownHostException: zoo-2.zoo.kafka.svc.cluster.local
	at java.base/java.net.InetAddress$CachedAddresses.get(Unknown Source)
	at java.base/java.net.InetAddress.getAllByName0(Unknown Source)
	at java.base/java.net.InetAddress.getAllByName(Unknown Source)
	at java.base/java.net.InetAddress.getAllByName(Unknown Source)
	at java.base/java.net.InetAddress.getByName(Unknown Source)
	at org.apache.zookeeper.server.quorum.QuorumPeer$QuorumServer.recreateSocketAddresses(QuorumPeer.java:197)
	at org.apache.zookeeper.server.quorum.QuorumPeer.recreateSocketAddresses(QuorumPeer.java:746)
	at org.apache.zookeeper.server.quorum.QuorumCnxManager.connectOne(QuorumCnxManager.java:715)
	at org.apache.zookeeper.server.quorum.QuorumCnxManager.toSend(QuorumCnxManager.java:676)
	at org.apache.zookeeper.server.quorum.FastLeaderElection$Messenger$WorkerSender.process(FastLeaderElection.java:495)
	at org.apache.zookeeper.server.quorum.FastLeaderElection$Messenger$WorkerSender.run(FastLeaderElection.java:474)
	at java.base/java.lang.Thread.run(Unknown Source)
[2020-10-26 21:49:03,855] INFO Notification: 2 (message format version), 1 (n.leader), 0x0 (n.zxid), 0x1 (n.round), LOOKING (n.state), 1 (n.sid), 0x0 (n.peerEPoch), LOOKING (my state)0 (n.config version) (org.apache.zookeeper.server.quorum.FastLeaderElection)
[2020-10-26 21:49:03,857] WARN Failed to resolve address: zoo-2.zoo.kafka.svc.cluster.local (org.apache.zookeeper.server.quorum.QuorumPeer)
java.net.UnknownHostException: zoo-2.zoo.kafka.svc.cluster.local
	at java.base/java.net.InetAddress$CachedAddresses.get(Unknown Source)
	at java.base/java.net.InetAddress.getAllByName0(Unknown Source)
	at java.base/java.net.InetAddress.getAllByName(Unknown Source)
	at java.base/java.net.InetAddress.getAllByName(Unknown Source)
	at java.base/java.net.InetAddress.getByName(Unknown Source)
	at org.apache.zookeeper.server.quorum.QuorumPeer$QuorumServer.recreateSocketAddresses(QuorumPeer.java:197)
	at org.apache.zookeeper.server.quorum.QuorumPeer.recreateSocketAddresses(QuorumPeer.java:756)
	at org.apache.zookeeper.server.quorum.QuorumCnxManager.connectOne(QuorumCnxManager.java:715)
	at org.apache.zookeeper.server.quorum.QuorumCnxManager.toSend(QuorumCnxManager.java:676)
	at org.apache.zookeeper.server.quorum.FastLeaderElection$Messenger$WorkerSender.process(FastLeaderElection.java:495)
	at org.apache.zookeeper.server.quorum.FastLeaderElection$Messenger$WorkerSender.run(FastLeaderElection.java:474)
	at java.base/java.lang.Thread.run(Unknown Source)
[2020-10-26 21:49:03,868] WARN Cannot open channel to 2 at election address zoo-1.zoo.kafka.svc.cluster.local:3888 (org.apache.zookeeper.server.quorum.QuorumCnxManager)
java.net.UnknownHostException: zoo-1.zoo.kafka.svc.cluster.local
	at java.base/java.net.AbstractPlainSocketImpl.connect(Unknown Source)
	at java.base/java.net.SocksSocketImpl.connect(Unknown Source)
	at java.base/java.net.Socket.connect(Unknown Source)
	at org.apache.zookeeper.server.quorum.QuorumCnxManager.initiateConnection(QuorumCnxManager.java:373)
	at org.apache.zookeeper.server.quorum.QuorumCnxManager$QuorumConnectionReqThread.run(QuorumCnxManager.java:436)
	at java.base/java.util.concurrent.ThreadPoolExecutor.runWorker(Unknown Source)
	at java.base/java.util.concurrent.ThreadPoolExecutor$Worker.run(Unknown Source)
	at java.base/java.lang.Thread.run(Unknown Source)
[2020-10-26 21:49:03,879] WARN Cannot open channel to 3 at election address zoo-2.zoo.kafka.svc.cluster.local:3888 (org.apache.zookeeper.server.quorum.QuorumCnxManager)
java.net.UnknownHostException: zoo-2.zoo.kafka.svc.cluster.local
	at java.base/java.net.AbstractPlainSocketImpl.connect(Unknown Source)
	at java.base/java.net.SocksSocketImpl.connect(Unknown Source)
	at java.base/java.net.Socket.connect(Unknown Source)
	at org.apache.zookeeper.server.quorum.QuorumCnxManager.initiateConnection(QuorumCnxManager.java:373)
	at org.apache.zookeeper.server.quorum.QuorumCnxManager$QuorumConnectionReqThread.run(QuorumCnxManager.java:436)
	at java.base/java.util.concurrent.ThreadPoolExecutor.runWorker(Unknown Source)
	at java.base/java.util.concurrent.ThreadPoolExecutor$Worker.run(Unknown Source)
	at java.base/java.lang.Thread.run(Unknown Source)
[2020-10-26 21:49:04,061] WARN Failed to resolve address: zoo-1.zoo.kafka.svc.cluster.local (org.apache.zookeeper.server.quorum.QuorumPeer)
java.net.UnknownHostException: zoo-1.zoo.kafka.svc.cluster.local
	at java.base/java.net.InetAddress$CachedAddresses.get(Unknown Source)
	at java.base/java.net.InetAddress.getAllByName0(Unknown Source)
	at java.base/java.net.InetAddress.getAllByName(Unknown Source)
	at java.base/java.net.InetAddress.getAllByName(Unknown Source)
	at java.base/java.net.InetAddress.getByName(Unknown Source)
	at org.apache.zookeeper.server.quorum.QuorumPeer$QuorumServer.recreateSocketAddresses(QuorumPeer.java:197)
	at org.apache.zookeeper.server.quorum.QuorumPeer.recreateSocketAddresses(QuorumPeer.java:746)
	at org.apache.zookeeper.server.quorum.QuorumCnxManager.connectOne(QuorumCnxManager.java:715)
	at org.apache.zookeeper.server.quorum.QuorumCnxManager.connectAll(QuorumCnxManager.java:751)
	at org.apache.zookeeper.server.quorum.FastLeaderElection.lookForLeader(FastLeaderElection.java:928)
	at org.apache.zookeeper.server.quorum.QuorumPeer.run(QuorumPeer.java:1229)
[2020-10-26 21:49:04,062] WARN Failed to resolve address: zoo-1.zoo.kafka.svc.cluster.local (org.apache.zookeeper.server.quorum.QuorumPeer)
java.net.UnknownHostException: zoo-1.zoo.kafka.svc.cluster.local
	at java.base/java.net.InetAddress$CachedAddresses.get(Unknown Source)
	at java.base/java.net.InetAddress.getAllByName0(Unknown Source)
	at java.base/java.net.InetAddress.getAllByName(Unknown Source)
	at java.base/java.net.InetAddress.getAllByName(Unknown Source)
	at java.base/java.net.InetAddress.getByName(Unknown Source)
	at org.apache.zookeeper.server.quorum.QuorumPeer$QuorumServer.recreateSocketAddresses(QuorumPeer.java:197)
	at org.apache.zookeeper.server.quorum.QuorumPeer.recreateSocketAddresses(QuorumPeer.java:756)
	at org.apache.zookeeper.server.quorum.QuorumCnxManager.connectOne(QuorumCnxManager.java:715)
	at org.apache.zookeeper.server.quorum.QuorumCnxManager.connectAll(QuorumCnxManager.java:751)
	at org.apache.zookeeper.server.quorum.FastLeaderElection.lookForLeader(FastLeaderElection.java:928)
	at org.apache.zookeeper.server.quorum.QuorumPeer.run(QuorumPeer.java:1229)
[2020-10-26 21:49:04,063] WARN Failed to resolve address: zoo-2.zoo.kafka.svc.cluster.local (org.apache.zookeeper.server.quorum.QuorumPeer)
java.net.UnknownHostException: zoo-2.zoo.kafka.svc.cluster.local
	at java.base/java.net.InetAddress$CachedAddresses.get(Unknown Source)
	at java.base/java.net.InetAddress.getAllByName0(Unknown Source)
	at java.base/java.net.InetAddress.getAllByName(Unknown Source)
	at java.base/java.net.InetAddress.getAllByName(Unknown Source)
	at java.base/java.net.InetAddress.getByName(Unknown Source)
	at org.apache.zookeeper.server.quorum.QuorumPeer$QuorumServer.recreateSocketAddresses(QuorumPeer.java:197)
	at org.apache.zookeeper.server.quorum.QuorumPeer.recreateSocketAddresses(QuorumPeer.java:746)
	at org.apache.zookeeper.server.quorum.QuorumCnxManager.connectOne(QuorumCnxManager.java:715)
	at org.apache.zookeeper.server.quorum.QuorumCnxManager.connectAll(QuorumCnxManager.java:751)
	at org.apache.zookeeper.server.quorum.FastLeaderElection.lookForLeader(FastLeaderElection.java:928)
	at org.apache.zookeeper.server.quorum.QuorumPeer.run(QuorumPeer.java:1229)
[2020-10-26 21:49:04,063] WARN Failed to resolve address: zoo-2.zoo.kafka.svc.cluster.local (org.apache.zookeeper.server.quorum.QuorumPeer)
java.net.UnknownHostException: zoo-2.zoo.kafka.svc.cluster.local
	at java.base/java.net.InetAddress$CachedAddresses.get(Unknown Source)
	at java.base/java.net.InetAddress.getAllByName0(Unknown Source)
	at java.base/java.net.InetAddress.getAllByName(Unknown Source)
	at java.base/java.net.InetAddress.getAllByName(Unknown Source)
	at java.base/java.net.InetAddress.getByName(Unknown Source)
	at org.apache.zookeeper.server.quorum.QuorumPeer$QuorumServer.recreateSocketAddresses(QuorumPeer.java:197)
	at org.apache.zookeeper.server.quorum.QuorumPeer.recreateSocketAddresses(QuorumPeer.java:756)
	at org.apache.zookeeper.server.quorum.QuorumCnxManager.connectOne(QuorumCnxManager.java:715)
	at org.apache.zookeeper.server.quorum.QuorumCnxManager.connectAll(QuorumCnxManager.java:751)
	at org.apache.zookeeper.server.quorum.FastLeaderElection.lookForLeader(FastLeaderElection.java:928)
	at org.apache.zookeeper.server.quorum.QuorumPeer.run(QuorumPeer.java:1229)
[2020-10-26 21:49:04,069] WARN Cannot open channel to 3 at election address zoo-2.zoo.kafka.svc.cluster.local:3888 (org.apache.zookeeper.server.quorum.QuorumCnxManager)
java.net.UnknownHostException: zoo-2.zoo.kafka.svc.cluster.local
	at java.base/java.net.AbstractPlainSocketImpl.connect(Unknown Source)
	at java.base/java.net.SocksSocketImpl.connect(Unknown Source)
	at java.base/java.net.Socket.connect(Unknown Source)
	at org.apache.zookeeper.server.quorum.QuorumCnxManager.initiateConnection(QuorumCnxManager.java:373)
	at org.apache.zookeeper.server.quorum.QuorumCnxManager$QuorumConnectionReqThread.run(QuorumCnxManager.java:436)
	at java.base/java.util.concurrent.ThreadPoolExecutor.runWorker(Unknown Source)
	at java.base/java.util.concurrent.ThreadPoolExecutor$Worker.run(Unknown Source)
	at java.base/java.lang.Thread.run(Unknown Source)
[2020-10-26 21:49:04,070] INFO Notification time out: 400 (org.apache.zookeeper.server.quorum.FastLeaderElection)
[2020-10-26 21:49:04,075] WARN Cannot open channel to 2 at election address zoo-1.zoo.kafka.svc.cluster.local:3888 (org.apache.zookeeper.server.quorum.QuorumCnxManager)
java.net.UnknownHostException: zoo-1.zoo.kafka.svc.cluster.local
	at java.base/java.net.AbstractPlainSocketImpl.connect(Unknown Source)
	at java.base/java.net.SocksSocketImpl.connect(Unknown Source)
	at java.base/java.net.Socket.connect(Unknown Source)
	at org.apache.zookeeper.server.quorum.QuorumCnxManager.initiateConnection(QuorumCnxManager.java:373)
	at org.apache.zookeeper.server.quorum.QuorumCnxManager$QuorumConnectionReqThread.run(QuorumCnxManager.java:436)
	at java.base/java.util.concurrent.ThreadPoolExecutor.runWorker(Unknown Source)
	at java.base/java.util.concurrent.ThreadPoolExecutor$Worker.run(Unknown Source)
	at java.base/java.lang.Thread.run(Unknown Source)
[2020-10-26 21:49:04,475] WARN Failed to resolve address: zoo-1.zoo.kafka.svc.cluster.local (org.apache.zookeeper.server.quorum.QuorumPeer)
java.net.UnknownHostException: zoo-1.zoo.kafka.svc.cluster.local
	at java.base/java.net.InetAddress$CachedAddresses.get(Unknown Source)
	at java.base/java.net.InetAddress.getAllByName0(Unknown Source)
	at java.base/java.net.InetAddress.getAllByName(Unknown Source)
	at java.base/java.net.InetAddress.getAllByName(Unknown Source)
	at java.base/java.net.InetAddress.getByName(Unknown Source)
	at org.apache.zookeeper.server.quorum.QuorumPeer$QuorumServer.recreateSocketAddresses(QuorumPeer.java:197)
	at org.apache.zookeeper.server.quorum.QuorumPeer.recreateSocketAddresses(QuorumPeer.java:746)
	at org.apache.zookeeper.server.quorum.QuorumCnxManager.connectOne(QuorumCnxManager.java:715)
	at org.apache.zookeeper.server.quorum.QuorumCnxManager.connectAll(QuorumCnxManager.java:751)
	at org.apache.zookeeper.server.quorum.FastLeaderElection.lookForLeader(FastLeaderElection.java:928)
	at org.apache.zookeeper.server.quorum.QuorumPeer.run(QuorumPeer.java:1229)
[2020-10-26 21:49:04,476] WARN Failed to resolve address: zoo-1.zoo.kafka.svc.cluster.local (org.apache.zookeeper.server.quorum.QuorumPeer)
java.net.UnknownHostException: zoo-1.zoo.kafka.svc.cluster.local
	at java.base/java.net.InetAddress$CachedAddresses.get(Unknown Source)
	at java.base/java.net.InetAddress.getAllByName0(Unknown Source)
	at java.base/java.net.InetAddress.getAllByName(Unknown Source)
	at java.base/java.net.InetAddress.getAllByName(Unknown Source)
	at java.base/java.net.InetAddress.getByName(Unknown Source)
	at org.apache.zookeeper.server.quorum.QuorumPeer$QuorumServer.recreateSocketAddresses(QuorumPeer.java:197)
	at org.apache.zookeeper.server.quorum.QuorumPeer.recreateSocketAddresses(QuorumPeer.java:756)
	at org.apache.zookeeper.server.quorum.QuorumCnxManager.connectOne(QuorumCnxManager.java:715)
	at org.apache.zookeeper.server.quorum.QuorumCnxManager.connectAll(QuorumCnxManager.java:751)
	at org.apache.zookeeper.server.quorum.FastLeaderElection.lookForLeader(FastLeaderElection.java:928)
	at org.apache.zookeeper.server.quorum.QuorumPeer.run(QuorumPeer.java:1229)
[2020-10-26 21:49:04,476] WARN Failed to resolve address: zoo-2.zoo.kafka.svc.cluster.local (org.apache.zookeeper.server.quorum.QuorumPeer)
java.net.UnknownHostException: zoo-2.zoo.kafka.svc.cluster.local
	at java.base/java.net.InetAddress$CachedAddresses.get(Unknown Source)
	at java.base/java.net.InetAddress.getAllByName0(Unknown Source)
	at java.base/java.net.InetAddress.getAllByName(Unknown Source)
	at java.base/java.net.InetAddress.getAllByName(Unknown Source)
	at java.base/java.net.InetAddress.getByName(Unknown Source)
	at org.apache.zookeeper.server.quorum.QuorumPeer$QuorumServer.recreateSocketAddresses(QuorumPeer.java:197)
	at org.apache.zookeeper.server.quorum.QuorumPeer.recreateSocketAddresses(QuorumPeer.java:746)
	at org.apache.zookeeper.server.quorum.QuorumCnxManager.connectOne(QuorumCnxManager.java:715)
	at org.apache.zookeeper.server.quorum.QuorumCnxManager.connectAll(QuorumCnxManager.java:751)
	at org.apache.zookeeper.server.quorum.FastLeaderElection.lookForLeader(FastLeaderElection.java:928)
	at org.apache.zookeeper.server.quorum.QuorumPeer.run(QuorumPeer.java:1229)
[2020-10-26 21:49:04,476] WARN Failed to resolve address: zoo-2.zoo.kafka.svc.cluster.local (org.apache.zookeeper.server.quorum.QuorumPeer)
java.net.UnknownHostException: zoo-2.zoo.kafka.svc.cluster.local
	at java.base/java.net.InetAddress$CachedAddresses.get(Unknown Source)
	at java.base/java.net.InetAddress.getAllByName0(Unknown Source)
	at java.base/java.net.InetAddress.getAllByName(Unknown Source)
	at java.base/java.net.InetAddress.getAllByName(Unknown Source)
	at java.base/java.net.InetAddress.getByName(Unknown Source)
	at org.apache.zookeeper.server.quorum.QuorumPeer$QuorumServer.recreateSocketAddresses(QuorumPeer.java:197)
	at org.apache.zookeeper.server.quorum.QuorumPeer.recreateSocketAddresses(QuorumPeer.java:756)
	at org.apache.zookeeper.server.quorum.QuorumCnxManager.connectOne(QuorumCnxManager.java:715)
	at org.apache.zookeeper.server.quorum.QuorumCnxManager.connectAll(QuorumCnxManager.java:751)
	at org.apache.zookeeper.server.quorum.FastLeaderElection.lookForLeader(FastLeaderElection.java:928)
	at org.apache.zookeeper.server.quorum.QuorumPeer.run(QuorumPeer.java:1229)
[2020-10-26 21:49:04,477] INFO Notification time out: 800 (org.apache.zookeeper.server.quorum.FastLeaderElection)
[2020-10-26 21:49:04,477] WARN Cannot open channel to 3 at election address zoo-2.zoo.kafka.svc.cluster.local:3888 (org.apache.zookeeper.server.quorum.QuorumCnxManager)
java.net.UnknownHostException: zoo-2.zoo.kafka.svc.cluster.local
	at java.base/java.net.AbstractPlainSocketImpl.connect(Unknown Source)
	at java.base/java.net.SocksSocketImpl.connect(Unknown Source)
	at java.base/java.net.Socket.connect(Unknown Source)
	at org.apache.zookeeper.server.quorum.QuorumCnxManager.initiateConnection(QuorumCnxManager.java:373)
	at org.apache.zookeeper.server.quorum.QuorumCnxManager$QuorumConnectionReqThread.run(QuorumCnxManager.java:436)
	at java.base/java.util.concurrent.ThreadPoolExecutor.runWorker(Unknown Source)
	at java.base/java.util.concurrent.ThreadPoolExecutor$Worker.run(Unknown Source)
	at java.base/java.lang.Thread.run(Unknown Source)
[2020-10-26 21:49:04,480] WARN Cannot open channel to 2 at election address zoo-1.zoo.kafka.svc.cluster.local:3888 (org.apache.zookeeper.server.quorum.QuorumCnxManager)
java.net.UnknownHostException: zoo-1.zoo.kafka.svc.cluster.local
	at java.base/java.net.AbstractPlainSocketImpl.connect(Unknown Source)
	at java.base/java.net.SocksSocketImpl.connect(Unknown Source)
	at java.base/java.net.Socket.connect(Unknown Source)
	at org.apache.zookeeper.server.quorum.QuorumCnxManager.initiateConnection(QuorumCnxManager.java:373)
	at org.apache.zookeeper.server.quorum.QuorumCnxManager$QuorumConnectionReqThread.run(QuorumCnxManager.java:436)
	at java.base/java.util.concurrent.ThreadPoolExecutor.runWorker(Unknown Source)
	at java.base/java.util.concurrent.ThreadPoolExecutor$Worker.run(Unknown Source)
	at java.base/java.lang.Thread.run(Unknown Source)
[2020-10-26 21:49:05,277] WARN Failed to resolve address: zoo-1.zoo.kafka.svc.cluster.local (org.apache.zookeeper.server.quorum.QuorumPeer)
java.net.UnknownHostException: zoo-1.zoo.kafka.svc.cluster.local
	at java.base/java.net.InetAddress$CachedAddresses.get(Unknown Source)
	at java.base/java.net.InetAddress.getAllByName0(Unknown Source)
	at java.base/java.net.InetAddress.getAllByName(Unknown Source)
	at java.base/java.net.InetAddress.getAllByName(Unknown Source)
	at java.base/java.net.InetAddress.getByName(Unknown Source)
	at org.apache.zookeeper.server.quorum.QuorumPeer$QuorumServer.recreateSocketAddresses(QuorumPeer.java:197)
	at org.apache.zookeeper.server.quorum.QuorumPeer.recreateSocketAddresses(QuorumPeer.java:746)
	at org.apache.zookeeper.server.quorum.QuorumCnxManager.connectOne(QuorumCnxManager.java:715)
	at org.apache.zookeeper.server.quorum.QuorumCnxManager.connectAll(QuorumCnxManager.java:751)
	at org.apache.zookeeper.server.quorum.FastLeaderElection.lookForLeader(FastLeaderElection.java:928)
	at org.apache.zookeeper.server.quorum.QuorumPeer.run(QuorumPeer.java:1229)
[2020-10-26 21:49:05,278] WARN Failed to resolve address: zoo-1.zoo.kafka.svc.cluster.local (org.apache.zookeeper.server.quorum.QuorumPeer)
java.net.UnknownHostException: zoo-1.zoo.kafka.svc.cluster.local
	at java.base/java.net.InetAddress$CachedAddresses.get(Unknown Source)
	at java.base/java.net.InetAddress.getAllByName0(Unknown Source)
	at java.base/java.net.InetAddress.getAllByName(Unknown Source)
	at java.base/java.net.InetAddress.getAllByName(Unknown Source)
	at java.base/java.net.InetAddress.getByName(Unknown Source)
	at org.apache.zookeeper.server.quorum.QuorumPeer$QuorumServer.recreateSocketAddresses(QuorumPeer.java:197)
	at org.apache.zookeeper.server.quorum.QuorumPeer.recreateSocketAddresses(QuorumPeer.java:756)
	at org.apache.zookeeper.server.quorum.QuorumCnxManager.connectOne(QuorumCnxManager.java:715)
	at org.apache.zookeeper.server.quorum.QuorumCnxManager.connectAll(QuorumCnxManager.java:751)
	at org.apache.zookeeper.server.quorum.FastLeaderElection.lookForLeader(FastLeaderElection.java:928)
	at org.apache.zookeeper.server.quorum.QuorumPeer.run(QuorumPeer.java:1229)
[2020-10-26 21:49:05,278] WARN Failed to resolve address: zoo-2.zoo.kafka.svc.cluster.local (org.apache.zookeeper.server.quorum.QuorumPeer)
java.net.UnknownHostException: zoo-2.zoo.kafka.svc.cluster.local
	at java.base/java.net.InetAddress$CachedAddresses.get(Unknown Source)
	at java.base/java.net.InetAddress.getAllByName0(Unknown Source)
	at java.base/java.net.InetAddress.getAllByName(Unknown Source)
	at java.base/java.net.InetAddress.getAllByName(Unknown Source)
	at java.base/java.net.InetAddress.getByName(Unknown Source)
	at org.apache.zookeeper.server.quorum.QuorumPeer$QuorumServer.recreateSocketAddresses(QuorumPeer.java:197)
	at org.apache.zookeeper.server.quorum.QuorumPeer.recreateSocketAddresses(QuorumPeer.java:746)
	at org.apache.zookeeper.server.quorum.QuorumCnxManager.connectOne(QuorumCnxManager.java:715)
	at org.apache.zookeeper.server.quorum.QuorumCnxManager.connectAll(QuorumCnxManager.java:751)
	at org.apache.zookeeper.server.quorum.FastLeaderElection.lookForLeader(FastLeaderElection.java:928)
	at org.apache.zookeeper.server.quorum.QuorumPeer.run(QuorumPeer.java:1229)
[2020-10-26 21:49:05,279] WARN Failed to resolve address: zoo-2.zoo.kafka.svc.cluster.local (org.apache.zookeeper.server.quorum.QuorumPeer)
java.net.UnknownHostException: zoo-2.zoo.kafka.svc.cluster.local
	at java.base/java.net.InetAddress$CachedAddresses.get(Unknown Source)
	at java.base/java.net.InetAddress.getAllByName0(Unknown Source)
	at java.base/java.net.InetAddress.getAllByName(Unknown Source)
	at java.base/java.net.InetAddress.getAllByName(Unknown Source)
	at java.base/java.net.InetAddress.getByName(Unknown Source)
	at org.apache.zookeeper.server.quorum.QuorumPeer$QuorumServer.recreateSocketAddresses(QuorumPeer.java:197)
	at org.apache.zookeeper.server.quorum.QuorumPeer.recreateSocketAddresses(QuorumPeer.java:756)
	at org.apache.zookeeper.server.quorum.QuorumCnxManager.connectOne(QuorumCnxManager.java:715)
	at org.apache.zookeeper.server.quorum.QuorumCnxManager.connectAll(QuorumCnxManager.java:751)
	at org.apache.zookeeper.server.quorum.FastLeaderElection.lookForLeader(FastLeaderElection.java:928)
	at org.apache.zookeeper.server.quorum.QuorumPeer.run(QuorumPeer.java:1229)
[2020-10-26 21:49:05,279] INFO Notification time out: 1600 (org.apache.zookeeper.server.quorum.FastLeaderElection)
[2020-10-26 21:49:05,279] WARN Cannot open channel to 3 at election address zoo-2.zoo.kafka.svc.cluster.local:3888 (org.apache.zookeeper.server.quorum.QuorumCnxManager)
java.net.UnknownHostException: zoo-2.zoo.kafka.svc.cluster.local
	at java.base/java.net.AbstractPlainSocketImpl.connect(Unknown Source)
	at java.base/java.net.SocksSocketImpl.connect(Unknown Source)
	at java.base/java.net.Socket.connect(Unknown Source)
	at org.apache.zookeeper.server.quorum.QuorumCnxManager.initiateConnection(QuorumCnxManager.java:373)
	at org.apache.zookeeper.server.quorum.QuorumCnxManager$QuorumConnectionReqThread.run(QuorumCnxManager.java:436)
	at java.base/java.util.concurrent.ThreadPoolExecutor.runWorker(Unknown Source)
	at java.base/java.util.concurrent.ThreadPoolExecutor$Worker.run(Unknown Source)
	at java.base/java.lang.Thread.run(Unknown Source)
[2020-10-26 21:49:05,280] WARN Cannot open channel to 2 at election address zoo-1.zoo.kafka.svc.cluster.local:3888 (org.apache.zookeeper.server.quorum.QuorumCnxManager)
java.net.UnknownHostException: zoo-1.zoo.kafka.svc.cluster.local
	at java.base/java.net.AbstractPlainSocketImpl.connect(Unknown Source)
	at java.base/java.net.SocksSocketImpl.connect(Unknown Source)
	at java.base/java.net.Socket.connect(Unknown Source)
	at org.apache.zookeeper.server.quorum.QuorumCnxManager.initiateConnection(QuorumCnxManager.java:373)
	at org.apache.zookeeper.server.quorum.QuorumCnxManager$QuorumConnectionReqThread.run(QuorumCnxManager.java:436)
	at java.base/java.util.concurrent.ThreadPoolExecutor.runWorker(Unknown Source)
	at java.base/java.util.concurrent.ThreadPoolExecutor$Worker.run(Unknown Source)
	at java.base/java.lang.Thread.run(Unknown Source)
[2020-10-26 21:49:06,880] WARN Failed to resolve address: zoo-1.zoo.kafka.svc.cluster.local (org.apache.zookeeper.server.quorum.QuorumPeer)
java.net.UnknownHostException: zoo-1.zoo.kafka.svc.cluster.local
	at java.base/java.net.InetAddress$CachedAddresses.get(Unknown Source)
	at java.base/java.net.InetAddress.getAllByName0(Unknown Source)
	at java.base/java.net.InetAddress.getAllByName(Unknown Source)
	at java.base/java.net.InetAddress.getAllByName(Unknown Source)
	at java.base/java.net.InetAddress.getByName(Unknown Source)
	at org.apache.zookeeper.server.quorum.QuorumPeer$QuorumServer.recreateSocketAddresses(QuorumPeer.java:197)
	at org.apache.zookeeper.server.quorum.QuorumPeer.recreateSocketAddresses(QuorumPeer.java:746)
	at org.apache.zookeeper.server.quorum.QuorumCnxManager.connectOne(QuorumCnxManager.java:715)
	at org.apache.zookeeper.server.quorum.QuorumCnxManager.connectAll(QuorumCnxManager.java:751)
	at org.apache.zookeeper.server.quorum.FastLeaderElection.lookForLeader(FastLeaderElection.java:928)
	at org.apache.zookeeper.server.quorum.QuorumPeer.run(QuorumPeer.java:1229)
[2020-10-26 21:49:06,880] WARN Failed to resolve address: zoo-1.zoo.kafka.svc.cluster.local (org.apache.zookeeper.server.quorum.QuorumPeer)
java.net.UnknownHostException: zoo-1.zoo.kafka.svc.cluster.local
	at java.base/java.net.InetAddress$CachedAddresses.get(Unknown Source)
	at java.base/java.net.InetAddress.getAllByName0(Unknown Source)
	at java.base/java.net.InetAddress.getAllByName(Unknown Source)
	at java.base/java.net.InetAddress.getAllByName(Unknown Source)
	at java.base/java.net.InetAddress.getByName(Unknown Source)
	at org.apache.zookeeper.server.quorum.QuorumPeer$QuorumServer.recreateSocketAddresses(QuorumPeer.java:197)
	at org.apache.zookeeper.server.quorum.QuorumPeer.recreateSocketAddresses(QuorumPeer.java:756)
	at org.apache.zookeeper.server.quorum.QuorumCnxManager.connectOne(QuorumCnxManager.java:715)
	at org.apache.zookeeper.server.quorum.QuorumCnxManager.connectAll(QuorumCnxManager.java:751)
	at org.apache.zookeeper.server.quorum.FastLeaderElection.lookForLeader(FastLeaderElection.java:928)
	at org.apache.zookeeper.server.quorum.QuorumPeer.run(QuorumPeer.java:1229)
[2020-10-26 21:49:06,881] WARN Failed to resolve address: zoo-2.zoo.kafka.svc.cluster.local (org.apache.zookeeper.server.quorum.QuorumPeer)
java.net.UnknownHostException: zoo-2.zoo.kafka.svc.cluster.local
	at java.base/java.net.InetAddress$CachedAddresses.get(Unknown Source)
	at java.base/java.net.InetAddress.getAllByName0(Unknown Source)
	at java.base/java.net.InetAddress.getAllByName(Unknown Source)
	at java.base/java.net.InetAddress.getAllByName(Unknown Source)
	at java.base/java.net.InetAddress.getByName(Unknown Source)
	at org.apache.zookeeper.server.quorum.QuorumPeer$QuorumServer.recreateSocketAddresses(QuorumPeer.java:197)
	at org.apache.zookeeper.server.quorum.QuorumPeer.recreateSocketAddresses(QuorumPeer.java:746)
	at org.apache.zookeeper.server.quorum.QuorumCnxManager.connectOne(QuorumCnxManager.java:715)
	at org.apache.zookeeper.server.quorum.QuorumCnxManager.connectAll(QuorumCnxManager.java:751)
	at org.apache.zookeeper.server.quorum.FastLeaderElection.lookForLeader(FastLeaderElection.java:928)
	at org.apache.zookeeper.server.quorum.QuorumPeer.run(QuorumPeer.java:1229)
[2020-10-26 21:49:06,881] WARN Failed to resolve address: zoo-2.zoo.kafka.svc.cluster.local (org.apache.zookeeper.server.quorum.QuorumPeer)
java.net.UnknownHostException: zoo-2.zoo.kafka.svc.cluster.local
	at java.base/java.net.InetAddress$CachedAddresses.get(Unknown Source)
	at java.base/java.net.InetAddress.getAllByName0(Unknown Source)
	at java.base/java.net.InetAddress.getAllByName(Unknown Source)
	at java.base/java.net.InetAddress.getAllByName(Unknown Source)
	at java.base/java.net.InetAddress.getByName(Unknown Source)
	at org.apache.zookeeper.server.quorum.QuorumPeer$QuorumServer.recreateSocketAddresses(QuorumPeer.java:197)
	at org.apache.zookeeper.server.quorum.QuorumPeer.recreateSocketAddresses(QuorumPeer.java:756)
	at org.apache.zookeeper.server.quorum.QuorumCnxManager.connectOne(QuorumCnxManager.java:715)
	at org.apache.zookeeper.server.quorum.QuorumCnxManager.connectAll(QuorumCnxManager.java:751)
	at org.apache.zookeeper.server.quorum.FastLeaderElection.lookForLeader(FastLeaderElection.java:928)
	at org.apache.zookeeper.server.quorum.QuorumPeer.run(QuorumPeer.java:1229)
[2020-10-26 21:49:06,881] INFO Notification time out: 3200 (org.apache.zookeeper.server.quorum.FastLeaderElection)
[2020-10-26 21:49:06,881] WARN Cannot open channel to 2 at election address zoo-1.zoo.kafka.svc.cluster.local:3888 (org.apache.zookeeper.server.quorum.QuorumCnxManager)
java.net.UnknownHostException: zoo-1.zoo.kafka.svc.cluster.local
	at java.base/java.net.AbstractPlainSocketImpl.connect(Unknown Source)
	at java.base/java.net.SocksSocketImpl.connect(Unknown Source)
	at java.base/java.net.Socket.connect(Unknown Source)
	at org.apache.zookeeper.server.quorum.QuorumCnxManager.initiateConnection(QuorumCnxManager.java:373)
	at org.apache.zookeeper.server.quorum.QuorumCnxManager$QuorumConnectionReqThread.run(QuorumCnxManager.java:436)
	at java.base/java.util.concurrent.ThreadPoolExecutor.runWorker(Unknown Source)
	at java.base/java.util.concurrent.ThreadPoolExecutor$Worker.run(Unknown Source)
	at java.base/java.lang.Thread.run(Unknown Source)
[2020-10-26 21:49:06,882] WARN Cannot open channel to 3 at election address zoo-2.zoo.kafka.svc.cluster.local:3888 (org.apache.zookeeper.server.quorum.QuorumCnxManager)
java.net.UnknownHostException: zoo-2.zoo.kafka.svc.cluster.local
	at java.base/java.net.AbstractPlainSocketImpl.connect(Unknown Source)
	at java.base/java.net.SocksSocketImpl.connect(Unknown Source)
	at java.base/java.net.Socket.connect(Unknown Source)
	at org.apache.zookeeper.server.quorum.QuorumCnxManager.initiateConnection(QuorumCnxManager.java:373)
	at org.apache.zookeeper.server.quorum.QuorumCnxManager$QuorumConnectionReqThread.run(QuorumCnxManager.java:436)
	at java.base/java.util.concurrent.ThreadPoolExecutor.runWorker(Unknown Source)
	at java.base/java.util.concurrent.ThreadPoolExecutor$Worker.run(Unknown Source)
	at java.base/java.lang.Thread.run(Unknown Source)
[2020-10-26 21:49:07,449] INFO The list of known four letter word commands is : [{1936881266=srvr, 1937006964=stat, 2003003491=wchc, 1685417328=dump, 1668445044=crst, 1936880500=srst, 1701738089=envi, 1668247142=conf, -720899=telnet close, 2003003507=wchs, 2003003504=wchp, 1684632179=dirs, 1668247155=cons, 1835955314=mntr, 1769173615=isro, 1920298859=ruok, 1735683435=gtmk, 1937010027=stmk}] (org.apache.zookeeper.server.command.FourLetterCommands)
[2020-10-26 21:49:07,449] INFO The list of enabled four letter word commands is : [[ruok, srvr]] (org.apache.zookeeper.server.command.FourLetterCommands)
[2020-10-26 21:49:10,081] WARN Failed to resolve address: zoo-1.zoo.kafka.svc.cluster.local (org.apache.zookeeper.server.quorum.QuorumPeer)
java.net.UnknownHostException: zoo-1.zoo.kafka.svc.cluster.local
	at java.base/java.net.InetAddress$CachedAddresses.get(Unknown Source)
	at java.base/java.net.InetAddress.getAllByName0(Unknown Source)
	at java.base/java.net.InetAddress.getAllByName(Unknown Source)
	at java.base/java.net.InetAddress.getAllByName(Unknown Source)
	at java.base/java.net.InetAddress.getByName(Unknown Source)
	at org.apache.zookeeper.server.quorum.QuorumPeer$QuorumServer.recreateSocketAddresses(QuorumPeer.java:197)
	at org.apache.zookeeper.server.quorum.QuorumPeer.recreateSocketAddresses(QuorumPeer.java:746)
	at org.apache.zookeeper.server.quorum.QuorumCnxManager.connectOne(QuorumCnxManager.java:715)
	at org.apache.zookeeper.server.quorum.QuorumCnxManager.connectAll(QuorumCnxManager.java:751)
	at org.apache.zookeeper.server.quorum.FastLeaderElection.lookForLeader(FastLeaderElection.java:928)
	at org.apache.zookeeper.server.quorum.QuorumPeer.run(QuorumPeer.java:1229)
[2020-10-26 21:49:10,083] WARN Failed to resolve address: zoo-1.zoo.kafka.svc.cluster.local (org.apache.zookeeper.server.quorum.QuorumPeer)
java.net.UnknownHostException: zoo-1.zoo.kafka.svc.cluster.local
	at java.base/java.net.InetAddress$CachedAddresses.get(Unknown Source)
	at java.base/java.net.InetAddress.getAllByName0(Unknown Source)
	at java.base/java.net.InetAddress.getAllByName(Unknown Source)
	at java.base/java.net.InetAddress.getAllByName(Unknown Source)
	at java.base/java.net.InetAddress.getByName(Unknown Source)
	at org.apache.zookeeper.server.quorum.QuorumPeer$QuorumServer.recreateSocketAddresses(QuorumPeer.java:197)
	at org.apache.zookeeper.server.quorum.QuorumPeer.recreateSocketAddresses(QuorumPeer.java:756)
	at org.apache.zookeeper.server.quorum.QuorumCnxManager.connectOne(QuorumCnxManager.java:715)
	at org.apache.zookeeper.server.quorum.QuorumCnxManager.connectAll(QuorumCnxManager.java:751)
	at org.apache.zookeeper.server.quorum.FastLeaderElection.lookForLeader(FastLeaderElection.java:928)
	at org.apache.zookeeper.server.quorum.QuorumPeer.run(QuorumPeer.java:1229)
[2020-10-26 21:49:10,084] WARN Failed to resolve address: zoo-2.zoo.kafka.svc.cluster.local (org.apache.zookeeper.server.quorum.QuorumPeer)
java.net.UnknownHostException: zoo-2.zoo.kafka.svc.cluster.local
	at java.base/java.net.InetAddress$CachedAddresses.get(Unknown Source)
	at java.base/java.net.InetAddress.getAllByName0(Unknown Source)
	at java.base/java.net.InetAddress.getAllByName(Unknown Source)
	at java.base/java.net.InetAddress.getAllByName(Unknown Source)
	at java.base/java.net.InetAddress.getByName(Unknown Source)
	at org.apache.zookeeper.server.quorum.QuorumPeer$QuorumServer.recreateSocketAddresses(QuorumPeer.java:197)
	at org.apache.zookeeper.server.quorum.QuorumPeer.recreateSocketAddresses(QuorumPeer.java:746)
	at org.apache.zookeeper.server.quorum.QuorumCnxManager.connectOne(QuorumCnxManager.java:715)
	at org.apache.zookeeper.server.quorum.QuorumCnxManager.connectAll(QuorumCnxManager.java:751)
	at org.apache.zookeeper.server.quorum.FastLeaderElection.lookForLeader(FastLeaderElection.java:928)
	at org.apache.zookeeper.server.quorum.QuorumPeer.run(QuorumPeer.java:1229)
[2020-10-26 21:49:10,085] WARN Cannot open channel to 2 at election address zoo-1.zoo.kafka.svc.cluster.local:3888 (org.apache.zookeeper.server.quorum.QuorumCnxManager)
java.net.UnknownHostException: zoo-1.zoo.kafka.svc.cluster.local
	at java.base/java.net.AbstractPlainSocketImpl.connect(Unknown Source)
	at java.base/java.net.SocksSocketImpl.connect(Unknown Source)
	at java.base/java.net.Socket.connect(Unknown Source)
	at org.apache.zookeeper.server.quorum.QuorumCnxManager.initiateConnection(QuorumCnxManager.java:373)
	at org.apache.zookeeper.server.quorum.QuorumCnxManager$QuorumConnectionReqThread.run(QuorumCnxManager.java:436)
	at java.base/java.util.concurrent.ThreadPoolExecutor.runWorker(Unknown Source)
	at java.base/java.util.concurrent.ThreadPoolExecutor$Worker.run(Unknown Source)
	at java.base/java.lang.Thread.run(Unknown Source)
[2020-10-26 21:49:10,089] WARN Failed to resolve address: zoo-2.zoo.kafka.svc.cluster.local (org.apache.zookeeper.server.quorum.QuorumPeer)
java.net.UnknownHostException: zoo-2.zoo.kafka.svc.cluster.local
	at java.base/java.net.InetAddress$CachedAddresses.get(Unknown Source)
	at java.base/java.net.InetAddress.getAllByName0(Unknown Source)
	at java.base/java.net.InetAddress.getAllByName(Unknown Source)
	at java.base/java.net.InetAddress.getAllByName(Unknown Source)
	at java.base/java.net.InetAddress.getByName(Unknown Source)
	at org.apache.zookeeper.server.quorum.QuorumPeer$QuorumServer.recreateSocketAddresses(QuorumPeer.java:197)
	at org.apache.zookeeper.server.quorum.QuorumPeer.recreateSocketAddresses(QuorumPeer.java:756)
	at org.apache.zookeeper.server.quorum.QuorumCnxManager.connectOne(QuorumCnxManager.java:715)
	at org.apache.zookeeper.server.quorum.QuorumCnxManager.connectAll(QuorumCnxManager.java:751)
	at org.apache.zookeeper.server.quorum.FastLeaderElection.lookForLeader(FastLeaderElection.java:928)
	at org.apache.zookeeper.server.quorum.QuorumPeer.run(QuorumPeer.java:1229)
[2020-10-26 21:49:10,090] INFO Notification time out: 6400 (org.apache.zookeeper.server.quorum.FastLeaderElection)
[2020-10-26 21:49:10,094] WARN Cannot open channel to 3 at election address zoo-2.zoo.kafka.svc.cluster.local:3888 (org.apache.zookeeper.server.quorum.QuorumCnxManager)
java.net.UnknownHostException: zoo-2.zoo.kafka.svc.cluster.local
	at java.base/java.net.AbstractPlainSocketImpl.connect(Unknown Source)
	at java.base/java.net.SocksSocketImpl.connect(Unknown Source)
	at java.base/java.net.Socket.connect(Unknown Source)
	at org.apache.zookeeper.server.quorum.QuorumCnxManager.initiateConnection(QuorumCnxManager.java:373)
	at org.apache.zookeeper.server.quorum.QuorumCnxManager$QuorumConnectionReqThread.run(QuorumCnxManager.java:436)
	at java.base/java.util.concurrent.ThreadPoolExecutor.runWorker(Unknown Source)
	at java.base/java.util.concurrent.ThreadPoolExecutor$Worker.run(Unknown Source)
	at java.base/java.lang.Thread.run(Unknown Source)
[2020-10-26 21:49:13,796] WARN Exception causing close of session 0x0: ZooKeeperServer not running (org.apache.zookeeper.server.NIOServerCnxn)
[2020-10-26 21:49:16,446] WARN Exception causing close of session 0x0: ZooKeeperServer not running (org.apache.zookeeper.server.NIOServerCnxn)
[2020-10-26 21:49:16,495] INFO Notification time out: 12800 (org.apache.zookeeper.server.quorum.FastLeaderElection)
[2020-10-26 21:49:16,495] INFO Have smaller server identifier, so dropping the connection: (myId:1 --> sid:2) (org.apache.zookeeper.server.quorum.QuorumCnxManager)
[2020-10-26 21:49:16,497] INFO Received connection request from /10.233.113.3:43020 (org.apache.zookeeper.server.quorum.QuorumCnxManager)
[2020-10-26 21:49:16,506] INFO Notification: 2 (message format version), 2 (n.leader), 0x0 (n.zxid), 0x1 (n.round), LOOKING (n.state), 2 (n.sid), 0x0 (n.peerEPoch), LOOKING (my state)0 (n.config version) (org.apache.zookeeper.server.quorum.FastLeaderElection)
[2020-10-26 21:49:16,507] INFO Notification: 2 (message format version), 2 (n.leader), 0x0 (n.zxid), 0x1 (n.round), LOOKING (n.state), 1 (n.sid), 0x0 (n.peerEPoch), LOOKING (my state)0 (n.config version) (org.apache.zookeeper.server.quorum.FastLeaderElection)
[2020-10-26 21:49:16,707] INFO FOLLOWING (org.apache.zookeeper.server.quorum.QuorumPeer)
[2020-10-26 21:49:16,711] INFO TCP NoDelay set to: true (org.apache.zookeeper.server.quorum.Learner)
[2020-10-26 21:49:16,718] INFO Server environment:zookeeper.version=3.5.8-f439ca583e70862c3068a1f2a7d4d068eec33315, built on 05/04/2020 15:53 GMT (org.apache.zookeeper.server.ZooKeeperServer)
[2020-10-26 21:49:16,718] INFO Server environment:host.name=zoo-0.zoo.kafka.svc.cluster.local (org.apache.zookeeper.server.ZooKeeperServer)
[2020-10-26 21:49:16,718] INFO Server environment:java.version=11.0.7 (org.apache.zookeeper.server.ZooKeeperServer)
[2020-10-26 21:49:16,718] INFO Server environment:java.vendor=AdoptOpenJDK (org.apache.zookeeper.server.ZooKeeperServer)
[2020-10-26 21:49:16,718] INFO Server environment:java.home=/opt/java/openjdk (org.apache.zookeeper.server.ZooKeeperServer)
[2020-10-26 21:49:16,718] INFO Server environment:java.class.path=/opt/kafka/libs/extensions/*:/opt/kafka/libs/activation-1.1.1.jar:/opt/kafka/libs/aopalliance-repackaged-2.5.0.jar:/opt/kafka/libs/argparse4j-0.7.0.jar:/opt/kafka/libs/audience-annotations-0.5.0.jar:/opt/kafka/libs/commons-cli-1.4.jar:/opt/kafka/libs/commons-lang3-3.8.1.jar:/opt/kafka/libs/connect-api-2.5.0.jar:/opt/kafka/libs/connect-basic-auth-extension-2.5.0.jar:/opt/kafka/libs/connect-file-2.5.0.jar:/opt/kafka/libs/connect-json-2.5.0.jar:/opt/kafka/libs/connect-mirror-2.5.0.jar:/opt/kafka/libs/connect-mirror-client-2.5.0.jar:/opt/kafka/libs/connect-runtime-2.5.0.jar:/opt/kafka/libs/connect-transforms-2.5.0.jar:/opt/kafka/libs/hk2-api-2.5.0.jar:/opt/kafka/libs/hk2-locator-2.5.0.jar:/opt/kafka/libs/hk2-utils-2.5.0.jar:/opt/kafka/libs/jackson-annotations-2.10.2.jar:/opt/kafka/libs/jackson-core-2.10.2.jar:/opt/kafka/libs/jackson-databind-2.10.2.jar:/opt/kafka/libs/jackson-dataformat-csv-2.10.2.jar:/opt/kafka/libs/jackson-datatype-jdk8-2.10.2.jar:/opt/kafka/libs/jackson-jaxrs-base-2.10.2.jar:/opt/kafka/libs/jackson-jaxrs-json-provider-2.10.2.jar:/opt/kafka/libs/jackson-module-jaxb-annotations-2.10.2.jar:/opt/kafka/libs/jackson-module-paranamer-2.10.2.jar:/opt/kafka/libs/jackson-module-scala_2.12-2.10.2.jar:/opt/kafka/libs/jakarta.activation-api-1.2.1.jar:/opt/kafka/libs/jakarta.annotation-api-1.3.4.jar:/opt/kafka/libs/jakarta.inject-2.5.0.jar:/opt/kafka/libs/jakarta.ws.rs-api-2.1.5.jar:/opt/kafka/libs/jakarta.xml.bind-api-2.3.2.jar:/opt/kafka/libs/javassist-3.22.0-CR2.jar:/opt/kafka/libs/javassist-3.26.0-GA.jar:/opt/kafka/libs/javax.servlet-api-3.1.0.jar:/opt/kafka/libs/javax.ws.rs-api-2.1.1.jar:/opt/kafka/libs/jaxb-api-2.3.0.jar:/opt/kafka/libs/jersey-client-2.28.jar:/opt/kafka/libs/jersey-common-2.28.jar:/opt/kafka/libs/jersey-container-servlet-2.28.jar:/opt/kafka/libs/jersey-container-servlet-core-2.28.jar:/opt/kafka/libs/jersey-hk2-2.28.jar:/opt/kafka/libs/jersey-media-jaxb-2.28.jar:/opt/kafka/libs/jersey-server-2.28.jar:/opt/kafka/libs/jetty-client-9.4.24.v20191120.jar:/opt/kafka/libs/jetty-continuation-9.4.24.v20191120.jar:/opt/kafka/libs/jetty-http-9.4.24.v20191120.jar:/opt/kafka/libs/jetty-io-9.4.24.v20191120.jar:/opt/kafka/libs/jetty-security-9.4.24.v20191120.jar:/opt/kafka/libs/jetty-server-9.4.24.v20191120.jar:/opt/kafka/libs/jetty-servlet-9.4.24.v20191120.jar:/opt/kafka/libs/jetty-servlets-9.4.24.v20191120.jar:/opt/kafka/libs/jetty-util-9.4.24.v20191120.jar:/opt/kafka/libs/jopt-simple-5.0.4.jar:/opt/kafka/libs/kafka-clients-2.5.0.jar:/opt/kafka/libs/kafka-log4j-appender-2.5.0.jar:/opt/kafka/libs/kafka-streams-2.5.0.jar:/opt/kafka/libs/kafka-streams-examples-2.5.0.jar:/opt/kafka/libs/kafka-streams-scala_2.12-2.5.0.jar:/opt/kafka/libs/kafka-streams-test-utils-2.5.0.jar:/opt/kafka/libs/kafka-tools-2.5.0.jar:/opt/kafka/libs/kafka_2.12-2.5.0-javadoc.jar:/opt/kafka/libs/kafka_2.12-2.5.0-scaladoc.jar:/opt/kafka/libs/kafka_2.12-2.5.0-sources.jar:/opt/kafka/libs/kafka_2.12-2.5.0-test-sources.jar:/opt/kafka/libs/kafka_2.12-2.5.0-test.jar:/opt/kafka/libs/kafka_2.12-2.5.0.jar:/opt/kafka/libs/log4j-1.2.17.jar:/opt/kafka/libs/lz4-java-1.7.1.jar:/opt/kafka/libs/maven-artifact-3.6.3.jar:/opt/kafka/libs/metrics-core-2.2.0.jar:/opt/kafka/libs/netty-buffer-4.1.45.Final.jar:/opt/kafka/libs/netty-codec-4.1.45.Final.jar:/opt/kafka/libs/netty-common-4.1.45.Final.jar:/opt/kafka/libs/netty-handler-4.1.45.Final.jar:/opt/kafka/libs/netty-resolver-4.1.45.Final.jar:/opt/kafka/libs/netty-transport-4.1.45.Final.jar:/opt/kafka/libs/netty-transport-native-epoll-4.1.45.Final.jar:/opt/kafka/libs/netty-transport-native-unix-common-4.1.45.Final.jar:/opt/kafka/libs/osgi-resource-locator-1.0.1.jar:/opt/kafka/libs/paranamer-2.8.jar:/opt/kafka/libs/plexus-utils-3.2.1.jar:/opt/kafka/libs/reflections-0.9.12.jar:/opt/kafka/libs/rocksdbjni-5.18.3.jar:/opt/kafka/libs/scala-java8-compat_2.12-0.9.0.jar:/opt/kafka/libs/scala-collection-compat_2.12-2.1.3.jar:/opt/kafka/libs/scala-library-2.12.10.jar:/opt/kafka/libs/scala-logging_2.12-3.9.2.jar:/opt/kafka/libs/scala-reflect-2.12.10.jar:/opt/kafka/libs/slf4j-api-1.7.30.jar:/opt/kafka/libs/slf4j-log4j12-1.7.30.jar:/opt/kafka/libs/snappy-java-1.1.7.3.jar:/opt/kafka/libs/validation-api-2.0.1.Final.jar:/opt/kafka/libs/zookeeper-3.5.7.jar:/opt/kafka/libs/zookeeper-jute-3.5.7.jar:/opt/kafka/libs/zstd-jni-1.4.4-7.jar (org.apache.zookeeper.server.ZooKeeperServer)
[2020-10-26 21:49:16,723] INFO Server environment:java.library.path=/usr/java/packages/lib:/usr/lib64:/lib64:/lib:/usr/lib (org.apache.zookeeper.server.ZooKeeperServer)
[2020-10-26 21:49:16,723] INFO Server environment:java.io.tmpdir=/tmp (org.apache.zookeeper.server.ZooKeeperServer)
[2020-10-26 21:49:16,723] INFO Server environment:java.compiler=<NA> (org.apache.zookeeper.server.ZooKeeperServer)
[2020-10-26 21:49:16,723] INFO Server environment:os.name=Linux (org.apache.zookeeper.server.ZooKeeperServer)
[2020-10-26 21:49:16,723] INFO Server environment:os.arch=amd64 (org.apache.zookeeper.server.ZooKeeperServer)
[2020-10-26 21:49:16,723] INFO Server environment:os.version=4.14.193-149.317.amzn2.x86_64 (org.apache.zookeeper.server.ZooKeeperServer)
[2020-10-26 21:49:16,723] INFO Server environment:user.name=nonroot (org.apache.zookeeper.server.ZooKeeperServer)
[2020-10-26 21:49:16,723] INFO Server environment:user.home=/home/nonroot (org.apache.zookeeper.server.ZooKeeperServer)
[2020-10-26 21:49:16,723] INFO Server environment:user.dir=/opt/kafka (org.apache.zookeeper.server.ZooKeeperServer)
[2020-10-26 21:49:16,723] INFO Server environment:os.memory.free=497MB (org.apache.zookeeper.server.ZooKeeperServer)
[2020-10-26 21:49:16,723] INFO Server environment:os.memory.max=512MB (org.apache.zookeeper.server.ZooKeeperServer)
[2020-10-26 21:49:16,723] INFO Server environment:os.memory.total=512MB (org.apache.zookeeper.server.ZooKeeperServer)
[2020-10-26 21:49:16,725] INFO minSessionTimeout set to 260 (org.apache.zookeeper.server.ZooKeeperServer)
[2020-10-26 21:49:16,725] INFO maxSessionTimeout set to 3000 (org.apache.zookeeper.server.ZooKeeperServer)
[2020-10-26 21:49:16,725] INFO Created server with tickTime 130 minSessionTimeout 260 maxSessionTimeout 3000 datadir /var/lib/zookeeper/log/version-2 snapdir /var/lib/zookeeper/data/version-2 (org.apache.zookeeper.server.ZooKeeperServer)
[2020-10-26 21:49:16,725] INFO FOLLOWING - LEADER ELECTION TOOK - 18 MS (org.apache.zookeeper.server.quorum.Learner)
[2020-10-26 21:49:16,751] INFO Getting a diff from the leader 0x0 (org.apache.zookeeper.server.quorum.Learner)
[2020-10-26 21:49:16,755] INFO Learner received NEWLEADER message (org.apache.zookeeper.server.quorum.Learner)
[2020-10-26 21:49:16,786] INFO Learner received UPTODATE message (org.apache.zookeeper.server.quorum.Learner)
[2020-10-26 21:49:16,790] INFO Configuring CommitProcessor with 1 worker threads. (org.apache.zookeeper.server.quorum.CommitProcessor)
[2020-10-26 21:49:16,888] WARN Got zxid 0x100000001 expected 0x1 (org.apache.zookeeper.server.quorum.Learner)
[2020-10-26 21:49:16,888] INFO Creating new log file: log.100000001 (org.apache.zookeeper.server.persistence.FileTxnLog)
[2020-10-26 21:49:17,503] INFO Have smaller server identifier, so dropping the connection: (myId:1 --> sid:3) (org.apache.zookeeper.server.quorum.QuorumCnxManager)
[2020-10-26 21:49:17,514] INFO Received connection request from /10.233.121.3:54038 (org.apache.zookeeper.server.quorum.QuorumCnxManager)
[2020-10-26 21:49:17,521] INFO Notification: 2 (message format version), 3 (n.leader), 0x0 (n.zxid), 0x1 (n.round), LOOKING (n.state), 3 (n.sid), 0x0 (n.peerEPoch), FOLLOWING (my state)0 (n.config version) (org.apache.zookeeper.server.quorum.FastLeaderElection)
[2020-10-26 21:49:23,943] INFO Notification: 2 (message format version), 3 (n.leader), 0x0 (n.zxid), 0x1 (n.round), LOOKING (n.state), 3 (n.sid), 0x0 (n.peerEPoch), FOLLOWING (my state)0 (n.config version) (org.apache.zookeeper.server.quorum.FastLeaderElection)
[2020-10-26 21:51:44,267] INFO Notification: 2 (message format version), 3 (n.leader), 0x10000007c (n.zxid), 0x2 (n.round), LOOKING (n.state), 3 (n.sid), 0x1 (n.peerEPoch), FOLLOWING (my state)0 (n.config version) (org.apache.zookeeper.server.quorum.FastLeaderElection)
[2020-10-26 21:54:26,815] INFO Notification: 2 (message format version), 3 (n.leader), 0x1000000fa (n.zxid), 0x2 (n.round), LOOKING (n.state), 3 (n.sid), 0x1 (n.peerEPoch), FOLLOWING (my state)0 (n.config version) (org.apache.zookeeper.server.quorum.FastLeaderElection)
[2020-10-26 22:00:34,777] INFO Notification: 2 (message format version), 3 (n.leader), 0x1000000fa (n.zxid), 0x2 (n.round), LOOKING (n.state), 3 (n.sid), 0x1 (n.peerEPoch), FOLLOWING (my state)0 (n.config version) (org.apache.zookeeper.server.quorum.FastLeaderElection)
[2020-10-26 22:08:10,375] INFO Notification: 2 (message format version), 3 (n.leader), 0x100000100 (n.zxid), 0x2 (n.round), LOOKING (n.state), 3 (n.sid), 0x1 (n.peerEPoch), FOLLOWING (my state)0 (n.config version) (org.apache.zookeeper.server.quorum.FastLeaderElection)
[2020-10-26 22:09:55,834] INFO Revalidating client: 0x200001b48ec0000 (org.apache.zookeeper.server.quorum.Learner)
[2020-10-26 22:09:55,836] INFO Invalid session 0x200001b48ec0000 for client /10.233.96.3:36962, probably expired (org.apache.zookeeper.server.ZooKeeperServer)
[2020-10-26 22:13:51,242] INFO Notification: 2 (message format version), 3 (n.leader), 0x100000111 (n.zxid), 0x2 (n.round), LOOKING (n.state), 3 (n.sid), 0x1 (n.peerEPoch), FOLLOWING (my state)0 (n.config version) (org.apache.zookeeper.server.quorum.FastLeaderElection)
[2020-10-26 22:14:01,336] INFO Notification: 2 (message format version), 3 (n.leader), 0x100000111 (n.zxid), 0x2 (n.round), LOOKING (n.state), 3 (n.sid), 0x1 (n.peerEPoch), FOLLOWING (my state)0 (n.config version) (org.apache.zookeeper.server.quorum.FastLeaderElection)
[2020-10-26 22:14:44,749] INFO Notification: 2 (message format version), 3 (n.leader), 0x100000114 (n.zxid), 0x2 (n.round), LOOKING (n.state), 3 (n.sid), 0x1 (n.peerEPoch), FOLLOWING (my state)0 (n.config version) (org.apache.zookeeper.server.quorum.FastLeaderElection)
[2020-10-26 22:17:17,480] INFO Notification: 2 (message format version), 3 (n.leader), 0x100000114 (n.zxid), 0x2 (n.round), LOOKING (n.state), 3 (n.sid), 0x1 (n.peerEPoch), FOLLOWING (my state)0 (n.config version) (org.apache.zookeeper.server.quorum.FastLeaderElection)
[2020-10-26 22:17:17,772] INFO Notification: 2 (message format version), 3 (n.leader), 0x100000114 (n.zxid), 0x2 (n.round), LOOKING (n.state), 3 (n.sid), 0x1 (n.peerEPoch), FOLLOWING (my state)0 (n.config version) (org.apache.zookeeper.server.quorum.FastLeaderElection)
