[2020-10-26 20:31:12,615] INFO Registered kafka:type=kafka.Log4jController MBean (kafka.utils.Log4jControllerRegistration$)
[2020-10-26 20:31:13,375] INFO Setting -D jdk.tls.rejectClientInitiatedRenegotiation=true to disable client-initiated TLS renegotiation (org.apache.zookeeper.common.X509Util)
[2020-10-26 20:31:13,427] INFO Registered signal handlers for TERM, INT, HUP (org.apache.kafka.common.utils.LoggingSignalHandler)
[2020-10-26 20:31:13,432] INFO starting (kafka.server.KafkaServer)
[2020-10-26 20:31:13,432] INFO Connecting to zookeeper on zookeeper:2181 (kafka.server.KafkaServer)
[2020-10-26 20:31:13,458] INFO [ZooKeeperClient Kafka server] Initializing a new session to zookeeper:2181. (kafka.zookeeper.ZooKeeperClient)
[2020-10-26 20:31:13,468] INFO Client environment:zookeeper.version=3.5.7-f0fdd52973d373ffd9c86b81d99842dc2c7f660e, built on 02/10/2020 11:30 GMT (org.apache.zookeeper.ZooKeeper)
[2020-10-26 20:31:13,468] INFO Client environment:host.name=kafka-5.kafka.kafka.svc.cluster.local (org.apache.zookeeper.ZooKeeper)
[2020-10-26 20:31:13,468] INFO Client environment:java.version=11.0.7 (org.apache.zookeeper.ZooKeeper)
[2020-10-26 20:31:13,468] INFO Client environment:java.vendor=AdoptOpenJDK (org.apache.zookeeper.ZooKeeper)
[2020-10-26 20:31:13,468] INFO Client environment:java.home=/opt/java/openjdk (org.apache.zookeeper.ZooKeeper)
[2020-10-26 20:31:13,468] INFO Client environment:java.class.path=/opt/kafka/libs/extensions/*:/opt/kafka/libs/activation-1.1.1.jar:/opt/kafka/libs/aopalliance-repackaged-2.5.0.jar:/opt/kafka/libs/argparse4j-0.7.0.jar:/opt/kafka/libs/audience-annotations-0.5.0.jar:/opt/kafka/libs/commons-cli-1.4.jar:/opt/kafka/libs/commons-lang3-3.8.1.jar:/opt/kafka/libs/connect-api-2.5.0.jar:/opt/kafka/libs/connect-basic-auth-extension-2.5.0.jar:/opt/kafka/libs/connect-file-2.5.0.jar:/opt/kafka/libs/connect-json-2.5.0.jar:/opt/kafka/libs/connect-mirror-2.5.0.jar:/opt/kafka/libs/connect-mirror-client-2.5.0.jar:/opt/kafka/libs/connect-runtime-2.5.0.jar:/opt/kafka/libs/connect-transforms-2.5.0.jar:/opt/kafka/libs/hk2-api-2.5.0.jar:/opt/kafka/libs/hk2-locator-2.5.0.jar:/opt/kafka/libs/hk2-utils-2.5.0.jar:/opt/kafka/libs/jackson-annotations-2.10.2.jar:/opt/kafka/libs/jackson-core-2.10.2.jar:/opt/kafka/libs/jackson-databind-2.10.2.jar:/opt/kafka/libs/jackson-dataformat-csv-2.10.2.jar:/opt/kafka/libs/jackson-datatype-jdk8-2.10.2.jar:/opt/kafka/libs/jackson-jaxrs-base-2.10.2.jar:/opt/kafka/libs/jackson-jaxrs-json-provider-2.10.2.jar:/opt/kafka/libs/jackson-module-jaxb-annotations-2.10.2.jar:/opt/kafka/libs/jackson-module-paranamer-2.10.2.jar:/opt/kafka/libs/jackson-module-scala_2.12-2.10.2.jar:/opt/kafka/libs/jakarta.activation-api-1.2.1.jar:/opt/kafka/libs/jakarta.annotation-api-1.3.4.jar:/opt/kafka/libs/jakarta.inject-2.5.0.jar:/opt/kafka/libs/jakarta.ws.rs-api-2.1.5.jar:/opt/kafka/libs/jakarta.xml.bind-api-2.3.2.jar:/opt/kafka/libs/javassist-3.22.0-CR2.jar:/opt/kafka/libs/javassist-3.26.0-GA.jar:/opt/kafka/libs/javax.servlet-api-3.1.0.jar:/opt/kafka/libs/javax.ws.rs-api-2.1.1.jar:/opt/kafka/libs/jaxb-api-2.3.0.jar:/opt/kafka/libs/jersey-client-2.28.jar:/opt/kafka/libs/jersey-common-2.28.jar:/opt/kafka/libs/jersey-container-servlet-2.28.jar:/opt/kafka/libs/jersey-container-servlet-core-2.28.jar:/opt/kafka/libs/jersey-hk2-2.28.jar:/opt/kafka/libs/jersey-media-jaxb-2.28.jar:/opt/kafka/libs/jersey-server-2.28.jar:/opt/kafka/libs/jetty-client-9.4.24.v20191120.jar:/opt/kafka/libs/jetty-continuation-9.4.24.v20191120.jar:/opt/kafka/libs/jetty-http-9.4.24.v20191120.jar:/opt/kafka/libs/jetty-io-9.4.24.v20191120.jar:/opt/kafka/libs/jetty-security-9.4.24.v20191120.jar:/opt/kafka/libs/jetty-server-9.4.24.v20191120.jar:/opt/kafka/libs/jetty-servlet-9.4.24.v20191120.jar:/opt/kafka/libs/jetty-servlets-9.4.24.v20191120.jar:/opt/kafka/libs/jetty-util-9.4.24.v20191120.jar:/opt/kafka/libs/jopt-simple-5.0.4.jar:/opt/kafka/libs/kafka-clients-2.5.0.jar:/opt/kafka/libs/kafka-log4j-appender-2.5.0.jar:/opt/kafka/libs/kafka-streams-2.5.0.jar:/opt/kafka/libs/kafka-streams-examples-2.5.0.jar:/opt/kafka/libs/kafka-streams-scala_2.12-2.5.0.jar:/opt/kafka/libs/kafka-streams-test-utils-2.5.0.jar:/opt/kafka/libs/kafka-tools-2.5.0.jar:/opt/kafka/libs/kafka_2.12-2.5.0-javadoc.jar:/opt/kafka/libs/kafka_2.12-2.5.0-scaladoc.jar:/opt/kafka/libs/kafka_2.12-2.5.0-sources.jar:/opt/kafka/libs/kafka_2.12-2.5.0-test-sources.jar:/opt/kafka/libs/kafka_2.12-2.5.0-test.jar:/opt/kafka/libs/kafka_2.12-2.5.0.jar:/opt/kafka/libs/log4j-1.2.17.jar:/opt/kafka/libs/lz4-java-1.7.1.jar:/opt/kafka/libs/maven-artifact-3.6.3.jar:/opt/kafka/libs/metrics-core-2.2.0.jar:/opt/kafka/libs/netty-buffer-4.1.45.Final.jar:/opt/kafka/libs/netty-codec-4.1.45.Final.jar:/opt/kafka/libs/netty-common-4.1.45.Final.jar:/opt/kafka/libs/netty-handler-4.1.45.Final.jar:/opt/kafka/libs/netty-resolver-4.1.45.Final.jar:/opt/kafka/libs/netty-transport-4.1.45.Final.jar:/opt/kafka/libs/netty-transport-native-epoll-4.1.45.Final.jar:/opt/kafka/libs/netty-transport-native-unix-common-4.1.45.Final.jar:/opt/kafka/libs/osgi-resource-locator-1.0.1.jar:/opt/kafka/libs/paranamer-2.8.jar:/opt/kafka/libs/plexus-utils-3.2.1.jar:/opt/kafka/libs/reflections-0.9.12.jar:/opt/kafka/libs/rocksdbjni-5.18.3.jar:/opt/kafka/libs/scala-java8-compat_2.12-0.9.0.jar:/opt/kafka/libs/scala-collection-compat_2.12-2.1.3.jar:/opt/kafka/libs/scala-library-2.12.10.jar:/opt/kafka/libs/scala-logging_2.12-3.9.2.jar:/opt/kafka/libs/scala-reflect-2.12.10.jar:/opt/kafka/libs/slf4j-api-1.7.30.jar:/opt/kafka/libs/slf4j-log4j12-1.7.30.jar:/opt/kafka/libs/snappy-java-1.1.7.3.jar:/opt/kafka/libs/validation-api-2.0.1.Final.jar:/opt/kafka/libs/zookeeper-3.5.7.jar:/opt/kafka/libs/zookeeper-jute-3.5.7.jar:/opt/kafka/libs/zstd-jni-1.4.4-7.jar (org.apache.zookeeper.ZooKeeper)
[2020-10-26 20:31:13,468] INFO Client environment:java.library.path=/usr/java/packages/lib:/usr/lib64:/lib64:/lib:/usr/lib (org.apache.zookeeper.ZooKeeper)
[2020-10-26 20:31:13,468] INFO Client environment:java.io.tmpdir=/tmp (org.apache.zookeeper.ZooKeeper)
[2020-10-26 20:31:13,468] INFO Client environment:java.compiler=<NA> (org.apache.zookeeper.ZooKeeper)
[2020-10-26 20:31:13,468] INFO Client environment:os.name=Linux (org.apache.zookeeper.ZooKeeper)
[2020-10-26 20:31:13,468] INFO Client environment:os.arch=amd64 (org.apache.zookeeper.ZooKeeper)
[2020-10-26 20:31:13,468] INFO Client environment:os.version=4.14.193-149.317.amzn2.x86_64 (org.apache.zookeeper.ZooKeeper)
[2020-10-26 20:31:13,468] INFO Client environment:user.name=nonroot (org.apache.zookeeper.ZooKeeper)
[2020-10-26 20:31:13,468] INFO Client environment:user.home=/home/nonroot (org.apache.zookeeper.ZooKeeper)
[2020-10-26 20:31:13,468] INFO Client environment:user.dir=/opt/kafka (org.apache.zookeeper.ZooKeeper)
[2020-10-26 20:31:13,468] INFO Client environment:os.memory.free=983MB (org.apache.zookeeper.ZooKeeper)
[2020-10-26 20:31:13,468] INFO Client environment:os.memory.max=1024MB (org.apache.zookeeper.ZooKeeper)
[2020-10-26 20:31:13,469] INFO Client environment:os.memory.total=1024MB (org.apache.zookeeper.ZooKeeper)
[2020-10-26 20:31:13,471] INFO Initiating client connection, connectString=zookeeper:2181 sessionTimeout=5000 watcher=kafka.zookeeper.ZooKeeperClient$ZooKeeperClientWatcher$@141e5bef (org.apache.zookeeper.ZooKeeper)
[2020-10-26 20:31:13,475] INFO jute.maxbuffer value is 4194304 Bytes (org.apache.zookeeper.ClientCnxnSocket)
[2020-10-26 20:31:13,480] INFO zookeeper.request.timeout value is 0. feature enabled= (org.apache.zookeeper.ClientCnxn)
[2020-10-26 20:31:13,488] INFO [ZooKeeperClient Kafka server] Waiting until connected. (kafka.zookeeper.ZooKeeperClient)
[2020-10-26 20:31:13,527] INFO Opening socket connection to server zookeeper/10.233.57.152:2181. Will not attempt to authenticate using SASL (unknown error) (org.apache.zookeeper.ClientCnxn)
[2020-10-26 20:31:13,544] INFO Socket connection established, initiating session, client: /10.233.119.3:32866, server: zookeeper/10.233.57.152:2181 (org.apache.zookeeper.ClientCnxn)
[2020-10-26 20:31:13,579] INFO Session establishment complete on server zookeeper/10.233.57.152:2181, sessionid = 0x200001a93580000, negotiated timeout = 3000 (org.apache.zookeeper.ClientCnxn)
[2020-10-26 20:31:13,582] INFO [ZooKeeperClient Kafka server] Connected. (kafka.zookeeper.ZooKeeperClient)
[2020-10-26 20:31:14,240] INFO Cluster ID = _d87QJhDSPG2ypD2nhferA (kafka.server.KafkaServer)
[2020-10-26 20:31:14,247] WARN No meta.properties file under dir /var/lib/kafka/data/topics/meta.properties (kafka.server.BrokerMetadataCheckpoint)
[2020-10-26 20:31:14,421] INFO KafkaConfig values: 
	advertised.host.name = null
	advertised.listeners = PLAINTEXT://:9092,OUTSIDE://10.0.2.253:32405
	advertised.port = null
	alter.config.policy.class.name = null
	alter.log.dirs.replication.quota.window.num = 11
	alter.log.dirs.replication.quota.window.size.seconds = 1
	authorizer.class.name = 
	auto.create.topics.enable = false
	auto.leader.rebalance.enable = true
	background.threads = 10
	broker.id = 5
	broker.id.generation.enable = true
	broker.rack = null
	client.quota.callback.class = null
	compression.type = producer
	connection.failed.authentication.delay.ms = 100
	connections.max.idle.ms = 600000
	connections.max.reauth.ms = 0
	control.plane.listener.name = null
	controlled.shutdown.enable = true
	controlled.shutdown.max.retries = 3
	controlled.shutdown.retry.backoff.ms = 5000
	controller.socket.timeout.ms = 5000
	create.topic.policy.class.name = null
	default.replication.factor = 3
	delegation.token.expiry.check.interval.ms = 3600000
	delegation.token.expiry.time.ms = 86400000
	delegation.token.master.key = null
	delegation.token.max.lifetime.ms = 604800000
	delete.records.purgatory.purge.interval.requests = 1
	delete.topic.enable = true
	fetch.max.bytes = 57671680
	fetch.purgatory.purge.interval.requests = 1000
	group.initial.rebalance.delay.ms = 0
	group.max.session.timeout.ms = 2000
	group.max.size = 2147483647
	group.min.session.timeout.ms = 0
	host.name = 
	inter.broker.listener.name = PLAINTEXT
	inter.broker.protocol.version = 2.5-IV0
	kafka.metrics.polling.interval.secs = 10
	kafka.metrics.reporters = []
	leader.imbalance.check.interval.seconds = 300
	leader.imbalance.per.broker.percentage = 10
	listener.security.protocol.map = PLAINTEXT:PLAINTEXT,SSL:SSL,SASL_PLAINTEXT:SASL_PLAINTEXT,SASL_SSL:SASL_SSL,OUTSIDE:PLAINTEXT
	listeners = PLAINTEXT://:9092,OUTSIDE://:9094
	log.cleaner.backoff.ms = 15000
	log.cleaner.dedupe.buffer.size = 134217728
	log.cleaner.delete.retention.ms = 86400000
	log.cleaner.enable = true
	log.cleaner.io.buffer.load.factor = 0.9
	log.cleaner.io.buffer.size = 524288
	log.cleaner.io.max.bytes.per.second = 1.7976931348623157E308
	log.cleaner.max.compaction.lag.ms = 9223372036854775807
	log.cleaner.min.cleanable.ratio = 0.5
	log.cleaner.min.compaction.lag.ms = 0
	log.cleaner.threads = 1
	log.cleanup.policy = [delete]
	log.dir = /tmp/kafka-logs
	log.dirs = /var/lib/kafka/data/topics
	log.flush.interval.messages = 9223372036854775807
	log.flush.interval.ms = null
	log.flush.offset.checkpoint.interval.ms = 60000
	log.flush.scheduler.interval.ms = 9223372036854775807
	log.flush.start.offset.checkpoint.interval.ms = 60000
	log.index.interval.bytes = 4096
	log.index.size.max.bytes = 10485760
	log.message.downconversion.enable = true
	log.message.format.version = 2.5-IV0
	log.message.timestamp.difference.max.ms = 9223372036854775807
	log.message.timestamp.type = CreateTime
	log.preallocate = false
	log.retention.bytes = -1
	log.retention.check.interval.ms = 300000
	log.retention.hours = -1
	log.retention.minutes = null
	log.retention.ms = null
	log.roll.hours = 168
	log.roll.jitter.hours = 0
	log.roll.jitter.ms = null
	log.roll.ms = null
	log.segment.bytes = 1073741824
	log.segment.delete.delay.ms = 60000
	max.connections = 2147483647
	max.connections.per.ip = 2147483647
	max.connections.per.ip.overrides = 
	max.incremental.fetch.session.cache.slots = 1000
	message.max.bytes = 1048588
	metric.reporters = []
	metrics.num.samples = 2
	metrics.recording.level = INFO
	metrics.sample.window.ms = 30000
	min.insync.replicas = 2
	num.io.threads = 8
	num.network.threads = 3
	num.partitions = 1
	num.recovery.threads.per.data.dir = 1
	num.replica.alter.log.dirs.threads = null
	num.replica.fetchers = 2
	offset.metadata.max.bytes = 4096
	offsets.commit.required.acks = -1
	offsets.commit.timeout.ms = 5000
	offsets.load.buffer.size = 5242880
	offsets.retention.check.interval.ms = 600000
	offsets.retention.minutes = 10080
	offsets.topic.compression.codec = 0
	offsets.topic.num.partitions = 2
	offsets.topic.replication.factor = 5
	offsets.topic.segment.bytes = 104857600
	password.encoder.cipher.algorithm = AES/CBC/PKCS5Padding
	password.encoder.iterations = 4096
	password.encoder.key.length = 128
	password.encoder.keyfactory.algorithm = null
	password.encoder.old.secret = null
	password.encoder.secret = null
	port = 9092
	principal.builder.class = null
	producer.purgatory.purge.interval.requests = 1000
	queued.max.request.bytes = -1
	queued.max.requests = 500
	quota.consumer.default = 9223372036854775807
	quota.producer.default = 9223372036854775807
	quota.window.num = 11
	quota.window.size.seconds = 1
	replica.fetch.backoff.ms = 1000
	replica.fetch.max.bytes = 1048576
	replica.fetch.min.bytes = 1
	replica.fetch.response.max.bytes = 10485760
	replica.fetch.wait.max.ms = 500
	replica.high.watermark.checkpoint.interval.ms = 5000
	replica.lag.time.max.ms = 5000
	replica.selector.class = null
	replica.socket.receive.buffer.bytes = 65536
	replica.socket.timeout.ms = 3000
	replication.quota.window.num = 11
	replication.quota.window.size.seconds = 1
	request.timeout.ms = 2000
	reserved.broker.max.id = 1000
	sasl.client.callback.handler.class = null
	sasl.enabled.mechanisms = [GSSAPI]
	sasl.jaas.config = null
	sasl.kerberos.kinit.cmd = /usr/bin/kinit
	sasl.kerberos.min.time.before.relogin = 60000
	sasl.kerberos.principal.to.local.rules = [DEFAULT]
	sasl.kerberos.service.name = null
	sasl.kerberos.ticket.renew.jitter = 0.05
	sasl.kerberos.ticket.renew.window.factor = 0.8
	sasl.login.callback.handler.class = null
	sasl.login.class = null
	sasl.login.refresh.buffer.seconds = 300
	sasl.login.refresh.min.period.seconds = 60
	sasl.login.refresh.window.factor = 0.8
	sasl.login.refresh.window.jitter = 0.05
	sasl.mechanism.inter.broker.protocol = GSSAPI
	sasl.server.callback.handler.class = null
	security.inter.broker.protocol = PLAINTEXT
	security.providers = null
	socket.receive.buffer.bytes = 102400
	socket.request.max.bytes = 104857600
	socket.send.buffer.bytes = 102400
	ssl.cipher.suites = []
	ssl.client.auth = none
	ssl.enabled.protocols = [TLSv1.2]
	ssl.endpoint.identification.algorithm = https
	ssl.key.password = null
	ssl.keymanager.algorithm = SunX509
	ssl.keystore.location = null
	ssl.keystore.password = null
	ssl.keystore.type = JKS
	ssl.principal.mapping.rules = DEFAULT
	ssl.protocol = TLSv1.2
	ssl.provider = null
	ssl.secure.random.implementation = null
	ssl.trustmanager.algorithm = PKIX
	ssl.truststore.location = null
	ssl.truststore.password = null
	ssl.truststore.type = JKS
	transaction.abort.timed.out.transaction.cleanup.interval.ms = 10000
	transaction.max.timeout.ms = 3000
	transaction.remove.expired.transaction.cleanup.interval.ms = 3600000
	transaction.state.log.load.buffer.size = 5242880
	transaction.state.log.min.isr = 2
	transaction.state.log.num.partitions = 50
	transaction.state.log.replication.factor = 3
	transaction.state.log.segment.bytes = 104857600
	transactional.id.expiration.ms = 604800000
	unclean.leader.election.enable = false
	zookeeper.clientCnxnSocket = null
	zookeeper.connect = zookeeper:2181
	zookeeper.connection.timeout.ms = 3000
	zookeeper.max.in.flight.requests = 10
	zookeeper.session.timeout.ms = 5000
	zookeeper.set.acl = false
	zookeeper.ssl.cipher.suites = null
	zookeeper.ssl.client.enable = false
	zookeeper.ssl.crl.enable = false
	zookeeper.ssl.enabled.protocols = null
	zookeeper.ssl.endpoint.identification.algorithm = HTTPS
	zookeeper.ssl.keystore.location = null
	zookeeper.ssl.keystore.password = null
	zookeeper.ssl.keystore.type = null
	zookeeper.ssl.ocsp.enable = false
	zookeeper.ssl.protocol = TLSv1.2
	zookeeper.ssl.truststore.location = null
	zookeeper.ssl.truststore.password = null
	zookeeper.ssl.truststore.type = null
	zookeeper.sync.time.ms = 2000
 (kafka.server.KafkaConfig)
[2020-10-26 20:31:14,471] INFO KafkaConfig values: 
	advertised.host.name = null
	advertised.listeners = PLAINTEXT://:9092,OUTSIDE://10.0.2.253:32405
	advertised.port = null
	alter.config.policy.class.name = null
	alter.log.dirs.replication.quota.window.num = 11
	alter.log.dirs.replication.quota.window.size.seconds = 1
	authorizer.class.name = 
	auto.create.topics.enable = false
	auto.leader.rebalance.enable = true
	background.threads = 10
	broker.id = 5
	broker.id.generation.enable = true
	broker.rack = null
	client.quota.callback.class = null
	compression.type = producer
	connection.failed.authentication.delay.ms = 100
	connections.max.idle.ms = 600000
	connections.max.reauth.ms = 0
	control.plane.listener.name = null
	controlled.shutdown.enable = true
	controlled.shutdown.max.retries = 3
	controlled.shutdown.retry.backoff.ms = 5000
	controller.socket.timeout.ms = 5000
	create.topic.policy.class.name = null
	default.replication.factor = 3
	delegation.token.expiry.check.interval.ms = 3600000
	delegation.token.expiry.time.ms = 86400000
	delegation.token.master.key = null
	delegation.token.max.lifetime.ms = 604800000
	delete.records.purgatory.purge.interval.requests = 1
	delete.topic.enable = true
	fetch.max.bytes = 57671680
	fetch.purgatory.purge.interval.requests = 1000
	group.initial.rebalance.delay.ms = 0
	group.max.session.timeout.ms = 2000
	group.max.size = 2147483647
	group.min.session.timeout.ms = 0
	host.name = 
	inter.broker.listener.name = PLAINTEXT
	inter.broker.protocol.version = 2.5-IV0
	kafka.metrics.polling.interval.secs = 10
	kafka.metrics.reporters = []
	leader.imbalance.check.interval.seconds = 300
	leader.imbalance.per.broker.percentage = 10
	listener.security.protocol.map = PLAINTEXT:PLAINTEXT,SSL:SSL,SASL_PLAINTEXT:SASL_PLAINTEXT,SASL_SSL:SASL_SSL,OUTSIDE:PLAINTEXT
	listeners = PLAINTEXT://:9092,OUTSIDE://:9094
	log.cleaner.backoff.ms = 15000
	log.cleaner.dedupe.buffer.size = 134217728
	log.cleaner.delete.retention.ms = 86400000
	log.cleaner.enable = true
	log.cleaner.io.buffer.load.factor = 0.9
	log.cleaner.io.buffer.size = 524288
	log.cleaner.io.max.bytes.per.second = 1.7976931348623157E308
	log.cleaner.max.compaction.lag.ms = 9223372036854775807
	log.cleaner.min.cleanable.ratio = 0.5
	log.cleaner.min.compaction.lag.ms = 0
	log.cleaner.threads = 1
	log.cleanup.policy = [delete]
	log.dir = /tmp/kafka-logs
	log.dirs = /var/lib/kafka/data/topics
	log.flush.interval.messages = 9223372036854775807
	log.flush.interval.ms = null
	log.flush.offset.checkpoint.interval.ms = 60000
	log.flush.scheduler.interval.ms = 9223372036854775807
	log.flush.start.offset.checkpoint.interval.ms = 60000
	log.index.interval.bytes = 4096
	log.index.size.max.bytes = 10485760
	log.message.downconversion.enable = true
	log.message.format.version = 2.5-IV0
	log.message.timestamp.difference.max.ms = 9223372036854775807
	log.message.timestamp.type = CreateTime
	log.preallocate = false
	log.retention.bytes = -1
	log.retention.check.interval.ms = 300000
	log.retention.hours = -1
	log.retention.minutes = null
	log.retention.ms = null
	log.roll.hours = 168
	log.roll.jitter.hours = 0
	log.roll.jitter.ms = null
	log.roll.ms = null
	log.segment.bytes = 1073741824
	log.segment.delete.delay.ms = 60000
	max.connections = 2147483647
	max.connections.per.ip = 2147483647
	max.connections.per.ip.overrides = 
	max.incremental.fetch.session.cache.slots = 1000
	message.max.bytes = 1048588
	metric.reporters = []
	metrics.num.samples = 2
	metrics.recording.level = INFO
	metrics.sample.window.ms = 30000
	min.insync.replicas = 2
	num.io.threads = 8
	num.network.threads = 3
	num.partitions = 1
	num.recovery.threads.per.data.dir = 1
	num.replica.alter.log.dirs.threads = null
	num.replica.fetchers = 2
	offset.metadata.max.bytes = 4096
	offsets.commit.required.acks = -1
	offsets.commit.timeout.ms = 5000
	offsets.load.buffer.size = 5242880
	offsets.retention.check.interval.ms = 600000
	offsets.retention.minutes = 10080
	offsets.topic.compression.codec = 0
	offsets.topic.num.partitions = 2
	offsets.topic.replication.factor = 5
	offsets.topic.segment.bytes = 104857600
	password.encoder.cipher.algorithm = AES/CBC/PKCS5Padding
	password.encoder.iterations = 4096
	password.encoder.key.length = 128
	password.encoder.keyfactory.algorithm = null
	password.encoder.old.secret = null
	password.encoder.secret = null
	port = 9092
	principal.builder.class = null
	producer.purgatory.purge.interval.requests = 1000
	queued.max.request.bytes = -1
	queued.max.requests = 500
	quota.consumer.default = 9223372036854775807
	quota.producer.default = 9223372036854775807
	quota.window.num = 11
	quota.window.size.seconds = 1
	replica.fetch.backoff.ms = 1000
	replica.fetch.max.bytes = 1048576
	replica.fetch.min.bytes = 1
	replica.fetch.response.max.bytes = 10485760
	replica.fetch.wait.max.ms = 500
	replica.high.watermark.checkpoint.interval.ms = 5000
	replica.lag.time.max.ms = 5000
	replica.selector.class = null
	replica.socket.receive.buffer.bytes = 65536
	replica.socket.timeout.ms = 3000
	replication.quota.window.num = 11
	replication.quota.window.size.seconds = 1
	request.timeout.ms = 2000
	reserved.broker.max.id = 1000
	sasl.client.callback.handler.class = null
	sasl.enabled.mechanisms = [GSSAPI]
	sasl.jaas.config = null
	sasl.kerberos.kinit.cmd = /usr/bin/kinit
	sasl.kerberos.min.time.before.relogin = 60000
	sasl.kerberos.principal.to.local.rules = [DEFAULT]
	sasl.kerberos.service.name = null
	sasl.kerberos.ticket.renew.jitter = 0.05
	sasl.kerberos.ticket.renew.window.factor = 0.8
	sasl.login.callback.handler.class = null
	sasl.login.class = null
	sasl.login.refresh.buffer.seconds = 300
	sasl.login.refresh.min.period.seconds = 60
	sasl.login.refresh.window.factor = 0.8
	sasl.login.refresh.window.jitter = 0.05
	sasl.mechanism.inter.broker.protocol = GSSAPI
	sasl.server.callback.handler.class = null
	security.inter.broker.protocol = PLAINTEXT
	security.providers = null
	socket.receive.buffer.bytes = 102400
	socket.request.max.bytes = 104857600
	socket.send.buffer.bytes = 102400
	ssl.cipher.suites = []
	ssl.client.auth = none
	ssl.enabled.protocols = [TLSv1.2]
	ssl.endpoint.identification.algorithm = https
	ssl.key.password = null
	ssl.keymanager.algorithm = SunX509
	ssl.keystore.location = null
	ssl.keystore.password = null
	ssl.keystore.type = JKS
	ssl.principal.mapping.rules = DEFAULT
	ssl.protocol = TLSv1.2
	ssl.provider = null
	ssl.secure.random.implementation = null
	ssl.trustmanager.algorithm = PKIX
	ssl.truststore.location = null
	ssl.truststore.password = null
	ssl.truststore.type = JKS
	transaction.abort.timed.out.transaction.cleanup.interval.ms = 10000
	transaction.max.timeout.ms = 3000
	transaction.remove.expired.transaction.cleanup.interval.ms = 3600000
	transaction.state.log.load.buffer.size = 5242880
	transaction.state.log.min.isr = 2
	transaction.state.log.num.partitions = 50
	transaction.state.log.replication.factor = 3
	transaction.state.log.segment.bytes = 104857600
	transactional.id.expiration.ms = 604800000
	unclean.leader.election.enable = false
	zookeeper.clientCnxnSocket = null
	zookeeper.connect = zookeeper:2181
	zookeeper.connection.timeout.ms = 3000
	zookeeper.max.in.flight.requests = 10
	zookeeper.session.timeout.ms = 5000
	zookeeper.set.acl = false
	zookeeper.ssl.cipher.suites = null
	zookeeper.ssl.client.enable = false
	zookeeper.ssl.crl.enable = false
	zookeeper.ssl.enabled.protocols = null
	zookeeper.ssl.endpoint.identification.algorithm = HTTPS
	zookeeper.ssl.keystore.location = null
	zookeeper.ssl.keystore.password = null
	zookeeper.ssl.keystore.type = null
	zookeeper.ssl.ocsp.enable = false
	zookeeper.ssl.protocol = TLSv1.2
	zookeeper.ssl.truststore.location = null
	zookeeper.ssl.truststore.password = null
	zookeeper.ssl.truststore.type = null
	zookeeper.sync.time.ms = 2000
 (kafka.server.KafkaConfig)
[2020-10-26 20:31:14,589] INFO [ThrottledChannelReaper-Fetch]: Starting (kafka.server.ClientQuotaManager$ThrottledChannelReaper)
[2020-10-26 20:31:14,603] INFO [ThrottledChannelReaper-Produce]: Starting (kafka.server.ClientQuotaManager$ThrottledChannelReaper)
[2020-10-26 20:31:14,598] INFO [ThrottledChannelReaper-Request]: Starting (kafka.server.ClientQuotaManager$ThrottledChannelReaper)
[2020-10-26 20:31:14,642] INFO Log directory /var/lib/kafka/data/topics not found, creating it. (kafka.log.LogManager)
[2020-10-26 20:31:14,652] INFO Loading logs. (kafka.log.LogManager)
[2020-10-26 20:31:14,674] INFO Logs loading complete in 22 ms. (kafka.log.LogManager)
[2020-10-26 20:31:14,711] INFO Starting log cleanup with a period of 300000 ms. (kafka.log.LogManager)
[2020-10-26 20:31:14,717] INFO Starting log flusher with a default period of 9223372036854775807 ms. (kafka.log.LogManager)
[2020-10-26 20:31:15,732] INFO Awaiting socket connections on 0.0.0.0:9092. (kafka.network.Acceptor)
[2020-10-26 20:31:15,861] INFO [SocketServer brokerId=5] Created data-plane acceptor and processors for endpoint : EndPoint(null,9092,ListenerName(PLAINTEXT),PLAINTEXT) (kafka.network.SocketServer)
[2020-10-26 20:31:15,878] INFO Awaiting socket connections on 0.0.0.0:9094. (kafka.network.Acceptor)
[2020-10-26 20:31:15,913] INFO [SocketServer brokerId=5] Created data-plane acceptor and processors for endpoint : EndPoint(null,9094,ListenerName(OUTSIDE),PLAINTEXT) (kafka.network.SocketServer)
[2020-10-26 20:31:15,915] INFO [SocketServer brokerId=5] Started 2 acceptor threads for data-plane (kafka.network.SocketServer)
[2020-10-26 20:31:15,990] INFO [ExpirationReaper-5-Produce]: Starting (kafka.server.DelayedOperationPurgatory$ExpiredOperationReaper)
[2020-10-26 20:31:15,992] INFO [ExpirationReaper-5-Fetch]: Starting (kafka.server.DelayedOperationPurgatory$ExpiredOperationReaper)
[2020-10-26 20:31:16,010] INFO [ExpirationReaper-5-DeleteRecords]: Starting (kafka.server.DelayedOperationPurgatory$ExpiredOperationReaper)
[2020-10-26 20:31:16,023] INFO [ExpirationReaper-5-ElectLeader]: Starting (kafka.server.DelayedOperationPurgatory$ExpiredOperationReaper)
[2020-10-26 20:31:16,104] INFO [LogDirFailureHandler]: Starting (kafka.server.ReplicaManager$LogDirFailureHandler)
[2020-10-26 20:31:16,248] INFO Creating /brokers/ids/5 (is it secure? false) (kafka.zk.KafkaZkClient)
[2020-10-26 20:31:16,300] INFO Stat of the created znode at /brokers/ids/5 is: 4294967422,4294967422,1603744276280,1603744276280,1,0,0,144115302217023488,295,0,4294967422
 (kafka.zk.KafkaZkClient)
[2020-10-26 20:31:16,300] INFO Registered broker 5 at path /brokers/ids/5 with addresses: ArrayBuffer(EndPoint(kafka-5.kafka.kafka.svc.cluster.local,9092,ListenerName(PLAINTEXT),PLAINTEXT), EndPoint(10.0.2.253,32405,ListenerName(OUTSIDE),PLAINTEXT)), czxid (broker epoch): 4294967422 (kafka.zk.KafkaZkClient)
[2020-10-26 20:31:16,455] INFO [ExpirationReaper-5-topic]: Starting (kafka.server.DelayedOperationPurgatory$ExpiredOperationReaper)
[2020-10-26 20:31:16,466] INFO [ExpirationReaper-5-Heartbeat]: Starting (kafka.server.DelayedOperationPurgatory$ExpiredOperationReaper)
[2020-10-26 20:31:16,489] INFO [ExpirationReaper-5-Rebalance]: Starting (kafka.server.DelayedOperationPurgatory$ExpiredOperationReaper)
[2020-10-26 20:31:16,543] INFO [GroupCoordinator 5]: Starting up. (kafka.coordinator.group.GroupCoordinator)
[2020-10-26 20:31:16,545] INFO [GroupCoordinator 5]: Startup complete. (kafka.coordinator.group.GroupCoordinator)
[2020-10-26 20:31:16,556] INFO [GroupMetadataManager brokerId=5] Removed 0 expired offsets in 12 milliseconds. (kafka.coordinator.group.GroupMetadataManager)
[2020-10-26 20:31:16,617] INFO [ProducerId Manager 5]: Acquired new producerId block (brokerId:5,blockStartProducerId:6000,blockEndProducerId:6999) by writing to Zk with path version 7 (kafka.coordinator.transaction.ProducerIdManager)
[2020-10-26 20:31:16,691] INFO [TransactionCoordinator id=5] Starting up. (kafka.coordinator.transaction.TransactionCoordinator)
[2020-10-26 20:31:16,695] INFO [TransactionCoordinator id=5] Startup complete. (kafka.coordinator.transaction.TransactionCoordinator)
[2020-10-26 20:31:16,711] INFO [Transaction Marker Channel Manager 5]: Starting (kafka.coordinator.transaction.TransactionMarkerChannelManager)
[2020-10-26 20:31:16,795] INFO [ExpirationReaper-5-AlterAcls]: Starting (kafka.server.DelayedOperationPurgatory$ExpiredOperationReaper)
[2020-10-26 20:31:16,896] INFO [/config/changes-event-process-thread]: Starting (kafka.common.ZkNodeChangeNotificationListener$ChangeEventProcessThread)
[2020-10-26 20:31:16,958] INFO [SocketServer brokerId=5] Started data-plane processors for 2 acceptors (kafka.network.SocketServer)
[2020-10-26 20:31:16,988] INFO Kafka version: 2.5.0 (org.apache.kafka.common.utils.AppInfoParser)
[2020-10-26 20:31:16,989] INFO Kafka commitId: 66563e712b0b9f84 (org.apache.kafka.common.utils.AppInfoParser)
[2020-10-26 20:31:16,989] INFO Kafka startTimeMs: 1603744276958 (org.apache.kafka.common.utils.AppInfoParser)
[2020-10-26 20:31:16,990] INFO [KafkaServer id=5] started (kafka.server.KafkaServer)
[2020-10-26 20:31:54,627] INFO Unable to read additional data from server sessionid 0x200001a93580000, likely server has closed socket, closing socket connection and attempting reconnect (org.apache.zookeeper.ClientCnxn)
[2020-10-26 20:31:56,568] INFO Opening socket connection to server zookeeper/10.233.57.152:2181. Will not attempt to authenticate using SASL (unknown error) (org.apache.zookeeper.ClientCnxn)
[2020-10-26 20:31:56,573] INFO Socket connection established, initiating session, client: /10.233.119.3:33086, server: zookeeper/10.233.57.152:2181 (org.apache.zookeeper.ClientCnxn)
[2020-10-26 20:31:56,588] INFO Session establishment complete on server zookeeper/10.233.57.152:2181, sessionid = 0x200001a93580000, negotiated timeout = 3000 (org.apache.zookeeper.ClientCnxn)
[2020-10-26 20:31:56,971] INFO Unable to read additional data from server sessionid 0x200001a93580000, likely server has closed socket, closing socket connection and attempting reconnect (org.apache.zookeeper.ClientCnxn)
[2020-10-26 20:31:58,131] INFO Opening socket connection to server zookeeper/10.233.57.152:2181. Will not attempt to authenticate using SASL (unknown error) (org.apache.zookeeper.ClientCnxn)
[2020-10-26 20:31:58,131] INFO Socket connection established, initiating session, client: /10.233.119.3:33096, server: zookeeper/10.233.57.152:2181 (org.apache.zookeeper.ClientCnxn)
[2020-10-26 20:31:58,132] INFO Session establishment complete on server zookeeper/10.233.57.152:2181, sessionid = 0x200001a93580000, negotiated timeout = 3000 (org.apache.zookeeper.ClientCnxn)
[2020-10-26 20:33:41,883] INFO [ReplicaFetcherManager on broker 5] Removed fetcher for partitions Set(t1_warnings-0) (kafka.server.ReplicaFetcherManager)
[2020-10-26 20:33:41,972] INFO [Log partition=t1_warnings-0, dir=/var/lib/kafka/data/topics] Loading producer state till offset 0 with message format version 2 (kafka.log.Log)
[2020-10-26 20:33:41,990] INFO [Log partition=t1_warnings-0, dir=/var/lib/kafka/data/topics] Completed load of log with 1 segments, log start offset 0 and log end offset 0 in 66 ms (kafka.log.Log)
[2020-10-26 20:33:42,000] INFO Created log for partition t1_warnings-0 in /var/lib/kafka/data/topics/t1_warnings-0 with properties {compression.type -> producer, min.insync.replicas -> 2, message.downconversion.enable -> true, segment.jitter.ms -> 0, cleanup.policy -> [delete], flush.ms -> 9223372036854775807, retention.ms -> -1, segment.bytes -> 1073741824, flush.messages -> 9223372036854775807, message.format.version -> 2.5-IV0, max.compaction.lag.ms -> 9223372036854775807, file.delete.delay.ms -> 60000, max.message.bytes -> 1048588, min.compaction.lag.ms -> 0, message.timestamp.type -> CreateTime, preallocate -> false, index.interval.bytes -> 4096, min.cleanable.dirty.ratio -> 0.5, unclean.leader.election.enable -> false, retention.bytes -> -1, delete.retention.ms -> 86400000, segment.ms -> 604800000, message.timestamp.difference.max.ms -> 9223372036854775807, segment.index.bytes -> 10485760}. (kafka.log.LogManager)
[2020-10-26 20:33:42,002] INFO [Partition t1_warnings-0 broker=5] No checkpointed highwatermark is found for partition t1_warnings-0 (kafka.cluster.Partition)
[2020-10-26 20:33:42,003] INFO [Partition t1_warnings-0 broker=5] Log loaded for partition t1_warnings-0 with initial high watermark 0 (kafka.cluster.Partition)
[2020-10-26 20:33:42,005] INFO [Partition t1_warnings-0 broker=5] t1_warnings-0 starts at leader epoch 0 from offset 0 with high watermark 0. Previous leader epoch was -1. (kafka.cluster.Partition)
[2020-10-26 20:33:43,363] INFO [Log partition=t1_filtered-0, dir=/var/lib/kafka/data/topics] Loading producer state till offset 0 with message format version 2 (kafka.log.Log)
[2020-10-26 20:33:43,372] INFO [Log partition=t1_filtered-0, dir=/var/lib/kafka/data/topics] Completed load of log with 1 segments, log start offset 0 and log end offset 0 in 12 ms (kafka.log.Log)
[2020-10-26 20:33:43,376] INFO Created log for partition t1_filtered-0 in /var/lib/kafka/data/topics/t1_filtered-0 with properties {compression.type -> producer, min.insync.replicas -> 2, message.downconversion.enable -> true, segment.jitter.ms -> 0, cleanup.policy -> [delete], flush.ms -> 9223372036854775807, retention.ms -> -1, segment.bytes -> 1073741824, flush.messages -> 9223372036854775807, message.format.version -> 2.5-IV0, max.compaction.lag.ms -> 9223372036854775807, file.delete.delay.ms -> 60000, max.message.bytes -> 1048588, min.compaction.lag.ms -> 0, message.timestamp.type -> CreateTime, preallocate -> false, index.interval.bytes -> 4096, min.cleanable.dirty.ratio -> 0.5, unclean.leader.election.enable -> false, retention.bytes -> -1, delete.retention.ms -> 86400000, segment.ms -> 604800000, message.timestamp.difference.max.ms -> 9223372036854775807, segment.index.bytes -> 10485760}. (kafka.log.LogManager)
[2020-10-26 20:33:43,376] INFO [Partition t1_filtered-0 broker=5] No checkpointed highwatermark is found for partition t1_filtered-0 (kafka.cluster.Partition)
[2020-10-26 20:33:43,377] INFO [Partition t1_filtered-0 broker=5] Log loaded for partition t1_filtered-0 with initial high watermark 0 (kafka.cluster.Partition)
[2020-10-26 20:33:43,389] INFO [ReplicaFetcherManager on broker 5] Removed fetcher for partitions Set(t1_filtered-0) (kafka.server.ReplicaFetcherManager)
[2020-10-26 20:33:43,431] INFO [ReplicaFetcherManager on broker 5] Added fetcher to broker 1 for partitions Map(t1_filtered-0 -> (offset=0, leaderEpoch=0)) (kafka.server.ReplicaFetcherManager)
[2020-10-26 20:33:43,435] INFO [ReplicaFetcher replicaId=5, leaderId=1, fetcherId=1] Starting (kafka.server.ReplicaFetcherThread)
[2020-10-26 20:33:43,438] INFO [ReplicaFetcher replicaId=5, leaderId=1, fetcherId=1] Truncating partition t1_filtered-0 to local high watermark 0 (kafka.server.ReplicaFetcherThread)
[2020-10-26 20:33:43,440] INFO [Log partition=t1_filtered-0, dir=/var/lib/kafka/data/topics] Truncating to 0 has no effect as the largest offset in the log is -1 (kafka.log.Log)
[2020-10-26 20:33:51,342] INFO [Log partition=t4_filtered-0, dir=/var/lib/kafka/data/topics] Loading producer state till offset 0 with message format version 2 (kafka.log.Log)
[2020-10-26 20:33:51,343] INFO [Log partition=t4_filtered-0, dir=/var/lib/kafka/data/topics] Completed load of log with 1 segments, log start offset 0 and log end offset 0 in 2 ms (kafka.log.Log)
[2020-10-26 20:33:51,346] INFO Created log for partition t4_filtered-0 in /var/lib/kafka/data/topics/t4_filtered-0 with properties {compression.type -> producer, min.insync.replicas -> 2, message.downconversion.enable -> true, segment.jitter.ms -> 0, cleanup.policy -> [delete], flush.ms -> 9223372036854775807, retention.ms -> -1, segment.bytes -> 1073741824, flush.messages -> 9223372036854775807, message.format.version -> 2.5-IV0, max.compaction.lag.ms -> 9223372036854775807, file.delete.delay.ms -> 60000, max.message.bytes -> 1048588, min.compaction.lag.ms -> 0, message.timestamp.type -> CreateTime, preallocate -> false, index.interval.bytes -> 4096, min.cleanable.dirty.ratio -> 0.5, unclean.leader.election.enable -> false, retention.bytes -> -1, delete.retention.ms -> 86400000, segment.ms -> 604800000, message.timestamp.difference.max.ms -> 9223372036854775807, segment.index.bytes -> 10485760}. (kafka.log.LogManager)
[2020-10-26 20:33:51,347] INFO [Partition t4_filtered-0 broker=5] No checkpointed highwatermark is found for partition t4_filtered-0 (kafka.cluster.Partition)
[2020-10-26 20:33:51,347] INFO [Partition t4_filtered-0 broker=5] Log loaded for partition t4_filtered-0 with initial high watermark 0 (kafka.cluster.Partition)
[2020-10-26 20:33:51,347] INFO [ReplicaFetcherManager on broker 5] Removed fetcher for partitions Set(t4_filtered-0) (kafka.server.ReplicaFetcherManager)
[2020-10-26 20:33:51,352] INFO [ReplicaFetcherManager on broker 5] Added fetcher to broker 4 for partitions Map(t4_filtered-0 -> (offset=0, leaderEpoch=0)) (kafka.server.ReplicaFetcherManager)
[2020-10-26 20:33:51,353] INFO [ReplicaFetcher replicaId=5, leaderId=4, fetcherId=0] Starting (kafka.server.ReplicaFetcherThread)
[2020-10-26 20:33:51,354] INFO [ReplicaFetcher replicaId=5, leaderId=4, fetcherId=0] Truncating partition t4_filtered-0 to local high watermark 0 (kafka.server.ReplicaFetcherThread)
[2020-10-26 20:33:51,354] INFO [Log partition=t4_filtered-0, dir=/var/lib/kafka/data/topics] Truncating to 0 has no effect as the largest offset in the log is -1 (kafka.log.Log)
[2020-10-26 20:33:51,379] ERROR [ReplicaFetcher replicaId=5, leaderId=4, fetcherId=0] Error for partition t4_filtered-0 at offset 0 (kafka.server.ReplicaFetcherThread)
org.apache.kafka.common.errors.UnknownTopicOrPartitionException: This server does not host this topic-partition.
[2020-10-26 20:33:55,038] INFO [ReplicaFetcherManager on broker 5] Removed fetcher for partitions Set(t5_filtered-0) (kafka.server.ReplicaFetcherManager)
[2020-10-26 20:33:55,050] INFO [Log partition=t5_filtered-0, dir=/var/lib/kafka/data/topics] Loading producer state till offset 0 with message format version 2 (kafka.log.Log)
[2020-10-26 20:33:55,050] INFO [Log partition=t5_filtered-0, dir=/var/lib/kafka/data/topics] Completed load of log with 1 segments, log start offset 0 and log end offset 0 in 2 ms (kafka.log.Log)
[2020-10-26 20:33:55,051] INFO Created log for partition t5_filtered-0 in /var/lib/kafka/data/topics/t5_filtered-0 with properties {compression.type -> producer, min.insync.replicas -> 2, message.downconversion.enable -> true, segment.jitter.ms -> 0, cleanup.policy -> [delete], flush.ms -> 9223372036854775807, retention.ms -> -1, segment.bytes -> 1073741824, flush.messages -> 9223372036854775807, message.format.version -> 2.5-IV0, max.compaction.lag.ms -> 9223372036854775807, file.delete.delay.ms -> 60000, max.message.bytes -> 1048588, min.compaction.lag.ms -> 0, message.timestamp.type -> CreateTime, preallocate -> false, index.interval.bytes -> 4096, min.cleanable.dirty.ratio -> 0.5, unclean.leader.election.enable -> false, retention.bytes -> -1, delete.retention.ms -> 86400000, segment.ms -> 604800000, message.timestamp.difference.max.ms -> 9223372036854775807, segment.index.bytes -> 10485760}. (kafka.log.LogManager)
[2020-10-26 20:33:55,051] INFO [Partition t5_filtered-0 broker=5] No checkpointed highwatermark is found for partition t5_filtered-0 (kafka.cluster.Partition)
[2020-10-26 20:33:55,051] INFO [Partition t5_filtered-0 broker=5] Log loaded for partition t5_filtered-0 with initial high watermark 0 (kafka.cluster.Partition)
[2020-10-26 20:33:55,052] INFO [Partition t5_filtered-0 broker=5] t5_filtered-0 starts at leader epoch 0 from offset 0 with high watermark 0. Previous leader epoch was -1. (kafka.cluster.Partition)
[2020-10-26 20:33:57,120] INFO [Log partition=t6_filtered-0, dir=/var/lib/kafka/data/topics] Loading producer state till offset 0 with message format version 2 (kafka.log.Log)
[2020-10-26 20:33:57,121] INFO [Log partition=t6_filtered-0, dir=/var/lib/kafka/data/topics] Completed load of log with 1 segments, log start offset 0 and log end offset 0 in 2 ms (kafka.log.Log)
[2020-10-26 20:33:57,123] INFO Created log for partition t6_filtered-0 in /var/lib/kafka/data/topics/t6_filtered-0 with properties {compression.type -> producer, min.insync.replicas -> 2, message.downconversion.enable -> true, segment.jitter.ms -> 0, cleanup.policy -> [delete], flush.ms -> 9223372036854775807, retention.ms -> -1, segment.bytes -> 1073741824, flush.messages -> 9223372036854775807, message.format.version -> 2.5-IV0, max.compaction.lag.ms -> 9223372036854775807, file.delete.delay.ms -> 60000, max.message.bytes -> 1048588, min.compaction.lag.ms -> 0, message.timestamp.type -> CreateTime, preallocate -> false, index.interval.bytes -> 4096, min.cleanable.dirty.ratio -> 0.5, unclean.leader.election.enable -> false, retention.bytes -> -1, delete.retention.ms -> 86400000, segment.ms -> 604800000, message.timestamp.difference.max.ms -> 9223372036854775807, segment.index.bytes -> 10485760}. (kafka.log.LogManager)
[2020-10-26 20:33:57,123] INFO [Partition t6_filtered-0 broker=5] No checkpointed highwatermark is found for partition t6_filtered-0 (kafka.cluster.Partition)
[2020-10-26 20:33:57,123] INFO [Partition t6_filtered-0 broker=5] Log loaded for partition t6_filtered-0 with initial high watermark 0 (kafka.cluster.Partition)
[2020-10-26 20:33:57,124] INFO [ReplicaFetcherManager on broker 5] Removed fetcher for partitions Set(t6_filtered-0) (kafka.server.ReplicaFetcherManager)
[2020-10-26 20:33:57,128] INFO [ReplicaFetcherManager on broker 5] Added fetcher to broker 0 for partitions Map(t6_filtered-0 -> (offset=0, leaderEpoch=0)) (kafka.server.ReplicaFetcherManager)
[2020-10-26 20:33:57,133] INFO [ReplicaFetcher replicaId=5, leaderId=0, fetcherId=0] Starting (kafka.server.ReplicaFetcherThread)
[2020-10-26 20:33:57,138] INFO [ReplicaFetcher replicaId=5, leaderId=0, fetcherId=0] Truncating partition t6_filtered-0 to local high watermark 0 (kafka.server.ReplicaFetcherThread)
[2020-10-26 20:33:57,139] INFO [Log partition=t6_filtered-0, dir=/var/lib/kafka/data/topics] Truncating to 0 has no effect as the largest offset in the log is -1 (kafka.log.Log)
[2020-10-26 20:34:54,292] INFO [Log partition=t3-0, dir=/var/lib/kafka/data/topics] Loading producer state till offset 0 with message format version 2 (kafka.log.Log)
[2020-10-26 20:34:54,293] INFO [Log partition=t3-0, dir=/var/lib/kafka/data/topics] Completed load of log with 1 segments, log start offset 0 and log end offset 0 in 2 ms (kafka.log.Log)
[2020-10-26 20:34:54,294] INFO Created log for partition t3-0 in /var/lib/kafka/data/topics/t3-0 with properties {compression.type -> producer, min.insync.replicas -> 2, message.downconversion.enable -> true, segment.jitter.ms -> 0, cleanup.policy -> [delete], flush.ms -> 9223372036854775807, retention.ms -> -1, segment.bytes -> 1073741824, flush.messages -> 9223372036854775807, message.format.version -> 2.5-IV0, max.compaction.lag.ms -> 9223372036854775807, file.delete.delay.ms -> 60000, max.message.bytes -> 1048588, min.compaction.lag.ms -> 0, message.timestamp.type -> CreateTime, preallocate -> false, index.interval.bytes -> 4096, min.cleanable.dirty.ratio -> 0.5, unclean.leader.election.enable -> false, retention.bytes -> -1, delete.retention.ms -> 86400000, segment.ms -> 604800000, message.timestamp.difference.max.ms -> 9223372036854775807, segment.index.bytes -> 10485760}. (kafka.log.LogManager)
[2020-10-26 20:34:54,294] INFO [Partition t3-0 broker=5] No checkpointed highwatermark is found for partition t3-0 (kafka.cluster.Partition)
[2020-10-26 20:34:54,294] INFO [Partition t3-0 broker=5] Log loaded for partition t3-0 with initial high watermark 0 (kafka.cluster.Partition)
[2020-10-26 20:34:54,294] INFO [ReplicaFetcherManager on broker 5] Removed fetcher for partitions Set(t3-0) (kafka.server.ReplicaFetcherManager)
[2020-10-26 20:34:54,298] INFO [ReplicaFetcherManager on broker 5] Added fetcher to broker 2 for partitions Map(t3-0 -> (offset=0, leaderEpoch=0)) (kafka.server.ReplicaFetcherManager)
[2020-10-26 20:34:54,301] INFO [ReplicaFetcher replicaId=5, leaderId=2, fetcherId=1] Starting (kafka.server.ReplicaFetcherThread)
[2020-10-26 20:34:54,301] INFO [ReplicaFetcher replicaId=5, leaderId=2, fetcherId=1] Truncating partition t3-0 to local high watermark 0 (kafka.server.ReplicaFetcherThread)
[2020-10-26 20:34:54,301] INFO [Log partition=t3-0, dir=/var/lib/kafka/data/topics] Truncating to 0 has no effect as the largest offset in the log is -1 (kafka.log.Log)
[2020-10-26 20:35:04,623] INFO [ReplicaFetcherManager on broker 5] Removed fetcher for partitions Set(t7-0) (kafka.server.ReplicaFetcherManager)
[2020-10-26 20:35:04,639] INFO [Log partition=t7-0, dir=/var/lib/kafka/data/topics] Loading producer state till offset 0 with message format version 2 (kafka.log.Log)
[2020-10-26 20:35:04,639] INFO [Log partition=t7-0, dir=/var/lib/kafka/data/topics] Completed load of log with 1 segments, log start offset 0 and log end offset 0 in 2 ms (kafka.log.Log)
[2020-10-26 20:35:04,640] INFO Created log for partition t7-0 in /var/lib/kafka/data/topics/t7-0 with properties {compression.type -> producer, min.insync.replicas -> 2, message.downconversion.enable -> true, segment.jitter.ms -> 0, cleanup.policy -> [delete], flush.ms -> 9223372036854775807, retention.ms -> -1, segment.bytes -> 1073741824, flush.messages -> 9223372036854775807, message.format.version -> 2.5-IV0, max.compaction.lag.ms -> 9223372036854775807, file.delete.delay.ms -> 60000, max.message.bytes -> 1048588, min.compaction.lag.ms -> 0, message.timestamp.type -> CreateTime, preallocate -> false, index.interval.bytes -> 4096, min.cleanable.dirty.ratio -> 0.5, unclean.leader.election.enable -> false, retention.bytes -> -1, delete.retention.ms -> 86400000, segment.ms -> 604800000, message.timestamp.difference.max.ms -> 9223372036854775807, segment.index.bytes -> 10485760}. (kafka.log.LogManager)
[2020-10-26 20:35:04,641] INFO [Partition t7-0 broker=5] No checkpointed highwatermark is found for partition t7-0 (kafka.cluster.Partition)
[2020-10-26 20:35:04,641] INFO [Partition t7-0 broker=5] Log loaded for partition t7-0 with initial high watermark 0 (kafka.cluster.Partition)
[2020-10-26 20:35:04,641] INFO [Partition t7-0 broker=5] t7-0 starts at leader epoch 0 from offset 0 with high watermark 0. Previous leader epoch was -1. (kafka.cluster.Partition)
[2020-10-26 20:41:16,544] INFO [GroupMetadataManager brokerId=5] Removed 0 expired offsets in 0 milliseconds. (kafka.coordinator.group.GroupMetadataManager)
[2020-10-26 20:46:19,079] INFO [ReplicaFetcher replicaId=5, leaderId=2, fetcherId=1] Error sending fetch request (sessionId=269610716, epoch=36684) to node 2: {}. (org.apache.kafka.clients.FetchSessionHandler)
java.io.IOException: Connection to 2 was disconnected before the response was read
	at org.apache.kafka.clients.NetworkClientUtils.sendAndReceive(NetworkClientUtils.java:100)
	at kafka.server.ReplicaFetcherBlockingSend.sendRequest(ReplicaFetcherBlockingSend.scala:108)
	at kafka.server.ReplicaFetcherThread.fetchFromLeader(ReplicaFetcherThread.scala:206)
	at kafka.server.AbstractFetcherThread.processFetchRequest(AbstractFetcherThread.scala:300)
	at kafka.server.AbstractFetcherThread.$anonfun$maybeFetch$3(AbstractFetcherThread.scala:135)
	at kafka.server.AbstractFetcherThread.maybeFetch(AbstractFetcherThread.scala:134)
	at kafka.server.AbstractFetcherThread.doWork(AbstractFetcherThread.scala:117)
	at kafka.utils.ShutdownableThread.run(ShutdownableThread.scala:96)
[2020-10-26 20:46:19,084] WARN [ReplicaFetcher replicaId=5, leaderId=2, fetcherId=1] Error in response for fetch request (type=FetchRequest, replicaId=5, maxWait=500, minBytes=1, maxBytes=10485760, fetchData={t3-0=(fetchOffset=124095, logStartOffset=0, maxBytes=1048576, currentLeaderEpoch=Optional[0])}, isolationLevel=READ_UNCOMMITTED, toForget=, metadata=(sessionId=269610716, epoch=36684), rackId=) (kafka.server.ReplicaFetcherThread)
java.io.IOException: Connection to 2 was disconnected before the response was read
	at org.apache.kafka.clients.NetworkClientUtils.sendAndReceive(NetworkClientUtils.java:100)
	at kafka.server.ReplicaFetcherBlockingSend.sendRequest(ReplicaFetcherBlockingSend.scala:108)
	at kafka.server.ReplicaFetcherThread.fetchFromLeader(ReplicaFetcherThread.scala:206)
	at kafka.server.AbstractFetcherThread.processFetchRequest(AbstractFetcherThread.scala:300)
	at kafka.server.AbstractFetcherThread.$anonfun$maybeFetch$3(AbstractFetcherThread.scala:135)
	at kafka.server.AbstractFetcherThread.maybeFetch(AbstractFetcherThread.scala:134)
	at kafka.server.AbstractFetcherThread.doWork(AbstractFetcherThread.scala:117)
	at kafka.utils.ShutdownableThread.run(ShutdownableThread.scala:96)
[2020-10-26 20:46:20,382] INFO [ReplicaFetcherManager on broker 5] Removed fetcher for partitions Set(t3-0) (kafka.server.ReplicaFetcherManager)
[2020-10-26 20:46:20,394] INFO [ReplicaFetcherManager on broker 5] Added fetcher to broker 0 for partitions Map(t3-0 -> (offset=124092, leaderEpoch=2)) (kafka.server.ReplicaFetcherManager)
[2020-10-26 20:46:20,395] INFO [ReplicaFetcher replicaId=5, leaderId=2, fetcherId=1] Shutting down (kafka.server.ReplicaFetcherThread)
[2020-10-26 20:46:20,396] INFO [ReplicaFetcher replicaId=5, leaderId=2, fetcherId=1] Stopped (kafka.server.ReplicaFetcherThread)
[2020-10-26 20:46:20,397] INFO [ReplicaFetcher replicaId=5, leaderId=2, fetcherId=1] Shutdown completed (kafka.server.ReplicaFetcherThread)
[2020-10-26 20:46:20,419] INFO [ReplicaFetcher replicaId=5, leaderId=0, fetcherId=1] Starting (kafka.server.ReplicaFetcherThread)
[2020-10-26 20:46:20,443] INFO [Log partition=t3-0, dir=/var/lib/kafka/data/topics] Truncating to offset 124092 (kafka.log.Log)
[2020-10-26 20:46:20,445] INFO [Log partition=t3-0, dir=/var/lib/kafka/data/topics] Scheduling segments for deletion List() (kafka.log.Log)
[2020-10-26 20:46:20,457] INFO [Log partition=t3-0, dir=/var/lib/kafka/data/topics] Loading producer state till offset 124092 with message format version 2 (kafka.log.Log)
[2020-10-26 20:46:20,458] INFO [ProducerStateManager partition=t3-0] Writing producer snapshot at offset 124092 (kafka.log.ProducerStateManager)
[2020-10-26 20:46:39,181] INFO Unable to read additional data from server sessionid 0x200001a93580000, likely server has closed socket, closing socket connection and attempting reconnect (org.apache.zookeeper.ClientCnxn)
[2020-10-26 20:46:41,160] INFO Opening socket connection to server zookeeper/10.233.57.152:2181. Will not attempt to authenticate using SASL (unknown error) (org.apache.zookeeper.ClientCnxn)
[2020-10-26 20:46:41,169] INFO Socket connection established, initiating session, client: /10.233.119.3:36878, server: zookeeper/10.233.57.152:2181 (org.apache.zookeeper.ClientCnxn)
[2020-10-26 20:46:41,190] INFO Session establishment complete on server zookeeper/10.233.57.152:2181, sessionid = 0x200001a93580000, negotiated timeout = 3000 (org.apache.zookeeper.ClientCnxn)
[2020-10-26 20:47:05,179] INFO Unable to read additional data from server sessionid 0x200001a93580000, likely server has closed socket, closing socket connection and attempting reconnect (org.apache.zookeeper.ClientCnxn)
[2020-10-26 20:47:07,198] INFO Opening socket connection to server zookeeper/10.233.57.152:2181. Will not attempt to authenticate using SASL (unknown error) (org.apache.zookeeper.ClientCnxn)
[2020-10-26 20:47:10,199] WARN Client session timed out, have not heard from server in 4917ms for sessionid 0x200001a93580000 (org.apache.zookeeper.ClientCnxn)
[2020-10-26 20:47:10,199] INFO Client session timed out, have not heard from server in 4917ms for sessionid 0x200001a93580000, closing socket connection and attempting reconnect (org.apache.zookeeper.ClientCnxn)
[2020-10-26 20:47:11,971] INFO [ReplicaFetcher replicaId=5, leaderId=4, fetcherId=0] Partition t4_filtered-0 has an older epoch (0) than the current leader. Will await the new LeaderAndIsr state before resuming fetching. (kafka.server.ReplicaFetcherThread)
[2020-10-26 20:47:11,971] WARN [ReplicaFetcher replicaId=5, leaderId=4, fetcherId=0] Partition t4_filtered-0 marked as failed (kafka.server.ReplicaFetcherThread)
[2020-10-26 20:47:12,395] INFO Opening socket connection to server zookeeper/10.233.57.152:2181. Will not attempt to authenticate using SASL (unknown error) (org.apache.zookeeper.ClientCnxn)
[2020-10-26 20:47:12,395] INFO [ReplicaFetcher replicaId=5, leaderId=0, fetcherId=0] Partition t6_filtered-0 has an older epoch (0) than the current leader. Will await the new LeaderAndIsr state before resuming fetching. (kafka.server.ReplicaFetcherThread)
[2020-10-26 20:47:12,395] INFO Socket connection established, initiating session, client: /10.233.119.3:37032, server: zookeeper/10.233.57.152:2181 (org.apache.zookeeper.ClientCnxn)
[2020-10-26 20:47:12,396] WARN [ReplicaFetcher replicaId=5, leaderId=0, fetcherId=0] Partition t6_filtered-0 marked as failed (kafka.server.ReplicaFetcherThread)
[2020-10-26 20:47:12,397] WARN Unable to reconnect to ZooKeeper service, session 0x200001a93580000 has expired (org.apache.zookeeper.ClientCnxn)
[2020-10-26 20:47:12,398] INFO Unable to reconnect to ZooKeeper service, session 0x200001a93580000 has expired, closing socket connection (org.apache.zookeeper.ClientCnxn)
[2020-10-26 20:47:12,399] INFO EventThread shut down for session: 0x200001a93580000 (org.apache.zookeeper.ClientCnxn)
[2020-10-26 20:47:12,403] INFO [ZooKeeperClient Kafka server] Session expired. (kafka.zookeeper.ZooKeeperClient)
[2020-10-26 20:47:12,406] INFO [ZooKeeperClient Kafka server] Initializing a new session to zookeeper:2181. (kafka.zookeeper.ZooKeeperClient)
[2020-10-26 20:47:12,406] INFO Initiating client connection, connectString=zookeeper:2181 sessionTimeout=5000 watcher=kafka.zookeeper.ZooKeeperClient$ZooKeeperClientWatcher$@141e5bef (org.apache.zookeeper.ZooKeeper)
[2020-10-26 20:47:12,421] INFO jute.maxbuffer value is 4194304 Bytes (org.apache.zookeeper.ClientCnxnSocket)
[2020-10-26 20:47:12,423] INFO zookeeper.request.timeout value is 0. feature enabled= (org.apache.zookeeper.ClientCnxn)
[2020-10-26 20:47:12,433] INFO Opening socket connection to server zookeeper/10.233.57.152:2181. Will not attempt to authenticate using SASL (unknown error) (org.apache.zookeeper.ClientCnxn)
[2020-10-26 20:47:12,446] INFO Socket connection established, initiating session, client: /10.233.119.3:37034, server: zookeeper/10.233.57.152:2181 (org.apache.zookeeper.ClientCnxn)
[2020-10-26 20:47:12,451] INFO Creating /brokers/ids/5 (is it secure? false) (kafka.zk.KafkaZkClient)
[2020-10-26 20:47:12,497] INFO Session establishment complete on server zookeeper/10.233.57.152:2181, sessionid = 0x20000291be30004, negotiated timeout = 3000 (org.apache.zookeeper.ClientCnxn)
[2020-10-26 20:47:12,529] INFO Stat of the created znode at /brokers/ids/5 is: 12884901977,12884901977,1603745232506,1603745232506,1,0,0,144115364637376516,295,0,12884901977
 (kafka.zk.KafkaZkClient)
[2020-10-26 20:47:12,529] INFO Registered broker 5 at path /brokers/ids/5 with addresses: ArrayBuffer(EndPoint(kafka-5.kafka.kafka.svc.cluster.local,9092,ListenerName(PLAINTEXT),PLAINTEXT), EndPoint(10.0.2.253,32405,ListenerName(OUTSIDE),PLAINTEXT)), czxid (broker epoch): 12884901977 (kafka.zk.KafkaZkClient)
[2020-10-26 20:47:12,603] INFO [ReplicaFetcherManager on broker 5] Removed fetcher for partitions Set(t1_warnings-0, t5_filtered-0, t1_filtered-0, t4_filtered-0, t7-0, t6_filtered-0) (kafka.server.ReplicaFetcherManager)
[2020-10-26 20:47:12,612] INFO [ReplicaFetcherManager on broker 5] Added fetcher to broker 4 for partitions Map(t5_filtered-0 -> (offset=135106, leaderEpoch=3), t7-0 -> (offset=135259, leaderEpoch=3)) (kafka.server.ReplicaFetcherManager)
[2020-10-26 20:47:12,616] INFO [ReplicaFetcherManager on broker 5] Added fetcher to broker 4 for partitions Map(t4_filtered-0 -> (offset=135329, leaderEpoch=2)) (kafka.server.ReplicaFetcherManager)
[2020-10-26 20:47:12,625] INFO [Log partition=t4_filtered-0, dir=/var/lib/kafka/data/topics] Truncating to 135329 has no effect as the largest offset in the log is 135328 (kafka.log.Log)
[2020-10-26 20:47:12,628] INFO [ReplicaFetcher replicaId=5, leaderId=4, fetcherId=1] Starting (kafka.server.ReplicaFetcherThread)
[2020-10-26 20:47:12,634] INFO [ReplicaFetcherManager on broker 5] Added fetcher to broker 3 for partitions Map(t1_warnings-0 -> (offset=2424, leaderEpoch=4)) (kafka.server.ReplicaFetcherManager)
[2020-10-26 20:47:12,634] INFO [ReplicaFetcher replicaId=5, leaderId=3, fetcherId=1] Starting (kafka.server.ReplicaFetcherThread)
[2020-10-26 20:47:12,640] INFO [Log partition=t7-0, dir=/var/lib/kafka/data/topics] Truncating to offset 135259 (kafka.log.Log)
[2020-10-26 20:47:12,640] INFO [Log partition=t7-0, dir=/var/lib/kafka/data/topics] Scheduling segments for deletion List() (kafka.log.Log)
[2020-10-26 20:47:12,641] INFO [ReplicaFetcherManager on broker 5] Added fetcher to broker 1 for partitions Map(t6_filtered-0 -> (offset=135230, leaderEpoch=4)) (kafka.server.ReplicaFetcherManager)
[2020-10-26 20:47:12,641] INFO [ReplicaFetcherManager on broker 5] Added fetcher to broker 1 for partitions Map(t1_filtered-0 -> (offset=135313, leaderEpoch=4)) (kafka.server.ReplicaFetcherManager)
[2020-10-26 20:47:12,642] INFO [Log partition=t7-0, dir=/var/lib/kafka/data/topics] Loading producer state till offset 135259 with message format version 2 (kafka.log.Log)
[2020-10-26 20:47:12,642] INFO [ProducerStateManager partition=t7-0] Writing producer snapshot at offset 135259 (kafka.log.ProducerStateManager)
[2020-10-26 20:47:12,649] INFO [Log partition=t5_filtered-0, dir=/var/lib/kafka/data/topics] Truncating to offset 135106 (kafka.log.Log)
[2020-10-26 20:47:12,650] INFO [Log partition=t5_filtered-0, dir=/var/lib/kafka/data/topics] Scheduling segments for deletion List() (kafka.log.Log)
[2020-10-26 20:47:12,652] INFO [Log partition=t5_filtered-0, dir=/var/lib/kafka/data/topics] Loading producer state till offset 135106 with message format version 2 (kafka.log.Log)
[2020-10-26 20:47:12,652] INFO [ProducerStateManager partition=t5_filtered-0] Writing producer snapshot at offset 135106 (kafka.log.ProducerStateManager)
[2020-10-26 20:47:12,655] INFO [ReplicaFetcher replicaId=5, leaderId=1, fetcherId=0] Starting (kafka.server.ReplicaFetcherThread)
[2020-10-26 20:47:12,658] INFO [ReplicaFetcher replicaId=5, leaderId=0, fetcherId=0] Shutting down (kafka.server.ReplicaFetcherThread)
[2020-10-26 20:47:12,658] INFO [ReplicaFetcher replicaId=5, leaderId=0, fetcherId=0] Shutdown completed (kafka.server.ReplicaFetcherThread)
[2020-10-26 20:47:12,658] INFO [ReplicaFetcher replicaId=5, leaderId=0, fetcherId=0] Stopped (kafka.server.ReplicaFetcherThread)
[2020-10-26 20:47:12,671] INFO [Log partition=t1_warnings-0, dir=/var/lib/kafka/data/topics] Truncating to 2424 has no effect as the largest offset in the log is 2423 (kafka.log.Log)
[2020-10-26 20:47:12,674] INFO [ReplicaFetcherManager on broker 5] Removed fetcher for partitions Set(t3-0) (kafka.server.ReplicaFetcherManager)
[2020-10-26 20:47:12,675] INFO [Partition t3-0 broker=5] t3-0 starts at leader epoch 5 from offset 135582 with high watermark 135582. Previous leader epoch was 2. (kafka.cluster.Partition)
[2020-10-26 20:47:12,677] INFO [ReplicaFetcher replicaId=5, leaderId=0, fetcherId=1] Shutting down (kafka.server.ReplicaFetcherThread)
[2020-10-26 20:47:12,677] INFO [ReplicaFetcher replicaId=5, leaderId=0, fetcherId=1] Error sending fetch request (sessionId=1795099325, epoch=2122) to node 0: {}. (org.apache.kafka.clients.FetchSessionHandler)
java.io.IOException: Client was shutdown before response was read
	at org.apache.kafka.clients.NetworkClientUtils.sendAndReceive(NetworkClientUtils.java:109)
	at kafka.server.ReplicaFetcherBlockingSend.sendRequest(ReplicaFetcherBlockingSend.scala:108)
	at kafka.server.ReplicaFetcherThread.fetchFromLeader(ReplicaFetcherThread.scala:206)
	at kafka.server.AbstractFetcherThread.processFetchRequest(AbstractFetcherThread.scala:300)
	at kafka.server.AbstractFetcherThread.$anonfun$maybeFetch$3(AbstractFetcherThread.scala:135)
	at kafka.server.AbstractFetcherThread.maybeFetch(AbstractFetcherThread.scala:134)
	at kafka.server.AbstractFetcherThread.doWork(AbstractFetcherThread.scala:117)
	at kafka.utils.ShutdownableThread.run(ShutdownableThread.scala:96)
[2020-10-26 20:47:12,678] INFO [ReplicaFetcher replicaId=5, leaderId=0, fetcherId=1] Stopped (kafka.server.ReplicaFetcherThread)
[2020-10-26 20:47:12,678] INFO [ReplicaFetcher replicaId=5, leaderId=0, fetcherId=1] Shutdown completed (kafka.server.ReplicaFetcherThread)
[2020-10-26 20:47:12,764] ERROR [ReplicaManager broker=5] Error processing append operation on partition t3-0 (kafka.server.ReplicaManager)
org.apache.kafka.common.errors.NotEnoughReplicasException: The size of the current ISR Set(5) is insufficient to satisfy the min.isr requirement of 2 for partition t3-0
[2020-10-26 20:47:12,777] ERROR [ReplicaManager broker=5] Error processing append operation on partition t3-0 (kafka.server.ReplicaManager)
org.apache.kafka.common.errors.NotEnoughReplicasException: The size of the current ISR Set(5) is insufficient to satisfy the min.isr requirement of 2 for partition t3-0
[2020-10-26 20:47:12,781] INFO [Partition t3-0 broker=5] Expanding ISR from 5 to 5,0 (kafka.cluster.Partition)
[2020-10-26 20:47:12,816] INFO [Partition t3-0 broker=5] ISR updated to [5,0] and zkVersion updated to [6] (kafka.cluster.Partition)
[2020-10-26 20:47:12,872] INFO [Log partition=t1_filtered-0, dir=/var/lib/kafka/data/topics] Truncating to 135313 has no effect as the largest offset in the log is 135312 (kafka.log.Log)
[2020-10-26 20:47:12,883] INFO [Log partition=t6_filtered-0, dir=/var/lib/kafka/data/topics] Truncating to 135230 has no effect as the largest offset in the log is 135229 (kafka.log.Log)
[2020-10-26 20:47:16,795] INFO [ReplicaFetcherManager on broker 5] Removed fetcher for partitions Set(t6_filtered-0) (kafka.server.ReplicaFetcherManager)
[2020-10-26 20:47:16,811] INFO [ReplicaFetcherManager on broker 5] Added fetcher to broker 0 for partitions Map(t6_filtered-0 -> (offset=136284, leaderEpoch=5)) (kafka.server.ReplicaFetcherManager)
[2020-10-26 20:47:16,812] INFO [ReplicaFetcher replicaId=5, leaderId=1, fetcherId=0] Shutting down (kafka.server.ReplicaFetcherThread)
[2020-10-26 20:47:16,813] INFO [ReplicaFetcher replicaId=5, leaderId=1, fetcherId=0] Error sending fetch request (sessionId=1122700611, epoch=54) to node 1: {}. (org.apache.kafka.clients.FetchSessionHandler)
java.io.IOException: Client was shutdown before response was read
	at org.apache.kafka.clients.NetworkClientUtils.sendAndReceive(NetworkClientUtils.java:109)
	at kafka.server.ReplicaFetcherBlockingSend.sendRequest(ReplicaFetcherBlockingSend.scala:108)
	at kafka.server.ReplicaFetcherThread.fetchFromLeader(ReplicaFetcherThread.scala:206)
	at kafka.server.AbstractFetcherThread.processFetchRequest(AbstractFetcherThread.scala:300)
	at kafka.server.AbstractFetcherThread.$anonfun$maybeFetch$3(AbstractFetcherThread.scala:135)
	at kafka.server.AbstractFetcherThread.maybeFetch(AbstractFetcherThread.scala:134)
	at kafka.server.AbstractFetcherThread.doWork(AbstractFetcherThread.scala:117)
	at kafka.utils.ShutdownableThread.run(ShutdownableThread.scala:96)
[2020-10-26 20:47:16,814] INFO [ReplicaFetcher replicaId=5, leaderId=1, fetcherId=0] Stopped (kafka.server.ReplicaFetcherThread)
[2020-10-26 20:47:16,814] INFO [ReplicaFetcher replicaId=5, leaderId=1, fetcherId=0] Shutdown completed (kafka.server.ReplicaFetcherThread)
[2020-10-26 20:47:16,825] INFO [ReplicaFetcher replicaId=5, leaderId=0, fetcherId=0] Starting (kafka.server.ReplicaFetcherThread)
[2020-10-26 20:47:16,846] INFO [ReplicaFetcherManager on broker 5] Removed fetcher for partitions Set(t7-0, t1_warnings-0, t5_filtered-0) (kafka.server.ReplicaFetcherManager)
[2020-10-26 20:47:16,849] INFO [Partition t7-0 broker=5] t7-0 starts at leader epoch 4 from offset 136359 with high watermark 136353. Previous leader epoch was 3. (kafka.cluster.Partition)
[2020-10-26 20:47:16,850] INFO [Log partition=t6_filtered-0, dir=/var/lib/kafka/data/topics] Truncating to 136284 has no effect as the largest offset in the log is 136283 (kafka.log.Log)
[2020-10-26 20:47:16,857] INFO [Partition t1_warnings-0 broker=5] t1_warnings-0 starts at leader epoch 5 from offset 2424 with high watermark 2424. Previous leader epoch was 4. (kafka.cluster.Partition)
[2020-10-26 20:47:16,866] INFO [Partition t5_filtered-0 broker=5] t5_filtered-0 starts at leader epoch 4 from offset 136109 with high watermark 136108. Previous leader epoch was 3. (kafka.cluster.Partition)
[2020-10-26 20:47:16,868] INFO [ReplicaFetcher replicaId=5, leaderId=3, fetcherId=1] Shutting down (kafka.server.ReplicaFetcherThread)
[2020-10-26 20:47:16,869] INFO [ReplicaFetcher replicaId=5, leaderId=3, fetcherId=1] Error sending fetch request (sessionId=1310513968, epoch=9) to node 3: {}. (org.apache.kafka.clients.FetchSessionHandler)
java.io.IOException: Client was shutdown before response was read
	at org.apache.kafka.clients.NetworkClientUtils.sendAndReceive(NetworkClientUtils.java:109)
	at kafka.server.ReplicaFetcherBlockingSend.sendRequest(ReplicaFetcherBlockingSend.scala:108)
	at kafka.server.ReplicaFetcherThread.fetchFromLeader(ReplicaFetcherThread.scala:206)
	at kafka.server.AbstractFetcherThread.processFetchRequest(AbstractFetcherThread.scala:300)
	at kafka.server.AbstractFetcherThread.$anonfun$maybeFetch$3(AbstractFetcherThread.scala:135)
	at kafka.server.AbstractFetcherThread.maybeFetch(AbstractFetcherThread.scala:134)
	at kafka.server.AbstractFetcherThread.doWork(AbstractFetcherThread.scala:117)
	at kafka.utils.ShutdownableThread.run(ShutdownableThread.scala:96)
[2020-10-26 20:47:16,869] INFO [ReplicaFetcher replicaId=5, leaderId=3, fetcherId=1] Stopped (kafka.server.ReplicaFetcherThread)
[2020-10-26 20:47:16,870] INFO [ReplicaFetcher replicaId=5, leaderId=3, fetcherId=1] Shutdown completed (kafka.server.ReplicaFetcherThread)
[2020-10-26 20:47:16,872] INFO [ReplicaFetcher replicaId=5, leaderId=4, fetcherId=1] Shutting down (kafka.server.ReplicaFetcherThread)
[2020-10-26 20:47:16,874] INFO [ReplicaFetcher replicaId=5, leaderId=4, fetcherId=1] Stopped (kafka.server.ReplicaFetcherThread)
[2020-10-26 20:47:16,875] INFO [ReplicaFetcher replicaId=5, leaderId=4, fetcherId=1] Shutdown completed (kafka.server.ReplicaFetcherThread)
[2020-10-26 20:47:20,446] INFO [Log partition=t3-0, dir=/var/lib/kafka/data/topics] Deleting segments List() (kafka.log.Log)
[2020-10-26 20:48:08,048] INFO Unable to read additional data from server sessionid 0x20000291be30004, likely server has closed socket, closing socket connection and attempting reconnect (org.apache.zookeeper.ClientCnxn)
[2020-10-26 20:48:09,751] INFO Opening socket connection to server zookeeper/10.233.57.152:2181. Will not attempt to authenticate using SASL (unknown error) (org.apache.zookeeper.ClientCnxn)
[2020-10-26 20:48:09,751] INFO Socket connection established, initiating session, client: /10.233.119.3:37314, server: zookeeper/10.233.57.152:2181 (org.apache.zookeeper.ClientCnxn)
[2020-10-26 20:48:09,753] INFO Session establishment complete on server zookeeper/10.233.57.152:2181, sessionid = 0x20000291be30004, negotiated timeout = 3000 (org.apache.zookeeper.ClientCnxn)
[2020-10-26 20:48:12,640] INFO [Log partition=t7-0, dir=/var/lib/kafka/data/topics] Deleting segments List() (kafka.log.Log)
[2020-10-26 20:48:12,650] INFO [Log partition=t5_filtered-0, dir=/var/lib/kafka/data/topics] Deleting segments List() (kafka.log.Log)
[2020-10-26 20:48:38,324] INFO Unable to read additional data from server sessionid 0x20000291be30004, likely server has closed socket, closing socket connection and attempting reconnect (org.apache.zookeeper.ClientCnxn)
[2020-10-26 20:48:39,688] INFO Opening socket connection to server zookeeper/10.233.57.152:2181. Will not attempt to authenticate using SASL (unknown error) (org.apache.zookeeper.ClientCnxn)
[2020-10-26 20:48:39,696] INFO Socket connection established, initiating session, client: /10.233.119.3:37446, server: zookeeper/10.233.57.152:2181 (org.apache.zookeeper.ClientCnxn)
[2020-10-26 20:48:39,705] INFO Unable to read additional data from server sessionid 0x20000291be30004, likely server has closed socket, closing socket connection and attempting reconnect (org.apache.zookeeper.ClientCnxn)
[2020-10-26 20:48:41,317] INFO Opening socket connection to server zookeeper/10.233.57.152:2181. Will not attempt to authenticate using SASL (unknown error) (org.apache.zookeeper.ClientCnxn)
[2020-10-26 20:48:41,318] INFO Socket connection established, initiating session, client: /10.233.119.3:37456, server: zookeeper/10.233.57.152:2181 (org.apache.zookeeper.ClientCnxn)
[2020-10-26 20:48:41,319] INFO Unable to read additional data from server sessionid 0x20000291be30004, likely server has closed socket, closing socket connection and attempting reconnect (org.apache.zookeeper.ClientCnxn)
[2020-10-26 20:48:43,268] INFO Opening socket connection to server zookeeper/10.233.57.152:2181. Will not attempt to authenticate using SASL (unknown error) (org.apache.zookeeper.ClientCnxn)
[2020-10-26 20:48:43,276] INFO Socket connection established, initiating session, client: /10.233.119.3:37464, server: zookeeper/10.233.57.152:2181 (org.apache.zookeeper.ClientCnxn)
[2020-10-26 20:48:43,284] INFO Unable to read additional data from server sessionid 0x20000291be30004, likely server has closed socket, closing socket connection and attempting reconnect (org.apache.zookeeper.ClientCnxn)
[2020-10-26 20:48:45,189] INFO Opening socket connection to server zookeeper/10.233.57.152:2181. Will not attempt to authenticate using SASL (unknown error) (org.apache.zookeeper.ClientCnxn)
[2020-10-26 20:48:45,190] INFO Socket connection established, initiating session, client: /10.233.119.3:37472, server: zookeeper/10.233.57.152:2181 (org.apache.zookeeper.ClientCnxn)
[2020-10-26 20:48:45,192] INFO Unable to read additional data from server sessionid 0x20000291be30004, likely server has closed socket, closing socket connection and attempting reconnect (org.apache.zookeeper.ClientCnxn)
[2020-10-26 20:48:46,592] INFO Opening socket connection to server zookeeper/10.233.57.152:2181. Will not attempt to authenticate using SASL (unknown error) (org.apache.zookeeper.ClientCnxn)
[2020-10-26 20:48:46,601] INFO Socket connection established, initiating session, client: /10.233.119.3:37482, server: zookeeper/10.233.57.152:2181 (org.apache.zookeeper.ClientCnxn)
[2020-10-26 20:48:46,610] INFO Unable to read additional data from server sessionid 0x20000291be30004, likely server has closed socket, closing socket connection and attempting reconnect (org.apache.zookeeper.ClientCnxn)
[2020-10-26 20:48:48,617] INFO Opening socket connection to server zookeeper/10.233.57.152:2181. Will not attempt to authenticate using SASL (unknown error) (org.apache.zookeeper.ClientCnxn)
[2020-10-26 20:48:48,617] INFO Socket connection established, initiating session, client: /10.233.119.3:37492, server: zookeeper/10.233.57.152:2181 (org.apache.zookeeper.ClientCnxn)
[2020-10-26 20:48:48,619] INFO Session establishment complete on server zookeeper/10.233.57.152:2181, sessionid = 0x20000291be30004, negotiated timeout = 3000 (org.apache.zookeeper.ClientCnxn)
[2020-10-26 20:48:50,571] INFO [ReplicaFetcherManager on broker 5] Removed fetcher for partitions Set(t1_filtered-0) (kafka.server.ReplicaFetcherManager)
[2020-10-26 20:48:50,577] INFO [ReplicaFetcherManager on broker 5] Added fetcher to broker 0 for partitions Map(t1_filtered-0 -> (offset=154909, leaderEpoch=5)) (kafka.server.ReplicaFetcherManager)
[2020-10-26 20:48:50,577] INFO [ReplicaFetcher replicaId=5, leaderId=1, fetcherId=1] Shutting down (kafka.server.ReplicaFetcherThread)
[2020-10-26 20:48:50,578] INFO [ReplicaFetcher replicaId=5, leaderId=1, fetcherId=1] Error sending fetch request (sessionId=305433768, epoch=18491) to node 1: {}. (org.apache.kafka.clients.FetchSessionHandler)
java.io.IOException: Client was shutdown before response was read
	at org.apache.kafka.clients.NetworkClientUtils.sendAndReceive(NetworkClientUtils.java:109)
	at kafka.server.ReplicaFetcherBlockingSend.sendRequest(ReplicaFetcherBlockingSend.scala:108)
	at kafka.server.ReplicaFetcherThread.fetchFromLeader(ReplicaFetcherThread.scala:206)
	at kafka.server.AbstractFetcherThread.processFetchRequest(AbstractFetcherThread.scala:300)
	at kafka.server.AbstractFetcherThread.$anonfun$maybeFetch$3(AbstractFetcherThread.scala:135)
	at kafka.server.AbstractFetcherThread.maybeFetch(AbstractFetcherThread.scala:134)
	at kafka.server.AbstractFetcherThread.doWork(AbstractFetcherThread.scala:117)
	at kafka.utils.ShutdownableThread.run(ShutdownableThread.scala:96)
[2020-10-26 20:48:50,578] INFO [ReplicaFetcher replicaId=5, leaderId=1, fetcherId=1] Stopped (kafka.server.ReplicaFetcherThread)
[2020-10-26 20:48:50,578] INFO [ReplicaFetcher replicaId=5, leaderId=1, fetcherId=1] Shutdown completed (kafka.server.ReplicaFetcherThread)
[2020-10-26 20:48:50,588] INFO [ReplicaFetcher replicaId=5, leaderId=0, fetcherId=1] Starting (kafka.server.ReplicaFetcherThread)
[2020-10-26 20:48:50,622] INFO [Log partition=t1_filtered-0, dir=/var/lib/kafka/data/topics] Truncating to 154909 has no effect as the largest offset in the log is 154908 (kafka.log.Log)
[2020-10-26 20:48:50,634] INFO [ReplicaFetcherManager on broker 5] Removed fetcher for partitions Set(t7-0, t5_filtered-0) (kafka.server.ReplicaFetcherManager)
[2020-10-26 20:48:50,634] INFO [Partition t7-0 broker=5] t7-0 starts at leader epoch 5 from offset 155133 with high watermark 155127. Previous leader epoch was 4. (kafka.cluster.Partition)
[2020-10-26 20:48:50,639] INFO [Partition t5_filtered-0 broker=5] t5_filtered-0 starts at leader epoch 5 from offset 154917 with high watermark 154917. Previous leader epoch was 4. (kafka.cluster.Partition)
[2020-10-26 20:48:50,642] INFO [ReplicaFetcher replicaId=5, leaderId=0, fetcherId=0] Partition t6_filtered-0 has an older epoch (5) than the current leader. Will await the new LeaderAndIsr state before resuming fetching. (kafka.server.ReplicaFetcherThread)
[2020-10-26 20:48:50,642] WARN [ReplicaFetcher replicaId=5, leaderId=0, fetcherId=0] Partition t6_filtered-0 marked as failed (kafka.server.ReplicaFetcherThread)
[2020-10-26 20:48:50,644] INFO [Partition t5_filtered-0 broker=5] Expanding ISR from 4,5 to 4,5,1 (kafka.cluster.Partition)
[2020-10-26 20:48:50,646] INFO [ReplicaFetcherManager on broker 5] Removed fetcher for partitions Set(t4_filtered-0, t6_filtered-0) (kafka.server.ReplicaFetcherManager)
[2020-10-26 20:48:50,647] INFO [ReplicaFetcherManager on broker 5] Added fetcher to broker 0 for partitions Map(t6_filtered-0 -> (offset=155046, leaderEpoch=6)) (kafka.server.ReplicaFetcherManager)
[2020-10-26 20:48:50,647] INFO [ReplicaFetcherManager on broker 5] Added fetcher to broker 4 for partitions Map(t4_filtered-0 -> (offset=155154, leaderEpoch=3)) (kafka.server.ReplicaFetcherManager)
[2020-10-26 20:48:50,660] INFO [Log partition=t6_filtered-0, dir=/var/lib/kafka/data/topics] Truncating to 155055 has no effect as the largest offset in the log is 155054 (kafka.log.Log)
[2020-10-26 20:48:50,665] INFO [Partition t5_filtered-0 broker=5] ISR updated to [4,5,1] and zkVersion updated to [8] (kafka.cluster.Partition)
[2020-10-26 20:48:51,007] INFO [Log partition=t4_filtered-0, dir=/var/lib/kafka/data/topics] Truncating to 155154 has no effect as the largest offset in the log is 155153 (kafka.log.Log)
[2020-10-26 20:48:51,060] INFO [Partition t5_filtered-0 broker=5] Shrinking ISR from 4,5,1 to 4,5. Leader: (highWatermark: 154917, endOffset: 154928). Out of sync replicas: (brokerId: 1, endOffset: 154917). (kafka.cluster.Partition)
[2020-10-26 20:48:51,095] INFO [Partition t5_filtered-0 broker=5] ISR updated to [4,5] and zkVersion updated to [9] (kafka.cluster.Partition)
[2020-10-26 20:48:51,146] INFO [Partition t7-0 broker=5] Expanding ISR from 4,5 to 4,5,1 (kafka.cluster.Partition)
[2020-10-26 20:48:51,160] INFO [Partition t7-0 broker=5] ISR updated to [4,5,1] and zkVersion updated to [8] (kafka.cluster.Partition)
[2020-10-26 20:48:51,160] INFO [Partition t5_filtered-0 broker=5] Expanding ISR from 4,5 to 4,5,1 (kafka.cluster.Partition)
[2020-10-26 20:48:51,174] INFO [Partition t5_filtered-0 broker=5] ISR updated to [4,5,1] and zkVersion updated to [10] (kafka.cluster.Partition)
[2020-10-26 20:48:53,780] INFO Unable to read additional data from server sessionid 0x20000291be30004, likely server has closed socket, closing socket connection and attempting reconnect (org.apache.zookeeper.ClientCnxn)
[2020-10-26 20:48:55,436] INFO Opening socket connection to server zookeeper/10.233.57.152:2181. Will not attempt to authenticate using SASL (unknown error) (org.apache.zookeeper.ClientCnxn)
[2020-10-26 20:48:55,448] INFO Socket connection established, initiating session, client: /10.233.119.3:37522, server: zookeeper/10.233.57.152:2181 (org.apache.zookeeper.ClientCnxn)
[2020-10-26 20:48:55,466] INFO Session establishment complete on server zookeeper/10.233.57.152:2181, sessionid = 0x20000291be30004, negotiated timeout = 3000 (org.apache.zookeeper.ClientCnxn)
[2020-10-26 20:49:14,262] INFO Unable to read additional data from server sessionid 0x20000291be30004, likely server has closed socket, closing socket connection and attempting reconnect (org.apache.zookeeper.ClientCnxn)
[2020-10-26 20:49:16,082] INFO Opening socket connection to server zookeeper/10.233.57.152:2181. Will not attempt to authenticate using SASL (unknown error) (org.apache.zookeeper.ClientCnxn)
[2020-10-26 20:49:16,083] INFO Socket connection established, initiating session, client: /10.233.119.3:37620, server: zookeeper/10.233.57.152:2181 (org.apache.zookeeper.ClientCnxn)
[2020-10-26 20:49:16,086] INFO Session establishment complete on server zookeeper/10.233.57.152:2181, sessionid = 0x20000291be30004, negotiated timeout = 3000 (org.apache.zookeeper.ClientCnxn)
[2020-10-26 20:51:16,544] INFO [GroupMetadataManager brokerId=5] Removed 0 expired offsets in 0 milliseconds. (kafka.coordinator.group.GroupMetadataManager)
[2020-10-26 20:51:46,755] INFO [Partition t3-0 broker=5] Expanding ISR from 5,0 to 5,0,2 (kafka.cluster.Partition)
[2020-10-26 20:51:46,766] INFO [Partition t3-0 broker=5] ISR updated to [5,0,2] and zkVersion updated to [7] (kafka.cluster.Partition)
[2020-10-26 20:52:17,092] INFO [ReplicaFetcherManager on broker 5] Removed fetcher for partitions Set(t1_filtered-0) (kafka.server.ReplicaFetcherManager)
[2020-10-26 20:52:17,098] INFO [ReplicaFetcherManager on broker 5] Added fetcher to broker 1 for partitions Map(t1_filtered-0 -> (offset=196386, leaderEpoch=6)) (kafka.server.ReplicaFetcherManager)
[2020-10-26 20:52:17,099] INFO [ReplicaFetcher replicaId=5, leaderId=0, fetcherId=1] Shutting down (kafka.server.ReplicaFetcherThread)
[2020-10-26 20:52:17,101] INFO [ReplicaFetcher replicaId=5, leaderId=0, fetcherId=1] Error sending fetch request (sessionId=753414422, epoch=3894) to node 0: {}. (org.apache.kafka.clients.FetchSessionHandler)
java.io.IOException: Client was shutdown before response was read
	at org.apache.kafka.clients.NetworkClientUtils.sendAndReceive(NetworkClientUtils.java:109)
	at kafka.server.ReplicaFetcherBlockingSend.sendRequest(ReplicaFetcherBlockingSend.scala:108)
	at kafka.server.ReplicaFetcherThread.fetchFromLeader(ReplicaFetcherThread.scala:206)
	at kafka.server.AbstractFetcherThread.processFetchRequest(AbstractFetcherThread.scala:300)
	at kafka.server.AbstractFetcherThread.$anonfun$maybeFetch$3(AbstractFetcherThread.scala:135)
	at kafka.server.AbstractFetcherThread.maybeFetch(AbstractFetcherThread.scala:134)
	at kafka.server.AbstractFetcherThread.doWork(AbstractFetcherThread.scala:117)
	at kafka.utils.ShutdownableThread.run(ShutdownableThread.scala:96)
[2020-10-26 20:52:17,102] INFO [ReplicaFetcher replicaId=5, leaderId=0, fetcherId=1] Stopped (kafka.server.ReplicaFetcherThread)
[2020-10-26 20:52:17,103] INFO [ReplicaFetcher replicaId=5, leaderId=0, fetcherId=1] Shutdown completed (kafka.server.ReplicaFetcherThread)
[2020-10-26 20:52:17,103] INFO [ReplicaFetcher replicaId=5, leaderId=1, fetcherId=1] Starting (kafka.server.ReplicaFetcherThread)
[2020-10-26 20:52:17,135] INFO [ReplicaFetcherManager on broker 5] Removed fetcher for partitions Set(t3-0) (kafka.server.ReplicaFetcherManager)
[2020-10-26 20:52:17,144] INFO [ReplicaFetcherManager on broker 5] Added fetcher to broker 2 for partitions Map(t3-0 -> (offset=196482, leaderEpoch=6)) (kafka.server.ReplicaFetcherManager)
[2020-10-26 20:52:17,152] INFO [ReplicaFetcher replicaId=5, leaderId=2, fetcherId=1] Starting (kafka.server.ReplicaFetcherThread)
[2020-10-26 20:52:17,174] INFO [Log partition=t3-0, dir=/var/lib/kafka/data/topics] Truncating to offset 196482 (kafka.log.Log)
[2020-10-26 20:52:17,175] INFO [Log partition=t3-0, dir=/var/lib/kafka/data/topics] Scheduling segments for deletion List() (kafka.log.Log)
[2020-10-26 20:52:17,178] INFO [Log partition=t3-0, dir=/var/lib/kafka/data/topics] Loading producer state till offset 196482 with message format version 2 (kafka.log.Log)
[2020-10-26 20:52:17,189] INFO [ProducerStateManager partition=t3-0] Loading producer state from snapshot file '/var/lib/kafka/data/topics/t3-0/00000000000000124092.snapshot' (kafka.log.ProducerStateManager)
[2020-10-26 20:52:17,227] INFO [ProducerStateManager partition=t3-0] Writing producer snapshot at offset 196482 (kafka.log.ProducerStateManager)
[2020-10-26 20:52:17,352] INFO [Log partition=t1_filtered-0, dir=/var/lib/kafka/data/topics] Truncating to offset 196386 (kafka.log.Log)
[2020-10-26 20:52:17,353] INFO [Log partition=t1_filtered-0, dir=/var/lib/kafka/data/topics] Scheduling segments for deletion List() (kafka.log.Log)
[2020-10-26 20:52:17,355] INFO [Log partition=t1_filtered-0, dir=/var/lib/kafka/data/topics] Loading producer state till offset 196386 with message format version 2 (kafka.log.Log)
[2020-10-26 20:52:17,356] INFO [ProducerStateManager partition=t1_filtered-0] Writing producer snapshot at offset 196386 (kafka.log.ProducerStateManager)
[2020-10-26 20:53:17,175] INFO [Log partition=t3-0, dir=/var/lib/kafka/data/topics] Deleting segments List() (kafka.log.Log)
[2020-10-26 20:53:17,353] INFO [Log partition=t1_filtered-0, dir=/var/lib/kafka/data/topics] Deleting segments List() (kafka.log.Log)
[2020-10-26 20:56:08,658] INFO Unable to read additional data from server sessionid 0x20000291be30004, likely server has closed socket, closing socket connection and attempting reconnect (org.apache.zookeeper.ClientCnxn)
[2020-10-26 20:56:10,318] INFO Opening socket connection to server zookeeper/10.233.57.152:2181. Will not attempt to authenticate using SASL (unknown error) (org.apache.zookeeper.ClientCnxn)
[2020-10-26 20:56:11,327] INFO Socket connection established, initiating session, client: /10.233.119.3:39528, server: zookeeper/10.233.57.152:2181 (org.apache.zookeeper.ClientCnxn)
[2020-10-26 20:56:11,345] INFO Unable to read additional data from server sessionid 0x20000291be30004, likely server has closed socket, closing socket connection and attempting reconnect (org.apache.zookeeper.ClientCnxn)
[2020-10-26 20:56:13,158] INFO Opening socket connection to server zookeeper/10.233.57.152:2181. Will not attempt to authenticate using SASL (unknown error) (org.apache.zookeeper.ClientCnxn)
[2020-10-26 20:56:13,163] INFO Socket connection established, initiating session, client: /10.233.119.3:39540, server: zookeeper/10.233.57.152:2181 (org.apache.zookeeper.ClientCnxn)
[2020-10-26 20:56:13,167] INFO Unable to read additional data from server sessionid 0x20000291be30004, likely server has closed socket, closing socket connection and attempting reconnect (org.apache.zookeeper.ClientCnxn)
[2020-10-26 20:56:14,349] INFO Opening socket connection to server zookeeper/10.233.57.152:2181. Will not attempt to authenticate using SASL (unknown error) (org.apache.zookeeper.ClientCnxn)
[2020-10-26 20:56:14,357] INFO Socket connection established, initiating session, client: /10.233.119.3:39548, server: zookeeper/10.233.57.152:2181 (org.apache.zookeeper.ClientCnxn)
[2020-10-26 20:56:14,366] INFO Unable to read additional data from server sessionid 0x20000291be30004, likely server has closed socket, closing socket connection and attempting reconnect (org.apache.zookeeper.ClientCnxn)
[2020-10-26 20:56:16,179] INFO Opening socket connection to server zookeeper/10.233.57.152:2181. Will not attempt to authenticate using SASL (unknown error) (org.apache.zookeeper.ClientCnxn)
[2020-10-26 20:56:16,185] INFO Socket connection established, initiating session, client: /10.233.119.3:39560, server: zookeeper/10.233.57.152:2181 (org.apache.zookeeper.ClientCnxn)
[2020-10-26 20:56:16,190] INFO Unable to read additional data from server sessionid 0x20000291be30004, likely server has closed socket, closing socket connection and attempting reconnect (org.apache.zookeeper.ClientCnxn)
[2020-10-26 20:56:17,357] INFO Opening socket connection to server zookeeper/10.233.57.152:2181. Will not attempt to authenticate using SASL (unknown error) (org.apache.zookeeper.ClientCnxn)
[2020-10-26 20:56:17,366] INFO Socket connection established, initiating session, client: /10.233.119.3:39570, server: zookeeper/10.233.57.152:2181 (org.apache.zookeeper.ClientCnxn)
[2020-10-26 20:56:17,385] INFO Session establishment complete on server zookeeper/10.233.57.152:2181, sessionid = 0x20000291be30004, negotiated timeout = 3000 (org.apache.zookeeper.ClientCnxn)
[2020-10-26 20:57:19,600] INFO Unable to read additional data from server sessionid 0x20000291be30004, likely server has closed socket, closing socket connection and attempting reconnect (org.apache.zookeeper.ClientCnxn)
[2020-10-26 20:57:20,928] INFO Opening socket connection to server zookeeper/10.233.57.152:2181. Will not attempt to authenticate using SASL (unknown error) (org.apache.zookeeper.ClientCnxn)
[2020-10-26 20:57:20,929] INFO Socket connection established, initiating session, client: /10.233.119.3:39808, server: zookeeper/10.233.57.152:2181 (org.apache.zookeeper.ClientCnxn)
[2020-10-26 20:57:20,972] INFO Session establishment complete on server zookeeper/10.233.57.152:2181, sessionid = 0x20000291be30004, negotiated timeout = 3000 (org.apache.zookeeper.ClientCnxn)
[2020-10-26 20:57:21,700] INFO [ReplicaFetcherManager on broker 5] Removed fetcher for partitions Set(t1_filtered-0) (kafka.server.ReplicaFetcherManager)
[2020-10-26 20:57:21,713] INFO [ReplicaFetcherManager on broker 5] Added fetcher to broker 0 for partitions Map(t1_filtered-0 -> (offset=240006, leaderEpoch=7)) (kafka.server.ReplicaFetcherManager)
[2020-10-26 20:57:21,719] INFO [ReplicaFetcher replicaId=5, leaderId=1, fetcherId=1] Shutting down (kafka.server.ReplicaFetcherThread)
[2020-10-26 20:57:21,722] INFO [ReplicaFetcher replicaId=5, leaderId=1, fetcherId=1] Error sending fetch request (sessionId=1427728386, epoch=5371) to node 1: {}. (org.apache.kafka.clients.FetchSessionHandler)
java.io.IOException: Client was shutdown before response was read
	at org.apache.kafka.clients.NetworkClientUtils.sendAndReceive(NetworkClientUtils.java:109)
	at kafka.server.ReplicaFetcherBlockingSend.sendRequest(ReplicaFetcherBlockingSend.scala:108)
	at kafka.server.ReplicaFetcherThread.fetchFromLeader(ReplicaFetcherThread.scala:206)
	at kafka.server.AbstractFetcherThread.processFetchRequest(AbstractFetcherThread.scala:300)
	at kafka.server.AbstractFetcherThread.$anonfun$maybeFetch$3(AbstractFetcherThread.scala:135)
	at kafka.server.AbstractFetcherThread.maybeFetch(AbstractFetcherThread.scala:134)
	at kafka.server.AbstractFetcherThread.doWork(AbstractFetcherThread.scala:117)
	at kafka.utils.ShutdownableThread.run(ShutdownableThread.scala:96)
[2020-10-26 20:57:21,722] INFO [ReplicaFetcher replicaId=5, leaderId=1, fetcherId=1] Stopped (kafka.server.ReplicaFetcherThread)
[2020-10-26 20:57:21,723] INFO [ReplicaFetcher replicaId=5, leaderId=1, fetcherId=1] Shutdown completed (kafka.server.ReplicaFetcherThread)
[2020-10-26 20:57:21,733] INFO [ReplicaFetcher replicaId=5, leaderId=0, fetcherId=1] Starting (kafka.server.ReplicaFetcherThread)
[2020-10-26 20:57:21,774] INFO [Log partition=t1_filtered-0, dir=/var/lib/kafka/data/topics] Truncating to 240006 has no effect as the largest offset in the log is 240005 (kafka.log.Log)
[2020-10-26 20:57:21,778] INFO [ReplicaFetcherManager on broker 5] Removed fetcher for partitions Set(t7-0, t5_filtered-0) (kafka.server.ReplicaFetcherManager)
[2020-10-26 20:57:21,778] INFO [Partition t7-0 broker=5] t7-0 starts at leader epoch 6 from offset 240113 with high watermark 240113. Previous leader epoch was 5. (kafka.cluster.Partition)
[2020-10-26 20:57:21,781] INFO [Partition t5_filtered-0 broker=5] t5_filtered-0 starts at leader epoch 6 from offset 240003 with high watermark 240003. Previous leader epoch was 5. (kafka.cluster.Partition)
[2020-10-26 20:57:21,785] INFO [ReplicaFetcherManager on broker 5] Removed fetcher for partitions Set(t4_filtered-0, t6_filtered-0) (kafka.server.ReplicaFetcherManager)
[2020-10-26 20:57:21,786] INFO [ReplicaFetcherManager on broker 5] Added fetcher to broker 0 for partitions Map(t6_filtered-0 -> (offset=239999, leaderEpoch=7)) (kafka.server.ReplicaFetcherManager)
[2020-10-26 20:57:21,786] INFO [ReplicaFetcherManager on broker 5] Added fetcher to broker 4 for partitions Map(t4_filtered-0 -> (offset=239999, leaderEpoch=4)) (kafka.server.ReplicaFetcherManager)
[2020-10-26 20:57:21,955] INFO [Log partition=t6_filtered-0, dir=/var/lib/kafka/data/topics] Truncating to 239999 has no effect as the largest offset in the log is 239998 (kafka.log.Log)
[2020-10-26 20:57:22,239] INFO [Log partition=t4_filtered-0, dir=/var/lib/kafka/data/topics] Truncating to 239999 has no effect as the largest offset in the log is 239998 (kafka.log.Log)
[2020-10-26 20:57:22,254] INFO [Partition t7-0 broker=5] Expanding ISR from 4,5 to 4,5,1 (kafka.cluster.Partition)
[2020-10-26 20:57:22,262] INFO [Partition t7-0 broker=5] ISR updated to [4,5,1] and zkVersion updated to [10] (kafka.cluster.Partition)
[2020-10-26 20:57:22,262] INFO [Partition t5_filtered-0 broker=5] Expanding ISR from 4,5 to 4,5,1 (kafka.cluster.Partition)
[2020-10-26 20:57:22,269] INFO [Partition t5_filtered-0 broker=5] ISR updated to [4,5,1] and zkVersion updated to [12] (kafka.cluster.Partition)
