[2020-10-26 21:49:05,653] INFO Reading configuration from: /etc/kafka/zookeeper.properties.scale-3.zoo-2 (org.apache.zookeeper.server.quorum.QuorumPeerConfig)
[2020-10-26 21:49:05,678] INFO clientPortAddress is 0.0.0.0:2181 (org.apache.zookeeper.server.quorum.QuorumPeerConfig)
[2020-10-26 21:49:05,678] INFO secureClientPort is not set (org.apache.zookeeper.server.quorum.QuorumPeerConfig)
[2020-10-26 21:49:05,810] INFO autopurge.snapRetainCount set to 3 (org.apache.zookeeper.server.DatadirCleanupManager)
[2020-10-26 21:49:05,810] INFO autopurge.purgeInterval set to 0 (org.apache.zookeeper.server.DatadirCleanupManager)
[2020-10-26 21:49:05,810] INFO Purge task is not scheduled. (org.apache.zookeeper.server.DatadirCleanupManager)
[2020-10-26 21:49:05,822] INFO Log4j 1.2 jmx support found and enabled. (org.apache.zookeeper.jmx.ManagedUtil)
[2020-10-26 21:49:06,004] INFO Starting quorum peer (org.apache.zookeeper.server.quorum.QuorumPeerMain)
[2020-10-26 21:49:06,013] INFO Using org.apache.zookeeper.server.NIOServerCnxnFactory as server connection factory (org.apache.zookeeper.server.ServerCnxnFactory)
[2020-10-26 21:49:06,016] INFO Configuring NIO connection handler with 10s sessionless connection timeout, 1 selector thread(s), 2 worker threads, and 64 kB direct buffers. (org.apache.zookeeper.server.NIOServerCnxnFactory)
[2020-10-26 21:49:06,024] INFO binding to port 0.0.0.0/0.0.0.0:2181 (org.apache.zookeeper.server.NIOServerCnxnFactory)
[2020-10-26 21:49:06,060] INFO Logging initialized @871ms to org.eclipse.jetty.util.log.Slf4jLog (org.eclipse.jetty.util.log)
[2020-10-26 21:49:06,156] WARN o.e.j.s.ServletContextHandler@4efac082{/,null,UNAVAILABLE} contextPath ends with /* (org.eclipse.jetty.server.handler.ContextHandler)
[2020-10-26 21:49:06,157] WARN Empty contextPath (org.eclipse.jetty.server.handler.ContextHandler)
[2020-10-26 21:49:06,177] INFO Setting -D jdk.tls.rejectClientInitiatedRenegotiation=true to disable client-initiated TLS renegotiation (org.apache.zookeeper.common.X509Util)
[2020-10-26 21:49:06,181] INFO zookeeper.snapshot.trust.empty : false (org.apache.zookeeper.server.persistence.FileTxnSnapLog)
[2020-10-26 21:49:06,186] INFO Local sessions disabled (org.apache.zookeeper.server.quorum.QuorumPeer)
[2020-10-26 21:49:06,187] INFO Local session upgrading disabled (org.apache.zookeeper.server.quorum.QuorumPeer)
[2020-10-26 21:49:06,187] INFO tickTime set to 130 (org.apache.zookeeper.server.quorum.QuorumPeer)
[2020-10-26 21:49:06,187] INFO minSessionTimeout set to 260 (org.apache.zookeeper.server.quorum.QuorumPeer)
[2020-10-26 21:49:06,187] INFO maxSessionTimeout set to 3000 (org.apache.zookeeper.server.quorum.QuorumPeer)
[2020-10-26 21:49:06,187] INFO initLimit set to 5 (org.apache.zookeeper.server.quorum.QuorumPeer)
[2020-10-26 21:49:06,201] INFO zookeeper.snapshotSizeFactor = 0.33 (org.apache.zookeeper.server.ZKDatabase)
[2020-10-26 21:49:06,204] INFO Using insecure (non-TLS) quorum communication (org.apache.zookeeper.server.quorum.QuorumPeer)
[2020-10-26 21:49:06,204] INFO Port unification disabled (org.apache.zookeeper.server.quorum.QuorumPeer)
[2020-10-26 21:49:06,204] INFO QuorumPeer communication is not secured! (SASL auth disabled) (org.apache.zookeeper.server.quorum.QuorumPeer)
[2020-10-26 21:49:06,204] INFO quorum.cnxn.threads.size set to 20 (org.apache.zookeeper.server.quorum.QuorumPeer)
[2020-10-26 21:49:06,208] INFO Snapshotting: 0x0 to /var/lib/zookeeper/data/version-2/snapshot.0 (org.apache.zookeeper.server.persistence.FileTxnSnapLog)
[2020-10-26 21:49:06,211] INFO currentEpoch not found! Creating with a reasonable default of 0. This should only happen when you are upgrading your installation (org.apache.zookeeper.server.quorum.QuorumPeer)
[2020-10-26 21:49:06,215] INFO acceptedEpoch not found! Creating with a reasonable default of 0. This should only happen when you are upgrading your installation (org.apache.zookeeper.server.quorum.QuorumPeer)
[2020-10-26 21:49:06,256] INFO jetty-9.4.24.v20191120; built: 2019-11-20T21:37:49.771Z; git: 363d5f2df3a8a28de40604320230664b9c793c16; jvm 11.0.7+10 (org.eclipse.jetty.server.Server)
[2020-10-26 21:49:06,325] INFO DefaultSessionIdManager workerName=node0 (org.eclipse.jetty.server.session)
[2020-10-26 21:49:06,326] INFO No SessionScavenger set, using defaults (org.eclipse.jetty.server.session)
[2020-10-26 21:49:06,333] INFO node0 Scavenging every 600000ms (org.eclipse.jetty.server.session)
[2020-10-26 21:49:06,342] INFO Started o.e.j.s.ServletContextHandler@4efac082{/,null,AVAILABLE} (org.eclipse.jetty.server.handler.ContextHandler)
[2020-10-26 21:49:06,354] INFO Started ServerConnector@2053d869{HTTP/1.1,[http/1.1]}{0.0.0.0:8080} (org.eclipse.jetty.server.AbstractConnector)
[2020-10-26 21:49:06,354] INFO Started @1165ms (org.eclipse.jetty.server.Server)
[2020-10-26 21:49:06,354] INFO Started AdminServer on address 0.0.0.0, port 8080 and command URL /commands (org.apache.zookeeper.server.admin.JettyAdminServer)
[2020-10-26 21:49:06,365] INFO Election port bind maximum retries is infinite (org.apache.zookeeper.server.quorum.QuorumCnxManager)
[2020-10-26 21:49:06,370] INFO 3 is accepting connections now, my election bind port: zoo-2.zoo.kafka.svc.cluster.local/10.233.121.3:3888 (org.apache.zookeeper.server.quorum.QuorumCnxManager)
[2020-10-26 21:49:06,395] INFO LOOKING (org.apache.zookeeper.server.quorum.QuorumPeer)
[2020-10-26 21:49:06,396] INFO New election. My id =  3, proposed zxid=0x0 (org.apache.zookeeper.server.quorum.FastLeaderElection)
[2020-10-26 21:49:06,398] WARN Failed to resolve address: zoo-0.zoo.kafka.svc.cluster.local (org.apache.zookeeper.server.quorum.QuorumPeer)
java.net.UnknownHostException: zoo-0.zoo.kafka.svc.cluster.local
	at java.base/java.net.InetAddress$CachedAddresses.get(Unknown Source)
	at java.base/java.net.InetAddress.getAllByName0(Unknown Source)
	at java.base/java.net.InetAddress.getAllByName(Unknown Source)
	at java.base/java.net.InetAddress.getAllByName(Unknown Source)
	at java.base/java.net.InetAddress.getByName(Unknown Source)
	at org.apache.zookeeper.server.quorum.QuorumPeer$QuorumServer.recreateSocketAddresses(QuorumPeer.java:197)
	at org.apache.zookeeper.server.quorum.QuorumPeer.recreateSocketAddresses(QuorumPeer.java:746)
	at org.apache.zookeeper.server.quorum.QuorumCnxManager.connectOne(QuorumCnxManager.java:715)
	at org.apache.zookeeper.server.quorum.QuorumCnxManager.toSend(QuorumCnxManager.java:676)
	at org.apache.zookeeper.server.quorum.FastLeaderElection$Messenger$WorkerSender.process(FastLeaderElection.java:495)
	at org.apache.zookeeper.server.quorum.FastLeaderElection$Messenger$WorkerSender.run(FastLeaderElection.java:474)
	at java.base/java.lang.Thread.run(Unknown Source)
[2020-10-26 21:49:06,400] WARN Failed to resolve address: zoo-0.zoo.kafka.svc.cluster.local (org.apache.zookeeper.server.quorum.QuorumPeer)
java.net.UnknownHostException: zoo-0.zoo.kafka.svc.cluster.local
	at java.base/java.net.InetAddress$CachedAddresses.get(Unknown Source)
	at java.base/java.net.InetAddress.getAllByName0(Unknown Source)
	at java.base/java.net.InetAddress.getAllByName(Unknown Source)
	at java.base/java.net.InetAddress.getAllByName(Unknown Source)
	at java.base/java.net.InetAddress.getByName(Unknown Source)
	at org.apache.zookeeper.server.quorum.QuorumPeer$QuorumServer.recreateSocketAddresses(QuorumPeer.java:197)
	at org.apache.zookeeper.server.quorum.QuorumPeer.recreateSocketAddresses(QuorumPeer.java:756)
	at org.apache.zookeeper.server.quorum.QuorumCnxManager.connectOne(QuorumCnxManager.java:715)
	at org.apache.zookeeper.server.quorum.QuorumCnxManager.toSend(QuorumCnxManager.java:676)
	at org.apache.zookeeper.server.quorum.FastLeaderElection$Messenger$WorkerSender.process(FastLeaderElection.java:495)
	at org.apache.zookeeper.server.quorum.FastLeaderElection$Messenger$WorkerSender.run(FastLeaderElection.java:474)
	at java.base/java.lang.Thread.run(Unknown Source)
[2020-10-26 21:49:06,404] WARN Failed to resolve address: zoo-1.zoo.kafka.svc.cluster.local (org.apache.zookeeper.server.quorum.QuorumPeer)
java.net.UnknownHostException: zoo-1.zoo.kafka.svc.cluster.local
	at java.base/java.net.InetAddress$CachedAddresses.get(Unknown Source)
	at java.base/java.net.InetAddress.getAllByName0(Unknown Source)
	at java.base/java.net.InetAddress.getAllByName(Unknown Source)
	at java.base/java.net.InetAddress.getAllByName(Unknown Source)
	at java.base/java.net.InetAddress.getByName(Unknown Source)
	at org.apache.zookeeper.server.quorum.QuorumPeer$QuorumServer.recreateSocketAddresses(QuorumPeer.java:197)
	at org.apache.zookeeper.server.quorum.QuorumPeer.recreateSocketAddresses(QuorumPeer.java:746)
	at org.apache.zookeeper.server.quorum.QuorumCnxManager.connectOne(QuorumCnxManager.java:715)
	at org.apache.zookeeper.server.quorum.QuorumCnxManager.toSend(QuorumCnxManager.java:676)
	at org.apache.zookeeper.server.quorum.FastLeaderElection$Messenger$WorkerSender.process(FastLeaderElection.java:495)
	at org.apache.zookeeper.server.quorum.FastLeaderElection$Messenger$WorkerSender.run(FastLeaderElection.java:474)
	at java.base/java.lang.Thread.run(Unknown Source)
[2020-10-26 21:49:06,405] WARN Failed to resolve address: zoo-1.zoo.kafka.svc.cluster.local (org.apache.zookeeper.server.quorum.QuorumPeer)
java.net.UnknownHostException: zoo-1.zoo.kafka.svc.cluster.local
	at java.base/java.net.InetAddress$CachedAddresses.get(Unknown Source)
	at java.base/java.net.InetAddress.getAllByName0(Unknown Source)
	at java.base/java.net.InetAddress.getAllByName(Unknown Source)
	at java.base/java.net.InetAddress.getAllByName(Unknown Source)
	at java.base/java.net.InetAddress.getByName(Unknown Source)
	at org.apache.zookeeper.server.quorum.QuorumPeer$QuorumServer.recreateSocketAddresses(QuorumPeer.java:197)
	at org.apache.zookeeper.server.quorum.QuorumPeer.recreateSocketAddresses(QuorumPeer.java:756)
	at org.apache.zookeeper.server.quorum.QuorumCnxManager.connectOne(QuorumCnxManager.java:715)
	at org.apache.zookeeper.server.quorum.QuorumCnxManager.toSend(QuorumCnxManager.java:676)
	at org.apache.zookeeper.server.quorum.FastLeaderElection$Messenger$WorkerSender.process(FastLeaderElection.java:495)
	at org.apache.zookeeper.server.quorum.FastLeaderElection$Messenger$WorkerSender.run(FastLeaderElection.java:474)
	at java.base/java.lang.Thread.run(Unknown Source)
[2020-10-26 21:49:06,408] WARN Cannot open channel to 1 at election address zoo-0.zoo.kafka.svc.cluster.local:3888 (org.apache.zookeeper.server.quorum.QuorumCnxManager)
java.net.UnknownHostException: zoo-0.zoo.kafka.svc.cluster.local
	at java.base/java.net.AbstractPlainSocketImpl.connect(Unknown Source)
	at java.base/java.net.SocksSocketImpl.connect(Unknown Source)
	at java.base/java.net.Socket.connect(Unknown Source)
	at org.apache.zookeeper.server.quorum.QuorumCnxManager.initiateConnection(QuorumCnxManager.java:373)
	at org.apache.zookeeper.server.quorum.QuorumCnxManager$QuorumConnectionReqThread.run(QuorumCnxManager.java:436)
	at java.base/java.util.concurrent.ThreadPoolExecutor.runWorker(Unknown Source)
	at java.base/java.util.concurrent.ThreadPoolExecutor$Worker.run(Unknown Source)
	at java.base/java.lang.Thread.run(Unknown Source)
[2020-10-26 21:49:06,413] WARN Cannot open channel to 2 at election address zoo-1.zoo.kafka.svc.cluster.local:3888 (org.apache.zookeeper.server.quorum.QuorumCnxManager)
java.net.UnknownHostException: zoo-1.zoo.kafka.svc.cluster.local
	at java.base/java.net.AbstractPlainSocketImpl.connect(Unknown Source)
	at java.base/java.net.SocksSocketImpl.connect(Unknown Source)
	at java.base/java.net.Socket.connect(Unknown Source)
	at org.apache.zookeeper.server.quorum.QuorumCnxManager.initiateConnection(QuorumCnxManager.java:373)
	at org.apache.zookeeper.server.quorum.QuorumCnxManager$QuorumConnectionReqThread.run(QuorumCnxManager.java:436)
	at java.base/java.util.concurrent.ThreadPoolExecutor.runWorker(Unknown Source)
	at java.base/java.util.concurrent.ThreadPoolExecutor$Worker.run(Unknown Source)
	at java.base/java.lang.Thread.run(Unknown Source)
[2020-10-26 21:49:06,414] INFO Notification: 2 (message format version), 3 (n.leader), 0x0 (n.zxid), 0x1 (n.round), LOOKING (n.state), 3 (n.sid), 0x0 (n.peerEPoch), LOOKING (my state)0 (n.config version) (org.apache.zookeeper.server.quorum.FastLeaderElection)
[2020-10-26 21:49:06,615] WARN Failed to resolve address: zoo-0.zoo.kafka.svc.cluster.local (org.apache.zookeeper.server.quorum.QuorumPeer)
java.net.UnknownHostException: zoo-0.zoo.kafka.svc.cluster.local
	at java.base/java.net.InetAddress$CachedAddresses.get(Unknown Source)
	at java.base/java.net.InetAddress.getAllByName0(Unknown Source)
	at java.base/java.net.InetAddress.getAllByName(Unknown Source)
	at java.base/java.net.InetAddress.getAllByName(Unknown Source)
	at java.base/java.net.InetAddress.getByName(Unknown Source)
	at org.apache.zookeeper.server.quorum.QuorumPeer$QuorumServer.recreateSocketAddresses(QuorumPeer.java:197)
	at org.apache.zookeeper.server.quorum.QuorumPeer.recreateSocketAddresses(QuorumPeer.java:746)
	at org.apache.zookeeper.server.quorum.QuorumCnxManager.connectOne(QuorumCnxManager.java:715)
	at org.apache.zookeeper.server.quorum.QuorumCnxManager.connectAll(QuorumCnxManager.java:751)
	at org.apache.zookeeper.server.quorum.FastLeaderElection.lookForLeader(FastLeaderElection.java:928)
	at org.apache.zookeeper.server.quorum.QuorumPeer.run(QuorumPeer.java:1229)
[2020-10-26 21:49:06,616] WARN Failed to resolve address: zoo-0.zoo.kafka.svc.cluster.local (org.apache.zookeeper.server.quorum.QuorumPeer)
java.net.UnknownHostException: zoo-0.zoo.kafka.svc.cluster.local
	at java.base/java.net.InetAddress$CachedAddresses.get(Unknown Source)
	at java.base/java.net.InetAddress.getAllByName0(Unknown Source)
	at java.base/java.net.InetAddress.getAllByName(Unknown Source)
	at java.base/java.net.InetAddress.getAllByName(Unknown Source)
	at java.base/java.net.InetAddress.getByName(Unknown Source)
	at org.apache.zookeeper.server.quorum.QuorumPeer$QuorumServer.recreateSocketAddresses(QuorumPeer.java:197)
	at org.apache.zookeeper.server.quorum.QuorumPeer.recreateSocketAddresses(QuorumPeer.java:756)
	at org.apache.zookeeper.server.quorum.QuorumCnxManager.connectOne(QuorumCnxManager.java:715)
	at org.apache.zookeeper.server.quorum.QuorumCnxManager.connectAll(QuorumCnxManager.java:751)
	at org.apache.zookeeper.server.quorum.FastLeaderElection.lookForLeader(FastLeaderElection.java:928)
	at org.apache.zookeeper.server.quorum.QuorumPeer.run(QuorumPeer.java:1229)
[2020-10-26 21:49:06,616] WARN Failed to resolve address: zoo-1.zoo.kafka.svc.cluster.local (org.apache.zookeeper.server.quorum.QuorumPeer)
java.net.UnknownHostException: zoo-1.zoo.kafka.svc.cluster.local
	at java.base/java.net.InetAddress$CachedAddresses.get(Unknown Source)
	at java.base/java.net.InetAddress.getAllByName0(Unknown Source)
	at java.base/java.net.InetAddress.getAllByName(Unknown Source)
	at java.base/java.net.InetAddress.getAllByName(Unknown Source)
	at java.base/java.net.InetAddress.getByName(Unknown Source)
	at org.apache.zookeeper.server.quorum.QuorumPeer$QuorumServer.recreateSocketAddresses(QuorumPeer.java:197)
	at org.apache.zookeeper.server.quorum.QuorumPeer.recreateSocketAddresses(QuorumPeer.java:746)
	at org.apache.zookeeper.server.quorum.QuorumCnxManager.connectOne(QuorumCnxManager.java:715)
	at org.apache.zookeeper.server.quorum.QuorumCnxManager.connectAll(QuorumCnxManager.java:751)
	at org.apache.zookeeper.server.quorum.FastLeaderElection.lookForLeader(FastLeaderElection.java:928)
	at org.apache.zookeeper.server.quorum.QuorumPeer.run(QuorumPeer.java:1229)
[2020-10-26 21:49:06,617] WARN Failed to resolve address: zoo-1.zoo.kafka.svc.cluster.local (org.apache.zookeeper.server.quorum.QuorumPeer)
java.net.UnknownHostException: zoo-1.zoo.kafka.svc.cluster.local
	at java.base/java.net.InetAddress$CachedAddresses.get(Unknown Source)
	at java.base/java.net.InetAddress.getAllByName0(Unknown Source)
	at java.base/java.net.InetAddress.getAllByName(Unknown Source)
	at java.base/java.net.InetAddress.getAllByName(Unknown Source)
	at java.base/java.net.InetAddress.getByName(Unknown Source)
	at org.apache.zookeeper.server.quorum.QuorumPeer$QuorumServer.recreateSocketAddresses(QuorumPeer.java:197)
	at org.apache.zookeeper.server.quorum.QuorumPeer.recreateSocketAddresses(QuorumPeer.java:756)
	at org.apache.zookeeper.server.quorum.QuorumCnxManager.connectOne(QuorumCnxManager.java:715)
	at org.apache.zookeeper.server.quorum.QuorumCnxManager.connectAll(QuorumCnxManager.java:751)
	at org.apache.zookeeper.server.quorum.FastLeaderElection.lookForLeader(FastLeaderElection.java:928)
	at org.apache.zookeeper.server.quorum.QuorumPeer.run(QuorumPeer.java:1229)
[2020-10-26 21:49:06,617] INFO Notification time out: 400 (org.apache.zookeeper.server.quorum.FastLeaderElection)
[2020-10-26 21:49:06,618] WARN Cannot open channel to 1 at election address zoo-0.zoo.kafka.svc.cluster.local:3888 (org.apache.zookeeper.server.quorum.QuorumCnxManager)
java.net.UnknownHostException: zoo-0.zoo.kafka.svc.cluster.local
	at java.base/java.net.AbstractPlainSocketImpl.connect(Unknown Source)
	at java.base/java.net.SocksSocketImpl.connect(Unknown Source)
	at java.base/java.net.Socket.connect(Unknown Source)
	at org.apache.zookeeper.server.quorum.QuorumCnxManager.initiateConnection(QuorumCnxManager.java:373)
	at org.apache.zookeeper.server.quorum.QuorumCnxManager$QuorumConnectionReqThread.run(QuorumCnxManager.java:436)
	at java.base/java.util.concurrent.ThreadPoolExecutor.runWorker(Unknown Source)
	at java.base/java.util.concurrent.ThreadPoolExecutor$Worker.run(Unknown Source)
	at java.base/java.lang.Thread.run(Unknown Source)
[2020-10-26 21:49:06,618] WARN Cannot open channel to 2 at election address zoo-1.zoo.kafka.svc.cluster.local:3888 (org.apache.zookeeper.server.quorum.QuorumCnxManager)
java.net.UnknownHostException: zoo-1.zoo.kafka.svc.cluster.local
	at java.base/java.net.AbstractPlainSocketImpl.connect(Unknown Source)
	at java.base/java.net.SocksSocketImpl.connect(Unknown Source)
	at java.base/java.net.Socket.connect(Unknown Source)
	at org.apache.zookeeper.server.quorum.QuorumCnxManager.initiateConnection(QuorumCnxManager.java:373)
	at org.apache.zookeeper.server.quorum.QuorumCnxManager$QuorumConnectionReqThread.run(QuorumCnxManager.java:436)
	at java.base/java.util.concurrent.ThreadPoolExecutor.runWorker(Unknown Source)
	at java.base/java.util.concurrent.ThreadPoolExecutor$Worker.run(Unknown Source)
	at java.base/java.lang.Thread.run(Unknown Source)
[2020-10-26 21:49:07,018] WARN Failed to resolve address: zoo-0.zoo.kafka.svc.cluster.local (org.apache.zookeeper.server.quorum.QuorumPeer)
java.net.UnknownHostException: zoo-0.zoo.kafka.svc.cluster.local
	at java.base/java.net.InetAddress$CachedAddresses.get(Unknown Source)
	at java.base/java.net.InetAddress.getAllByName0(Unknown Source)
	at java.base/java.net.InetAddress.getAllByName(Unknown Source)
	at java.base/java.net.InetAddress.getAllByName(Unknown Source)
	at java.base/java.net.InetAddress.getByName(Unknown Source)
	at org.apache.zookeeper.server.quorum.QuorumPeer$QuorumServer.recreateSocketAddresses(QuorumPeer.java:197)
	at org.apache.zookeeper.server.quorum.QuorumPeer.recreateSocketAddresses(QuorumPeer.java:746)
	at org.apache.zookeeper.server.quorum.QuorumCnxManager.connectOne(QuorumCnxManager.java:715)
	at org.apache.zookeeper.server.quorum.QuorumCnxManager.connectAll(QuorumCnxManager.java:751)
	at org.apache.zookeeper.server.quorum.FastLeaderElection.lookForLeader(FastLeaderElection.java:928)
	at org.apache.zookeeper.server.quorum.QuorumPeer.run(QuorumPeer.java:1229)
[2020-10-26 21:49:07,018] WARN Failed to resolve address: zoo-0.zoo.kafka.svc.cluster.local (org.apache.zookeeper.server.quorum.QuorumPeer)
java.net.UnknownHostException: zoo-0.zoo.kafka.svc.cluster.local
	at java.base/java.net.InetAddress$CachedAddresses.get(Unknown Source)
	at java.base/java.net.InetAddress.getAllByName0(Unknown Source)
	at java.base/java.net.InetAddress.getAllByName(Unknown Source)
	at java.base/java.net.InetAddress.getAllByName(Unknown Source)
	at java.base/java.net.InetAddress.getByName(Unknown Source)
	at org.apache.zookeeper.server.quorum.QuorumPeer$QuorumServer.recreateSocketAddresses(QuorumPeer.java:197)
	at org.apache.zookeeper.server.quorum.QuorumPeer.recreateSocketAddresses(QuorumPeer.java:756)
	at org.apache.zookeeper.server.quorum.QuorumCnxManager.connectOne(QuorumCnxManager.java:715)
	at org.apache.zookeeper.server.quorum.QuorumCnxManager.connectAll(QuorumCnxManager.java:751)
	at org.apache.zookeeper.server.quorum.FastLeaderElection.lookForLeader(FastLeaderElection.java:928)
	at org.apache.zookeeper.server.quorum.QuorumPeer.run(QuorumPeer.java:1229)
[2020-10-26 21:49:07,019] WARN Failed to resolve address: zoo-1.zoo.kafka.svc.cluster.local (org.apache.zookeeper.server.quorum.QuorumPeer)
java.net.UnknownHostException: zoo-1.zoo.kafka.svc.cluster.local
	at java.base/java.net.InetAddress$CachedAddresses.get(Unknown Source)
	at java.base/java.net.InetAddress.getAllByName0(Unknown Source)
	at java.base/java.net.InetAddress.getAllByName(Unknown Source)
	at java.base/java.net.InetAddress.getAllByName(Unknown Source)
	at java.base/java.net.InetAddress.getByName(Unknown Source)
	at org.apache.zookeeper.server.quorum.QuorumPeer$QuorumServer.recreateSocketAddresses(QuorumPeer.java:197)
	at org.apache.zookeeper.server.quorum.QuorumPeer.recreateSocketAddresses(QuorumPeer.java:746)
	at org.apache.zookeeper.server.quorum.QuorumCnxManager.connectOne(QuorumCnxManager.java:715)
	at org.apache.zookeeper.server.quorum.QuorumCnxManager.connectAll(QuorumCnxManager.java:751)
	at org.apache.zookeeper.server.quorum.FastLeaderElection.lookForLeader(FastLeaderElection.java:928)
	at org.apache.zookeeper.server.quorum.QuorumPeer.run(QuorumPeer.java:1229)
[2020-10-26 21:49:07,019] WARN Failed to resolve address: zoo-1.zoo.kafka.svc.cluster.local (org.apache.zookeeper.server.quorum.QuorumPeer)
java.net.UnknownHostException: zoo-1.zoo.kafka.svc.cluster.local
	at java.base/java.net.InetAddress$CachedAddresses.get(Unknown Source)
	at java.base/java.net.InetAddress.getAllByName0(Unknown Source)
	at java.base/java.net.InetAddress.getAllByName(Unknown Source)
	at java.base/java.net.InetAddress.getAllByName(Unknown Source)
	at java.base/java.net.InetAddress.getByName(Unknown Source)
	at org.apache.zookeeper.server.quorum.QuorumPeer$QuorumServer.recreateSocketAddresses(QuorumPeer.java:197)
	at org.apache.zookeeper.server.quorum.QuorumPeer.recreateSocketAddresses(QuorumPeer.java:756)
	at org.apache.zookeeper.server.quorum.QuorumCnxManager.connectOne(QuorumCnxManager.java:715)
	at org.apache.zookeeper.server.quorum.QuorumCnxManager.connectAll(QuorumCnxManager.java:751)
	at org.apache.zookeeper.server.quorum.FastLeaderElection.lookForLeader(FastLeaderElection.java:928)
	at org.apache.zookeeper.server.quorum.QuorumPeer.run(QuorumPeer.java:1229)
[2020-10-26 21:49:07,020] INFO Notification time out: 800 (org.apache.zookeeper.server.quorum.FastLeaderElection)
[2020-10-26 21:49:07,020] WARN Cannot open channel to 2 at election address zoo-1.zoo.kafka.svc.cluster.local:3888 (org.apache.zookeeper.server.quorum.QuorumCnxManager)
java.net.UnknownHostException: zoo-1.zoo.kafka.svc.cluster.local
	at java.base/java.net.AbstractPlainSocketImpl.connect(Unknown Source)
	at java.base/java.net.SocksSocketImpl.connect(Unknown Source)
	at java.base/java.net.Socket.connect(Unknown Source)
	at org.apache.zookeeper.server.quorum.QuorumCnxManager.initiateConnection(QuorumCnxManager.java:373)
	at org.apache.zookeeper.server.quorum.QuorumCnxManager$QuorumConnectionReqThread.run(QuorumCnxManager.java:436)
	at java.base/java.util.concurrent.ThreadPoolExecutor.runWorker(Unknown Source)
	at java.base/java.util.concurrent.ThreadPoolExecutor$Worker.run(Unknown Source)
	at java.base/java.lang.Thread.run(Unknown Source)
[2020-10-26 21:49:07,019] WARN Cannot open channel to 1 at election address zoo-0.zoo.kafka.svc.cluster.local:3888 (org.apache.zookeeper.server.quorum.QuorumCnxManager)
java.net.UnknownHostException: zoo-0.zoo.kafka.svc.cluster.local
	at java.base/java.net.AbstractPlainSocketImpl.connect(Unknown Source)
	at java.base/java.net.SocksSocketImpl.connect(Unknown Source)
	at java.base/java.net.Socket.connect(Unknown Source)
	at org.apache.zookeeper.server.quorum.QuorumCnxManager.initiateConnection(QuorumCnxManager.java:373)
	at org.apache.zookeeper.server.quorum.QuorumCnxManager$QuorumConnectionReqThread.run(QuorumCnxManager.java:436)
	at java.base/java.util.concurrent.ThreadPoolExecutor.runWorker(Unknown Source)
	at java.base/java.util.concurrent.ThreadPoolExecutor$Worker.run(Unknown Source)
	at java.base/java.lang.Thread.run(Unknown Source)
[2020-10-26 21:49:07,820] WARN Failed to resolve address: zoo-0.zoo.kafka.svc.cluster.local (org.apache.zookeeper.server.quorum.QuorumPeer)
java.net.UnknownHostException: zoo-0.zoo.kafka.svc.cluster.local
	at java.base/java.net.InetAddress$CachedAddresses.get(Unknown Source)
	at java.base/java.net.InetAddress.getAllByName0(Unknown Source)
	at java.base/java.net.InetAddress.getAllByName(Unknown Source)
	at java.base/java.net.InetAddress.getAllByName(Unknown Source)
	at java.base/java.net.InetAddress.getByName(Unknown Source)
	at org.apache.zookeeper.server.quorum.QuorumPeer$QuorumServer.recreateSocketAddresses(QuorumPeer.java:197)
	at org.apache.zookeeper.server.quorum.QuorumPeer.recreateSocketAddresses(QuorumPeer.java:746)
	at org.apache.zookeeper.server.quorum.QuorumCnxManager.connectOne(QuorumCnxManager.java:715)
	at org.apache.zookeeper.server.quorum.QuorumCnxManager.connectAll(QuorumCnxManager.java:751)
	at org.apache.zookeeper.server.quorum.FastLeaderElection.lookForLeader(FastLeaderElection.java:928)
	at org.apache.zookeeper.server.quorum.QuorumPeer.run(QuorumPeer.java:1229)
[2020-10-26 21:49:07,821] WARN Failed to resolve address: zoo-0.zoo.kafka.svc.cluster.local (org.apache.zookeeper.server.quorum.QuorumPeer)
java.net.UnknownHostException: zoo-0.zoo.kafka.svc.cluster.local
	at java.base/java.net.InetAddress$CachedAddresses.get(Unknown Source)
	at java.base/java.net.InetAddress.getAllByName0(Unknown Source)
	at java.base/java.net.InetAddress.getAllByName(Unknown Source)
	at java.base/java.net.InetAddress.getAllByName(Unknown Source)
	at java.base/java.net.InetAddress.getByName(Unknown Source)
	at org.apache.zookeeper.server.quorum.QuorumPeer$QuorumServer.recreateSocketAddresses(QuorumPeer.java:197)
	at org.apache.zookeeper.server.quorum.QuorumPeer.recreateSocketAddresses(QuorumPeer.java:756)
	at org.apache.zookeeper.server.quorum.QuorumCnxManager.connectOne(QuorumCnxManager.java:715)
	at org.apache.zookeeper.server.quorum.QuorumCnxManager.connectAll(QuorumCnxManager.java:751)
	at org.apache.zookeeper.server.quorum.FastLeaderElection.lookForLeader(FastLeaderElection.java:928)
	at org.apache.zookeeper.server.quorum.QuorumPeer.run(QuorumPeer.java:1229)
[2020-10-26 21:49:07,821] WARN Failed to resolve address: zoo-1.zoo.kafka.svc.cluster.local (org.apache.zookeeper.server.quorum.QuorumPeer)
java.net.UnknownHostException: zoo-1.zoo.kafka.svc.cluster.local
	at java.base/java.net.InetAddress$CachedAddresses.get(Unknown Source)
	at java.base/java.net.InetAddress.getAllByName0(Unknown Source)
	at java.base/java.net.InetAddress.getAllByName(Unknown Source)
	at java.base/java.net.InetAddress.getAllByName(Unknown Source)
	at java.base/java.net.InetAddress.getByName(Unknown Source)
	at org.apache.zookeeper.server.quorum.QuorumPeer$QuorumServer.recreateSocketAddresses(QuorumPeer.java:197)
	at org.apache.zookeeper.server.quorum.QuorumPeer.recreateSocketAddresses(QuorumPeer.java:746)
	at org.apache.zookeeper.server.quorum.QuorumCnxManager.connectOne(QuorumCnxManager.java:715)
	at org.apache.zookeeper.server.quorum.QuorumCnxManager.connectAll(QuorumCnxManager.java:751)
	at org.apache.zookeeper.server.quorum.FastLeaderElection.lookForLeader(FastLeaderElection.java:928)
	at org.apache.zookeeper.server.quorum.QuorumPeer.run(QuorumPeer.java:1229)
[2020-10-26 21:49:07,822] WARN Failed to resolve address: zoo-1.zoo.kafka.svc.cluster.local (org.apache.zookeeper.server.quorum.QuorumPeer)
java.net.UnknownHostException: zoo-1.zoo.kafka.svc.cluster.local
	at java.base/java.net.InetAddress$CachedAddresses.get(Unknown Source)
	at java.base/java.net.InetAddress.getAllByName0(Unknown Source)
	at java.base/java.net.InetAddress.getAllByName(Unknown Source)
	at java.base/java.net.InetAddress.getAllByName(Unknown Source)
	at java.base/java.net.InetAddress.getByName(Unknown Source)
	at org.apache.zookeeper.server.quorum.QuorumPeer$QuorumServer.recreateSocketAddresses(QuorumPeer.java:197)
	at org.apache.zookeeper.server.quorum.QuorumPeer.recreateSocketAddresses(QuorumPeer.java:756)
	at org.apache.zookeeper.server.quorum.QuorumCnxManager.connectOne(QuorumCnxManager.java:715)
	at org.apache.zookeeper.server.quorum.QuorumCnxManager.connectAll(QuorumCnxManager.java:751)
	at org.apache.zookeeper.server.quorum.FastLeaderElection.lookForLeader(FastLeaderElection.java:928)
	at org.apache.zookeeper.server.quorum.QuorumPeer.run(QuorumPeer.java:1229)
[2020-10-26 21:49:07,822] INFO Notification time out: 1600 (org.apache.zookeeper.server.quorum.FastLeaderElection)
[2020-10-26 21:49:07,823] WARN Cannot open channel to 2 at election address zoo-1.zoo.kafka.svc.cluster.local:3888 (org.apache.zookeeper.server.quorum.QuorumCnxManager)
java.net.UnknownHostException: zoo-1.zoo.kafka.svc.cluster.local
	at java.base/java.net.AbstractPlainSocketImpl.connect(Unknown Source)
	at java.base/java.net.SocksSocketImpl.connect(Unknown Source)
	at java.base/java.net.Socket.connect(Unknown Source)
	at org.apache.zookeeper.server.quorum.QuorumCnxManager.initiateConnection(QuorumCnxManager.java:373)
	at org.apache.zookeeper.server.quorum.QuorumCnxManager$QuorumConnectionReqThread.run(QuorumCnxManager.java:436)
	at java.base/java.util.concurrent.ThreadPoolExecutor.runWorker(Unknown Source)
	at java.base/java.util.concurrent.ThreadPoolExecutor$Worker.run(Unknown Source)
	at java.base/java.lang.Thread.run(Unknown Source)
[2020-10-26 21:49:07,822] WARN Cannot open channel to 1 at election address zoo-0.zoo.kafka.svc.cluster.local:3888 (org.apache.zookeeper.server.quorum.QuorumCnxManager)
java.net.UnknownHostException: zoo-0.zoo.kafka.svc.cluster.local
	at java.base/java.net.AbstractPlainSocketImpl.connect(Unknown Source)
	at java.base/java.net.SocksSocketImpl.connect(Unknown Source)
	at java.base/java.net.Socket.connect(Unknown Source)
	at org.apache.zookeeper.server.quorum.QuorumCnxManager.initiateConnection(QuorumCnxManager.java:373)
	at org.apache.zookeeper.server.quorum.QuorumCnxManager$QuorumConnectionReqThread.run(QuorumCnxManager.java:436)
	at java.base/java.util.concurrent.ThreadPoolExecutor.runWorker(Unknown Source)
	at java.base/java.util.concurrent.ThreadPoolExecutor$Worker.run(Unknown Source)
	at java.base/java.lang.Thread.run(Unknown Source)
[2020-10-26 21:49:09,423] WARN Failed to resolve address: zoo-0.zoo.kafka.svc.cluster.local (org.apache.zookeeper.server.quorum.QuorumPeer)
java.net.UnknownHostException: zoo-0.zoo.kafka.svc.cluster.local
	at java.base/java.net.InetAddress$CachedAddresses.get(Unknown Source)
	at java.base/java.net.InetAddress.getAllByName0(Unknown Source)
	at java.base/java.net.InetAddress.getAllByName(Unknown Source)
	at java.base/java.net.InetAddress.getAllByName(Unknown Source)
	at java.base/java.net.InetAddress.getByName(Unknown Source)
	at org.apache.zookeeper.server.quorum.QuorumPeer$QuorumServer.recreateSocketAddresses(QuorumPeer.java:197)
	at org.apache.zookeeper.server.quorum.QuorumPeer.recreateSocketAddresses(QuorumPeer.java:746)
	at org.apache.zookeeper.server.quorum.QuorumCnxManager.connectOne(QuorumCnxManager.java:715)
	at org.apache.zookeeper.server.quorum.QuorumCnxManager.connectAll(QuorumCnxManager.java:751)
	at org.apache.zookeeper.server.quorum.FastLeaderElection.lookForLeader(FastLeaderElection.java:928)
	at org.apache.zookeeper.server.quorum.QuorumPeer.run(QuorumPeer.java:1229)
[2020-10-26 21:49:09,423] WARN Failed to resolve address: zoo-0.zoo.kafka.svc.cluster.local (org.apache.zookeeper.server.quorum.QuorumPeer)
java.net.UnknownHostException: zoo-0.zoo.kafka.svc.cluster.local
	at java.base/java.net.InetAddress$CachedAddresses.get(Unknown Source)
	at java.base/java.net.InetAddress.getAllByName0(Unknown Source)
	at java.base/java.net.InetAddress.getAllByName(Unknown Source)
	at java.base/java.net.InetAddress.getAllByName(Unknown Source)
	at java.base/java.net.InetAddress.getByName(Unknown Source)
	at org.apache.zookeeper.server.quorum.QuorumPeer$QuorumServer.recreateSocketAddresses(QuorumPeer.java:197)
	at org.apache.zookeeper.server.quorum.QuorumPeer.recreateSocketAddresses(QuorumPeer.java:756)
	at org.apache.zookeeper.server.quorum.QuorumCnxManager.connectOne(QuorumCnxManager.java:715)
	at org.apache.zookeeper.server.quorum.QuorumCnxManager.connectAll(QuorumCnxManager.java:751)
	at org.apache.zookeeper.server.quorum.FastLeaderElection.lookForLeader(FastLeaderElection.java:928)
	at org.apache.zookeeper.server.quorum.QuorumPeer.run(QuorumPeer.java:1229)
[2020-10-26 21:49:09,423] WARN Failed to resolve address: zoo-1.zoo.kafka.svc.cluster.local (org.apache.zookeeper.server.quorum.QuorumPeer)
java.net.UnknownHostException: zoo-1.zoo.kafka.svc.cluster.local
	at java.base/java.net.InetAddress$CachedAddresses.get(Unknown Source)
	at java.base/java.net.InetAddress.getAllByName0(Unknown Source)
	at java.base/java.net.InetAddress.getAllByName(Unknown Source)
	at java.base/java.net.InetAddress.getAllByName(Unknown Source)
	at java.base/java.net.InetAddress.getByName(Unknown Source)
	at org.apache.zookeeper.server.quorum.QuorumPeer$QuorumServer.recreateSocketAddresses(QuorumPeer.java:197)
	at org.apache.zookeeper.server.quorum.QuorumPeer.recreateSocketAddresses(QuorumPeer.java:746)
	at org.apache.zookeeper.server.quorum.QuorumCnxManager.connectOne(QuorumCnxManager.java:715)
	at org.apache.zookeeper.server.quorum.QuorumCnxManager.connectAll(QuorumCnxManager.java:751)
	at org.apache.zookeeper.server.quorum.FastLeaderElection.lookForLeader(FastLeaderElection.java:928)
	at org.apache.zookeeper.server.quorum.QuorumPeer.run(QuorumPeer.java:1229)
[2020-10-26 21:49:09,424] WARN Cannot open channel to 1 at election address zoo-0.zoo.kafka.svc.cluster.local:3888 (org.apache.zookeeper.server.quorum.QuorumCnxManager)
java.net.UnknownHostException: zoo-0.zoo.kafka.svc.cluster.local
	at java.base/java.net.AbstractPlainSocketImpl.connect(Unknown Source)
	at java.base/java.net.SocksSocketImpl.connect(Unknown Source)
	at java.base/java.net.Socket.connect(Unknown Source)
	at org.apache.zookeeper.server.quorum.QuorumCnxManager.initiateConnection(QuorumCnxManager.java:373)
	at org.apache.zookeeper.server.quorum.QuorumCnxManager$QuorumConnectionReqThread.run(QuorumCnxManager.java:436)
	at java.base/java.util.concurrent.ThreadPoolExecutor.runWorker(Unknown Source)
	at java.base/java.util.concurrent.ThreadPoolExecutor$Worker.run(Unknown Source)
	at java.base/java.lang.Thread.run(Unknown Source)
[2020-10-26 21:49:09,424] WARN Failed to resolve address: zoo-1.zoo.kafka.svc.cluster.local (org.apache.zookeeper.server.quorum.QuorumPeer)
java.net.UnknownHostException: zoo-1.zoo.kafka.svc.cluster.local
	at java.base/java.net.InetAddress$CachedAddresses.get(Unknown Source)
	at java.base/java.net.InetAddress.getAllByName0(Unknown Source)
	at java.base/java.net.InetAddress.getAllByName(Unknown Source)
	at java.base/java.net.InetAddress.getAllByName(Unknown Source)
	at java.base/java.net.InetAddress.getByName(Unknown Source)
	at org.apache.zookeeper.server.quorum.QuorumPeer$QuorumServer.recreateSocketAddresses(QuorumPeer.java:197)
	at org.apache.zookeeper.server.quorum.QuorumPeer.recreateSocketAddresses(QuorumPeer.java:756)
	at org.apache.zookeeper.server.quorum.QuorumCnxManager.connectOne(QuorumCnxManager.java:715)
	at org.apache.zookeeper.server.quorum.QuorumCnxManager.connectAll(QuorumCnxManager.java:751)
	at org.apache.zookeeper.server.quorum.FastLeaderElection.lookForLeader(FastLeaderElection.java:928)
	at org.apache.zookeeper.server.quorum.QuorumPeer.run(QuorumPeer.java:1229)
[2020-10-26 21:49:09,424] INFO Notification time out: 3200 (org.apache.zookeeper.server.quorum.FastLeaderElection)
[2020-10-26 21:49:09,424] WARN Cannot open channel to 2 at election address zoo-1.zoo.kafka.svc.cluster.local:3888 (org.apache.zookeeper.server.quorum.QuorumCnxManager)
java.net.UnknownHostException: zoo-1.zoo.kafka.svc.cluster.local
	at java.base/java.net.AbstractPlainSocketImpl.connect(Unknown Source)
	at java.base/java.net.SocksSocketImpl.connect(Unknown Source)
	at java.base/java.net.Socket.connect(Unknown Source)
	at org.apache.zookeeper.server.quorum.QuorumCnxManager.initiateConnection(QuorumCnxManager.java:373)
	at org.apache.zookeeper.server.quorum.QuorumCnxManager$QuorumConnectionReqThread.run(QuorumCnxManager.java:436)
	at java.base/java.util.concurrent.ThreadPoolExecutor.runWorker(Unknown Source)
	at java.base/java.util.concurrent.ThreadPoolExecutor$Worker.run(Unknown Source)
	at java.base/java.lang.Thread.run(Unknown Source)
[2020-10-26 21:49:12,624] WARN Failed to resolve address: zoo-0.zoo.kafka.svc.cluster.local (org.apache.zookeeper.server.quorum.QuorumPeer)
java.net.UnknownHostException: zoo-0.zoo.kafka.svc.cluster.local
	at java.base/java.net.InetAddress$CachedAddresses.get(Unknown Source)
	at java.base/java.net.InetAddress.getAllByName0(Unknown Source)
	at java.base/java.net.InetAddress.getAllByName(Unknown Source)
	at java.base/java.net.InetAddress.getAllByName(Unknown Source)
	at java.base/java.net.InetAddress.getByName(Unknown Source)
	at org.apache.zookeeper.server.quorum.QuorumPeer$QuorumServer.recreateSocketAddresses(QuorumPeer.java:197)
	at org.apache.zookeeper.server.quorum.QuorumPeer.recreateSocketAddresses(QuorumPeer.java:746)
	at org.apache.zookeeper.server.quorum.QuorumCnxManager.connectOne(QuorumCnxManager.java:715)
	at org.apache.zookeeper.server.quorum.QuorumCnxManager.connectAll(QuorumCnxManager.java:751)
	at org.apache.zookeeper.server.quorum.FastLeaderElection.lookForLeader(FastLeaderElection.java:928)
	at org.apache.zookeeper.server.quorum.QuorumPeer.run(QuorumPeer.java:1229)
[2020-10-26 21:49:12,625] WARN Failed to resolve address: zoo-0.zoo.kafka.svc.cluster.local (org.apache.zookeeper.server.quorum.QuorumPeer)
java.net.UnknownHostException: zoo-0.zoo.kafka.svc.cluster.local
	at java.base/java.net.InetAddress$CachedAddresses.get(Unknown Source)
	at java.base/java.net.InetAddress.getAllByName0(Unknown Source)
	at java.base/java.net.InetAddress.getAllByName(Unknown Source)
	at java.base/java.net.InetAddress.getAllByName(Unknown Source)
	at java.base/java.net.InetAddress.getByName(Unknown Source)
	at org.apache.zookeeper.server.quorum.QuorumPeer$QuorumServer.recreateSocketAddresses(QuorumPeer.java:197)
	at org.apache.zookeeper.server.quorum.QuorumPeer.recreateSocketAddresses(QuorumPeer.java:756)
	at org.apache.zookeeper.server.quorum.QuorumCnxManager.connectOne(QuorumCnxManager.java:715)
	at org.apache.zookeeper.server.quorum.QuorumCnxManager.connectAll(QuorumCnxManager.java:751)
	at org.apache.zookeeper.server.quorum.FastLeaderElection.lookForLeader(FastLeaderElection.java:928)
	at org.apache.zookeeper.server.quorum.QuorumPeer.run(QuorumPeer.java:1229)
[2020-10-26 21:49:12,625] WARN Failed to resolve address: zoo-1.zoo.kafka.svc.cluster.local (org.apache.zookeeper.server.quorum.QuorumPeer)
java.net.UnknownHostException: zoo-1.zoo.kafka.svc.cluster.local
	at java.base/java.net.InetAddress$CachedAddresses.get(Unknown Source)
	at java.base/java.net.InetAddress.getAllByName0(Unknown Source)
	at java.base/java.net.InetAddress.getAllByName(Unknown Source)
	at java.base/java.net.InetAddress.getAllByName(Unknown Source)
	at java.base/java.net.InetAddress.getByName(Unknown Source)
	at org.apache.zookeeper.server.quorum.QuorumPeer$QuorumServer.recreateSocketAddresses(QuorumPeer.java:197)
	at org.apache.zookeeper.server.quorum.QuorumPeer.recreateSocketAddresses(QuorumPeer.java:746)
	at org.apache.zookeeper.server.quorum.QuorumCnxManager.connectOne(QuorumCnxManager.java:715)
	at org.apache.zookeeper.server.quorum.QuorumCnxManager.connectAll(QuorumCnxManager.java:751)
	at org.apache.zookeeper.server.quorum.FastLeaderElection.lookForLeader(FastLeaderElection.java:928)
	at org.apache.zookeeper.server.quorum.QuorumPeer.run(QuorumPeer.java:1229)
[2020-10-26 21:49:12,625] WARN Failed to resolve address: zoo-1.zoo.kafka.svc.cluster.local (org.apache.zookeeper.server.quorum.QuorumPeer)
java.net.UnknownHostException: zoo-1.zoo.kafka.svc.cluster.local
	at java.base/java.net.InetAddress$CachedAddresses.get(Unknown Source)
	at java.base/java.net.InetAddress.getAllByName0(Unknown Source)
	at java.base/java.net.InetAddress.getAllByName(Unknown Source)
	at java.base/java.net.InetAddress.getAllByName(Unknown Source)
	at java.base/java.net.InetAddress.getByName(Unknown Source)
	at org.apache.zookeeper.server.quorum.QuorumPeer$QuorumServer.recreateSocketAddresses(QuorumPeer.java:197)
	at org.apache.zookeeper.server.quorum.QuorumPeer.recreateSocketAddresses(QuorumPeer.java:756)
	at org.apache.zookeeper.server.quorum.QuorumCnxManager.connectOne(QuorumCnxManager.java:715)
	at org.apache.zookeeper.server.quorum.QuorumCnxManager.connectAll(QuorumCnxManager.java:751)
	at org.apache.zookeeper.server.quorum.FastLeaderElection.lookForLeader(FastLeaderElection.java:928)
	at org.apache.zookeeper.server.quorum.QuorumPeer.run(QuorumPeer.java:1229)
[2020-10-26 21:49:12,626] WARN Cannot open channel to 2 at election address zoo-1.zoo.kafka.svc.cluster.local:3888 (org.apache.zookeeper.server.quorum.QuorumCnxManager)
java.net.UnknownHostException: zoo-1.zoo.kafka.svc.cluster.local
	at java.base/java.net.AbstractPlainSocketImpl.connect(Unknown Source)
	at java.base/java.net.SocksSocketImpl.connect(Unknown Source)
	at java.base/java.net.Socket.connect(Unknown Source)
	at org.apache.zookeeper.server.quorum.QuorumCnxManager.initiateConnection(QuorumCnxManager.java:373)
	at org.apache.zookeeper.server.quorum.QuorumCnxManager$QuorumConnectionReqThread.run(QuorumCnxManager.java:436)
	at java.base/java.util.concurrent.ThreadPoolExecutor.runWorker(Unknown Source)
	at java.base/java.util.concurrent.ThreadPoolExecutor$Worker.run(Unknown Source)
	at java.base/java.lang.Thread.run(Unknown Source)
[2020-10-26 21:49:12,626] INFO Notification time out: 6400 (org.apache.zookeeper.server.quorum.FastLeaderElection)
[2020-10-26 21:49:12,626] WARN Cannot open channel to 1 at election address zoo-0.zoo.kafka.svc.cluster.local:3888 (org.apache.zookeeper.server.quorum.QuorumCnxManager)
java.net.UnknownHostException: zoo-0.zoo.kafka.svc.cluster.local
	at java.base/java.net.AbstractPlainSocketImpl.connect(Unknown Source)
	at java.base/java.net.SocksSocketImpl.connect(Unknown Source)
	at java.base/java.net.Socket.connect(Unknown Source)
	at org.apache.zookeeper.server.quorum.QuorumCnxManager.initiateConnection(QuorumCnxManager.java:373)
	at org.apache.zookeeper.server.quorum.QuorumCnxManager$QuorumConnectionReqThread.run(QuorumCnxManager.java:436)
	at java.base/java.util.concurrent.ThreadPoolExecutor.runWorker(Unknown Source)
	at java.base/java.util.concurrent.ThreadPoolExecutor$Worker.run(Unknown Source)
	at java.base/java.lang.Thread.run(Unknown Source)
[2020-10-26 21:49:14,773] INFO The list of known four letter word commands is : [{1936881266=srvr, 1937006964=stat, 2003003491=wchc, 1685417328=dump, 1668445044=crst, 1936880500=srst, 1701738089=envi, 1668247142=conf, -720899=telnet close, 2003003507=wchs, 2003003504=wchp, 1684632179=dirs, 1668247155=cons, 1835955314=mntr, 1769173615=isro, 1920298859=ruok, 1735683435=gtmk, 1937010027=stmk}] (org.apache.zookeeper.server.command.FourLetterCommands)
[2020-10-26 21:49:14,773] INFO The list of enabled four letter word commands is : [[ruok, srvr]] (org.apache.zookeeper.server.command.FourLetterCommands)
[2020-10-26 21:49:17,081] WARN Exception causing close of session 0x0: ZooKeeperServer not running (org.apache.zookeeper.server.NIOServerCnxn)
[2020-10-26 21:49:17,505] INFO Received connection request from /10.233.122.3:39888 (org.apache.zookeeper.server.quorum.QuorumCnxManager)
[2020-10-26 21:49:17,539] INFO Notification: 2 (message format version), 2 (n.leader), 0x0 (n.zxid), 0x1 (n.round), LOOKING (n.state), 1 (n.sid), 0x0 (n.peerEPoch), LOOKING (my state)0 (n.config version) (org.apache.zookeeper.server.quorum.FastLeaderElection)
[2020-10-26 21:49:17,539] INFO Notification: 2 (message format version), 2 (n.leader), 0x0 (n.zxid), 0x1 (n.round), FOLLOWING (n.state), 1 (n.sid), 0x1 (n.peerEPoch), LOOKING (my state)0 (n.config version) (org.apache.zookeeper.server.quorum.FastLeaderElection)
[2020-10-26 21:49:17,661] WARN Exception causing close of session 0x0: ZooKeeperServer not running (org.apache.zookeeper.server.NIOServerCnxn)
[2020-10-26 21:49:21,098] WARN Exception causing close of session 0x0: ZooKeeperServer not running (org.apache.zookeeper.server.NIOServerCnxn)
[2020-10-26 21:49:23,940] INFO Notification time out: 12800 (org.apache.zookeeper.server.quorum.FastLeaderElection)
[2020-10-26 21:49:23,941] INFO Notification: 2 (message format version), 3 (n.leader), 0x0 (n.zxid), 0x1 (n.round), LOOKING (n.state), 3 (n.sid), 0x0 (n.peerEPoch), LOOKING (my state)0 (n.config version) (org.apache.zookeeper.server.quorum.FastLeaderElection)
[2020-10-26 21:49:23,946] INFO Notification: 2 (message format version), 2 (n.leader), 0x0 (n.zxid), 0x1 (n.round), FOLLOWING (n.state), 1 (n.sid), 0x1 (n.peerEPoch), LOOKING (my state)0 (n.config version) (org.apache.zookeeper.server.quorum.FastLeaderElection)
[2020-10-26 21:49:23,952] INFO Notification: 2 (message format version), 2 (n.leader), 0x0 (n.zxid), 0x1 (n.round), LOOKING (n.state), 2 (n.sid), 0x0 (n.peerEPoch), LOOKING (my state)0 (n.config version) (org.apache.zookeeper.server.quorum.FastLeaderElection)
[2020-10-26 21:49:23,956] INFO Notification: 2 (message format version), 2 (n.leader), 0x0 (n.zxid), 0x1 (n.round), LEADING (n.state), 2 (n.sid), 0x1 (n.peerEPoch), LOOKING (my state)0 (n.config version) (org.apache.zookeeper.server.quorum.FastLeaderElection)
[2020-10-26 21:49:23,956] INFO FOLLOWING (org.apache.zookeeper.server.quorum.QuorumPeer)
[2020-10-26 21:49:23,963] INFO TCP NoDelay set to: true (org.apache.zookeeper.server.quorum.Learner)
[2020-10-26 21:49:23,975] INFO Server environment:zookeeper.version=3.5.8-f439ca583e70862c3068a1f2a7d4d068eec33315, built on 05/04/2020 15:53 GMT (org.apache.zookeeper.server.ZooKeeperServer)
[2020-10-26 21:49:23,975] INFO Server environment:host.name=zoo-2.zoo.kafka.svc.cluster.local (org.apache.zookeeper.server.ZooKeeperServer)
[2020-10-26 21:49:23,975] INFO Server environment:java.version=11.0.7 (org.apache.zookeeper.server.ZooKeeperServer)
[2020-10-26 21:49:23,975] INFO Server environment:java.vendor=AdoptOpenJDK (org.apache.zookeeper.server.ZooKeeperServer)
[2020-10-26 21:49:23,975] INFO Server environment:java.home=/opt/java/openjdk (org.apache.zookeeper.server.ZooKeeperServer)
[2020-10-26 21:49:23,975] INFO Server environment:java.class.path=/opt/kafka/libs/extensions/*:/opt/kafka/libs/activation-1.1.1.jar:/opt/kafka/libs/aopalliance-repackaged-2.5.0.jar:/opt/kafka/libs/argparse4j-0.7.0.jar:/opt/kafka/libs/audience-annotations-0.5.0.jar:/opt/kafka/libs/commons-cli-1.4.jar:/opt/kafka/libs/commons-lang3-3.8.1.jar:/opt/kafka/libs/connect-api-2.5.0.jar:/opt/kafka/libs/connect-basic-auth-extension-2.5.0.jar:/opt/kafka/libs/connect-file-2.5.0.jar:/opt/kafka/libs/connect-json-2.5.0.jar:/opt/kafka/libs/connect-mirror-2.5.0.jar:/opt/kafka/libs/connect-mirror-client-2.5.0.jar:/opt/kafka/libs/connect-runtime-2.5.0.jar:/opt/kafka/libs/connect-transforms-2.5.0.jar:/opt/kafka/libs/hk2-api-2.5.0.jar:/opt/kafka/libs/hk2-locator-2.5.0.jar:/opt/kafka/libs/hk2-utils-2.5.0.jar:/opt/kafka/libs/jackson-annotations-2.10.2.jar:/opt/kafka/libs/jackson-core-2.10.2.jar:/opt/kafka/libs/jackson-databind-2.10.2.jar:/opt/kafka/libs/jackson-dataformat-csv-2.10.2.jar:/opt/kafka/libs/jackson-datatype-jdk8-2.10.2.jar:/opt/kafka/libs/jackson-jaxrs-base-2.10.2.jar:/opt/kafka/libs/jackson-jaxrs-json-provider-2.10.2.jar:/opt/kafka/libs/jackson-module-jaxb-annotations-2.10.2.jar:/opt/kafka/libs/jackson-module-paranamer-2.10.2.jar:/opt/kafka/libs/jackson-module-scala_2.12-2.10.2.jar:/opt/kafka/libs/jakarta.activation-api-1.2.1.jar:/opt/kafka/libs/jakarta.annotation-api-1.3.4.jar:/opt/kafka/libs/jakarta.inject-2.5.0.jar:/opt/kafka/libs/jakarta.ws.rs-api-2.1.5.jar:/opt/kafka/libs/jakarta.xml.bind-api-2.3.2.jar:/opt/kafka/libs/javassist-3.22.0-CR2.jar:/opt/kafka/libs/javassist-3.26.0-GA.jar:/opt/kafka/libs/javax.servlet-api-3.1.0.jar:/opt/kafka/libs/javax.ws.rs-api-2.1.1.jar:/opt/kafka/libs/jaxb-api-2.3.0.jar:/opt/kafka/libs/jersey-client-2.28.jar:/opt/kafka/libs/jersey-common-2.28.jar:/opt/kafka/libs/jersey-container-servlet-2.28.jar:/opt/kafka/libs/jersey-container-servlet-core-2.28.jar:/opt/kafka/libs/jersey-hk2-2.28.jar:/opt/kafka/libs/jersey-media-jaxb-2.28.jar:/opt/kafka/libs/jersey-server-2.28.jar:/opt/kafka/libs/jetty-client-9.4.24.v20191120.jar:/opt/kafka/libs/jetty-continuation-9.4.24.v20191120.jar:/opt/kafka/libs/jetty-http-9.4.24.v20191120.jar:/opt/kafka/libs/jetty-io-9.4.24.v20191120.jar:/opt/kafka/libs/jetty-security-9.4.24.v20191120.jar:/opt/kafka/libs/jetty-server-9.4.24.v20191120.jar:/opt/kafka/libs/jetty-servlet-9.4.24.v20191120.jar:/opt/kafka/libs/jetty-servlets-9.4.24.v20191120.jar:/opt/kafka/libs/jetty-util-9.4.24.v20191120.jar:/opt/kafka/libs/jopt-simple-5.0.4.jar:/opt/kafka/libs/kafka-clients-2.5.0.jar:/opt/kafka/libs/kafka-log4j-appender-2.5.0.jar:/opt/kafka/libs/kafka-streams-2.5.0.jar:/opt/kafka/libs/kafka-streams-examples-2.5.0.jar:/opt/kafka/libs/kafka-streams-scala_2.12-2.5.0.jar:/opt/kafka/libs/kafka-streams-test-utils-2.5.0.jar:/opt/kafka/libs/kafka-tools-2.5.0.jar:/opt/kafka/libs/kafka_2.12-2.5.0-javadoc.jar:/opt/kafka/libs/kafka_2.12-2.5.0-scaladoc.jar:/opt/kafka/libs/kafka_2.12-2.5.0-sources.jar:/opt/kafka/libs/kafka_2.12-2.5.0-test-sources.jar:/opt/kafka/libs/kafka_2.12-2.5.0-test.jar:/opt/kafka/libs/kafka_2.12-2.5.0.jar:/opt/kafka/libs/log4j-1.2.17.jar:/opt/kafka/libs/lz4-java-1.7.1.jar:/opt/kafka/libs/maven-artifact-3.6.3.jar:/opt/kafka/libs/metrics-core-2.2.0.jar:/opt/kafka/libs/netty-buffer-4.1.45.Final.jar:/opt/kafka/libs/netty-codec-4.1.45.Final.jar:/opt/kafka/libs/netty-common-4.1.45.Final.jar:/opt/kafka/libs/netty-handler-4.1.45.Final.jar:/opt/kafka/libs/netty-resolver-4.1.45.Final.jar:/opt/kafka/libs/netty-transport-4.1.45.Final.jar:/opt/kafka/libs/netty-transport-native-epoll-4.1.45.Final.jar:/opt/kafka/libs/netty-transport-native-unix-common-4.1.45.Final.jar:/opt/kafka/libs/osgi-resource-locator-1.0.1.jar:/opt/kafka/libs/paranamer-2.8.jar:/opt/kafka/libs/plexus-utils-3.2.1.jar:/opt/kafka/libs/reflections-0.9.12.jar:/opt/kafka/libs/rocksdbjni-5.18.3.jar:/opt/kafka/libs/scala-java8-compat_2.12-0.9.0.jar:/opt/kafka/libs/scala-collection-compat_2.12-2.1.3.jar:/opt/kafka/libs/scala-library-2.12.10.jar:/opt/kafka/libs/scala-logging_2.12-3.9.2.jar:/opt/kafka/libs/scala-reflect-2.12.10.jar:/opt/kafka/libs/slf4j-api-1.7.30.jar:/opt/kafka/libs/slf4j-log4j12-1.7.30.jar:/opt/kafka/libs/snappy-java-1.1.7.3.jar:/opt/kafka/libs/validation-api-2.0.1.Final.jar:/opt/kafka/libs/zookeeper-3.5.7.jar:/opt/kafka/libs/zookeeper-jute-3.5.7.jar:/opt/kafka/libs/zstd-jni-1.4.4-7.jar (org.apache.zookeeper.server.ZooKeeperServer)
[2020-10-26 21:49:23,975] INFO Server environment:java.library.path=/usr/java/packages/lib:/usr/lib64:/lib64:/lib:/usr/lib (org.apache.zookeeper.server.ZooKeeperServer)
[2020-10-26 21:49:23,975] INFO Server environment:java.io.tmpdir=/tmp (org.apache.zookeeper.server.ZooKeeperServer)
[2020-10-26 21:49:23,975] INFO Server environment:java.compiler=<NA> (org.apache.zookeeper.server.ZooKeeperServer)
[2020-10-26 21:49:23,975] INFO Server environment:os.name=Linux (org.apache.zookeeper.server.ZooKeeperServer)
[2020-10-26 21:49:23,975] INFO Server environment:os.arch=amd64 (org.apache.zookeeper.server.ZooKeeperServer)
[2020-10-26 21:49:23,975] INFO Server environment:os.version=4.14.193-149.317.amzn2.x86_64 (org.apache.zookeeper.server.ZooKeeperServer)
[2020-10-26 21:49:23,975] INFO Server environment:user.name=nonroot (org.apache.zookeeper.server.ZooKeeperServer)
[2020-10-26 21:49:23,975] INFO Server environment:user.home=/home/nonroot (org.apache.zookeeper.server.ZooKeeperServer)
[2020-10-26 21:49:23,975] INFO Server environment:user.dir=/opt/kafka (org.apache.zookeeper.server.ZooKeeperServer)
[2020-10-26 21:49:23,975] INFO Server environment:os.memory.free=497MB (org.apache.zookeeper.server.ZooKeeperServer)
[2020-10-26 21:49:23,975] INFO Server environment:os.memory.max=512MB (org.apache.zookeeper.server.ZooKeeperServer)
[2020-10-26 21:49:23,975] INFO Server environment:os.memory.total=512MB (org.apache.zookeeper.server.ZooKeeperServer)
[2020-10-26 21:49:23,977] INFO minSessionTimeout set to 260 (org.apache.zookeeper.server.ZooKeeperServer)
[2020-10-26 21:49:23,977] INFO maxSessionTimeout set to 3000 (org.apache.zookeeper.server.ZooKeeperServer)
[2020-10-26 21:49:23,977] INFO Created server with tickTime 130 minSessionTimeout 260 maxSessionTimeout 3000 datadir /var/lib/zookeeper/log/version-2 snapdir /var/lib/zookeeper/data/version-2 (org.apache.zookeeper.server.ZooKeeperServer)
[2020-10-26 21:49:23,977] INFO FOLLOWING - LEADER ELECTION TOOK - 21 MS (org.apache.zookeeper.server.quorum.Learner)
[2020-10-26 21:49:24,005] INFO Getting a snapshot from leader 0x10000004a (org.apache.zookeeper.server.quorum.Learner)
[2020-10-26 21:49:24,013] INFO Learner received NEWLEADER message (org.apache.zookeeper.server.quorum.Learner)
[2020-10-26 21:49:24,016] INFO Snapshotting: 0x10000004a to /var/lib/zookeeper/data/version-2/snapshot.10000004a (org.apache.zookeeper.server.persistence.FileTxnSnapLog)
[2020-10-26 21:49:24,024] INFO Learner received UPTODATE message (org.apache.zookeeper.server.quorum.Learner)
[2020-10-26 21:49:24,029] INFO Configuring CommitProcessor with 1 worker threads. (org.apache.zookeeper.server.quorum.CommitProcessor)
[2020-10-26 21:49:24,369] WARN Got zxid 0x10000004b expected 0x1 (org.apache.zookeeper.server.quorum.Learner)
[2020-10-26 21:49:24,369] INFO Creating new log file: log.10000004b (org.apache.zookeeper.server.persistence.FileTxnLog)
[2020-10-26 21:51:44,257] WARN Exception when following the leader (org.apache.zookeeper.server.quorum.Learner)
java.net.SocketTimeoutException: Read timed out
	at java.base/java.net.SocketInputStream.socketRead0(Native Method)
	at java.base/java.net.SocketInputStream.socketRead(Unknown Source)
	at java.base/java.net.SocketInputStream.read(Unknown Source)
	at java.base/java.net.SocketInputStream.read(Unknown Source)
	at java.base/java.io.BufferedInputStream.fill(Unknown Source)
	at java.base/java.io.BufferedInputStream.read(Unknown Source)
	at java.base/java.io.DataInputStream.readInt(Unknown Source)
	at org.apache.jute.BinaryInputArchive.readInt(BinaryInputArchive.java:84)
	at org.apache.zookeeper.server.quorum.QuorumPacket.deserialize(QuorumPacket.java:86)
	at org.apache.jute.BinaryInputArchive.readRecord(BinaryInputArchive.java:118)
	at org.apache.zookeeper.server.quorum.Learner.readPacket(Learner.java:158)
	at org.apache.zookeeper.server.quorum.Follower.followLeader(Follower.java:92)
	at org.apache.zookeeper.server.quorum.QuorumPeer.run(QuorumPeer.java:1253)
[2020-10-26 21:51:44,258] INFO shutdown called (org.apache.zookeeper.server.quorum.Learner)
java.lang.Exception: shutdown Follower
	at org.apache.zookeeper.server.quorum.Follower.shutdown(Follower.java:201)
	at org.apache.zookeeper.server.quorum.QuorumPeer.run(QuorumPeer.java:1257)
[2020-10-26 21:51:44,259] INFO Shutting down (org.apache.zookeeper.server.ZooKeeperServer)
[2020-10-26 21:51:44,259] INFO shutting down (org.apache.zookeeper.server.ZooKeeperServer)
[2020-10-26 21:51:44,259] INFO Shutting down (org.apache.zookeeper.server.quorum.FollowerRequestProcessor)
[2020-10-26 21:51:44,259] INFO Shutting down (org.apache.zookeeper.server.quorum.CommitProcessor)
[2020-10-26 21:51:44,259] INFO FollowerRequestProcessor exited loop! (org.apache.zookeeper.server.quorum.FollowerRequestProcessor)
[2020-10-26 21:51:44,259] INFO CommitProcessor exited loop! (org.apache.zookeeper.server.quorum.CommitProcessor)
[2020-10-26 21:51:44,259] INFO shutdown of request processor complete (org.apache.zookeeper.server.FinalRequestProcessor)
[2020-10-26 21:51:44,261] INFO Shutting down (org.apache.zookeeper.server.SyncRequestProcessor)
[2020-10-26 21:51:44,261] INFO SyncRequestProcessor exited! (org.apache.zookeeper.server.SyncRequestProcessor)
[2020-10-26 21:51:44,262] WARN PeerState set to LOOKING (org.apache.zookeeper.server.quorum.QuorumPeer)
[2020-10-26 21:51:44,262] INFO LOOKING (org.apache.zookeeper.server.quorum.QuorumPeer)
[2020-10-26 21:51:44,262] INFO New election. My id =  3, proposed zxid=0x10000007c (org.apache.zookeeper.server.quorum.FastLeaderElection)
[2020-10-26 21:51:44,277] INFO Notification: 2 (message format version), 3 (n.leader), 0x10000007c (n.zxid), 0x2 (n.round), LOOKING (n.state), 3 (n.sid), 0x1 (n.peerEPoch), LOOKING (my state)0 (n.config version) (org.apache.zookeeper.server.quorum.FastLeaderElection)
[2020-10-26 21:51:44,278] INFO Notification: 2 (message format version), 2 (n.leader), 0x0 (n.zxid), 0x1 (n.round), LEADING (n.state), 2 (n.sid), 0x1 (n.peerEPoch), LOOKING (my state)0 (n.config version) (org.apache.zookeeper.server.quorum.FastLeaderElection)
[2020-10-26 21:51:44,278] INFO Notification: 2 (message format version), 2 (n.leader), 0x0 (n.zxid), 0x1 (n.round), FOLLOWING (n.state), 1 (n.sid), 0x1 (n.peerEPoch), LOOKING (my state)0 (n.config version) (org.apache.zookeeper.server.quorum.FastLeaderElection)
[2020-10-26 21:51:44,279] INFO FOLLOWING (org.apache.zookeeper.server.quorum.QuorumPeer)
[2020-10-26 21:51:44,279] INFO minSessionTimeout set to 260 (org.apache.zookeeper.server.ZooKeeperServer)
[2020-10-26 21:51:44,280] INFO maxSessionTimeout set to 3000 (org.apache.zookeeper.server.ZooKeeperServer)
[2020-10-26 21:51:44,280] INFO Created server with tickTime 130 minSessionTimeout 260 maxSessionTimeout 3000 datadir /var/lib/zookeeper/log/version-2 snapdir /var/lib/zookeeper/data/version-2 (org.apache.zookeeper.server.ZooKeeperServer)
[2020-10-26 21:51:44,280] INFO FOLLOWING - LEADER ELECTION TOOK - 1 MS (org.apache.zookeeper.server.quorum.Learner)
[2020-10-26 21:51:44,299] INFO Getting a diff from the leader 0x10000007c (org.apache.zookeeper.server.quorum.Learner)
[2020-10-26 21:51:44,299] INFO Learner received NEWLEADER message (org.apache.zookeeper.server.quorum.Learner)
[2020-10-26 21:51:44,305] INFO Learner received UPTODATE message (org.apache.zookeeper.server.quorum.Learner)
[2020-10-26 21:51:44,306] INFO Configuring CommitProcessor with 1 worker threads. (org.apache.zookeeper.server.quorum.CommitProcessor)
[2020-10-26 21:51:47,700] WARN Got zxid 0x10000007d expected 0x1 (org.apache.zookeeper.server.quorum.Learner)
[2020-10-26 21:54:26,787] WARN Exception when following the leader (org.apache.zookeeper.server.quorum.Learner)
java.io.EOFException
	at java.base/java.io.DataInputStream.readInt(Unknown Source)
	at org.apache.jute.BinaryInputArchive.readInt(BinaryInputArchive.java:84)
	at org.apache.zookeeper.server.quorum.QuorumPacket.deserialize(QuorumPacket.java:86)
	at org.apache.jute.BinaryInputArchive.readRecord(BinaryInputArchive.java:118)
	at org.apache.zookeeper.server.quorum.Learner.readPacket(Learner.java:158)
	at org.apache.zookeeper.server.quorum.Follower.followLeader(Follower.java:92)
	at org.apache.zookeeper.server.quorum.QuorumPeer.run(QuorumPeer.java:1253)
[2020-10-26 21:54:26,796] INFO shutdown called (org.apache.zookeeper.server.quorum.Learner)
java.lang.Exception: shutdown Follower
	at org.apache.zookeeper.server.quorum.Follower.shutdown(Follower.java:201)
	at org.apache.zookeeper.server.quorum.QuorumPeer.run(QuorumPeer.java:1257)
[2020-10-26 21:54:26,797] INFO Shutting down (org.apache.zookeeper.server.ZooKeeperServer)
[2020-10-26 21:54:26,797] INFO shutting down (org.apache.zookeeper.server.ZooKeeperServer)
[2020-10-26 21:54:26,797] INFO Shutting down (org.apache.zookeeper.server.quorum.FollowerRequestProcessor)
[2020-10-26 21:54:26,797] INFO FollowerRequestProcessor exited loop! (org.apache.zookeeper.server.quorum.FollowerRequestProcessor)
[2020-10-26 21:54:26,797] INFO Shutting down (org.apache.zookeeper.server.quorum.CommitProcessor)
[2020-10-26 21:54:26,798] INFO CommitProcessor exited loop! (org.apache.zookeeper.server.quorum.CommitProcessor)
[2020-10-26 21:54:26,798] INFO shutdown of request processor complete (org.apache.zookeeper.server.FinalRequestProcessor)
[2020-10-26 21:54:26,806] INFO Shutting down (org.apache.zookeeper.server.SyncRequestProcessor)
[2020-10-26 21:54:26,807] INFO SyncRequestProcessor exited! (org.apache.zookeeper.server.SyncRequestProcessor)
[2020-10-26 21:54:26,809] WARN PeerState set to LOOKING (org.apache.zookeeper.server.quorum.QuorumPeer)
[2020-10-26 21:54:26,809] INFO LOOKING (org.apache.zookeeper.server.quorum.QuorumPeer)
[2020-10-26 21:54:26,810] INFO New election. My id =  3, proposed zxid=0x1000000fa (org.apache.zookeeper.server.quorum.FastLeaderElection)
[2020-10-26 21:54:27,038] INFO Notification: 2 (message format version), 3 (n.leader), 0x1000000fa (n.zxid), 0x2 (n.round), LOOKING (n.state), 3 (n.sid), 0x1 (n.peerEPoch), LOOKING (my state)0 (n.config version) (org.apache.zookeeper.server.quorum.FastLeaderElection)
[2020-10-26 21:54:27,039] INFO Notification: 2 (message format version), 2 (n.leader), 0x0 (n.zxid), 0x1 (n.round), LEADING (n.state), 2 (n.sid), 0x1 (n.peerEPoch), LOOKING (my state)0 (n.config version) (org.apache.zookeeper.server.quorum.FastLeaderElection)
[2020-10-26 21:54:27,039] INFO Notification: 2 (message format version), 2 (n.leader), 0x0 (n.zxid), 0x1 (n.round), FOLLOWING (n.state), 1 (n.sid), 0x1 (n.peerEPoch), LOOKING (my state)0 (n.config version) (org.apache.zookeeper.server.quorum.FastLeaderElection)
[2020-10-26 21:54:27,039] INFO FOLLOWING (org.apache.zookeeper.server.quorum.QuorumPeer)
[2020-10-26 21:54:27,039] INFO minSessionTimeout set to 260 (org.apache.zookeeper.server.ZooKeeperServer)
[2020-10-26 21:54:27,040] INFO maxSessionTimeout set to 3000 (org.apache.zookeeper.server.ZooKeeperServer)
[2020-10-26 21:54:27,040] INFO Created server with tickTime 130 minSessionTimeout 260 maxSessionTimeout 3000 datadir /var/lib/zookeeper/log/version-2 snapdir /var/lib/zookeeper/data/version-2 (org.apache.zookeeper.server.ZooKeeperServer)
[2020-10-26 21:54:27,040] INFO FOLLOWING - LEADER ELECTION TOOK - 1 MS (org.apache.zookeeper.server.quorum.Learner)
[2020-10-26 21:54:27,057] INFO Getting a diff from the leader 0x1000000fa (org.apache.zookeeper.server.quorum.Learner)
[2020-10-26 21:54:27,057] INFO Learner received NEWLEADER message (org.apache.zookeeper.server.quorum.Learner)
[2020-10-26 21:54:27,065] INFO Learner received UPTODATE message (org.apache.zookeeper.server.quorum.Learner)
[2020-10-26 21:54:27,066] INFO Configuring CommitProcessor with 1 worker threads. (org.apache.zookeeper.server.quorum.CommitProcessor)
[2020-10-26 22:00:34,743] WARN Exception when following the leader (org.apache.zookeeper.server.quorum.Learner)
java.io.EOFException
	at java.base/java.io.DataInputStream.readInt(Unknown Source)
	at org.apache.jute.BinaryInputArchive.readInt(BinaryInputArchive.java:84)
	at org.apache.zookeeper.server.quorum.QuorumPacket.deserialize(QuorumPacket.java:86)
	at org.apache.jute.BinaryInputArchive.readRecord(BinaryInputArchive.java:118)
	at org.apache.zookeeper.server.quorum.Learner.readPacket(Learner.java:158)
	at org.apache.zookeeper.server.quorum.Follower.followLeader(Follower.java:92)
	at org.apache.zookeeper.server.quorum.QuorumPeer.run(QuorumPeer.java:1253)
[2020-10-26 22:00:34,744] INFO shutdown called (org.apache.zookeeper.server.quorum.Learner)
java.lang.Exception: shutdown Follower
	at org.apache.zookeeper.server.quorum.Follower.shutdown(Follower.java:201)
	at org.apache.zookeeper.server.quorum.QuorumPeer.run(QuorumPeer.java:1257)
[2020-10-26 22:00:34,745] INFO Shutting down (org.apache.zookeeper.server.ZooKeeperServer)
[2020-10-26 22:00:34,745] INFO shutting down (org.apache.zookeeper.server.ZooKeeperServer)
[2020-10-26 22:00:34,745] INFO Shutting down (org.apache.zookeeper.server.quorum.FollowerRequestProcessor)
[2020-10-26 22:00:34,745] INFO FollowerRequestProcessor exited loop! (org.apache.zookeeper.server.quorum.FollowerRequestProcessor)
[2020-10-26 22:00:34,745] INFO Shutting down (org.apache.zookeeper.server.quorum.CommitProcessor)
[2020-10-26 22:00:34,746] INFO CommitProcessor exited loop! (org.apache.zookeeper.server.quorum.CommitProcessor)
[2020-10-26 22:00:34,746] INFO shutdown of request processor complete (org.apache.zookeeper.server.FinalRequestProcessor)
[2020-10-26 22:00:34,761] INFO Shutting down (org.apache.zookeeper.server.SyncRequestProcessor)
[2020-10-26 22:00:34,761] INFO SyncRequestProcessor exited! (org.apache.zookeeper.server.SyncRequestProcessor)
[2020-10-26 22:00:34,762] WARN PeerState set to LOOKING (org.apache.zookeeper.server.quorum.QuorumPeer)
[2020-10-26 22:00:34,762] INFO LOOKING (org.apache.zookeeper.server.quorum.QuorumPeer)
[2020-10-26 22:00:34,764] INFO New election. My id =  3, proposed zxid=0x1000000fa (org.apache.zookeeper.server.quorum.FastLeaderElection)
[2020-10-26 22:00:34,792] INFO Notification: 2 (message format version), 3 (n.leader), 0x1000000fa (n.zxid), 0x2 (n.round), LOOKING (n.state), 3 (n.sid), 0x1 (n.peerEPoch), LOOKING (my state)0 (n.config version) (org.apache.zookeeper.server.quorum.FastLeaderElection)
[2020-10-26 22:00:34,792] INFO Notification: 2 (message format version), 2 (n.leader), 0x0 (n.zxid), 0x1 (n.round), FOLLOWING (n.state), 1 (n.sid), 0x1 (n.peerEPoch), LOOKING (my state)0 (n.config version) (org.apache.zookeeper.server.quorum.FastLeaderElection)
[2020-10-26 22:00:34,793] INFO Notification: 2 (message format version), 2 (n.leader), 0x0 (n.zxid), 0x1 (n.round), LEADING (n.state), 2 (n.sid), 0x1 (n.peerEPoch), LOOKING (my state)0 (n.config version) (org.apache.zookeeper.server.quorum.FastLeaderElection)
[2020-10-26 22:00:34,793] INFO FOLLOWING (org.apache.zookeeper.server.quorum.QuorumPeer)
[2020-10-26 22:00:34,793] INFO minSessionTimeout set to 260 (org.apache.zookeeper.server.ZooKeeperServer)
[2020-10-26 22:00:34,793] INFO maxSessionTimeout set to 3000 (org.apache.zookeeper.server.ZooKeeperServer)
[2020-10-26 22:00:34,793] INFO Created server with tickTime 130 minSessionTimeout 260 maxSessionTimeout 3000 datadir /var/lib/zookeeper/log/version-2 snapdir /var/lib/zookeeper/data/version-2 (org.apache.zookeeper.server.ZooKeeperServer)
[2020-10-26 22:00:34,793] INFO FOLLOWING - LEADER ELECTION TOOK - 0 MS (org.apache.zookeeper.server.quorum.Learner)
[2020-10-26 22:00:34,810] INFO Getting a diff from the leader 0x1000000fa (org.apache.zookeeper.server.quorum.Learner)
[2020-10-26 22:00:34,810] INFO Learner received NEWLEADER message (org.apache.zookeeper.server.quorum.Learner)
[2020-10-26 22:00:34,817] INFO Learner received UPTODATE message (org.apache.zookeeper.server.quorum.Learner)
[2020-10-26 22:00:34,817] INFO Configuring CommitProcessor with 1 worker threads. (org.apache.zookeeper.server.quorum.CommitProcessor)
[2020-10-26 22:04:35,096] WARN Got zxid 0x1000000fb expected 0x1 (org.apache.zookeeper.server.quorum.Learner)
[2020-10-26 22:08:10,347] WARN Exception when following the leader (org.apache.zookeeper.server.quorum.Learner)
java.net.SocketTimeoutException: Read timed out
	at java.base/java.net.SocketInputStream.socketRead0(Native Method)
	at java.base/java.net.SocketInputStream.socketRead(Unknown Source)
	at java.base/java.net.SocketInputStream.read(Unknown Source)
	at java.base/java.net.SocketInputStream.read(Unknown Source)
	at java.base/java.io.BufferedInputStream.fill(Unknown Source)
	at java.base/java.io.BufferedInputStream.read(Unknown Source)
	at java.base/java.io.DataInputStream.readInt(Unknown Source)
	at org.apache.jute.BinaryInputArchive.readInt(BinaryInputArchive.java:84)
	at org.apache.zookeeper.server.quorum.QuorumPacket.deserialize(QuorumPacket.java:86)
	at org.apache.jute.BinaryInputArchive.readRecord(BinaryInputArchive.java:118)
	at org.apache.zookeeper.server.quorum.Learner.readPacket(Learner.java:158)
	at org.apache.zookeeper.server.quorum.Follower.followLeader(Follower.java:92)
	at org.apache.zookeeper.server.quorum.QuorumPeer.run(QuorumPeer.java:1253)
[2020-10-26 22:08:10,347] INFO shutdown called (org.apache.zookeeper.server.quorum.Learner)
java.lang.Exception: shutdown Follower
	at org.apache.zookeeper.server.quorum.Follower.shutdown(Follower.java:201)
	at org.apache.zookeeper.server.quorum.QuorumPeer.run(QuorumPeer.java:1257)
[2020-10-26 22:08:10,348] INFO Shutting down (org.apache.zookeeper.server.ZooKeeperServer)
[2020-10-26 22:08:10,348] INFO shutting down (org.apache.zookeeper.server.ZooKeeperServer)
[2020-10-26 22:08:10,348] INFO Shutting down (org.apache.zookeeper.server.quorum.FollowerRequestProcessor)
[2020-10-26 22:08:10,348] INFO Shutting down (org.apache.zookeeper.server.quorum.CommitProcessor)
[2020-10-26 22:08:10,348] INFO FollowerRequestProcessor exited loop! (org.apache.zookeeper.server.quorum.FollowerRequestProcessor)
[2020-10-26 22:08:10,348] INFO CommitProcessor exited loop! (org.apache.zookeeper.server.quorum.CommitProcessor)
[2020-10-26 22:08:10,348] INFO shutdown of request processor complete (org.apache.zookeeper.server.FinalRequestProcessor)
[2020-10-26 22:08:10,350] INFO Shutting down (org.apache.zookeeper.server.SyncRequestProcessor)
[2020-10-26 22:08:10,350] INFO SyncRequestProcessor exited! (org.apache.zookeeper.server.SyncRequestProcessor)
[2020-10-26 22:08:10,352] WARN PeerState set to LOOKING (org.apache.zookeeper.server.quorum.QuorumPeer)
[2020-10-26 22:08:10,352] INFO LOOKING (org.apache.zookeeper.server.quorum.QuorumPeer)
[2020-10-26 22:08:10,353] INFO New election. My id =  3, proposed zxid=0x100000100 (org.apache.zookeeper.server.quorum.FastLeaderElection)
[2020-10-26 22:08:10,372] INFO Notification: 2 (message format version), 3 (n.leader), 0x100000100 (n.zxid), 0x2 (n.round), LOOKING (n.state), 3 (n.sid), 0x1 (n.peerEPoch), LOOKING (my state)0 (n.config version) (org.apache.zookeeper.server.quorum.FastLeaderElection)
[2020-10-26 22:08:10,372] INFO Notification: 2 (message format version), 2 (n.leader), 0x0 (n.zxid), 0x1 (n.round), LEADING (n.state), 2 (n.sid), 0x1 (n.peerEPoch), LOOKING (my state)0 (n.config version) (org.apache.zookeeper.server.quorum.FastLeaderElection)
[2020-10-26 22:08:10,378] INFO Notification: 2 (message format version), 2 (n.leader), 0x0 (n.zxid), 0x1 (n.round), FOLLOWING (n.state), 1 (n.sid), 0x1 (n.peerEPoch), LOOKING (my state)0 (n.config version) (org.apache.zookeeper.server.quorum.FastLeaderElection)
[2020-10-26 22:08:10,378] INFO FOLLOWING (org.apache.zookeeper.server.quorum.QuorumPeer)
[2020-10-26 22:08:10,378] INFO minSessionTimeout set to 260 (org.apache.zookeeper.server.ZooKeeperServer)
[2020-10-26 22:08:10,378] INFO maxSessionTimeout set to 3000 (org.apache.zookeeper.server.ZooKeeperServer)
[2020-10-26 22:08:10,378] INFO Created server with tickTime 130 minSessionTimeout 260 maxSessionTimeout 3000 datadir /var/lib/zookeeper/log/version-2 snapdir /var/lib/zookeeper/data/version-2 (org.apache.zookeeper.server.ZooKeeperServer)
[2020-10-26 22:08:10,378] INFO FOLLOWING - LEADER ELECTION TOOK - 0 MS (org.apache.zookeeper.server.quorum.Learner)
[2020-10-26 22:08:10,393] INFO Getting a diff from the leader 0x100000100 (org.apache.zookeeper.server.quorum.Learner)
[2020-10-26 22:08:10,393] INFO Learner received NEWLEADER message (org.apache.zookeeper.server.quorum.Learner)
[2020-10-26 22:08:10,400] INFO Learner received UPTODATE message (org.apache.zookeeper.server.quorum.Learner)
[2020-10-26 22:08:10,400] INFO Configuring CommitProcessor with 1 worker threads. (org.apache.zookeeper.server.quorum.CommitProcessor)
[2020-10-26 22:09:55,951] WARN Got zxid 0x100000101 expected 0x1 (org.apache.zookeeper.server.quorum.Learner)
[2020-10-26 22:13:51,226] WARN Exception when following the leader (org.apache.zookeeper.server.quorum.Learner)
java.io.EOFException
	at java.base/java.io.DataInputStream.readInt(Unknown Source)
	at org.apache.jute.BinaryInputArchive.readInt(BinaryInputArchive.java:84)
	at org.apache.zookeeper.server.quorum.QuorumPacket.deserialize(QuorumPacket.java:86)
	at org.apache.jute.BinaryInputArchive.readRecord(BinaryInputArchive.java:118)
	at org.apache.zookeeper.server.quorum.Learner.readPacket(Learner.java:158)
	at org.apache.zookeeper.server.quorum.Follower.followLeader(Follower.java:92)
	at org.apache.zookeeper.server.quorum.QuorumPeer.run(QuorumPeer.java:1253)
[2020-10-26 22:13:51,229] INFO shutdown called (org.apache.zookeeper.server.quorum.Learner)
java.lang.Exception: shutdown Follower
	at org.apache.zookeeper.server.quorum.Follower.shutdown(Follower.java:201)
	at org.apache.zookeeper.server.quorum.QuorumPeer.run(QuorumPeer.java:1257)
[2020-10-26 22:13:51,229] INFO Shutting down (org.apache.zookeeper.server.ZooKeeperServer)
[2020-10-26 22:13:51,230] INFO shutting down (org.apache.zookeeper.server.ZooKeeperServer)
[2020-10-26 22:13:51,230] INFO Shutting down (org.apache.zookeeper.server.quorum.FollowerRequestProcessor)
[2020-10-26 22:13:51,230] INFO Shutting down (org.apache.zookeeper.server.quorum.CommitProcessor)
[2020-10-26 22:13:51,230] INFO FollowerRequestProcessor exited loop! (org.apache.zookeeper.server.quorum.FollowerRequestProcessor)
[2020-10-26 22:13:51,230] INFO CommitProcessor exited loop! (org.apache.zookeeper.server.quorum.CommitProcessor)
[2020-10-26 22:13:51,231] INFO shutdown of request processor complete (org.apache.zookeeper.server.FinalRequestProcessor)
[2020-10-26 22:13:51,232] INFO Shutting down (org.apache.zookeeper.server.SyncRequestProcessor)
[2020-10-26 22:13:51,232] INFO SyncRequestProcessor exited! (org.apache.zookeeper.server.SyncRequestProcessor)
[2020-10-26 22:13:51,232] WARN PeerState set to LOOKING (org.apache.zookeeper.server.quorum.QuorumPeer)
[2020-10-26 22:13:51,232] INFO LOOKING (org.apache.zookeeper.server.quorum.QuorumPeer)
[2020-10-26 22:13:51,233] INFO New election. My id =  3, proposed zxid=0x100000111 (org.apache.zookeeper.server.quorum.FastLeaderElection)
[2020-10-26 22:13:51,243] INFO Notification: 2 (message format version), 3 (n.leader), 0x100000111 (n.zxid), 0x2 (n.round), LOOKING (n.state), 3 (n.sid), 0x1 (n.peerEPoch), LOOKING (my state)0 (n.config version) (org.apache.zookeeper.server.quorum.FastLeaderElection)
[2020-10-26 22:13:51,243] INFO Notification: 2 (message format version), 2 (n.leader), 0x0 (n.zxid), 0x1 (n.round), LEADING (n.state), 2 (n.sid), 0x1 (n.peerEPoch), LOOKING (my state)0 (n.config version) (org.apache.zookeeper.server.quorum.FastLeaderElection)
[2020-10-26 22:13:51,245] INFO Notification: 2 (message format version), 2 (n.leader), 0x0 (n.zxid), 0x1 (n.round), FOLLOWING (n.state), 1 (n.sid), 0x1 (n.peerEPoch), LOOKING (my state)0 (n.config version) (org.apache.zookeeper.server.quorum.FastLeaderElection)
[2020-10-26 22:13:51,245] INFO FOLLOWING (org.apache.zookeeper.server.quorum.QuorumPeer)
[2020-10-26 22:13:51,245] INFO minSessionTimeout set to 260 (org.apache.zookeeper.server.ZooKeeperServer)
[2020-10-26 22:13:51,245] INFO maxSessionTimeout set to 3000 (org.apache.zookeeper.server.ZooKeeperServer)
[2020-10-26 22:13:51,245] INFO Created server with tickTime 130 minSessionTimeout 260 maxSessionTimeout 3000 datadir /var/lib/zookeeper/log/version-2 snapdir /var/lib/zookeeper/data/version-2 (org.apache.zookeeper.server.ZooKeeperServer)
[2020-10-26 22:13:51,245] INFO FOLLOWING - LEADER ELECTION TOOK - 0 MS (org.apache.zookeeper.server.quorum.Learner)
[2020-10-26 22:13:51,260] INFO Getting a diff from the leader 0x100000111 (org.apache.zookeeper.server.quorum.Learner)
[2020-10-26 22:13:51,260] INFO Learner received NEWLEADER message (org.apache.zookeeper.server.quorum.Learner)
[2020-10-26 22:13:51,267] INFO Learner received UPTODATE message (org.apache.zookeeper.server.quorum.Learner)
[2020-10-26 22:13:51,267] INFO Configuring CommitProcessor with 1 worker threads. (org.apache.zookeeper.server.quorum.CommitProcessor)
[2020-10-26 22:14:01,320] WARN Exception when following the leader (org.apache.zookeeper.server.quorum.Learner)
java.net.SocketTimeoutException: Read timed out
	at java.base/java.net.SocketInputStream.socketRead0(Native Method)
	at java.base/java.net.SocketInputStream.socketRead(Unknown Source)
	at java.base/java.net.SocketInputStream.read(Unknown Source)
	at java.base/java.net.SocketInputStream.read(Unknown Source)
	at java.base/java.io.BufferedInputStream.fill(Unknown Source)
	at java.base/java.io.BufferedInputStream.read(Unknown Source)
	at java.base/java.io.DataInputStream.readInt(Unknown Source)
	at org.apache.jute.BinaryInputArchive.readInt(BinaryInputArchive.java:84)
	at org.apache.zookeeper.server.quorum.QuorumPacket.deserialize(QuorumPacket.java:86)
	at org.apache.jute.BinaryInputArchive.readRecord(BinaryInputArchive.java:118)
	at org.apache.zookeeper.server.quorum.Learner.readPacket(Learner.java:158)
	at org.apache.zookeeper.server.quorum.Follower.followLeader(Follower.java:92)
	at org.apache.zookeeper.server.quorum.QuorumPeer.run(QuorumPeer.java:1253)
[2020-10-26 22:14:01,322] INFO shutdown called (org.apache.zookeeper.server.quorum.Learner)
java.lang.Exception: shutdown Follower
	at org.apache.zookeeper.server.quorum.Follower.shutdown(Follower.java:201)
	at org.apache.zookeeper.server.quorum.QuorumPeer.run(QuorumPeer.java:1257)
[2020-10-26 22:14:01,323] INFO Shutting down (org.apache.zookeeper.server.ZooKeeperServer)
[2020-10-26 22:14:01,323] INFO shutting down (org.apache.zookeeper.server.ZooKeeperServer)
[2020-10-26 22:14:01,323] INFO Shutting down (org.apache.zookeeper.server.quorum.FollowerRequestProcessor)
[2020-10-26 22:14:01,323] INFO FollowerRequestProcessor exited loop! (org.apache.zookeeper.server.quorum.FollowerRequestProcessor)
[2020-10-26 22:14:01,324] INFO Shutting down (org.apache.zookeeper.server.quorum.CommitProcessor)
[2020-10-26 22:14:01,324] INFO CommitProcessor exited loop! (org.apache.zookeeper.server.quorum.CommitProcessor)
[2020-10-26 22:14:01,324] INFO shutdown of request processor complete (org.apache.zookeeper.server.FinalRequestProcessor)
[2020-10-26 22:14:01,330] INFO Shutting down (org.apache.zookeeper.server.SyncRequestProcessor)
[2020-10-26 22:14:01,331] INFO SyncRequestProcessor exited! (org.apache.zookeeper.server.SyncRequestProcessor)
[2020-10-26 22:14:01,331] WARN PeerState set to LOOKING (org.apache.zookeeper.server.quorum.QuorumPeer)
[2020-10-26 22:14:01,331] INFO LOOKING (org.apache.zookeeper.server.quorum.QuorumPeer)
[2020-10-26 22:14:01,332] INFO New election. My id =  3, proposed zxid=0x100000111 (org.apache.zookeeper.server.quorum.FastLeaderElection)
[2020-10-26 22:14:01,334] INFO Notification: 2 (message format version), 3 (n.leader), 0x100000111 (n.zxid), 0x2 (n.round), LOOKING (n.state), 3 (n.sid), 0x1 (n.peerEPoch), LOOKING (my state)0 (n.config version) (org.apache.zookeeper.server.quorum.FastLeaderElection)
[2020-10-26 22:14:01,339] INFO Notification: 2 (message format version), 2 (n.leader), 0x0 (n.zxid), 0x1 (n.round), FOLLOWING (n.state), 1 (n.sid), 0x1 (n.peerEPoch), LOOKING (my state)0 (n.config version) (org.apache.zookeeper.server.quorum.FastLeaderElection)
[2020-10-26 22:14:01,340] INFO Notification: 2 (message format version), 2 (n.leader), 0x0 (n.zxid), 0x1 (n.round), LEADING (n.state), 2 (n.sid), 0x1 (n.peerEPoch), LOOKING (my state)0 (n.config version) (org.apache.zookeeper.server.quorum.FastLeaderElection)
[2020-10-26 22:14:01,340] INFO FOLLOWING (org.apache.zookeeper.server.quorum.QuorumPeer)
[2020-10-26 22:14:01,340] INFO minSessionTimeout set to 260 (org.apache.zookeeper.server.ZooKeeperServer)
[2020-10-26 22:14:01,340] INFO maxSessionTimeout set to 3000 (org.apache.zookeeper.server.ZooKeeperServer)
[2020-10-26 22:14:01,340] INFO Created server with tickTime 130 minSessionTimeout 260 maxSessionTimeout 3000 datadir /var/lib/zookeeper/log/version-2 snapdir /var/lib/zookeeper/data/version-2 (org.apache.zookeeper.server.ZooKeeperServer)
[2020-10-26 22:14:01,340] INFO FOLLOWING - LEADER ELECTION TOOK - 0 MS (org.apache.zookeeper.server.quorum.Learner)
[2020-10-26 22:14:01,358] INFO Getting a diff from the leader 0x100000111 (org.apache.zookeeper.server.quorum.Learner)
[2020-10-26 22:14:01,358] INFO Learner received NEWLEADER message (org.apache.zookeeper.server.quorum.Learner)
[2020-10-26 22:14:01,368] INFO Learner received UPTODATE message (org.apache.zookeeper.server.quorum.Learner)
[2020-10-26 22:14:01,368] INFO Configuring CommitProcessor with 1 worker threads. (org.apache.zookeeper.server.quorum.CommitProcessor)
[2020-10-26 22:14:24,221] WARN Got zxid 0x100000112 expected 0x1 (org.apache.zookeeper.server.quorum.Learner)
[2020-10-26 22:14:44,674] WARN Exception when following the leader (org.apache.zookeeper.server.quorum.Learner)
java.io.EOFException
	at java.base/java.io.DataInputStream.readInt(Unknown Source)
	at org.apache.jute.BinaryInputArchive.readInt(BinaryInputArchive.java:84)
	at org.apache.zookeeper.server.quorum.QuorumPacket.deserialize(QuorumPacket.java:86)
	at org.apache.jute.BinaryInputArchive.readRecord(BinaryInputArchive.java:118)
	at org.apache.zookeeper.server.quorum.Learner.readPacket(Learner.java:158)
	at org.apache.zookeeper.server.quorum.Follower.followLeader(Follower.java:92)
	at org.apache.zookeeper.server.quorum.QuorumPeer.run(QuorumPeer.java:1253)
[2020-10-26 22:14:44,675] INFO shutdown called (org.apache.zookeeper.server.quorum.Learner)
java.lang.Exception: shutdown Follower
	at org.apache.zookeeper.server.quorum.Follower.shutdown(Follower.java:201)
	at org.apache.zookeeper.server.quorum.QuorumPeer.run(QuorumPeer.java:1257)
[2020-10-26 22:14:44,682] INFO Shutting down (org.apache.zookeeper.server.ZooKeeperServer)
[2020-10-26 22:14:44,682] INFO shutting down (org.apache.zookeeper.server.ZooKeeperServer)
[2020-10-26 22:14:44,682] INFO Shutting down (org.apache.zookeeper.server.quorum.FollowerRequestProcessor)
[2020-10-26 22:14:44,682] INFO Shutting down (org.apache.zookeeper.server.quorum.CommitProcessor)
[2020-10-26 22:14:44,682] INFO FollowerRequestProcessor exited loop! (org.apache.zookeeper.server.quorum.FollowerRequestProcessor)
[2020-10-26 22:14:44,682] INFO CommitProcessor exited loop! (org.apache.zookeeper.server.quorum.CommitProcessor)
[2020-10-26 22:14:44,686] INFO shutdown of request processor complete (org.apache.zookeeper.server.FinalRequestProcessor)
[2020-10-26 22:14:44,726] INFO Shutting down (org.apache.zookeeper.server.SyncRequestProcessor)
[2020-10-26 22:14:44,726] INFO SyncRequestProcessor exited! (org.apache.zookeeper.server.SyncRequestProcessor)
[2020-10-26 22:14:44,730] WARN PeerState set to LOOKING (org.apache.zookeeper.server.quorum.QuorumPeer)
[2020-10-26 22:14:44,730] INFO LOOKING (org.apache.zookeeper.server.quorum.QuorumPeer)
[2020-10-26 22:14:44,739] INFO New election. My id =  3, proposed zxid=0x100000114 (org.apache.zookeeper.server.quorum.FastLeaderElection)
[2020-10-26 22:14:44,794] INFO Notification: 2 (message format version), 3 (n.leader), 0x100000114 (n.zxid), 0x2 (n.round), LOOKING (n.state), 3 (n.sid), 0x1 (n.peerEPoch), LOOKING (my state)0 (n.config version) (org.apache.zookeeper.server.quorum.FastLeaderElection)
[2020-10-26 22:14:44,806] INFO Notification: 2 (message format version), 2 (n.leader), 0x0 (n.zxid), 0x1 (n.round), FOLLOWING (n.state), 1 (n.sid), 0x1 (n.peerEPoch), LOOKING (my state)0 (n.config version) (org.apache.zookeeper.server.quorum.FastLeaderElection)
[2020-10-26 22:14:44,838] INFO Notification: 2 (message format version), 2 (n.leader), 0x0 (n.zxid), 0x1 (n.round), LEADING (n.state), 2 (n.sid), 0x1 (n.peerEPoch), LOOKING (my state)0 (n.config version) (org.apache.zookeeper.server.quorum.FastLeaderElection)
[2020-10-26 22:14:44,846] INFO FOLLOWING (org.apache.zookeeper.server.quorum.QuorumPeer)
[2020-10-26 22:14:44,846] INFO minSessionTimeout set to 260 (org.apache.zookeeper.server.ZooKeeperServer)
[2020-10-26 22:14:44,846] INFO maxSessionTimeout set to 3000 (org.apache.zookeeper.server.ZooKeeperServer)
[2020-10-26 22:14:44,846] INFO Created server with tickTime 130 minSessionTimeout 260 maxSessionTimeout 3000 datadir /var/lib/zookeeper/log/version-2 snapdir /var/lib/zookeeper/data/version-2 (org.apache.zookeeper.server.ZooKeeperServer)
[2020-10-26 22:14:44,848] INFO FOLLOWING - LEADER ELECTION TOOK - 1 MS (org.apache.zookeeper.server.quorum.Learner)
[2020-10-26 22:14:44,881] INFO Getting a diff from the leader 0x100000114 (org.apache.zookeeper.server.quorum.Learner)
[2020-10-26 22:14:44,882] INFO Learner received NEWLEADER message (org.apache.zookeeper.server.quorum.Learner)
[2020-10-26 22:14:44,935] INFO Learner received UPTODATE message (org.apache.zookeeper.server.quorum.Learner)
[2020-10-26 22:14:44,938] INFO Configuring CommitProcessor with 1 worker threads. (org.apache.zookeeper.server.quorum.CommitProcessor)
[2020-10-26 22:17:17,434] WARN Exception when following the leader (org.apache.zookeeper.server.quorum.Learner)
java.io.EOFException
	at java.base/java.io.DataInputStream.readInt(Unknown Source)
	at org.apache.jute.BinaryInputArchive.readInt(BinaryInputArchive.java:84)
	at org.apache.zookeeper.server.quorum.QuorumPacket.deserialize(QuorumPacket.java:86)
	at org.apache.jute.BinaryInputArchive.readRecord(BinaryInputArchive.java:118)
	at org.apache.zookeeper.server.quorum.Learner.readPacket(Learner.java:158)
	at org.apache.zookeeper.server.quorum.Follower.followLeader(Follower.java:92)
	at org.apache.zookeeper.server.quorum.QuorumPeer.run(QuorumPeer.java:1253)
[2020-10-26 22:17:17,436] INFO shutdown called (org.apache.zookeeper.server.quorum.Learner)
java.lang.Exception: shutdown Follower
	at org.apache.zookeeper.server.quorum.Follower.shutdown(Follower.java:201)
	at org.apache.zookeeper.server.quorum.QuorumPeer.run(QuorumPeer.java:1257)
[2020-10-26 22:17:17,436] INFO Shutting down (org.apache.zookeeper.server.ZooKeeperServer)
[2020-10-26 22:17:17,436] INFO shutting down (org.apache.zookeeper.server.ZooKeeperServer)
[2020-10-26 22:17:17,436] INFO Shutting down (org.apache.zookeeper.server.quorum.FollowerRequestProcessor)
[2020-10-26 22:17:17,436] INFO FollowerRequestProcessor exited loop! (org.apache.zookeeper.server.quorum.FollowerRequestProcessor)
[2020-10-26 22:17:17,438] INFO Shutting down (org.apache.zookeeper.server.quorum.CommitProcessor)
[2020-10-26 22:17:17,438] INFO CommitProcessor exited loop! (org.apache.zookeeper.server.quorum.CommitProcessor)
[2020-10-26 22:17:17,438] INFO shutdown of request processor complete (org.apache.zookeeper.server.FinalRequestProcessor)
[2020-10-26 22:17:17,442] INFO Shutting down (org.apache.zookeeper.server.SyncRequestProcessor)
[2020-10-26 22:17:17,442] INFO SyncRequestProcessor exited! (org.apache.zookeeper.server.SyncRequestProcessor)
[2020-10-26 22:17:17,442] WARN PeerState set to LOOKING (org.apache.zookeeper.server.quorum.QuorumPeer)
[2020-10-26 22:17:17,442] INFO LOOKING (org.apache.zookeeper.server.quorum.QuorumPeer)
[2020-10-26 22:17:17,475] INFO New election. My id =  3, proposed zxid=0x100000114 (org.apache.zookeeper.server.quorum.FastLeaderElection)
[2020-10-26 22:17:17,491] INFO Notification: 2 (message format version), 3 (n.leader), 0x100000114 (n.zxid), 0x2 (n.round), LOOKING (n.state), 3 (n.sid), 0x1 (n.peerEPoch), LOOKING (my state)0 (n.config version) (org.apache.zookeeper.server.quorum.FastLeaderElection)
[2020-10-26 22:17:17,491] INFO Notification: 2 (message format version), 2 (n.leader), 0x0 (n.zxid), 0x1 (n.round), LEADING (n.state), 2 (n.sid), 0x1 (n.peerEPoch), LOOKING (my state)0 (n.config version) (org.apache.zookeeper.server.quorum.FastLeaderElection)
[2020-10-26 22:17:17,491] INFO Notification: 2 (message format version), 2 (n.leader), 0x0 (n.zxid), 0x1 (n.round), FOLLOWING (n.state), 1 (n.sid), 0x1 (n.peerEPoch), LOOKING (my state)0 (n.config version) (org.apache.zookeeper.server.quorum.FastLeaderElection)
[2020-10-26 22:17:17,492] INFO FOLLOWING (org.apache.zookeeper.server.quorum.QuorumPeer)
[2020-10-26 22:17:17,494] INFO minSessionTimeout set to 260 (org.apache.zookeeper.server.ZooKeeperServer)
[2020-10-26 22:17:17,494] INFO maxSessionTimeout set to 3000 (org.apache.zookeeper.server.ZooKeeperServer)
[2020-10-26 22:17:17,494] INFO Created server with tickTime 130 minSessionTimeout 260 maxSessionTimeout 3000 datadir /var/lib/zookeeper/log/version-2 snapdir /var/lib/zookeeper/data/version-2 (org.apache.zookeeper.server.ZooKeeperServer)
[2020-10-26 22:17:17,494] INFO FOLLOWING - LEADER ELECTION TOOK - 2 MS (org.apache.zookeeper.server.quorum.Learner)
[2020-10-26 22:17:17,758] ERROR Unexpected exception, initLimit exceeded. tries=0, remaining init limit=387, connecting to zoo-1.zoo.kafka.svc.cluster.local/10.233.113.3:2888 (org.apache.zookeeper.server.quorum.Learner)
java.net.SocketTimeoutException: connect timed out
	at java.base/java.net.PlainSocketImpl.socketConnect(Native Method)
	at java.base/java.net.AbstractPlainSocketImpl.doConnect(Unknown Source)
	at java.base/java.net.AbstractPlainSocketImpl.connectToAddress(Unknown Source)
	at java.base/java.net.AbstractPlainSocketImpl.connect(Unknown Source)
	at java.base/java.net.SocksSocketImpl.connect(Unknown Source)
	at java.base/java.net.Socket.connect(Unknown Source)
	at org.apache.zookeeper.server.quorum.Learner.sockConnect(Learner.java:233)
	at org.apache.zookeeper.server.quorum.Learner.connectToLeader(Learner.java:262)
	at org.apache.zookeeper.server.quorum.Follower.followLeader(Follower.java:77)
	at org.apache.zookeeper.server.quorum.QuorumPeer.run(QuorumPeer.java:1253)
[2020-10-26 22:17:17,759] WARN Exception when following the leader (org.apache.zookeeper.server.quorum.Learner)
java.net.SocketTimeoutException: connect timed out
	at java.base/java.net.PlainSocketImpl.socketConnect(Native Method)
	at java.base/java.net.AbstractPlainSocketImpl.doConnect(Unknown Source)
	at java.base/java.net.AbstractPlainSocketImpl.connectToAddress(Unknown Source)
	at java.base/java.net.AbstractPlainSocketImpl.connect(Unknown Source)
	at java.base/java.net.SocksSocketImpl.connect(Unknown Source)
	at java.base/java.net.Socket.connect(Unknown Source)
	at org.apache.zookeeper.server.quorum.Learner.sockConnect(Learner.java:233)
	at org.apache.zookeeper.server.quorum.Learner.connectToLeader(Learner.java:262)
	at org.apache.zookeeper.server.quorum.Follower.followLeader(Follower.java:77)
	at org.apache.zookeeper.server.quorum.QuorumPeer.run(QuorumPeer.java:1253)
[2020-10-26 22:17:17,760] INFO shutdown called (org.apache.zookeeper.server.quorum.Learner)
java.lang.Exception: shutdown Follower
	at org.apache.zookeeper.server.quorum.Follower.shutdown(Follower.java:201)
	at org.apache.zookeeper.server.quorum.QuorumPeer.run(QuorumPeer.java:1257)
[2020-10-26 22:17:17,760] WARN PeerState set to LOOKING (org.apache.zookeeper.server.quorum.QuorumPeer)
[2020-10-26 22:17:17,760] INFO LOOKING (org.apache.zookeeper.server.quorum.QuorumPeer)
[2020-10-26 22:17:17,760] INFO New election. My id =  3, proposed zxid=0x100000114 (org.apache.zookeeper.server.quorum.FastLeaderElection)
[2020-10-26 22:17:17,771] INFO Notification: 2 (message format version), 3 (n.leader), 0x100000114 (n.zxid), 0x2 (n.round), LOOKING (n.state), 3 (n.sid), 0x1 (n.peerEPoch), LOOKING (my state)0 (n.config version) (org.apache.zookeeper.server.quorum.FastLeaderElection)
[2020-10-26 22:17:17,777] INFO Notification: 2 (message format version), 2 (n.leader), 0x0 (n.zxid), 0x1 (n.round), FOLLOWING (n.state), 1 (n.sid), 0x1 (n.peerEPoch), LOOKING (my state)0 (n.config version) (org.apache.zookeeper.server.quorum.FastLeaderElection)
[2020-10-26 22:17:17,777] INFO Notification: 2 (message format version), 2 (n.leader), 0x0 (n.zxid), 0x1 (n.round), LEADING (n.state), 2 (n.sid), 0x1 (n.peerEPoch), LOOKING (my state)0 (n.config version) (org.apache.zookeeper.server.quorum.FastLeaderElection)
[2020-10-26 22:17:17,778] INFO FOLLOWING (org.apache.zookeeper.server.quorum.QuorumPeer)
[2020-10-26 22:17:17,778] INFO minSessionTimeout set to 260 (org.apache.zookeeper.server.ZooKeeperServer)
[2020-10-26 22:17:17,778] INFO maxSessionTimeout set to 3000 (org.apache.zookeeper.server.ZooKeeperServer)
[2020-10-26 22:17:17,778] INFO Created server with tickTime 130 minSessionTimeout 260 maxSessionTimeout 3000 datadir /var/lib/zookeeper/log/version-2 snapdir /var/lib/zookeeper/data/version-2 (org.apache.zookeeper.server.ZooKeeperServer)
[2020-10-26 22:17:17,778] INFO FOLLOWING - LEADER ELECTION TOOK - 0 MS (org.apache.zookeeper.server.quorum.Learner)
[2020-10-26 22:17:17,797] INFO Getting a diff from the leader 0x100000114 (org.apache.zookeeper.server.quorum.Learner)
[2020-10-26 22:17:17,798] INFO Learner received NEWLEADER message (org.apache.zookeeper.server.quorum.Learner)
[2020-10-26 22:17:17,806] INFO Learner received UPTODATE message (org.apache.zookeeper.server.quorum.Learner)
[2020-10-26 22:17:17,806] INFO Configuring CommitProcessor with 1 worker threads. (org.apache.zookeeper.server.quorum.CommitProcessor)
