[2020-10-28 15:47:41,598] INFO Registered kafka:type=kafka.Log4jController MBean (kafka.utils.Log4jControllerRegistration$)
[2020-10-28 15:47:42,188] INFO Setting -D jdk.tls.rejectClientInitiatedRenegotiation=true to disable client-initiated TLS renegotiation (org.apache.zookeeper.common.X509Util)
[2020-10-28 15:47:42,235] INFO Registered signal handlers for TERM, INT, HUP (org.apache.kafka.common.utils.LoggingSignalHandler)
[2020-10-28 15:47:42,240] INFO starting (kafka.server.KafkaServer)
[2020-10-28 15:47:42,241] INFO Connecting to zookeeper on zookeeper:2181 (kafka.server.KafkaServer)
[2020-10-28 15:47:42,286] INFO [ZooKeeperClient Kafka server] Initializing a new session to zookeeper:2181. (kafka.zookeeper.ZooKeeperClient)
[2020-10-28 15:47:42,299] INFO Client environment:zookeeper.version=3.5.7-f0fdd52973d373ffd9c86b81d99842dc2c7f660e, built on 02/10/2020 11:30 GMT (org.apache.zookeeper.ZooKeeper)
[2020-10-28 15:47:42,299] INFO Client environment:host.name=kafka-3.kafka.kafka.svc.cluster.local (org.apache.zookeeper.ZooKeeper)
[2020-10-28 15:47:42,299] INFO Client environment:java.version=11.0.7 (org.apache.zookeeper.ZooKeeper)
[2020-10-28 15:47:42,299] INFO Client environment:java.vendor=AdoptOpenJDK (org.apache.zookeeper.ZooKeeper)
[2020-10-28 15:47:42,299] INFO Client environment:java.home=/opt/java/openjdk (org.apache.zookeeper.ZooKeeper)
[2020-10-28 15:47:42,299] INFO Client environment:java.class.path=/opt/kafka/libs/extensions/*:/opt/kafka/libs/activation-1.1.1.jar:/opt/kafka/libs/aopalliance-repackaged-2.5.0.jar:/opt/kafka/libs/argparse4j-0.7.0.jar:/opt/kafka/libs/audience-annotations-0.5.0.jar:/opt/kafka/libs/commons-cli-1.4.jar:/opt/kafka/libs/commons-lang3-3.8.1.jar:/opt/kafka/libs/connect-api-2.5.0.jar:/opt/kafka/libs/connect-basic-auth-extension-2.5.0.jar:/opt/kafka/libs/connect-file-2.5.0.jar:/opt/kafka/libs/connect-json-2.5.0.jar:/opt/kafka/libs/connect-mirror-2.5.0.jar:/opt/kafka/libs/connect-mirror-client-2.5.0.jar:/opt/kafka/libs/connect-runtime-2.5.0.jar:/opt/kafka/libs/connect-transforms-2.5.0.jar:/opt/kafka/libs/hk2-api-2.5.0.jar:/opt/kafka/libs/hk2-locator-2.5.0.jar:/opt/kafka/libs/hk2-utils-2.5.0.jar:/opt/kafka/libs/jackson-annotations-2.10.2.jar:/opt/kafka/libs/jackson-core-2.10.2.jar:/opt/kafka/libs/jackson-databind-2.10.2.jar:/opt/kafka/libs/jackson-dataformat-csv-2.10.2.jar:/opt/kafka/libs/jackson-datatype-jdk8-2.10.2.jar:/opt/kafka/libs/jackson-jaxrs-base-2.10.2.jar:/opt/kafka/libs/jackson-jaxrs-json-provider-2.10.2.jar:/opt/kafka/libs/jackson-module-jaxb-annotations-2.10.2.jar:/opt/kafka/libs/jackson-module-paranamer-2.10.2.jar:/opt/kafka/libs/jackson-module-scala_2.12-2.10.2.jar:/opt/kafka/libs/jakarta.activation-api-1.2.1.jar:/opt/kafka/libs/jakarta.annotation-api-1.3.4.jar:/opt/kafka/libs/jakarta.inject-2.5.0.jar:/opt/kafka/libs/jakarta.ws.rs-api-2.1.5.jar:/opt/kafka/libs/jakarta.xml.bind-api-2.3.2.jar:/opt/kafka/libs/javassist-3.22.0-CR2.jar:/opt/kafka/libs/javassist-3.26.0-GA.jar:/opt/kafka/libs/javax.servlet-api-3.1.0.jar:/opt/kafka/libs/javax.ws.rs-api-2.1.1.jar:/opt/kafka/libs/jaxb-api-2.3.0.jar:/opt/kafka/libs/jersey-client-2.28.jar:/opt/kafka/libs/jersey-common-2.28.jar:/opt/kafka/libs/jersey-container-servlet-2.28.jar:/opt/kafka/libs/jersey-container-servlet-core-2.28.jar:/opt/kafka/libs/jersey-hk2-2.28.jar:/opt/kafka/libs/jersey-media-jaxb-2.28.jar:/opt/kafka/libs/jersey-server-2.28.jar:/opt/kafka/libs/jetty-client-9.4.24.v20191120.jar:/opt/kafka/libs/jetty-continuation-9.4.24.v20191120.jar:/opt/kafka/libs/jetty-http-9.4.24.v20191120.jar:/opt/kafka/libs/jetty-io-9.4.24.v20191120.jar:/opt/kafka/libs/jetty-security-9.4.24.v20191120.jar:/opt/kafka/libs/jetty-server-9.4.24.v20191120.jar:/opt/kafka/libs/jetty-servlet-9.4.24.v20191120.jar:/opt/kafka/libs/jetty-servlets-9.4.24.v20191120.jar:/opt/kafka/libs/jetty-util-9.4.24.v20191120.jar:/opt/kafka/libs/jopt-simple-5.0.4.jar:/opt/kafka/libs/kafka-clients-2.5.0.jar:/opt/kafka/libs/kafka-log4j-appender-2.5.0.jar:/opt/kafka/libs/kafka-streams-2.5.0.jar:/opt/kafka/libs/kafka-streams-examples-2.5.0.jar:/opt/kafka/libs/kafka-streams-scala_2.12-2.5.0.jar:/opt/kafka/libs/kafka-streams-test-utils-2.5.0.jar:/opt/kafka/libs/kafka-tools-2.5.0.jar:/opt/kafka/libs/kafka_2.12-2.5.0-javadoc.jar:/opt/kafka/libs/kafka_2.12-2.5.0-scaladoc.jar:/opt/kafka/libs/kafka_2.12-2.5.0-sources.jar:/opt/kafka/libs/kafka_2.12-2.5.0-test-sources.jar:/opt/kafka/libs/kafka_2.12-2.5.0-test.jar:/opt/kafka/libs/kafka_2.12-2.5.0.jar:/opt/kafka/libs/log4j-1.2.17.jar:/opt/kafka/libs/lz4-java-1.7.1.jar:/opt/kafka/libs/maven-artifact-3.6.3.jar:/opt/kafka/libs/metrics-core-2.2.0.jar:/opt/kafka/libs/netty-buffer-4.1.45.Final.jar:/opt/kafka/libs/netty-codec-4.1.45.Final.jar:/opt/kafka/libs/netty-common-4.1.45.Final.jar:/opt/kafka/libs/netty-handler-4.1.45.Final.jar:/opt/kafka/libs/netty-resolver-4.1.45.Final.jar:/opt/kafka/libs/netty-transport-4.1.45.Final.jar:/opt/kafka/libs/netty-transport-native-epoll-4.1.45.Final.jar:/opt/kafka/libs/netty-transport-native-unix-common-4.1.45.Final.jar:/opt/kafka/libs/osgi-resource-locator-1.0.1.jar:/opt/kafka/libs/paranamer-2.8.jar:/opt/kafka/libs/plexus-utils-3.2.1.jar:/opt/kafka/libs/reflections-0.9.12.jar:/opt/kafka/libs/rocksdbjni-5.18.3.jar:/opt/kafka/libs/scala-java8-compat_2.12-0.9.0.jar:/opt/kafka/libs/scala-collection-compat_2.12-2.1.3.jar:/opt/kafka/libs/scala-library-2.12.10.jar:/opt/kafka/libs/scala-logging_2.12-3.9.2.jar:/opt/kafka/libs/scala-reflect-2.12.10.jar:/opt/kafka/libs/slf4j-api-1.7.30.jar:/opt/kafka/libs/slf4j-log4j12-1.7.30.jar:/opt/kafka/libs/snappy-java-1.1.7.3.jar:/opt/kafka/libs/validation-api-2.0.1.Final.jar:/opt/kafka/libs/zookeeper-3.5.7.jar:/opt/kafka/libs/zookeeper-jute-3.5.7.jar:/opt/kafka/libs/zstd-jni-1.4.4-7.jar (org.apache.zookeeper.ZooKeeper)
[2020-10-28 15:47:42,299] INFO Client environment:java.library.path=/usr/java/packages/lib:/usr/lib64:/lib64:/lib:/usr/lib (org.apache.zookeeper.ZooKeeper)
[2020-10-28 15:47:42,299] INFO Client environment:java.io.tmpdir=/tmp (org.apache.zookeeper.ZooKeeper)
[2020-10-28 15:47:42,299] INFO Client environment:java.compiler=<NA> (org.apache.zookeeper.ZooKeeper)
[2020-10-28 15:47:42,299] INFO Client environment:os.name=Linux (org.apache.zookeeper.ZooKeeper)
[2020-10-28 15:47:42,299] INFO Client environment:os.arch=amd64 (org.apache.zookeeper.ZooKeeper)
[2020-10-28 15:47:42,299] INFO Client environment:os.version=4.14.193-149.317.amzn2.x86_64 (org.apache.zookeeper.ZooKeeper)
[2020-10-28 15:47:42,300] INFO Client environment:user.name=nonroot (org.apache.zookeeper.ZooKeeper)
[2020-10-28 15:47:42,300] INFO Client environment:user.home=/home/nonroot (org.apache.zookeeper.ZooKeeper)
[2020-10-28 15:47:42,300] INFO Client environment:user.dir=/opt/kafka (org.apache.zookeeper.ZooKeeper)
[2020-10-28 15:47:42,300] INFO Client environment:os.memory.free=983MB (org.apache.zookeeper.ZooKeeper)
[2020-10-28 15:47:42,300] INFO Client environment:os.memory.max=1024MB (org.apache.zookeeper.ZooKeeper)
[2020-10-28 15:47:42,300] INFO Client environment:os.memory.total=1024MB (org.apache.zookeeper.ZooKeeper)
[2020-10-28 15:47:42,303] INFO Initiating client connection, connectString=zookeeper:2181 sessionTimeout=5000 watcher=kafka.zookeeper.ZooKeeperClient$ZooKeeperClientWatcher$@a4add54 (org.apache.zookeeper.ZooKeeper)
[2020-10-28 15:47:42,307] INFO jute.maxbuffer value is 4194304 Bytes (org.apache.zookeeper.ClientCnxnSocket)
[2020-10-28 15:47:42,313] INFO zookeeper.request.timeout value is 0. feature enabled= (org.apache.zookeeper.ClientCnxn)
[2020-10-28 15:47:42,320] INFO [ZooKeeperClient Kafka server] Waiting until connected. (kafka.zookeeper.ZooKeeperClient)
[2020-10-28 15:47:42,562] INFO Opening socket connection to server zookeeper/10.233.48.122:2181. Will not attempt to authenticate using SASL (unknown error) (org.apache.zookeeper.ClientCnxn)
[2020-10-28 15:47:42,576] INFO Socket connection established, initiating session, client: /10.233.122.2:46878, server: zookeeper/10.233.48.122:2181 (org.apache.zookeeper.ClientCnxn)
[2020-10-28 15:47:42,596] INFO Session establishment complete on server zookeeper/10.233.48.122:2181, sessionid = 0x3000017c9350002, negotiated timeout = 3000 (org.apache.zookeeper.ClientCnxn)
[2020-10-28 15:47:42,599] INFO [ZooKeeperClient Kafka server] Connected. (kafka.zookeeper.ZooKeeperClient)
[2020-10-28 15:47:43,081] INFO Cluster ID = jcAUbn8rRqypbvMxZvdmMA (kafka.server.KafkaServer)
[2020-10-28 15:47:43,087] WARN No meta.properties file under dir /var/lib/kafka/data/topics/meta.properties (kafka.server.BrokerMetadataCheckpoint)
[2020-10-28 15:47:43,197] INFO KafkaConfig values: 
	advertised.host.name = null
	advertised.listeners = PLAINTEXT://:9092,OUTSIDE://10.0.2.6:32403
	advertised.port = null
	alter.config.policy.class.name = null
	alter.log.dirs.replication.quota.window.num = 11
	alter.log.dirs.replication.quota.window.size.seconds = 1
	authorizer.class.name = 
	auto.create.topics.enable = false
	auto.leader.rebalance.enable = true
	background.threads = 10
	broker.id = 3
	broker.id.generation.enable = true
	broker.rack = null
	client.quota.callback.class = null
	compression.type = producer
	connection.failed.authentication.delay.ms = 100
	connections.max.idle.ms = 600000
	connections.max.reauth.ms = 0
	control.plane.listener.name = null
	controlled.shutdown.enable = true
	controlled.shutdown.max.retries = 3
	controlled.shutdown.retry.backoff.ms = 5000
	controller.socket.timeout.ms = 5000
	create.topic.policy.class.name = null
	default.replication.factor = 3
	delegation.token.expiry.check.interval.ms = 3600000
	delegation.token.expiry.time.ms = 86400000
	delegation.token.master.key = null
	delegation.token.max.lifetime.ms = 604800000
	delete.records.purgatory.purge.interval.requests = 1
	delete.topic.enable = true
	fetch.max.bytes = 57671680
	fetch.purgatory.purge.interval.requests = 1000
	group.initial.rebalance.delay.ms = 0
	group.max.session.timeout.ms = 2000
	group.max.size = 2147483647
	group.min.session.timeout.ms = 0
	host.name = 
	inter.broker.listener.name = PLAINTEXT
	inter.broker.protocol.version = 2.5-IV0
	kafka.metrics.polling.interval.secs = 10
	kafka.metrics.reporters = []
	leader.imbalance.check.interval.seconds = 300
	leader.imbalance.per.broker.percentage = 10
	listener.security.protocol.map = PLAINTEXT:PLAINTEXT,SSL:SSL,SASL_PLAINTEXT:SASL_PLAINTEXT,SASL_SSL:SASL_SSL,OUTSIDE:PLAINTEXT
	listeners = PLAINTEXT://:9092,OUTSIDE://:9094
	log.cleaner.backoff.ms = 15000
	log.cleaner.dedupe.buffer.size = 134217728
	log.cleaner.delete.retention.ms = 86400000
	log.cleaner.enable = true
	log.cleaner.io.buffer.load.factor = 0.9
	log.cleaner.io.buffer.size = 524288
	log.cleaner.io.max.bytes.per.second = 1.7976931348623157E308
	log.cleaner.max.compaction.lag.ms = 9223372036854775807
	log.cleaner.min.cleanable.ratio = 0.5
	log.cleaner.min.compaction.lag.ms = 0
	log.cleaner.threads = 1
	log.cleanup.policy = [delete]
	log.dir = /tmp/kafka-logs
	log.dirs = /var/lib/kafka/data/topics
	log.flush.interval.messages = 9223372036854775807
	log.flush.interval.ms = null
	log.flush.offset.checkpoint.interval.ms = 60000
	log.flush.scheduler.interval.ms = 9223372036854775807
	log.flush.start.offset.checkpoint.interval.ms = 60000
	log.index.interval.bytes = 4096
	log.index.size.max.bytes = 10485760
	log.message.downconversion.enable = true
	log.message.format.version = 2.5-IV0
	log.message.timestamp.difference.max.ms = 9223372036854775807
	log.message.timestamp.type = CreateTime
	log.preallocate = false
	log.retention.bytes = -1
	log.retention.check.interval.ms = 300000
	log.retention.hours = -1
	log.retention.minutes = null
	log.retention.ms = null
	log.roll.hours = 168
	log.roll.jitter.hours = 0
	log.roll.jitter.ms = null
	log.roll.ms = null
	log.segment.bytes = 1073741824
	log.segment.delete.delay.ms = 60000
	max.connections = 2147483647
	max.connections.per.ip = 2147483647
	max.connections.per.ip.overrides = 
	max.incremental.fetch.session.cache.slots = 1000
	message.max.bytes = 1048588
	metric.reporters = []
	metrics.num.samples = 2
	metrics.recording.level = INFO
	metrics.sample.window.ms = 30000
	min.insync.replicas = 2
	num.io.threads = 8
	num.network.threads = 3
	num.partitions = 1
	num.recovery.threads.per.data.dir = 1
	num.replica.alter.log.dirs.threads = null
	num.replica.fetchers = 2
	offset.metadata.max.bytes = 4096
	offsets.commit.required.acks = -1
	offsets.commit.timeout.ms = 5000
	offsets.load.buffer.size = 5242880
	offsets.retention.check.interval.ms = 600000
	offsets.retention.minutes = 10080
	offsets.topic.compression.codec = 0
	offsets.topic.num.partitions = 2
	offsets.topic.replication.factor = 5
	offsets.topic.segment.bytes = 104857600
	password.encoder.cipher.algorithm = AES/CBC/PKCS5Padding
	password.encoder.iterations = 4096
	password.encoder.key.length = 128
	password.encoder.keyfactory.algorithm = null
	password.encoder.old.secret = null
	password.encoder.secret = null
	port = 9092
	principal.builder.class = null
	producer.purgatory.purge.interval.requests = 1000
	queued.max.request.bytes = -1
	queued.max.requests = 500
	quota.consumer.default = 9223372036854775807
	quota.producer.default = 9223372036854775807
	quota.window.num = 11
	quota.window.size.seconds = 1
	replica.fetch.backoff.ms = 1000
	replica.fetch.max.bytes = 1048576
	replica.fetch.min.bytes = 1
	replica.fetch.response.max.bytes = 10485760
	replica.fetch.wait.max.ms = 500
	replica.high.watermark.checkpoint.interval.ms = 5000
	replica.lag.time.max.ms = 5000
	replica.selector.class = null
	replica.socket.receive.buffer.bytes = 65536
	replica.socket.timeout.ms = 3000
	replication.quota.window.num = 11
	replication.quota.window.size.seconds = 1
	request.timeout.ms = 2000
	reserved.broker.max.id = 1000
	sasl.client.callback.handler.class = null
	sasl.enabled.mechanisms = [GSSAPI]
	sasl.jaas.config = null
	sasl.kerberos.kinit.cmd = /usr/bin/kinit
	sasl.kerberos.min.time.before.relogin = 60000
	sasl.kerberos.principal.to.local.rules = [DEFAULT]
	sasl.kerberos.service.name = null
	sasl.kerberos.ticket.renew.jitter = 0.05
	sasl.kerberos.ticket.renew.window.factor = 0.8
	sasl.login.callback.handler.class = null
	sasl.login.class = null
	sasl.login.refresh.buffer.seconds = 300
	sasl.login.refresh.min.period.seconds = 60
	sasl.login.refresh.window.factor = 0.8
	sasl.login.refresh.window.jitter = 0.05
	sasl.mechanism.inter.broker.protocol = GSSAPI
	sasl.server.callback.handler.class = null
	security.inter.broker.protocol = PLAINTEXT
	security.providers = null
	socket.receive.buffer.bytes = 102400
	socket.request.max.bytes = 104857600
	socket.send.buffer.bytes = 102400
	ssl.cipher.suites = []
	ssl.client.auth = none
	ssl.enabled.protocols = [TLSv1.2]
	ssl.endpoint.identification.algorithm = https
	ssl.key.password = null
	ssl.keymanager.algorithm = SunX509
	ssl.keystore.location = null
	ssl.keystore.password = null
	ssl.keystore.type = JKS
	ssl.principal.mapping.rules = DEFAULT
	ssl.protocol = TLSv1.2
	ssl.provider = null
	ssl.secure.random.implementation = null
	ssl.trustmanager.algorithm = PKIX
	ssl.truststore.location = null
	ssl.truststore.password = null
	ssl.truststore.type = JKS
	transaction.abort.timed.out.transaction.cleanup.interval.ms = 10000
	transaction.max.timeout.ms = 3000
	transaction.remove.expired.transaction.cleanup.interval.ms = 3600000
	transaction.state.log.load.buffer.size = 5242880
	transaction.state.log.min.isr = 2
	transaction.state.log.num.partitions = 50
	transaction.state.log.replication.factor = 3
	transaction.state.log.segment.bytes = 104857600
	transactional.id.expiration.ms = 604800000
	unclean.leader.election.enable = false
	zookeeper.clientCnxnSocket = null
	zookeeper.connect = zookeeper:2181
	zookeeper.connection.timeout.ms = 3000
	zookeeper.max.in.flight.requests = 10
	zookeeper.session.timeout.ms = 5000
	zookeeper.set.acl = false
	zookeeper.ssl.cipher.suites = null
	zookeeper.ssl.client.enable = false
	zookeeper.ssl.crl.enable = false
	zookeeper.ssl.enabled.protocols = null
	zookeeper.ssl.endpoint.identification.algorithm = HTTPS
	zookeeper.ssl.keystore.location = null
	zookeeper.ssl.keystore.password = null
	zookeeper.ssl.keystore.type = null
	zookeeper.ssl.ocsp.enable = false
	zookeeper.ssl.protocol = TLSv1.2
	zookeeper.ssl.truststore.location = null
	zookeeper.ssl.truststore.password = null
	zookeeper.ssl.truststore.type = null
	zookeeper.sync.time.ms = 2000
 (kafka.server.KafkaConfig)
[2020-10-28 15:47:43,217] INFO KafkaConfig values: 
	advertised.host.name = null
	advertised.listeners = PLAINTEXT://:9092,OUTSIDE://10.0.2.6:32403
	advertised.port = null
	alter.config.policy.class.name = null
	alter.log.dirs.replication.quota.window.num = 11
	alter.log.dirs.replication.quota.window.size.seconds = 1
	authorizer.class.name = 
	auto.create.topics.enable = false
	auto.leader.rebalance.enable = true
	background.threads = 10
	broker.id = 3
	broker.id.generation.enable = true
	broker.rack = null
	client.quota.callback.class = null
	compression.type = producer
	connection.failed.authentication.delay.ms = 100
	connections.max.idle.ms = 600000
	connections.max.reauth.ms = 0
	control.plane.listener.name = null
	controlled.shutdown.enable = true
	controlled.shutdown.max.retries = 3
	controlled.shutdown.retry.backoff.ms = 5000
	controller.socket.timeout.ms = 5000
	create.topic.policy.class.name = null
	default.replication.factor = 3
	delegation.token.expiry.check.interval.ms = 3600000
	delegation.token.expiry.time.ms = 86400000
	delegation.token.master.key = null
	delegation.token.max.lifetime.ms = 604800000
	delete.records.purgatory.purge.interval.requests = 1
	delete.topic.enable = true
	fetch.max.bytes = 57671680
	fetch.purgatory.purge.interval.requests = 1000
	group.initial.rebalance.delay.ms = 0
	group.max.session.timeout.ms = 2000
	group.max.size = 2147483647
	group.min.session.timeout.ms = 0
	host.name = 
	inter.broker.listener.name = PLAINTEXT
	inter.broker.protocol.version = 2.5-IV0
	kafka.metrics.polling.interval.secs = 10
	kafka.metrics.reporters = []
	leader.imbalance.check.interval.seconds = 300
	leader.imbalance.per.broker.percentage = 10
	listener.security.protocol.map = PLAINTEXT:PLAINTEXT,SSL:SSL,SASL_PLAINTEXT:SASL_PLAINTEXT,SASL_SSL:SASL_SSL,OUTSIDE:PLAINTEXT
	listeners = PLAINTEXT://:9092,OUTSIDE://:9094
	log.cleaner.backoff.ms = 15000
	log.cleaner.dedupe.buffer.size = 134217728
	log.cleaner.delete.retention.ms = 86400000
	log.cleaner.enable = true
	log.cleaner.io.buffer.load.factor = 0.9
	log.cleaner.io.buffer.size = 524288
	log.cleaner.io.max.bytes.per.second = 1.7976931348623157E308
	log.cleaner.max.compaction.lag.ms = 9223372036854775807
	log.cleaner.min.cleanable.ratio = 0.5
	log.cleaner.min.compaction.lag.ms = 0
	log.cleaner.threads = 1
	log.cleanup.policy = [delete]
	log.dir = /tmp/kafka-logs
	log.dirs = /var/lib/kafka/data/topics
	log.flush.interval.messages = 9223372036854775807
	log.flush.interval.ms = null
	log.flush.offset.checkpoint.interval.ms = 60000
	log.flush.scheduler.interval.ms = 9223372036854775807
	log.flush.start.offset.checkpoint.interval.ms = 60000
	log.index.interval.bytes = 4096
	log.index.size.max.bytes = 10485760
	log.message.downconversion.enable = true
	log.message.format.version = 2.5-IV0
	log.message.timestamp.difference.max.ms = 9223372036854775807
	log.message.timestamp.type = CreateTime
	log.preallocate = false
	log.retention.bytes = -1
	log.retention.check.interval.ms = 300000
	log.retention.hours = -1
	log.retention.minutes = null
	log.retention.ms = null
	log.roll.hours = 168
	log.roll.jitter.hours = 0
	log.roll.jitter.ms = null
	log.roll.ms = null
	log.segment.bytes = 1073741824
	log.segment.delete.delay.ms = 60000
	max.connections = 2147483647
	max.connections.per.ip = 2147483647
	max.connections.per.ip.overrides = 
	max.incremental.fetch.session.cache.slots = 1000
	message.max.bytes = 1048588
	metric.reporters = []
	metrics.num.samples = 2
	metrics.recording.level = INFO
	metrics.sample.window.ms = 30000
	min.insync.replicas = 2
	num.io.threads = 8
	num.network.threads = 3
	num.partitions = 1
	num.recovery.threads.per.data.dir = 1
	num.replica.alter.log.dirs.threads = null
	num.replica.fetchers = 2
	offset.metadata.max.bytes = 4096
	offsets.commit.required.acks = -1
	offsets.commit.timeout.ms = 5000
	offsets.load.buffer.size = 5242880
	offsets.retention.check.interval.ms = 600000
	offsets.retention.minutes = 10080
	offsets.topic.compression.codec = 0
	offsets.topic.num.partitions = 2
	offsets.topic.replication.factor = 5
	offsets.topic.segment.bytes = 104857600
	password.encoder.cipher.algorithm = AES/CBC/PKCS5Padding
	password.encoder.iterations = 4096
	password.encoder.key.length = 128
	password.encoder.keyfactory.algorithm = null
	password.encoder.old.secret = null
	password.encoder.secret = null
	port = 9092
	principal.builder.class = null
	producer.purgatory.purge.interval.requests = 1000
	queued.max.request.bytes = -1
	queued.max.requests = 500
	quota.consumer.default = 9223372036854775807
	quota.producer.default = 9223372036854775807
	quota.window.num = 11
	quota.window.size.seconds = 1
	replica.fetch.backoff.ms = 1000
	replica.fetch.max.bytes = 1048576
	replica.fetch.min.bytes = 1
	replica.fetch.response.max.bytes = 10485760
	replica.fetch.wait.max.ms = 500
	replica.high.watermark.checkpoint.interval.ms = 5000
	replica.lag.time.max.ms = 5000
	replica.selector.class = null
	replica.socket.receive.buffer.bytes = 65536
	replica.socket.timeout.ms = 3000
	replication.quota.window.num = 11
	replication.quota.window.size.seconds = 1
	request.timeout.ms = 2000
	reserved.broker.max.id = 1000
	sasl.client.callback.handler.class = null
	sasl.enabled.mechanisms = [GSSAPI]
	sasl.jaas.config = null
	sasl.kerberos.kinit.cmd = /usr/bin/kinit
	sasl.kerberos.min.time.before.relogin = 60000
	sasl.kerberos.principal.to.local.rules = [DEFAULT]
	sasl.kerberos.service.name = null
	sasl.kerberos.ticket.renew.jitter = 0.05
	sasl.kerberos.ticket.renew.window.factor = 0.8
	sasl.login.callback.handler.class = null
	sasl.login.class = null
	sasl.login.refresh.buffer.seconds = 300
	sasl.login.refresh.min.period.seconds = 60
	sasl.login.refresh.window.factor = 0.8
	sasl.login.refresh.window.jitter = 0.05
	sasl.mechanism.inter.broker.protocol = GSSAPI
	sasl.server.callback.handler.class = null
	security.inter.broker.protocol = PLAINTEXT
	security.providers = null
	socket.receive.buffer.bytes = 102400
	socket.request.max.bytes = 104857600
	socket.send.buffer.bytes = 102400
	ssl.cipher.suites = []
	ssl.client.auth = none
	ssl.enabled.protocols = [TLSv1.2]
	ssl.endpoint.identification.algorithm = https
	ssl.key.password = null
	ssl.keymanager.algorithm = SunX509
	ssl.keystore.location = null
	ssl.keystore.password = null
	ssl.keystore.type = JKS
	ssl.principal.mapping.rules = DEFAULT
	ssl.protocol = TLSv1.2
	ssl.provider = null
	ssl.secure.random.implementation = null
	ssl.trustmanager.algorithm = PKIX
	ssl.truststore.location = null
	ssl.truststore.password = null
	ssl.truststore.type = JKS
	transaction.abort.timed.out.transaction.cleanup.interval.ms = 10000
	transaction.max.timeout.ms = 3000
	transaction.remove.expired.transaction.cleanup.interval.ms = 3600000
	transaction.state.log.load.buffer.size = 5242880
	transaction.state.log.min.isr = 2
	transaction.state.log.num.partitions = 50
	transaction.state.log.replication.factor = 3
	transaction.state.log.segment.bytes = 104857600
	transactional.id.expiration.ms = 604800000
	unclean.leader.election.enable = false
	zookeeper.clientCnxnSocket = null
	zookeeper.connect = zookeeper:2181
	zookeeper.connection.timeout.ms = 3000
	zookeeper.max.in.flight.requests = 10
	zookeeper.session.timeout.ms = 5000
	zookeeper.set.acl = false
	zookeeper.ssl.cipher.suites = null
	zookeeper.ssl.client.enable = false
	zookeeper.ssl.crl.enable = false
	zookeeper.ssl.enabled.protocols = null
	zookeeper.ssl.endpoint.identification.algorithm = HTTPS
	zookeeper.ssl.keystore.location = null
	zookeeper.ssl.keystore.password = null
	zookeeper.ssl.keystore.type = null
	zookeeper.ssl.ocsp.enable = false
	zookeeper.ssl.protocol = TLSv1.2
	zookeeper.ssl.truststore.location = null
	zookeeper.ssl.truststore.password = null
	zookeeper.ssl.truststore.type = null
	zookeeper.sync.time.ms = 2000
 (kafka.server.KafkaConfig)
[2020-10-28 15:47:43,251] INFO [ThrottledChannelReaper-Fetch]: Starting (kafka.server.ClientQuotaManager$ThrottledChannelReaper)
[2020-10-28 15:47:43,252] INFO [ThrottledChannelReaper-Produce]: Starting (kafka.server.ClientQuotaManager$ThrottledChannelReaper)
[2020-10-28 15:47:43,257] INFO [ThrottledChannelReaper-Request]: Starting (kafka.server.ClientQuotaManager$ThrottledChannelReaper)
[2020-10-28 15:47:43,279] INFO Log directory /var/lib/kafka/data/topics not found, creating it. (kafka.log.LogManager)
[2020-10-28 15:47:43,287] INFO Loading logs. (kafka.log.LogManager)
[2020-10-28 15:47:43,311] INFO Logs loading complete in 24 ms. (kafka.log.LogManager)
[2020-10-28 15:47:43,331] INFO Starting log cleanup with a period of 300000 ms. (kafka.log.LogManager)
[2020-10-28 15:47:43,334] INFO Starting log flusher with a default period of 9223372036854775807 ms. (kafka.log.LogManager)
[2020-10-28 15:47:43,972] INFO Awaiting socket connections on 0.0.0.0:9092. (kafka.network.Acceptor)
[2020-10-28 15:47:44,014] INFO [SocketServer brokerId=3] Created data-plane acceptor and processors for endpoint : EndPoint(null,9092,ListenerName(PLAINTEXT),PLAINTEXT) (kafka.network.SocketServer)
[2020-10-28 15:47:44,033] INFO Awaiting socket connections on 0.0.0.0:9094. (kafka.network.Acceptor)
[2020-10-28 15:47:44,099] INFO [SocketServer brokerId=3] Created data-plane acceptor and processors for endpoint : EndPoint(null,9094,ListenerName(OUTSIDE),PLAINTEXT) (kafka.network.SocketServer)
[2020-10-28 15:47:44,101] INFO [SocketServer brokerId=3] Started 2 acceptor threads for data-plane (kafka.network.SocketServer)
[2020-10-28 15:47:44,124] INFO [ExpirationReaper-3-Produce]: Starting (kafka.server.DelayedOperationPurgatory$ExpiredOperationReaper)
[2020-10-28 15:47:44,128] INFO [ExpirationReaper-3-Fetch]: Starting (kafka.server.DelayedOperationPurgatory$ExpiredOperationReaper)
[2020-10-28 15:47:44,137] INFO [ExpirationReaper-3-DeleteRecords]: Starting (kafka.server.DelayedOperationPurgatory$ExpiredOperationReaper)
[2020-10-28 15:47:44,143] INFO [ExpirationReaper-3-ElectLeader]: Starting (kafka.server.DelayedOperationPurgatory$ExpiredOperationReaper)
[2020-10-28 15:47:44,159] INFO [LogDirFailureHandler]: Starting (kafka.server.ReplicaManager$LogDirFailureHandler)
[2020-10-28 15:47:44,266] INFO Creating /brokers/ids/3 (is it secure? false) (kafka.zk.KafkaZkClient)
[2020-10-28 15:47:44,302] INFO Stat of the created znode at /brokers/ids/3 is: 4294967371,4294967371,1603900064284,1603900064284,1,0,0,216172884273725442,293,0,4294967371
 (kafka.zk.KafkaZkClient)
[2020-10-28 15:47:44,303] INFO Registered broker 3 at path /brokers/ids/3 with addresses: ArrayBuffer(EndPoint(kafka-3.kafka.kafka.svc.cluster.local,9092,ListenerName(PLAINTEXT),PLAINTEXT), EndPoint(10.0.2.6,32403,ListenerName(OUTSIDE),PLAINTEXT)), czxid (broker epoch): 4294967371 (kafka.zk.KafkaZkClient)
[2020-10-28 15:47:44,396] INFO [ExpirationReaper-3-topic]: Starting (kafka.server.DelayedOperationPurgatory$ExpiredOperationReaper)
[2020-10-28 15:47:44,416] INFO [ExpirationReaper-3-Heartbeat]: Starting (kafka.server.DelayedOperationPurgatory$ExpiredOperationReaper)
[2020-10-28 15:47:44,417] INFO [ExpirationReaper-3-Rebalance]: Starting (kafka.server.DelayedOperationPurgatory$ExpiredOperationReaper)
[2020-10-28 15:47:44,443] INFO [GroupCoordinator 3]: Starting up. (kafka.coordinator.group.GroupCoordinator)
[2020-10-28 15:47:44,444] INFO [GroupCoordinator 3]: Startup complete. (kafka.coordinator.group.GroupCoordinator)
[2020-10-28 15:47:44,452] INFO [GroupMetadataManager brokerId=3] Removed 0 expired offsets in 8 milliseconds. (kafka.coordinator.group.GroupMetadataManager)
[2020-10-28 15:47:44,478] INFO [ProducerId Manager 3]: Acquired new producerId block (brokerId:3,blockStartProducerId:3000,blockEndProducerId:3999) by writing to Zk with path version 4 (kafka.coordinator.transaction.ProducerIdManager)
[2020-10-28 15:47:44,750] INFO [TransactionCoordinator id=3] Starting up. (kafka.coordinator.transaction.TransactionCoordinator)
[2020-10-28 15:47:44,752] INFO [TransactionCoordinator id=3] Startup complete. (kafka.coordinator.transaction.TransactionCoordinator)
[2020-10-28 15:47:44,765] INFO [Transaction Marker Channel Manager 3]: Starting (kafka.coordinator.transaction.TransactionMarkerChannelManager)
[2020-10-28 15:47:44,785] INFO [ExpirationReaper-3-AlterAcls]: Starting (kafka.server.DelayedOperationPurgatory$ExpiredOperationReaper)
[2020-10-28 15:47:44,837] INFO [/config/changes-event-process-thread]: Starting (kafka.common.ZkNodeChangeNotificationListener$ChangeEventProcessThread)
[2020-10-28 15:47:44,881] INFO [SocketServer brokerId=3] Started data-plane processors for 2 acceptors (kafka.network.SocketServer)
[2020-10-28 15:47:44,897] INFO Kafka version: 2.5.0 (org.apache.kafka.common.utils.AppInfoParser)
[2020-10-28 15:47:44,898] INFO Kafka commitId: 66563e712b0b9f84 (org.apache.kafka.common.utils.AppInfoParser)
[2020-10-28 15:47:44,899] INFO Kafka startTimeMs: 1603900064885 (org.apache.kafka.common.utils.AppInfoParser)
[2020-10-28 15:47:44,910] INFO [KafkaServer id=3] started (kafka.server.KafkaServer)
[2020-10-28 15:50:19,304] INFO [ReplicaFetcherManager on broker 3] Removed fetcher for partitions Set(t3_warnings-0) (kafka.server.ReplicaFetcherManager)
[2020-10-28 15:50:19,499] INFO [Log partition=t3_warnings-0, dir=/var/lib/kafka/data/topics] Loading producer state till offset 0 with message format version 2 (kafka.log.Log)
[2020-10-28 15:50:19,507] INFO [Log partition=t3_warnings-0, dir=/var/lib/kafka/data/topics] Completed load of log with 1 segments, log start offset 0 and log end offset 0 in 78 ms (kafka.log.Log)
[2020-10-28 15:50:19,511] INFO Created log for partition t3_warnings-0 in /var/lib/kafka/data/topics/t3_warnings-0 with properties {compression.type -> producer, min.insync.replicas -> 2, message.downconversion.enable -> true, segment.jitter.ms -> 0, cleanup.policy -> [delete], flush.ms -> 9223372036854775807, retention.ms -> -1, segment.bytes -> 1073741824, flush.messages -> 9223372036854775807, message.format.version -> 2.5-IV0, max.compaction.lag.ms -> 9223372036854775807, file.delete.delay.ms -> 60000, max.message.bytes -> 1048588, min.compaction.lag.ms -> 0, message.timestamp.type -> CreateTime, preallocate -> false, index.interval.bytes -> 4096, min.cleanable.dirty.ratio -> 0.5, unclean.leader.election.enable -> false, retention.bytes -> -1, delete.retention.ms -> 86400000, segment.ms -> 604800000, message.timestamp.difference.max.ms -> 9223372036854775807, segment.index.bytes -> 10485760}. (kafka.log.LogManager)
[2020-10-28 15:50:19,517] INFO [Partition t3_warnings-0 broker=3] No checkpointed highwatermark is found for partition t3_warnings-0 (kafka.cluster.Partition)
[2020-10-28 15:50:19,518] INFO [Partition t3_warnings-0 broker=3] Log loaded for partition t3_warnings-0 with initial high watermark 0 (kafka.cluster.Partition)
[2020-10-28 15:50:19,521] INFO [Partition t3_warnings-0 broker=3] t3_warnings-0 starts at leader epoch 0 from offset 0 with high watermark 0. Previous leader epoch was -1. (kafka.cluster.Partition)
[2020-10-28 15:50:19,948] INFO [Log partition=t3_filtered-0, dir=/var/lib/kafka/data/topics] Loading producer state till offset 0 with message format version 2 (kafka.log.Log)
[2020-10-28 15:50:19,950] INFO [Log partition=t3_filtered-0, dir=/var/lib/kafka/data/topics] Completed load of log with 1 segments, log start offset 0 and log end offset 0 in 5 ms (kafka.log.Log)
[2020-10-28 15:50:19,951] INFO Created log for partition t3_filtered-0 in /var/lib/kafka/data/topics/t3_filtered-0 with properties {compression.type -> producer, min.insync.replicas -> 2, message.downconversion.enable -> true, segment.jitter.ms -> 0, cleanup.policy -> [delete], flush.ms -> 9223372036854775807, retention.ms -> -1, segment.bytes -> 1073741824, flush.messages -> 9223372036854775807, message.format.version -> 2.5-IV0, max.compaction.lag.ms -> 9223372036854775807, file.delete.delay.ms -> 60000, max.message.bytes -> 1048588, min.compaction.lag.ms -> 0, message.timestamp.type -> CreateTime, preallocate -> false, index.interval.bytes -> 4096, min.cleanable.dirty.ratio -> 0.5, unclean.leader.election.enable -> false, retention.bytes -> -1, delete.retention.ms -> 86400000, segment.ms -> 604800000, message.timestamp.difference.max.ms -> 9223372036854775807, segment.index.bytes -> 10485760}. (kafka.log.LogManager)
[2020-10-28 15:50:19,953] INFO [Partition t3_filtered-0 broker=3] No checkpointed highwatermark is found for partition t3_filtered-0 (kafka.cluster.Partition)
[2020-10-28 15:50:19,953] INFO [Partition t3_filtered-0 broker=3] Log loaded for partition t3_filtered-0 with initial high watermark 0 (kafka.cluster.Partition)
[2020-10-28 15:50:19,955] INFO [ReplicaFetcherManager on broker 3] Removed fetcher for partitions Set(t3_filtered-0) (kafka.server.ReplicaFetcherManager)
[2020-10-28 15:50:19,980] INFO [ReplicaFetcherManager on broker 3] Added fetcher to broker 4 for partitions Map(t3_filtered-0 -> (offset=0, leaderEpoch=0)) (kafka.server.ReplicaFetcherManager)
[2020-10-28 15:50:19,992] INFO [ReplicaFetcher replicaId=3, leaderId=4, fetcherId=1] Starting (kafka.server.ReplicaFetcherThread)
[2020-10-28 15:50:19,998] INFO [ReplicaFetcher replicaId=3, leaderId=4, fetcherId=1] Truncating partition t3_filtered-0 to local high watermark 0 (kafka.server.ReplicaFetcherThread)
[2020-10-28 15:50:20,000] INFO [Log partition=t3_filtered-0, dir=/var/lib/kafka/data/topics] Truncating to 0 has no effect as the largest offset in the log is -1 (kafka.log.Log)
[2020-10-28 15:50:26,228] INFO [Log partition=t5_filtered-0, dir=/var/lib/kafka/data/topics] Loading producer state till offset 0 with message format version 2 (kafka.log.Log)
[2020-10-28 15:50:26,228] INFO [Log partition=t5_filtered-0, dir=/var/lib/kafka/data/topics] Completed load of log with 1 segments, log start offset 0 and log end offset 0 in 2 ms (kafka.log.Log)
[2020-10-28 15:50:26,229] INFO Created log for partition t5_filtered-0 in /var/lib/kafka/data/topics/t5_filtered-0 with properties {compression.type -> producer, min.insync.replicas -> 2, message.downconversion.enable -> true, segment.jitter.ms -> 0, cleanup.policy -> [delete], flush.ms -> 9223372036854775807, retention.ms -> -1, segment.bytes -> 1073741824, flush.messages -> 9223372036854775807, message.format.version -> 2.5-IV0, max.compaction.lag.ms -> 9223372036854775807, file.delete.delay.ms -> 60000, max.message.bytes -> 1048588, min.compaction.lag.ms -> 0, message.timestamp.type -> CreateTime, preallocate -> false, index.interval.bytes -> 4096, min.cleanable.dirty.ratio -> 0.5, unclean.leader.election.enable -> false, retention.bytes -> -1, delete.retention.ms -> 86400000, segment.ms -> 604800000, message.timestamp.difference.max.ms -> 9223372036854775807, segment.index.bytes -> 10485760}. (kafka.log.LogManager)
[2020-10-28 15:50:26,230] INFO [Partition t5_filtered-0 broker=3] No checkpointed highwatermark is found for partition t5_filtered-0 (kafka.cluster.Partition)
[2020-10-28 15:50:26,230] INFO [Partition t5_filtered-0 broker=3] Log loaded for partition t5_filtered-0 with initial high watermark 0 (kafka.cluster.Partition)
[2020-10-28 15:50:26,230] INFO [ReplicaFetcherManager on broker 3] Removed fetcher for partitions Set(t5_filtered-0) (kafka.server.ReplicaFetcherManager)
[2020-10-28 15:50:26,237] INFO [ReplicaFetcherManager on broker 3] Added fetcher to broker 0 for partitions Map(t5_filtered-0 -> (offset=0, leaderEpoch=0)) (kafka.server.ReplicaFetcherManager)
[2020-10-28 15:50:26,241] INFO [ReplicaFetcher replicaId=3, leaderId=0, fetcherId=1] Starting (kafka.server.ReplicaFetcherThread)
[2020-10-28 15:50:26,241] INFO [ReplicaFetcher replicaId=3, leaderId=0, fetcherId=1] Truncating partition t5_filtered-0 to local high watermark 0 (kafka.server.ReplicaFetcherThread)
[2020-10-28 15:50:26,241] INFO [Log partition=t5_filtered-0, dir=/var/lib/kafka/data/topics] Truncating to 0 has no effect as the largest offset in the log is -1 (kafka.log.Log)
[2020-10-28 15:50:26,268] ERROR [ReplicaFetcher replicaId=3, leaderId=0, fetcherId=1] Error for partition t5_filtered-0 at offset 0 (kafka.server.ReplicaFetcherThread)
org.apache.kafka.common.errors.UnknownTopicOrPartitionException: This server does not host this topic-partition.
[2020-10-28 15:50:27,499] INFO [Log partition=t6_warnings-0, dir=/var/lib/kafka/data/topics] Loading producer state till offset 0 with message format version 2 (kafka.log.Log)
[2020-10-28 15:50:27,499] INFO [Log partition=t6_warnings-0, dir=/var/lib/kafka/data/topics] Completed load of log with 1 segments, log start offset 0 and log end offset 0 in 2 ms (kafka.log.Log)
[2020-10-28 15:50:27,502] INFO Created log for partition t6_warnings-0 in /var/lib/kafka/data/topics/t6_warnings-0 with properties {compression.type -> producer, min.insync.replicas -> 2, message.downconversion.enable -> true, segment.jitter.ms -> 0, cleanup.policy -> [delete], flush.ms -> 9223372036854775807, retention.ms -> -1, segment.bytes -> 1073741824, flush.messages -> 9223372036854775807, message.format.version -> 2.5-IV0, max.compaction.lag.ms -> 9223372036854775807, file.delete.delay.ms -> 60000, max.message.bytes -> 1048588, min.compaction.lag.ms -> 0, message.timestamp.type -> CreateTime, preallocate -> false, index.interval.bytes -> 4096, min.cleanable.dirty.ratio -> 0.5, unclean.leader.election.enable -> false, retention.bytes -> -1, delete.retention.ms -> 86400000, segment.ms -> 604800000, message.timestamp.difference.max.ms -> 9223372036854775807, segment.index.bytes -> 10485760}. (kafka.log.LogManager)
[2020-10-28 15:50:27,503] INFO [Partition t6_warnings-0 broker=3] No checkpointed highwatermark is found for partition t6_warnings-0 (kafka.cluster.Partition)
[2020-10-28 15:50:27,512] INFO [Partition t6_warnings-0 broker=3] Log loaded for partition t6_warnings-0 with initial high watermark 0 (kafka.cluster.Partition)
[2020-10-28 15:50:27,513] INFO [ReplicaFetcherManager on broker 3] Removed fetcher for partitions Set(t6_warnings-0) (kafka.server.ReplicaFetcherManager)
[2020-10-28 15:50:27,566] INFO [ReplicaFetcherManager on broker 3] Added fetcher to broker 2 for partitions Map(t6_warnings-0 -> (offset=0, leaderEpoch=0)) (kafka.server.ReplicaFetcherManager)
[2020-10-28 15:50:27,569] INFO [ReplicaFetcher replicaId=3, leaderId=2, fetcherId=0] Starting (kafka.server.ReplicaFetcherThread)
[2020-10-28 15:50:27,569] INFO [ReplicaFetcher replicaId=3, leaderId=2, fetcherId=0] Truncating partition t6_warnings-0 to local high watermark 0 (kafka.server.ReplicaFetcherThread)
[2020-10-28 15:50:27,569] INFO [Log partition=t6_warnings-0, dir=/var/lib/kafka/data/topics] Truncating to 0 has no effect as the largest offset in the log is -1 (kafka.log.Log)
[2020-10-28 15:50:31,373] INFO [ReplicaFetcherManager on broker 3] Removed fetcher for partitions Set(t7_filtered-0) (kafka.server.ReplicaFetcherManager)
[2020-10-28 15:50:31,384] INFO [Log partition=t7_filtered-0, dir=/var/lib/kafka/data/topics] Loading producer state till offset 0 with message format version 2 (kafka.log.Log)
[2020-10-28 15:50:31,384] INFO [Log partition=t7_filtered-0, dir=/var/lib/kafka/data/topics] Completed load of log with 1 segments, log start offset 0 and log end offset 0 in 2 ms (kafka.log.Log)
[2020-10-28 15:50:31,385] INFO Created log for partition t7_filtered-0 in /var/lib/kafka/data/topics/t7_filtered-0 with properties {compression.type -> producer, min.insync.replicas -> 2, message.downconversion.enable -> true, segment.jitter.ms -> 0, cleanup.policy -> [delete], flush.ms -> 9223372036854775807, retention.ms -> -1, segment.bytes -> 1073741824, flush.messages -> 9223372036854775807, message.format.version -> 2.5-IV0, max.compaction.lag.ms -> 9223372036854775807, file.delete.delay.ms -> 60000, max.message.bytes -> 1048588, min.compaction.lag.ms -> 0, message.timestamp.type -> CreateTime, preallocate -> false, index.interval.bytes -> 4096, min.cleanable.dirty.ratio -> 0.5, unclean.leader.election.enable -> false, retention.bytes -> -1, delete.retention.ms -> 86400000, segment.ms -> 604800000, message.timestamp.difference.max.ms -> 9223372036854775807, segment.index.bytes -> 10485760}. (kafka.log.LogManager)
[2020-10-28 15:50:31,386] INFO [Partition t7_filtered-0 broker=3] No checkpointed highwatermark is found for partition t7_filtered-0 (kafka.cluster.Partition)
[2020-10-28 15:50:31,386] INFO [Partition t7_filtered-0 broker=3] Log loaded for partition t7_filtered-0 with initial high watermark 0 (kafka.cluster.Partition)
[2020-10-28 15:50:31,386] INFO [Partition t7_filtered-0 broker=3] t7_filtered-0 starts at leader epoch 0 from offset 0 with high watermark 0. Previous leader epoch was -1. (kafka.cluster.Partition)
[2020-10-28 15:51:16,538] INFO [Log partition=t2-0, dir=/var/lib/kafka/data/topics] Loading producer state till offset 0 with message format version 2 (kafka.log.Log)
[2020-10-28 15:51:16,540] INFO [Log partition=t2-0, dir=/var/lib/kafka/data/topics] Completed load of log with 1 segments, log start offset 0 and log end offset 0 in 5 ms (kafka.log.Log)
[2020-10-28 15:51:16,542] INFO Created log for partition t2-0 in /var/lib/kafka/data/topics/t2-0 with properties {compression.type -> producer, min.insync.replicas -> 2, message.downconversion.enable -> true, segment.jitter.ms -> 0, cleanup.policy -> [delete], flush.ms -> 9223372036854775807, retention.ms -> -1, segment.bytes -> 1073741824, flush.messages -> 9223372036854775807, message.format.version -> 2.5-IV0, max.compaction.lag.ms -> 9223372036854775807, file.delete.delay.ms -> 60000, max.message.bytes -> 1048588, min.compaction.lag.ms -> 0, message.timestamp.type -> CreateTime, preallocate -> false, index.interval.bytes -> 4096, min.cleanable.dirty.ratio -> 0.5, unclean.leader.election.enable -> false, retention.bytes -> -1, delete.retention.ms -> 86400000, segment.ms -> 604800000, message.timestamp.difference.max.ms -> 9223372036854775807, segment.index.bytes -> 10485760}. (kafka.log.LogManager)
[2020-10-28 15:51:16,545] INFO [Partition t2-0 broker=3] No checkpointed highwatermark is found for partition t2-0 (kafka.cluster.Partition)
[2020-10-28 15:51:16,554] INFO [Partition t2-0 broker=3] Log loaded for partition t2-0 with initial high watermark 0 (kafka.cluster.Partition)
[2020-10-28 15:51:16,555] INFO [ReplicaFetcherManager on broker 3] Removed fetcher for partitions Set(t2-0) (kafka.server.ReplicaFetcherManager)
[2020-10-28 15:51:16,568] INFO [ReplicaFetcher replicaId=3, leaderId=1, fetcherId=0] Starting (kafka.server.ReplicaFetcherThread)
[2020-10-28 15:51:16,571] INFO [ReplicaFetcher replicaId=3, leaderId=1, fetcherId=0] Truncating partition t2-0 to local high watermark 0 (kafka.server.ReplicaFetcherThread)
[2020-10-28 15:51:16,572] INFO [Log partition=t2-0, dir=/var/lib/kafka/data/topics] Truncating to 0 has no effect as the largest offset in the log is -1 (kafka.log.Log)
[2020-10-28 15:51:16,568] INFO [ReplicaFetcherManager on broker 3] Added fetcher to broker 1 for partitions Map(t2-0 -> (offset=0, leaderEpoch=0)) (kafka.server.ReplicaFetcherManager)
[2020-10-28 15:51:21,360] INFO [ReplicaFetcherManager on broker 3] Removed fetcher for partitions Set(t4-0) (kafka.server.ReplicaFetcherManager)
[2020-10-28 15:51:21,369] INFO [Log partition=t4-0, dir=/var/lib/kafka/data/topics] Loading producer state till offset 0 with message format version 2 (kafka.log.Log)
[2020-10-28 15:51:21,370] INFO [Log partition=t4-0, dir=/var/lib/kafka/data/topics] Completed load of log with 1 segments, log start offset 0 and log end offset 0 in 3 ms (kafka.log.Log)
[2020-10-28 15:51:21,371] INFO Created log for partition t4-0 in /var/lib/kafka/data/topics/t4-0 with properties {compression.type -> producer, min.insync.replicas -> 2, message.downconversion.enable -> true, segment.jitter.ms -> 0, cleanup.policy -> [delete], flush.ms -> 9223372036854775807, retention.ms -> -1, segment.bytes -> 1073741824, flush.messages -> 9223372036854775807, message.format.version -> 2.5-IV0, max.compaction.lag.ms -> 9223372036854775807, file.delete.delay.ms -> 60000, max.message.bytes -> 1048588, min.compaction.lag.ms -> 0, message.timestamp.type -> CreateTime, preallocate -> false, index.interval.bytes -> 4096, min.cleanable.dirty.ratio -> 0.5, unclean.leader.election.enable -> false, retention.bytes -> -1, delete.retention.ms -> 86400000, segment.ms -> 604800000, message.timestamp.difference.max.ms -> 9223372036854775807, segment.index.bytes -> 10485760}. (kafka.log.LogManager)
[2020-10-28 15:51:21,372] INFO [Partition t4-0 broker=3] No checkpointed highwatermark is found for partition t4-0 (kafka.cluster.Partition)
[2020-10-28 15:51:21,373] INFO [Partition t4-0 broker=3] Log loaded for partition t4-0 with initial high watermark 0 (kafka.cluster.Partition)
[2020-10-28 15:51:21,373] INFO [Partition t4-0 broker=3] t4-0 starts at leader epoch 0 from offset 0 with high watermark 0. Previous leader epoch was -1. (kafka.cluster.Partition)
[2020-10-28 15:51:25,539] INFO [Log partition=t5-0, dir=/var/lib/kafka/data/topics] Loading producer state till offset 0 with message format version 2 (kafka.log.Log)
[2020-10-28 15:51:25,540] INFO [Log partition=t5-0, dir=/var/lib/kafka/data/topics] Completed load of log with 1 segments, log start offset 0 and log end offset 0 in 4 ms (kafka.log.Log)
[2020-10-28 15:51:25,541] INFO Created log for partition t5-0 in /var/lib/kafka/data/topics/t5-0 with properties {compression.type -> producer, min.insync.replicas -> 2, message.downconversion.enable -> true, segment.jitter.ms -> 0, cleanup.policy -> [delete], flush.ms -> 9223372036854775807, retention.ms -> -1, segment.bytes -> 1073741824, flush.messages -> 9223372036854775807, message.format.version -> 2.5-IV0, max.compaction.lag.ms -> 9223372036854775807, file.delete.delay.ms -> 60000, max.message.bytes -> 1048588, min.compaction.lag.ms -> 0, message.timestamp.type -> CreateTime, preallocate -> false, index.interval.bytes -> 4096, min.cleanable.dirty.ratio -> 0.5, unclean.leader.election.enable -> false, retention.bytes -> -1, delete.retention.ms -> 86400000, segment.ms -> 604800000, message.timestamp.difference.max.ms -> 9223372036854775807, segment.index.bytes -> 10485760}. (kafka.log.LogManager)
[2020-10-28 15:51:25,542] INFO [Partition t5-0 broker=3] No checkpointed highwatermark is found for partition t5-0 (kafka.cluster.Partition)
[2020-10-28 15:51:25,543] INFO [Partition t5-0 broker=3] Log loaded for partition t5-0 with initial high watermark 0 (kafka.cluster.Partition)
[2020-10-28 15:51:25,543] INFO [ReplicaFetcherManager on broker 3] Removed fetcher for partitions Set(t5-0) (kafka.server.ReplicaFetcherManager)
[2020-10-28 15:51:25,545] INFO [ReplicaFetcherManager on broker 3] Added fetcher to broker 4 for partitions Map(t5-0 -> (offset=0, leaderEpoch=0)) (kafka.server.ReplicaFetcherManager)
[2020-10-28 15:51:25,925] INFO [ReplicaFetcher replicaId=3, leaderId=4, fetcherId=1] Truncating partition t5-0 to local high watermark 0 (kafka.server.ReplicaFetcherThread)
[2020-10-28 15:51:25,926] INFO [Log partition=t5-0, dir=/var/lib/kafka/data/topics] Truncating to 0 has no effect as the largest offset in the log is -1 (kafka.log.Log)
[2020-10-28 15:51:25,944] INFO [Log partition=t6-0, dir=/var/lib/kafka/data/topics] Loading producer state till offset 0 with message format version 2 (kafka.log.Log)
[2020-10-28 15:51:25,944] INFO [Log partition=t6-0, dir=/var/lib/kafka/data/topics] Completed load of log with 1 segments, log start offset 0 and log end offset 0 in 2 ms (kafka.log.Log)
[2020-10-28 15:51:25,946] INFO Created log for partition t6-0 in /var/lib/kafka/data/topics/t6-0 with properties {compression.type -> producer, min.insync.replicas -> 2, message.downconversion.enable -> true, segment.jitter.ms -> 0, cleanup.policy -> [delete], flush.ms -> 9223372036854775807, retention.ms -> -1, segment.bytes -> 1073741824, flush.messages -> 9223372036854775807, message.format.version -> 2.5-IV0, max.compaction.lag.ms -> 9223372036854775807, file.delete.delay.ms -> 60000, max.message.bytes -> 1048588, min.compaction.lag.ms -> 0, message.timestamp.type -> CreateTime, preallocate -> false, index.interval.bytes -> 4096, min.cleanable.dirty.ratio -> 0.5, unclean.leader.election.enable -> false, retention.bytes -> -1, delete.retention.ms -> 86400000, segment.ms -> 604800000, message.timestamp.difference.max.ms -> 9223372036854775807, segment.index.bytes -> 10485760}. (kafka.log.LogManager)
[2020-10-28 15:51:25,946] INFO [Partition t6-0 broker=3] No checkpointed highwatermark is found for partition t6-0 (kafka.cluster.Partition)
[2020-10-28 15:51:25,948] INFO [Partition t6-0 broker=3] Log loaded for partition t6-0 with initial high watermark 0 (kafka.cluster.Partition)
[2020-10-28 15:51:25,949] INFO [ReplicaFetcherManager on broker 3] Removed fetcher for partitions Set(t6-0) (kafka.server.ReplicaFetcherManager)
[2020-10-28 15:51:25,950] INFO [ReplicaFetcherManager on broker 3] Added fetcher to broker 2 for partitions Map(t6-0 -> (offset=0, leaderEpoch=0)) (kafka.server.ReplicaFetcherManager)
[2020-10-28 15:51:26,196] INFO [ReplicaFetcher replicaId=3, leaderId=2, fetcherId=0] Truncating partition t6-0 to local high watermark 0 (kafka.server.ReplicaFetcherThread)
[2020-10-28 15:51:26,196] INFO [Log partition=t6-0, dir=/var/lib/kafka/data/topics] Truncating to 0 has no effect as the largest offset in the log is -1 (kafka.log.Log)
[2020-10-28 15:51:29,092] INFO [Log partition=t7-0, dir=/var/lib/kafka/data/topics] Loading producer state till offset 0 with message format version 2 (kafka.log.Log)
[2020-10-28 15:51:29,093] INFO [Log partition=t7-0, dir=/var/lib/kafka/data/topics] Completed load of log with 1 segments, log start offset 0 and log end offset 0 in 2 ms (kafka.log.Log)
[2020-10-28 15:51:29,094] INFO Created log for partition t7-0 in /var/lib/kafka/data/topics/t7-0 with properties {compression.type -> producer, min.insync.replicas -> 2, message.downconversion.enable -> true, segment.jitter.ms -> 0, cleanup.policy -> [delete], flush.ms -> 9223372036854775807, retention.ms -> -1, segment.bytes -> 1073741824, flush.messages -> 9223372036854775807, message.format.version -> 2.5-IV0, max.compaction.lag.ms -> 9223372036854775807, file.delete.delay.ms -> 60000, max.message.bytes -> 1048588, min.compaction.lag.ms -> 0, message.timestamp.type -> CreateTime, preallocate -> false, index.interval.bytes -> 4096, min.cleanable.dirty.ratio -> 0.5, unclean.leader.election.enable -> false, retention.bytes -> -1, delete.retention.ms -> 86400000, segment.ms -> 604800000, message.timestamp.difference.max.ms -> 9223372036854775807, segment.index.bytes -> 10485760}. (kafka.log.LogManager)
[2020-10-28 15:51:29,095] INFO [Partition t7-0 broker=3] No checkpointed highwatermark is found for partition t7-0 (kafka.cluster.Partition)
[2020-10-28 15:51:29,095] INFO [Partition t7-0 broker=3] Log loaded for partition t7-0 with initial high watermark 0 (kafka.cluster.Partition)
[2020-10-28 15:51:29,096] INFO [ReplicaFetcherManager on broker 3] Removed fetcher for partitions Set(t7-0) (kafka.server.ReplicaFetcherManager)
[2020-10-28 15:51:29,101] INFO [ReplicaFetcherManager on broker 3] Added fetcher to broker 1 for partitions Map(t7-0 -> (offset=0, leaderEpoch=0)) (kafka.server.ReplicaFetcherManager)
[2020-10-28 15:51:29,103] INFO [ReplicaFetcher replicaId=3, leaderId=1, fetcherId=1] Starting (kafka.server.ReplicaFetcherThread)
[2020-10-28 15:51:29,105] INFO [ReplicaFetcher replicaId=3, leaderId=1, fetcherId=1] Truncating partition t7-0 to local high watermark 0 (kafka.server.ReplicaFetcherThread)
[2020-10-28 15:51:29,105] INFO [Log partition=t7-0, dir=/var/lib/kafka/data/topics] Truncating to 0 has no effect as the largest offset in the log is -1 (kafka.log.Log)
[2020-10-28 15:51:29,131] ERROR [ReplicaFetcher replicaId=3, leaderId=1, fetcherId=1] Error for partition t7-0 at offset 0 (kafka.server.ReplicaFetcherThread)
org.apache.kafka.common.errors.UnknownTopicOrPartitionException: This server does not host this topic-partition.
[2020-10-28 15:57:44,446] INFO [GroupMetadataManager brokerId=3] Removed 0 expired offsets in 0 milliseconds. (kafka.coordinator.group.GroupMetadataManager)
[2020-10-28 15:59:35,535] INFO Unable to read additional data from server sessionid 0x3000017c9350002, likely server has closed socket, closing socket connection and attempting reconnect (org.apache.zookeeper.ClientCnxn)
[2020-10-28 15:59:36,822] INFO Opening socket connection to server zookeeper/10.233.48.122:2181. Will not attempt to authenticate using SASL (unknown error) (org.apache.zookeeper.ClientCnxn)
[2020-10-28 15:59:36,822] INFO Socket connection established, initiating session, client: /10.233.122.2:49742, server: zookeeper/10.233.48.122:2181 (org.apache.zookeeper.ClientCnxn)
[2020-10-28 15:59:36,826] INFO Session establishment complete on server zookeeper/10.233.48.122:2181, sessionid = 0x3000017c9350002, negotiated timeout = 3000 (org.apache.zookeeper.ClientCnxn)
[2020-10-28 15:59:38,503] INFO [ReplicaFetcherManager on broker 3] Removed fetcher for partitions Set(t7-0) (kafka.server.ReplicaFetcherManager)
[2020-10-28 15:59:38,504] INFO [Partition t7-0 broker=3] t7-0 starts at leader epoch 1 from offset 87372 with high watermark 87367. Previous leader epoch was 0. (kafka.cluster.Partition)
[2020-10-28 15:59:38,507] INFO [ReplicaFetcherManager on broker 3] Removed fetcher for partitions Set(t2-0) (kafka.server.ReplicaFetcherManager)
[2020-10-28 15:59:38,507] INFO [ReplicaFetcherManager on broker 3] Added fetcher to broker 2 for partitions Map(t2-0 -> (offset=87403, leaderEpoch=1)) (kafka.server.ReplicaFetcherManager)
[2020-10-28 15:59:38,509] INFO [ReplicaFetcher replicaId=3, leaderId=1, fetcherId=0] Shutting down (kafka.server.ReplicaFetcherThread)
[2020-10-28 15:59:38,513] INFO [ReplicaFetcher replicaId=3, leaderId=1, fetcherId=0] Error sending fetch request (sessionId=2092630309, epoch=13489) to node 1: {}. (org.apache.kafka.clients.FetchSessionHandler)
java.io.IOException: Client was shutdown before response was read
	at org.apache.kafka.clients.NetworkClientUtils.sendAndReceive(NetworkClientUtils.java:109)
	at kafka.server.ReplicaFetcherBlockingSend.sendRequest(ReplicaFetcherBlockingSend.scala:108)
	at kafka.server.ReplicaFetcherThread.fetchFromLeader(ReplicaFetcherThread.scala:206)
	at kafka.server.AbstractFetcherThread.processFetchRequest(AbstractFetcherThread.scala:300)
	at kafka.server.AbstractFetcherThread.$anonfun$maybeFetch$3(AbstractFetcherThread.scala:135)
	at kafka.server.AbstractFetcherThread.maybeFetch(AbstractFetcherThread.scala:134)
	at kafka.server.AbstractFetcherThread.doWork(AbstractFetcherThread.scala:117)
	at kafka.utils.ShutdownableThread.run(ShutdownableThread.scala:96)
[2020-10-28 15:59:38,514] INFO [ReplicaFetcher replicaId=3, leaderId=1, fetcherId=0] Shutdown completed (kafka.server.ReplicaFetcherThread)
[2020-10-28 15:59:38,514] INFO [ReplicaFetcher replicaId=3, leaderId=1, fetcherId=0] Stopped (kafka.server.ReplicaFetcherThread)
[2020-10-28 15:59:38,523] INFO [ReplicaFetcher replicaId=3, leaderId=1, fetcherId=1] Shutting down (kafka.server.ReplicaFetcherThread)
[2020-10-28 15:59:38,524] INFO [ReplicaFetcher replicaId=3, leaderId=1, fetcherId=1] Error sending fetch request (sessionId=1655538894, epoch=14010) to node 1: {}. (org.apache.kafka.clients.FetchSessionHandler)
java.io.IOException: Client was shutdown before response was read
	at org.apache.kafka.clients.NetworkClientUtils.sendAndReceive(NetworkClientUtils.java:109)
	at kafka.server.ReplicaFetcherBlockingSend.sendRequest(ReplicaFetcherBlockingSend.scala:108)
	at kafka.server.ReplicaFetcherThread.fetchFromLeader(ReplicaFetcherThread.scala:206)
	at kafka.server.AbstractFetcherThread.processFetchRequest(AbstractFetcherThread.scala:300)
	at kafka.server.AbstractFetcherThread.$anonfun$maybeFetch$3(AbstractFetcherThread.scala:135)
	at kafka.server.AbstractFetcherThread.maybeFetch(AbstractFetcherThread.scala:134)
	at kafka.server.AbstractFetcherThread.doWork(AbstractFetcherThread.scala:117)
	at kafka.utils.ShutdownableThread.run(ShutdownableThread.scala:96)
[2020-10-28 15:59:38,525] INFO [ReplicaFetcher replicaId=3, leaderId=1, fetcherId=1] Shutdown completed (kafka.server.ReplicaFetcherThread)
[2020-10-28 15:59:38,525] INFO [ReplicaFetcher replicaId=3, leaderId=1, fetcherId=1] Stopped (kafka.server.ReplicaFetcherThread)
[2020-10-28 15:59:38,613] INFO [ReplicaFetcherManager on broker 3] Removed fetcher for partitions Set(t7_filtered-0, t3_warnings-0, t4-0) (kafka.server.ReplicaFetcherManager)
[2020-10-28 15:59:38,613] INFO [Partition t7_filtered-0 broker=3] t7_filtered-0 starts at leader epoch 1 from offset 87364 with high watermark 87364. Previous leader epoch was 0. (kafka.cluster.Partition)
[2020-10-28 15:59:38,616] INFO [Partition t3_warnings-0 broker=3] t3_warnings-0 starts at leader epoch 1 from offset 1717 with high watermark 1717. Previous leader epoch was 0. (kafka.cluster.Partition)
[2020-10-28 15:59:38,618] INFO [Partition t4-0 broker=3] t4-0 starts at leader epoch 1 from offset 87263 with high watermark 87260. Previous leader epoch was 0. (kafka.cluster.Partition)
[2020-10-28 15:59:38,658] INFO [Log partition=t2-0, dir=/var/lib/kafka/data/topics] Truncating to 87403 has no effect as the largest offset in the log is 87402 (kafka.log.Log)
[2020-10-28 15:59:39,190] INFO [Partition t7_filtered-0 broker=3] Expanding ISR from 3,5 to 3,5,1 (kafka.cluster.Partition)
[2020-10-28 15:59:39,254] INFO [Partition t7_filtered-0 broker=3] ISR updated to [3,5,1] and zkVersion updated to [2] (kafka.cluster.Partition)
[2020-10-28 15:59:39,256] INFO [Partition t3_warnings-0 broker=3] Expanding ISR from 3,5 to 3,5,1 (kafka.cluster.Partition)
[2020-10-28 15:59:39,273] INFO [Partition t3_warnings-0 broker=3] ISR updated to [3,5,1] and zkVersion updated to [2] (kafka.cluster.Partition)
[2020-10-28 15:59:39,275] INFO [Partition t7-0 broker=3] Expanding ISR from 3,0 to 3,0,1 (kafka.cluster.Partition)
[2020-10-28 15:59:39,291] INFO [Partition t7-0 broker=3] ISR updated to [3,0,1] and zkVersion updated to [2] (kafka.cluster.Partition)
[2020-10-28 15:59:39,417] INFO [Partition t4-0 broker=3] Expanding ISR from 3,4 to 3,4,1 (kafka.cluster.Partition)
[2020-10-28 15:59:39,424] INFO [Partition t4-0 broker=3] ISR updated to [3,4,1] and zkVersion updated to [2] (kafka.cluster.Partition)
[2020-10-28 16:00:10,446] INFO [ReplicaFetcherManager on broker 3] Removed fetcher for partitions Set(t7_filtered-0, t3_warnings-0, t7-0, t4-0) (kafka.server.ReplicaFetcherManager)
[2020-10-28 16:00:10,446] INFO [Partition t7_filtered-0 broker=3] t7_filtered-0 starts at leader epoch 2 from offset 93740 with high watermark 93731. Previous leader epoch was 1. (kafka.cluster.Partition)
[2020-10-28 16:00:10,452] INFO [Partition t3_warnings-0 broker=3] t3_warnings-0 starts at leader epoch 2 from offset 1818 with high watermark 1818. Previous leader epoch was 1. (kafka.cluster.Partition)
[2020-10-28 16:00:10,456] INFO [Partition t7-0 broker=3] t7-0 starts at leader epoch 2 from offset 93778 with high watermark 93771. Previous leader epoch was 1. (kafka.cluster.Partition)
[2020-10-28 16:00:10,461] INFO [Partition t4-0 broker=3] t4-0 starts at leader epoch 2 from offset 93655 with high watermark 93652. Previous leader epoch was 1. (kafka.cluster.Partition)
[2020-10-28 16:00:10,465] INFO [ReplicaFetcherManager on broker 3] Removed fetcher for partitions Set(t2-0) (kafka.server.ReplicaFetcherManager)
[2020-10-28 16:00:10,467] INFO [ReplicaFetcherManager on broker 3] Added fetcher to broker 2 for partitions Map(t2-0 -> (offset=93760, leaderEpoch=2)) (kafka.server.ReplicaFetcherManager)
[2020-10-28 16:00:10,491] INFO [Log partition=t2-0, dir=/var/lib/kafka/data/topics] Truncating to 93760 has no effect as the largest offset in the log is 93759 (kafka.log.Log)
[2020-10-28 16:00:10,822] INFO [Partition t3_warnings-0 broker=3] Expanding ISR from 3,5 to 3,5,1 (kafka.cluster.Partition)
[2020-10-28 16:00:10,852] INFO [Partition t3_warnings-0 broker=3] ISR updated to [3,5,1] and zkVersion updated to [4] (kafka.cluster.Partition)
[2020-10-28 16:00:10,852] INFO [Partition t7-0 broker=3] Expanding ISR from 3,0 to 3,0,1 (kafka.cluster.Partition)
[2020-10-28 16:00:10,872] INFO [Partition t7-0 broker=3] ISR updated to [3,0,1] and zkVersion updated to [4] (kafka.cluster.Partition)
[2020-10-28 16:00:10,897] INFO [Partition t7_filtered-0 broker=3] Expanding ISR from 3,5 to 3,5,1 (kafka.cluster.Partition)
[2020-10-28 16:00:10,915] INFO [Partition t7_filtered-0 broker=3] ISR updated to [3,5,1] and zkVersion updated to [4] (kafka.cluster.Partition)
[2020-10-28 16:00:10,980] INFO [Partition t4-0 broker=3] Expanding ISR from 3,4 to 3,4,1 (kafka.cluster.Partition)
[2020-10-28 16:00:10,990] INFO [Partition t4-0 broker=3] ISR updated to [3,4,1] and zkVersion updated to [4] (kafka.cluster.Partition)
[2020-10-28 16:02:40,930] INFO [ReplicaFetcherManager on broker 3] Removed fetcher for partitions Set(t7_filtered-0, t3_warnings-0) (kafka.server.ReplicaFetcherManager)
[2020-10-28 16:02:40,931] INFO [Partition t7_filtered-0 broker=3] t7_filtered-0 starts at leader epoch 3 from offset 123368 with high watermark 123350. Previous leader epoch was 2. (kafka.cluster.Partition)
[2020-10-28 16:02:40,935] INFO [Partition t3_warnings-0 broker=3] t3_warnings-0 starts at leader epoch 3 from offset 2424 with high watermark 2424. Previous leader epoch was 2. (kafka.cluster.Partition)
[2020-10-28 16:02:45,667] INFO [ReplicaFetcherManager on broker 3] Removed fetcher for partitions Set(t2-0, t7-0) (kafka.server.ReplicaFetcherManager)
[2020-10-28 16:02:45,689] INFO [ReplicaFetcherManager on broker 3] Added fetcher to broker 1 for partitions Map(t2-0 -> (offset=124842, leaderEpoch=3)) (kafka.server.ReplicaFetcherManager)
[2020-10-28 16:02:45,785] INFO [ReplicaFetcherManager on broker 3] Added fetcher to broker 1 for partitions Map(t7-0 -> (offset=124802, leaderEpoch=3)) (kafka.server.ReplicaFetcherManager)
[2020-10-28 16:02:45,786] INFO [ReplicaFetcher replicaId=3, leaderId=1, fetcherId=0] Starting (kafka.server.ReplicaFetcherThread)
[2020-10-28 16:02:45,787] INFO [ReplicaFetcher replicaId=3, leaderId=1, fetcherId=1] Starting (kafka.server.ReplicaFetcherThread)
[2020-10-28 16:02:45,821] INFO [Log partition=t2-0, dir=/var/lib/kafka/data/topics] Truncating to 124845 has no effect as the largest offset in the log is 124844 (kafka.log.Log)
[2020-10-28 16:02:45,822] INFO [Log partition=t7-0, dir=/var/lib/kafka/data/topics] Truncating to 124816 has no effect as the largest offset in the log is 124815 (kafka.log.Log)
[2020-10-28 16:02:51,231] INFO [ReplicaFetcher replicaId=3, leaderId=0, fetcherId=1] Error sending fetch request (sessionId=1287564127, epoch=16152) to node 0: {}. (org.apache.kafka.clients.FetchSessionHandler)
java.io.IOException: Connection to 0 was disconnected before the response was read
	at org.apache.kafka.clients.NetworkClientUtils.sendAndReceive(NetworkClientUtils.java:100)
	at kafka.server.ReplicaFetcherBlockingSend.sendRequest(ReplicaFetcherBlockingSend.scala:108)
	at kafka.server.ReplicaFetcherThread.fetchFromLeader(ReplicaFetcherThread.scala:206)
	at kafka.server.AbstractFetcherThread.processFetchRequest(AbstractFetcherThread.scala:300)
	at kafka.server.AbstractFetcherThread.$anonfun$maybeFetch$3(AbstractFetcherThread.scala:135)
	at kafka.server.AbstractFetcherThread.maybeFetch(AbstractFetcherThread.scala:134)
	at kafka.server.AbstractFetcherThread.doWork(AbstractFetcherThread.scala:117)
	at kafka.utils.ShutdownableThread.run(ShutdownableThread.scala:96)
[2020-10-28 16:02:51,232] WARN [ReplicaFetcher replicaId=3, leaderId=0, fetcherId=1] Error in response for fetch request (type=FetchRequest, replicaId=3, maxWait=500, minBytes=1, maxBytes=10485760, fetchData={}, isolationLevel=READ_UNCOMMITTED, toForget=, metadata=(sessionId=1287564127, epoch=16152), rackId=) (kafka.server.ReplicaFetcherThread)
java.io.IOException: Connection to 0 was disconnected before the response was read
	at org.apache.kafka.clients.NetworkClientUtils.sendAndReceive(NetworkClientUtils.java:100)
	at kafka.server.ReplicaFetcherBlockingSend.sendRequest(ReplicaFetcherBlockingSend.scala:108)
	at kafka.server.ReplicaFetcherThread.fetchFromLeader(ReplicaFetcherThread.scala:206)
	at kafka.server.AbstractFetcherThread.processFetchRequest(AbstractFetcherThread.scala:300)
	at kafka.server.AbstractFetcherThread.$anonfun$maybeFetch$3(AbstractFetcherThread.scala:135)
	at kafka.server.AbstractFetcherThread.maybeFetch(AbstractFetcherThread.scala:134)
	at kafka.server.AbstractFetcherThread.doWork(AbstractFetcherThread.scala:117)
	at kafka.utils.ShutdownableThread.run(ShutdownableThread.scala:96)
[2020-10-28 16:03:21,739] INFO Unable to read additional data from server sessionid 0x3000017c9350002, likely server has closed socket, closing socket connection and attempting reconnect (org.apache.zookeeper.ClientCnxn)
[2020-10-28 16:03:23,458] INFO Opening socket connection to server zookeeper/10.233.48.122:2181. Will not attempt to authenticate using SASL (unknown error) (org.apache.zookeeper.ClientCnxn)
[2020-10-28 16:03:23,469] INFO Socket connection established, initiating session, client: /10.233.122.2:50756, server: zookeeper/10.233.48.122:2181 (org.apache.zookeeper.ClientCnxn)
[2020-10-28 16:03:23,480] INFO Unable to read additional data from server sessionid 0x3000017c9350002, likely server has closed socket, closing socket connection and attempting reconnect (org.apache.zookeeper.ClientCnxn)
[2020-10-28 16:03:25,338] INFO Opening socket connection to server zookeeper/10.233.48.122:2181. Will not attempt to authenticate using SASL (unknown error) (org.apache.zookeeper.ClientCnxn)
[2020-10-28 16:03:25,338] INFO Socket connection established, initiating session, client: /10.233.122.2:50774, server: zookeeper/10.233.48.122:2181 (org.apache.zookeeper.ClientCnxn)
[2020-10-28 16:03:25,339] INFO Session establishment complete on server zookeeper/10.233.48.122:2181, sessionid = 0x3000017c9350002, negotiated timeout = 3000 (org.apache.zookeeper.ClientCnxn)
[2020-10-28 16:03:28,337] INFO Unable to read additional data from server sessionid 0x3000017c9350002, likely server has closed socket, closing socket connection and attempting reconnect (org.apache.zookeeper.ClientCnxn)
[2020-10-28 16:03:29,912] INFO Opening socket connection to server zookeeper/10.233.48.122:2181. Will not attempt to authenticate using SASL (unknown error) (org.apache.zookeeper.ClientCnxn)
[2020-10-28 16:03:29,922] INFO Socket connection established, initiating session, client: /10.233.122.2:50792, server: zookeeper/10.233.48.122:2181 (org.apache.zookeeper.ClientCnxn)
[2020-10-28 16:03:29,933] INFO Unable to read additional data from server sessionid 0x3000017c9350002, likely server has closed socket, closing socket connection and attempting reconnect (org.apache.zookeeper.ClientCnxn)
[2020-10-28 16:03:31,217] INFO Opening socket connection to server zookeeper/10.233.48.122:2181. Will not attempt to authenticate using SASL (unknown error) (org.apache.zookeeper.ClientCnxn)
[2020-10-28 16:03:31,217] INFO Socket connection established, initiating session, client: /10.233.122.2:50804, server: zookeeper/10.233.48.122:2181 (org.apache.zookeeper.ClientCnxn)
[2020-10-28 16:03:31,221] INFO Session establishment complete on server zookeeper/10.233.48.122:2181, sessionid = 0x3000017c9350002, negotiated timeout = 3000 (org.apache.zookeeper.ClientCnxn)
[2020-10-28 16:04:06,358] INFO Unable to read additional data from server sessionid 0x3000017c9350002, likely server has closed socket, closing socket connection and attempting reconnect (org.apache.zookeeper.ClientCnxn)
[2020-10-28 16:04:07,840] INFO Opening socket connection to server zookeeper/10.233.48.122:2181. Will not attempt to authenticate using SASL (unknown error) (org.apache.zookeeper.ClientCnxn)
[2020-10-28 16:04:07,851] INFO Socket connection established, initiating session, client: /10.233.122.2:50958, server: zookeeper/10.233.48.122:2181 (org.apache.zookeeper.ClientCnxn)
[2020-10-28 16:04:07,876] INFO Session establishment complete on server zookeeper/10.233.48.122:2181, sessionid = 0x3000017c9350002, negotiated timeout = 3000 (org.apache.zookeeper.ClientCnxn)
[2020-10-28 16:05:15,326] INFO Unable to read additional data from server sessionid 0x3000017c9350002, likely server has closed socket, closing socket connection and attempting reconnect (org.apache.zookeeper.ClientCnxn)
[2020-10-28 16:05:16,858] INFO Opening socket connection to server zookeeper/10.233.48.122:2181. Will not attempt to authenticate using SASL (unknown error) (org.apache.zookeeper.ClientCnxn)
[2020-10-28 16:05:16,859] INFO Socket connection established, initiating session, client: /10.233.122.2:51382, server: zookeeper/10.233.48.122:2181 (org.apache.zookeeper.ClientCnxn)
[2020-10-28 16:05:16,861] INFO Unable to read additional data from server sessionid 0x3000017c9350002, likely server has closed socket, closing socket connection and attempting reconnect (org.apache.zookeeper.ClientCnxn)
[2020-10-28 16:05:18,736] INFO Opening socket connection to server zookeeper/10.233.48.122:2181. Will not attempt to authenticate using SASL (unknown error) (org.apache.zookeeper.ClientCnxn)
[2020-10-28 16:05:18,746] INFO Socket connection established, initiating session, client: /10.233.122.2:51422, server: zookeeper/10.233.48.122:2181 (org.apache.zookeeper.ClientCnxn)
[2020-10-28 16:05:18,772] INFO Session establishment complete on server zookeeper/10.233.48.122:2181, sessionid = 0x3000017c9350002, negotiated timeout = 3000 (org.apache.zookeeper.ClientCnxn)
[2020-10-28 16:05:48,593] INFO Unable to read additional data from server sessionid 0x3000017c9350002, likely server has closed socket, closing socket connection and attempting reconnect (org.apache.zookeeper.ClientCnxn)
[2020-10-28 16:05:50,462] INFO Opening socket connection to server zookeeper/10.233.48.122:2181. Will not attempt to authenticate using SASL (unknown error) (org.apache.zookeeper.ClientCnxn)
[2020-10-28 16:05:50,462] INFO Socket connection established, initiating session, client: /10.233.122.2:51554, server: zookeeper/10.233.48.122:2181 (org.apache.zookeeper.ClientCnxn)
[2020-10-28 16:05:50,473] INFO Unable to read additional data from server sessionid 0x3000017c9350002, likely server has closed socket, closing socket connection and attempting reconnect (org.apache.zookeeper.ClientCnxn)
[2020-10-28 16:05:52,564] INFO Opening socket connection to server zookeeper/10.233.48.122:2181. Will not attempt to authenticate using SASL (unknown error) (org.apache.zookeeper.ClientCnxn)
[2020-10-28 16:05:52,575] INFO Socket connection established, initiating session, client: /10.233.122.2:51562, server: zookeeper/10.233.48.122:2181 (org.apache.zookeeper.ClientCnxn)
[2020-10-28 16:05:52,609] INFO Session establishment complete on server zookeeper/10.233.48.122:2181, sessionid = 0x3000017c9350002, negotiated timeout = 3000 (org.apache.zookeeper.ClientCnxn)
[2020-10-28 16:06:41,706] INFO Unable to read additional data from server sessionid 0x3000017c9350002, likely server has closed socket, closing socket connection and attempting reconnect (org.apache.zookeeper.ClientCnxn)
[2020-10-28 16:06:42,919] INFO Opening socket connection to server zookeeper/10.233.48.122:2181. Will not attempt to authenticate using SASL (unknown error) (org.apache.zookeeper.ClientCnxn)
[2020-10-28 16:06:42,919] INFO Socket connection established, initiating session, client: /10.233.122.2:51824, server: zookeeper/10.233.48.122:2181 (org.apache.zookeeper.ClientCnxn)
[2020-10-28 16:06:42,930] INFO Unable to read additional data from server sessionid 0x3000017c9350002, likely server has closed socket, closing socket connection and attempting reconnect (org.apache.zookeeper.ClientCnxn)
[2020-10-28 16:06:44,917] INFO Opening socket connection to server zookeeper/10.233.48.122:2181. Will not attempt to authenticate using SASL (unknown error) (org.apache.zookeeper.ClientCnxn)
[2020-10-28 16:06:44,927] INFO Socket connection established, initiating session, client: /10.233.122.2:51860, server: zookeeper/10.233.48.122:2181 (org.apache.zookeeper.ClientCnxn)
[2020-10-28 16:06:44,948] INFO Unable to read additional data from server sessionid 0x3000017c9350002, likely server has closed socket, closing socket connection and attempting reconnect (org.apache.zookeeper.ClientCnxn)
[2020-10-28 16:06:46,365] INFO Opening socket connection to server zookeeper/10.233.48.122:2181. Will not attempt to authenticate using SASL (unknown error) (org.apache.zookeeper.ClientCnxn)
[2020-10-28 16:06:46,365] INFO Socket connection established, initiating session, client: /10.233.122.2:51868, server: zookeeper/10.233.48.122:2181 (org.apache.zookeeper.ClientCnxn)
[2020-10-28 16:06:46,367] INFO Unable to read additional data from server sessionid 0x3000017c9350002, likely server has closed socket, closing socket connection and attempting reconnect (org.apache.zookeeper.ClientCnxn)
[2020-10-28 16:06:47,595] INFO Opening socket connection to server zookeeper/10.233.48.122:2181. Will not attempt to authenticate using SASL (unknown error) (org.apache.zookeeper.ClientCnxn)
[2020-10-28 16:06:47,605] INFO Socket connection established, initiating session, client: /10.233.122.2:51874, server: zookeeper/10.233.48.122:2181 (org.apache.zookeeper.ClientCnxn)
[2020-10-28 16:06:47,627] INFO Session establishment complete on server zookeeper/10.233.48.122:2181, sessionid = 0x3000017c9350002, negotiated timeout = 3000 (org.apache.zookeeper.ClientCnxn)
[2020-10-28 16:07:44,444] INFO [GroupMetadataManager brokerId=3] Removed 0 expired offsets in 0 milliseconds. (kafka.coordinator.group.GroupMetadataManager)
[2020-10-28 16:08:07,007] INFO [Partition t3_warnings-0 broker=3] Expanding ISR from 3,1 to 3,1,5 (kafka.cluster.Partition)
[2020-10-28 16:08:07,039] INFO [Partition t3_warnings-0 broker=3] ISR updated to [3,1,5] and zkVersion updated to [6] (kafka.cluster.Partition)
[2020-10-28 16:08:07,743] INFO [Partition t7_filtered-0 broker=3] Expanding ISR from 3,1 to 3,1,5 (kafka.cluster.Partition)
[2020-10-28 16:08:07,782] INFO [Partition t7_filtered-0 broker=3] ISR updated to [3,1,5] and zkVersion updated to [6] (kafka.cluster.Partition)
[2020-10-28 16:08:52,256] INFO Unable to read additional data from server sessionid 0x3000017c9350002, likely server has closed socket, closing socket connection and attempting reconnect (org.apache.zookeeper.ClientCnxn)
[2020-10-28 16:08:53,932] INFO Opening socket connection to server zookeeper/10.233.48.122:2181. Will not attempt to authenticate using SASL (unknown error) (org.apache.zookeeper.ClientCnxn)
[2020-10-28 16:08:53,937] INFO Socket connection established, initiating session, client: /10.233.122.2:52664, server: zookeeper/10.233.48.122:2181 (org.apache.zookeeper.ClientCnxn)
[2020-10-28 16:08:53,942] INFO Unable to read additional data from server sessionid 0x3000017c9350002, likely server has closed socket, closing socket connection and attempting reconnect (org.apache.zookeeper.ClientCnxn)
[2020-10-28 16:08:55,432] INFO Opening socket connection to server zookeeper/10.233.48.122:2181. Will not attempt to authenticate using SASL (unknown error) (org.apache.zookeeper.ClientCnxn)
[2020-10-28 16:08:55,433] INFO Socket connection established, initiating session, client: /10.233.122.2:52676, server: zookeeper/10.233.48.122:2181 (org.apache.zookeeper.ClientCnxn)
[2020-10-28 16:08:55,435] INFO Session establishment complete on server zookeeper/10.233.48.122:2181, sessionid = 0x3000017c9350002, negotiated timeout = 3000 (org.apache.zookeeper.ClientCnxn)
[2020-10-28 16:08:56,261] INFO [ReplicaFetcherManager on broker 3] Removed fetcher for partitions Set(t2-0, t7-0, t5-0, t3_filtered-0) (kafka.server.ReplicaFetcherManager)
[2020-10-28 16:08:56,266] INFO [ReplicaFetcherManager on broker 3] Added fetcher to broker 1 for partitions Map(t2-0 -> (offset=198941, leaderEpoch=4)) (kafka.server.ReplicaFetcherManager)
[2020-10-28 16:08:56,268] INFO [ReplicaFetcherManager on broker 3] Added fetcher to broker 1 for partitions Map(t7-0 -> (offset=199031, leaderEpoch=4)) (kafka.server.ReplicaFetcherManager)
[2020-10-28 16:08:56,268] INFO [ReplicaFetcherManager on broker 3] Added fetcher to broker 4 for partitions Map(t3_filtered-0 -> (offset=198825, leaderEpoch=1), t5-0 -> (offset=198900, leaderEpoch=1)) (kafka.server.ReplicaFetcherManager)
[2020-10-28 16:08:56,279] INFO [Log partition=t5-0, dir=/var/lib/kafka/data/topics] Truncating to 198900 has no effect as the largest offset in the log is 198899 (kafka.log.Log)
[2020-10-28 16:08:56,279] INFO [Log partition=t3_filtered-0, dir=/var/lib/kafka/data/topics] Truncating to 198871 has no effect as the largest offset in the log is 198870 (kafka.log.Log)
[2020-10-28 16:08:56,291] INFO [Log partition=t2-0, dir=/var/lib/kafka/data/topics] Truncating to 198947 has no effect as the largest offset in the log is 198946 (kafka.log.Log)
[2020-10-28 16:08:56,291] INFO [Log partition=t7-0, dir=/var/lib/kafka/data/topics] Truncating to 199039 has no effect as the largest offset in the log is 199038 (kafka.log.Log)
[2020-10-28 16:08:56,383] INFO [ReplicaFetcherManager on broker 3] Removed fetcher for partitions Set(t6_warnings-0, t6-0, t5_filtered-0) (kafka.server.ReplicaFetcherManager)
[2020-10-28 16:08:56,384] INFO [Partition t6_warnings-0 broker=3] t6_warnings-0 starts at leader epoch 3 from offset 3939 with high watermark 3939. Previous leader epoch was 0. (kafka.cluster.Partition)
[2020-10-28 16:08:56,387] INFO [Partition t6-0 broker=3] t6-0 starts at leader epoch 3 from offset 198897 with high watermark 198897. Previous leader epoch was 0. (kafka.cluster.Partition)
[2020-10-28 16:08:56,390] INFO [Partition t5_filtered-0 broker=3] t5_filtered-0 starts at leader epoch 3 from offset 200360 with high watermark 200360. Previous leader epoch was 0. (kafka.cluster.Partition)
[2020-10-28 16:08:56,393] INFO [ReplicaFetcher replicaId=3, leaderId=2, fetcherId=0] Shutting down (kafka.server.ReplicaFetcherThread)
[2020-10-28 16:08:56,395] INFO [ReplicaFetcher replicaId=3, leaderId=2, fetcherId=0] Error sending fetch request (sessionId=26590050, epoch=30309) to node 2: {}. (org.apache.kafka.clients.FetchSessionHandler)
java.io.IOException: Client was shutdown before response was read
	at org.apache.kafka.clients.NetworkClientUtils.sendAndReceive(NetworkClientUtils.java:109)
	at kafka.server.ReplicaFetcherBlockingSend.sendRequest(ReplicaFetcherBlockingSend.scala:108)
	at kafka.server.ReplicaFetcherThread.fetchFromLeader(ReplicaFetcherThread.scala:206)
	at kafka.server.AbstractFetcherThread.processFetchRequest(AbstractFetcherThread.scala:300)
	at kafka.server.AbstractFetcherThread.$anonfun$maybeFetch$3(AbstractFetcherThread.scala:135)
	at kafka.server.AbstractFetcherThread.maybeFetch(AbstractFetcherThread.scala:134)
	at kafka.server.AbstractFetcherThread.doWork(AbstractFetcherThread.scala:117)
	at kafka.utils.ShutdownableThread.run(ShutdownableThread.scala:96)
[2020-10-28 16:08:56,396] INFO [ReplicaFetcher replicaId=3, leaderId=2, fetcherId=0] Stopped (kafka.server.ReplicaFetcherThread)
[2020-10-28 16:08:56,396] INFO [ReplicaFetcher replicaId=3, leaderId=2, fetcherId=0] Shutdown completed (kafka.server.ReplicaFetcherThread)
[2020-10-28 16:08:56,400] INFO [ReplicaFetcher replicaId=3, leaderId=0, fetcherId=1] Shutting down (kafka.server.ReplicaFetcherThread)
[2020-10-28 16:08:56,404] INFO [ReplicaFetcher replicaId=3, leaderId=0, fetcherId=1] Error sending fetch request (sessionId=1686178614, epoch=4599) to node 0: {}. (org.apache.kafka.clients.FetchSessionHandler)
java.io.IOException: Client was shutdown before response was read
	at org.apache.kafka.clients.NetworkClientUtils.sendAndReceive(NetworkClientUtils.java:109)
	at kafka.server.ReplicaFetcherBlockingSend.sendRequest(ReplicaFetcherBlockingSend.scala:108)
	at kafka.server.ReplicaFetcherThread.fetchFromLeader(ReplicaFetcherThread.scala:206)
	at kafka.server.AbstractFetcherThread.processFetchRequest(AbstractFetcherThread.scala:300)
	at kafka.server.AbstractFetcherThread.$anonfun$maybeFetch$3(AbstractFetcherThread.scala:135)
	at kafka.server.AbstractFetcherThread.maybeFetch(AbstractFetcherThread.scala:134)
	at kafka.server.AbstractFetcherThread.doWork(AbstractFetcherThread.scala:117)
	at kafka.utils.ShutdownableThread.run(ShutdownableThread.scala:96)
[2020-10-28 16:08:56,404] INFO [ReplicaFetcher replicaId=3, leaderId=0, fetcherId=1] Stopped (kafka.server.ReplicaFetcherThread)
[2020-10-28 16:08:56,404] INFO [ReplicaFetcher replicaId=3, leaderId=0, fetcherId=1] Shutdown completed (kafka.server.ReplicaFetcherThread)
[2020-10-28 16:08:56,682] ERROR [ReplicaManager broker=3] Error processing append operation on partition t6-0 (kafka.server.ReplicaManager)
org.apache.kafka.common.errors.NotEnoughReplicasException: The size of the current ISR Set(3) is insufficient to satisfy the min.isr requirement of 2 for partition t6-0
[2020-10-28 16:08:56,704] INFO [Partition t5_filtered-0 broker=3] Expanding ISR from 3 to 3,2 (kafka.cluster.Partition)
[2020-10-28 16:08:56,710] INFO [Partition t6_warnings-0 broker=3] Expanding ISR from 3 to 3,2 (kafka.cluster.Partition)
[2020-10-28 16:08:56,710] ERROR [ReplicaManager broker=3] Error processing append operation on partition t6-0 (kafka.server.ReplicaManager)
org.apache.kafka.common.errors.NotEnoughReplicasException: The size of the current ISR Set(3) is insufficient to satisfy the min.isr requirement of 2 for partition t6-0
[2020-10-28 16:08:56,735] ERROR [ReplicaManager broker=3] Error processing append operation on partition t6-0 (kafka.server.ReplicaManager)
org.apache.kafka.common.errors.NotEnoughReplicasException: The size of the current ISR Set(3) is insufficient to satisfy the min.isr requirement of 2 for partition t6-0
[2020-10-28 16:08:56,737] INFO [Partition t5_filtered-0 broker=3] ISR updated to [3,2] and zkVersion updated to [4] (kafka.cluster.Partition)
[2020-10-28 16:08:56,738] INFO [Partition t5_filtered-0 broker=3] Expanding ISR from 3,2 to 3,2,0 (kafka.cluster.Partition)
[2020-10-28 16:08:56,740] INFO [Partition t6_warnings-0 broker=3] ISR updated to [3,2] and zkVersion updated to [4] (kafka.cluster.Partition)
[2020-10-28 16:08:56,743] INFO [Partition t6-0 broker=3] Expanding ISR from 3 to 3,2 (kafka.cluster.Partition)
[2020-10-28 16:08:56,769] INFO [Partition t5_filtered-0 broker=3] ISR updated to [3,2,0] and zkVersion updated to [5] (kafka.cluster.Partition)
[2020-10-28 16:08:56,772] INFO [Partition t6-0 broker=3] ISR updated to [3,2] and zkVersion updated to [4] (kafka.cluster.Partition)
[2020-10-28 16:08:57,727] INFO [Partition t6_warnings-0 broker=3] Expanding ISR from 3,2 to 3,2,0 (kafka.cluster.Partition)
[2020-10-28 16:08:57,739] INFO [Partition t6_warnings-0 broker=3] ISR updated to [3,2,0] and zkVersion updated to [5] (kafka.cluster.Partition)
[2020-10-28 16:08:57,758] INFO [Partition t6-0 broker=3] Expanding ISR from 3,2 to 3,2,0 (kafka.cluster.Partition)
[2020-10-28 16:08:57,773] INFO [Partition t6-0 broker=3] ISR updated to [3,2,0] and zkVersion updated to [5] (kafka.cluster.Partition)
[2020-10-28 16:09:01,572] INFO [ReplicaFetcherManager on broker 3] Removed fetcher for partitions Set(t5_filtered-0) (kafka.server.ReplicaFetcherManager)
[2020-10-28 16:09:01,581] INFO [ReplicaFetcherManager on broker 3] Added fetcher to broker 0 for partitions Map(t5_filtered-0 -> (offset=201436, leaderEpoch=4)) (kafka.server.ReplicaFetcherManager)
[2020-10-28 16:09:01,596] INFO [ReplicaFetcher replicaId=3, leaderId=0, fetcherId=1] Starting (kafka.server.ReplicaFetcherThread)
[2020-10-28 16:09:01,630] INFO [Log partition=t5_filtered-0, dir=/var/lib/kafka/data/topics] Truncating to 201436 has no effect as the largest offset in the log is 201435 (kafka.log.Log)
[2020-10-28 16:09:01,659] INFO [ReplicaFetcherManager on broker 3] Removed fetcher for partitions Set(t6-0, t6_warnings-0) (kafka.server.ReplicaFetcherManager)
[2020-10-28 16:09:01,669] INFO [ReplicaFetcherManager on broker 3] Added fetcher to broker 2 for partitions Map(t6_warnings-0 -> (offset=3939, leaderEpoch=4), t6-0 -> (offset=199930, leaderEpoch=4)) (kafka.server.ReplicaFetcherManager)
[2020-10-28 16:09:01,675] INFO [ReplicaFetcher replicaId=3, leaderId=2, fetcherId=0] Starting (kafka.server.ReplicaFetcherThread)
[2020-10-28 16:09:01,693] INFO [Log partition=t6_warnings-0, dir=/var/lib/kafka/data/topics] Truncating to 3939 has no effect as the largest offset in the log is 3938 (kafka.log.Log)
[2020-10-28 16:09:01,693] INFO [Log partition=t6-0, dir=/var/lib/kafka/data/topics] Truncating to 199938 has no effect as the largest offset in the log is 199937 (kafka.log.Log)
[2020-10-28 16:10:35,487] INFO [ReplicaFetcherManager on broker 3] Removed fetcher for partitions Set(t6_warnings-0, t6-0, t3_filtered-0, t5-0) (kafka.server.ReplicaFetcherManager)
[2020-10-28 16:10:35,488] INFO [Partition t6_warnings-0 broker=3] t6_warnings-0 starts at leader epoch 5 from offset 4343 with high watermark 4343. Previous leader epoch was 4. (kafka.cluster.Partition)
[2020-10-28 16:10:35,491] INFO [Partition t6-0 broker=3] t6-0 starts at leader epoch 5 from offset 218731 with high watermark 218685. Previous leader epoch was 4. (kafka.cluster.Partition)
[2020-10-28 16:10:35,492] INFO [Partition t3_filtered-0 broker=3] t3_filtered-0 starts at leader epoch 2 from offset 218697 with high watermark 218697. Previous leader epoch was 1. (kafka.cluster.Partition)
[2020-10-28 16:10:35,494] INFO [Partition t5-0 broker=3] t5-0 starts at leader epoch 2 from offset 218831 with high watermark 218829. Previous leader epoch was 1. (kafka.cluster.Partition)
[2020-10-28 16:10:35,496] INFO [ReplicaFetcher replicaId=3, leaderId=2, fetcherId=0] Shutting down (kafka.server.ReplicaFetcherThread)
[2020-10-28 16:10:35,496] INFO [ReplicaFetcher replicaId=3, leaderId=2, fetcherId=0] Error sending fetch request (sessionId=174795632, epoch=2707) to node 2: {}. (org.apache.kafka.clients.FetchSessionHandler)
java.io.IOException: Client was shutdown before response was read
	at org.apache.kafka.clients.NetworkClientUtils.sendAndReceive(NetworkClientUtils.java:109)
	at kafka.server.ReplicaFetcherBlockingSend.sendRequest(ReplicaFetcherBlockingSend.scala:108)
	at kafka.server.ReplicaFetcherThread.fetchFromLeader(ReplicaFetcherThread.scala:206)
	at kafka.server.AbstractFetcherThread.processFetchRequest(AbstractFetcherThread.scala:300)
	at kafka.server.AbstractFetcherThread.$anonfun$maybeFetch$3(AbstractFetcherThread.scala:135)
	at kafka.server.AbstractFetcherThread.maybeFetch(AbstractFetcherThread.scala:134)
	at kafka.server.AbstractFetcherThread.doWork(AbstractFetcherThread.scala:117)
	at kafka.utils.ShutdownableThread.run(ShutdownableThread.scala:96)
[2020-10-28 16:10:35,497] INFO [ReplicaFetcher replicaId=3, leaderId=2, fetcherId=0] Stopped (kafka.server.ReplicaFetcherThread)
[2020-10-28 16:10:35,497] INFO [ReplicaFetcher replicaId=3, leaderId=2, fetcherId=0] Shutdown completed (kafka.server.ReplicaFetcherThread)
[2020-10-28 16:10:35,502] INFO [ReplicaFetcher replicaId=3, leaderId=4, fetcherId=1] Shutting down (kafka.server.ReplicaFetcherThread)
[2020-10-28 16:10:35,503] INFO [ReplicaFetcher replicaId=3, leaderId=4, fetcherId=1] Stopped (kafka.server.ReplicaFetcherThread)
[2020-10-28 16:10:35,504] INFO [ReplicaFetcher replicaId=3, leaderId=4, fetcherId=1] Shutdown completed (kafka.server.ReplicaFetcherThread)
[2020-10-28 16:10:35,555] INFO [ReplicaFetcherManager on broker 3] Removed fetcher for partitions Set(t4-0) (kafka.server.ReplicaFetcherManager)
[2020-10-28 16:10:35,555] INFO [Partition t4-0 broker=3] t4-0 starts at leader epoch 3 from offset 218667 with high watermark 218664. Previous leader epoch was 2. (kafka.cluster.Partition)
[2020-10-28 16:10:35,558] INFO [ReplicaFetcherManager on broker 3] Removed fetcher for partitions Set(t5_filtered-0, t2-0) (kafka.server.ReplicaFetcherManager)
[2020-10-28 16:10:35,558] INFO [ReplicaFetcherManager on broker 3] Added fetcher to broker 1 for partitions Map(t2-0 -> (offset=218824, leaderEpoch=5)) (kafka.server.ReplicaFetcherManager)
[2020-10-28 16:10:35,559] INFO [ReplicaFetcherManager on broker 3] Added fetcher to broker 0 for partitions Map(t5_filtered-0 -> (offset=220283, leaderEpoch=5)) (kafka.server.ReplicaFetcherManager)
[2020-10-28 16:10:35,569] INFO [Log partition=t2-0, dir=/var/lib/kafka/data/topics] Truncating to 218831 has no effect as the largest offset in the log is 218830 (kafka.log.Log)
[2020-10-28 16:10:35,675] INFO [Partition t3_filtered-0 broker=3] Expanding ISR from 3,0 to 3,0,4 (kafka.cluster.Partition)
[2020-10-28 16:10:35,680] INFO [Partition t3_filtered-0 broker=3] ISR updated to [3,0,4] and zkVersion updated to [4] (kafka.cluster.Partition)
[2020-10-28 16:10:35,681] INFO [Partition t5-0 broker=3] Expanding ISR from 3,0 to 3,0,4 (kafka.cluster.Partition)
[2020-10-28 16:10:35,691] INFO [Partition t5-0 broker=3] ISR updated to [3,0,4] and zkVersion updated to [4] (kafka.cluster.Partition)
[2020-10-28 16:10:35,695] INFO [Log partition=t5_filtered-0, dir=/var/lib/kafka/data/topics] Truncating to 220283 has no effect as the largest offset in the log is 220282 (kafka.log.Log)
[2020-10-28 16:10:35,806] INFO [Partition t6_warnings-0 broker=3] Expanding ISR from 3,0 to 3,0,2 (kafka.cluster.Partition)
[2020-10-28 16:10:35,814] INFO [Partition t6_warnings-0 broker=3] ISR updated to [3,0,2] and zkVersion updated to [8] (kafka.cluster.Partition)
[2020-10-28 16:10:35,834] INFO [Partition t6-0 broker=3] Expanding ISR from 3,0 to 3,0,2 (kafka.cluster.Partition)
[2020-10-28 16:10:35,843] INFO [Partition t6-0 broker=3] ISR updated to [3,0,2] and zkVersion updated to [8] (kafka.cluster.Partition)
[2020-10-28 16:10:35,990] INFO [Partition t4-0 broker=3] Expanding ISR from 3,1 to 3,1,4 (kafka.cluster.Partition)
[2020-10-28 16:10:36,005] INFO [Partition t4-0 broker=3] ISR updated to [3,1,4] and zkVersion updated to [6] (kafka.cluster.Partition)
[2020-10-28 16:14:01,714] INFO [ReplicaFetcherManager on broker 3] Removed fetcher for partitions Set(t6-0, t6_warnings-0) (kafka.server.ReplicaFetcherManager)
[2020-10-28 16:14:01,741] INFO [ReplicaFetcherManager on broker 3] Added fetcher to broker 2 for partitions Map(t6-0 -> (offset=240055, leaderEpoch=6), t6_warnings-0 -> (offset=4747, leaderEpoch=6)) (kafka.server.ReplicaFetcherManager)
[2020-10-28 16:14:01,747] INFO [ReplicaFetcher replicaId=3, leaderId=2, fetcherId=0] Starting (kafka.server.ReplicaFetcherThread)
[2020-10-28 16:14:01,775] INFO [Log partition=t6_warnings-0, dir=/var/lib/kafka/data/topics] Truncating to 4747 has no effect as the largest offset in the log is 4746 (kafka.log.Log)
[2020-10-28 16:14:01,777] INFO [Log partition=t6-0, dir=/var/lib/kafka/data/topics] Truncating to 240055 has no effect as the largest offset in the log is 240054 (kafka.log.Log)
[2020-10-28 16:14:01,779] INFO [ReplicaFetcherManager on broker 3] Removed fetcher for partitions Set(t5-0, t3_filtered-0) (kafka.server.ReplicaFetcherManager)
[2020-10-28 16:14:01,784] INFO [ReplicaFetcherManager on broker 3] Added fetcher to broker 4 for partitions Map(t3_filtered-0 -> (offset=240002, leaderEpoch=3), t5-0 -> (offset=240007, leaderEpoch=3)) (kafka.server.ReplicaFetcherManager)
[2020-10-28 16:14:01,800] INFO [ReplicaFetcher replicaId=3, leaderId=4, fetcherId=1] Starting (kafka.server.ReplicaFetcherThread)
[2020-10-28 16:14:01,819] INFO [Log partition=t5-0, dir=/var/lib/kafka/data/topics] Truncating to 240007 has no effect as the largest offset in the log is 240006 (kafka.log.Log)
[2020-10-28 16:14:01,820] INFO [Log partition=t3_filtered-0, dir=/var/lib/kafka/data/topics] Truncating to 240002 has no effect as the largest offset in the log is 240001 (kafka.log.Log)
[2020-10-28 16:14:24,928] INFO Unable to read additional data from server sessionid 0x3000017c9350002, likely server has closed socket, closing socket connection and attempting reconnect (org.apache.zookeeper.ClientCnxn)
[2020-10-28 16:14:26,285] INFO Opening socket connection to server zookeeper/10.233.48.122:2181. Will not attempt to authenticate using SASL (unknown error) (org.apache.zookeeper.ClientCnxn)
[2020-10-28 16:14:26,298] INFO Socket connection established, initiating session, client: /10.233.122.2:53968, server: zookeeper/10.233.48.122:2181 (org.apache.zookeeper.ClientCnxn)
[2020-10-28 16:14:26,348] INFO Session establishment complete on server zookeeper/10.233.48.122:2181, sessionid = 0x3000017c9350002, negotiated timeout = 3000 (org.apache.zookeeper.ClientCnxn)
[2020-10-28 16:14:53,800] INFO Unable to read additional data from server sessionid 0x3000017c9350002, likely server has closed socket, closing socket connection and attempting reconnect (org.apache.zookeeper.ClientCnxn)
[2020-10-28 16:14:55,604] INFO Opening socket connection to server zookeeper/10.233.48.122:2181. Will not attempt to authenticate using SASL (unknown error) (org.apache.zookeeper.ClientCnxn)
[2020-10-28 16:14:55,604] INFO Socket connection established, initiating session, client: /10.233.122.2:54090, server: zookeeper/10.233.48.122:2181 (org.apache.zookeeper.ClientCnxn)
[2020-10-28 16:14:55,628] INFO Session establishment complete on server zookeeper/10.233.48.122:2181, sessionid = 0x3000017c9350002, negotiated timeout = 3000 (org.apache.zookeeper.ClientCnxn)
