[2020-10-26 19:49:10,335] INFO Reading configuration from: /etc/kafka/zookeeper.properties.scale-3.zoo-2 (org.apache.zookeeper.server.quorum.QuorumPeerConfig)
[2020-10-26 19:49:10,359] INFO clientPortAddress is 0.0.0.0:2181 (org.apache.zookeeper.server.quorum.QuorumPeerConfig)
[2020-10-26 19:49:10,359] INFO secureClientPort is not set (org.apache.zookeeper.server.quorum.QuorumPeerConfig)
[2020-10-26 19:49:10,414] INFO autopurge.snapRetainCount set to 3 (org.apache.zookeeper.server.DatadirCleanupManager)
[2020-10-26 19:49:10,414] INFO autopurge.purgeInterval set to 0 (org.apache.zookeeper.server.DatadirCleanupManager)
[2020-10-26 19:49:10,414] INFO Purge task is not scheduled. (org.apache.zookeeper.server.DatadirCleanupManager)
[2020-10-26 19:49:10,420] INFO Log4j 1.2 jmx support found and enabled. (org.apache.zookeeper.jmx.ManagedUtil)
[2020-10-26 19:49:10,605] INFO Starting quorum peer (org.apache.zookeeper.server.quorum.QuorumPeerMain)
[2020-10-26 19:49:10,625] INFO Using org.apache.zookeeper.server.NIOServerCnxnFactory as server connection factory (org.apache.zookeeper.server.ServerCnxnFactory)
[2020-10-26 19:49:10,630] INFO Configuring NIO connection handler with 10s sessionless connection timeout, 1 selector thread(s), 2 worker threads, and 64 kB direct buffers. (org.apache.zookeeper.server.NIOServerCnxnFactory)
[2020-10-26 19:49:10,644] INFO binding to port 0.0.0.0/0.0.0.0:2181 (org.apache.zookeeper.server.NIOServerCnxnFactory)
[2020-10-26 19:49:10,678] INFO Logging initialized @1154ms to org.eclipse.jetty.util.log.Slf4jLog (org.eclipse.jetty.util.log)
[2020-10-26 19:49:10,792] WARN o.e.j.s.ServletContextHandler@4efac082{/,null,UNAVAILABLE} contextPath ends with /* (org.eclipse.jetty.server.handler.ContextHandler)
[2020-10-26 19:49:10,792] WARN Empty contextPath (org.eclipse.jetty.server.handler.ContextHandler)
[2020-10-26 19:49:10,837] INFO Setting -D jdk.tls.rejectClientInitiatedRenegotiation=true to disable client-initiated TLS renegotiation (org.apache.zookeeper.common.X509Util)
[2020-10-26 19:49:10,854] INFO zookeeper.snapshot.trust.empty : false (org.apache.zookeeper.server.persistence.FileTxnSnapLog)
[2020-10-26 19:49:10,860] INFO Local sessions disabled (org.apache.zookeeper.server.quorum.QuorumPeer)
[2020-10-26 19:49:10,860] INFO Local session upgrading disabled (org.apache.zookeeper.server.quorum.QuorumPeer)
[2020-10-26 19:49:10,860] INFO tickTime set to 130 (org.apache.zookeeper.server.quorum.QuorumPeer)
[2020-10-26 19:49:10,860] INFO minSessionTimeout set to 260 (org.apache.zookeeper.server.quorum.QuorumPeer)
[2020-10-26 19:49:10,860] INFO maxSessionTimeout set to 3000 (org.apache.zookeeper.server.quorum.QuorumPeer)
[2020-10-26 19:49:10,860] INFO initLimit set to 5 (org.apache.zookeeper.server.quorum.QuorumPeer)
[2020-10-26 19:49:10,882] INFO zookeeper.snapshotSizeFactor = 0.33 (org.apache.zookeeper.server.ZKDatabase)
[2020-10-26 19:49:10,889] INFO Using insecure (non-TLS) quorum communication (org.apache.zookeeper.server.quorum.QuorumPeer)
[2020-10-26 19:49:10,889] INFO Port unification disabled (org.apache.zookeeper.server.quorum.QuorumPeer)
[2020-10-26 19:49:10,889] INFO QuorumPeer communication is not secured! (SASL auth disabled) (org.apache.zookeeper.server.quorum.QuorumPeer)
[2020-10-26 19:49:10,889] INFO quorum.cnxn.threads.size set to 20 (org.apache.zookeeper.server.quorum.QuorumPeer)
[2020-10-26 19:49:10,892] INFO Reading snapshot /var/lib/zookeeper/data/version-2/snapshot.0 (org.apache.zookeeper.server.persistence.FileSnap)
[2020-10-26 19:49:10,993] INFO jetty-9.4.24.v20191120; built: 2019-11-20T21:37:49.771Z; git: 363d5f2df3a8a28de40604320230664b9c793c16; jvm 11.0.7+10 (org.eclipse.jetty.server.Server)
[2020-10-26 19:49:11,035] INFO DefaultSessionIdManager workerName=node0 (org.eclipse.jetty.server.session)
[2020-10-26 19:49:11,035] INFO No SessionScavenger set, using defaults (org.eclipse.jetty.server.session)
[2020-10-26 19:49:11,037] INFO node0 Scavenging every 660000ms (org.eclipse.jetty.server.session)
[2020-10-26 19:49:11,049] INFO Started o.e.j.s.ServletContextHandler@4efac082{/,null,AVAILABLE} (org.eclipse.jetty.server.handler.ContextHandler)
[2020-10-26 19:49:11,068] INFO Started ServerConnector@2053d869{HTTP/1.1,[http/1.1]}{0.0.0.0:8080} (org.eclipse.jetty.server.AbstractConnector)
[2020-10-26 19:49:11,069] INFO Started @1544ms (org.eclipse.jetty.server.Server)
[2020-10-26 19:49:11,070] INFO Started AdminServer on address 0.0.0.0, port 8080 and command URL /commands (org.apache.zookeeper.server.admin.JettyAdminServer)
[2020-10-26 19:49:11,080] INFO Election port bind maximum retries is infinite (org.apache.zookeeper.server.quorum.QuorumCnxManager)
[2020-10-26 19:49:11,087] INFO 3 is accepting connections now, my election bind port: zoo-2.zoo.kafka.svc.cluster.local/10.233.121.5:3888 (org.apache.zookeeper.server.quorum.QuorumCnxManager)
[2020-10-26 19:49:11,107] INFO LOOKING (org.apache.zookeeper.server.quorum.QuorumPeer)
[2020-10-26 19:49:11,109] INFO New election. My id =  3, proposed zxid=0x10000012d (org.apache.zookeeper.server.quorum.FastLeaderElection)
[2020-10-26 19:49:11,120] INFO Notification: 2 (message format version), 3 (n.leader), 0x10000012d (n.zxid), 0x1 (n.round), LOOKING (n.state), 3 (n.sid), 0x1 (n.peerEPoch), LOOKING (my state)0 (n.config version) (org.apache.zookeeper.server.quorum.FastLeaderElection)
[2020-10-26 19:49:11,136] INFO Notification: 2 (message format version), 2 (n.leader), 0x10000012d (n.zxid), 0x4 (n.round), LOOKING (n.state), 1 (n.sid), 0x1 (n.peerEPoch), LOOKING (my state)0 (n.config version) (org.apache.zookeeper.server.quorum.FastLeaderElection)
[2020-10-26 19:49:11,137] INFO Notification: 2 (message format version), 3 (n.leader), 0x10000012d (n.zxid), 0x4 (n.round), LOOKING (n.state), 3 (n.sid), 0x1 (n.peerEPoch), LOOKING (my state)0 (n.config version) (org.apache.zookeeper.server.quorum.FastLeaderElection)
[2020-10-26 19:49:11,138] INFO Notification: 2 (message format version), 2 (n.leader), 0x10000012d (n.zxid), 0x4 (n.round), FOLLOWING (n.state), 1 (n.sid), 0x2 (n.peerEPoch), LOOKING (my state)0 (n.config version) (org.apache.zookeeper.server.quorum.FastLeaderElection)
[2020-10-26 19:49:11,140] INFO Notification: 2 (message format version), 2 (n.leader), 0x10000012d (n.zxid), 0x4 (n.round), LOOKING (n.state), 2 (n.sid), 0x1 (n.peerEPoch), LOOKING (my state)0 (n.config version) (org.apache.zookeeper.server.quorum.FastLeaderElection)
[2020-10-26 19:49:11,146] INFO Notification: 2 (message format version), 2 (n.leader), 0x10000012d (n.zxid), 0x4 (n.round), FOLLOWING (n.state), 1 (n.sid), 0x2 (n.peerEPoch), LOOKING (my state)0 (n.config version) (org.apache.zookeeper.server.quorum.FastLeaderElection)
[2020-10-26 19:49:11,155] INFO Notification: 2 (message format version), 2 (n.leader), 0x10000012d (n.zxid), 0x4 (n.round), LEADING (n.state), 2 (n.sid), 0x2 (n.peerEPoch), LOOKING (my state)0 (n.config version) (org.apache.zookeeper.server.quorum.FastLeaderElection)
[2020-10-26 19:49:11,156] INFO Notification: 2 (message format version), 2 (n.leader), 0x10000012d (n.zxid), 0x4 (n.round), LEADING (n.state), 2 (n.sid), 0x2 (n.peerEPoch), LOOKING (my state)0 (n.config version) (org.apache.zookeeper.server.quorum.FastLeaderElection)
[2020-10-26 19:49:11,156] INFO FOLLOWING (org.apache.zookeeper.server.quorum.QuorumPeer)
[2020-10-26 19:49:11,160] INFO TCP NoDelay set to: true (org.apache.zookeeper.server.quorum.Learner)
[2020-10-26 19:49:11,165] INFO Server environment:zookeeper.version=3.5.8-f439ca583e70862c3068a1f2a7d4d068eec33315, built on 05/04/2020 15:53 GMT (org.apache.zookeeper.server.ZooKeeperServer)
[2020-10-26 19:49:11,165] INFO Server environment:host.name=zoo-2.zoo.kafka.svc.cluster.local (org.apache.zookeeper.server.ZooKeeperServer)
[2020-10-26 19:49:11,165] INFO Server environment:java.version=11.0.7 (org.apache.zookeeper.server.ZooKeeperServer)
[2020-10-26 19:49:11,165] INFO Server environment:java.vendor=AdoptOpenJDK (org.apache.zookeeper.server.ZooKeeperServer)
[2020-10-26 19:49:11,165] INFO Server environment:java.home=/opt/java/openjdk (org.apache.zookeeper.server.ZooKeeperServer)
[2020-10-26 19:49:11,165] INFO Server environment:java.class.path=/opt/kafka/libs/extensions/*:/opt/kafka/libs/activation-1.1.1.jar:/opt/kafka/libs/aopalliance-repackaged-2.5.0.jar:/opt/kafka/libs/argparse4j-0.7.0.jar:/opt/kafka/libs/audience-annotations-0.5.0.jar:/opt/kafka/libs/commons-cli-1.4.jar:/opt/kafka/libs/commons-lang3-3.8.1.jar:/opt/kafka/libs/connect-api-2.5.0.jar:/opt/kafka/libs/connect-basic-auth-extension-2.5.0.jar:/opt/kafka/libs/connect-file-2.5.0.jar:/opt/kafka/libs/connect-json-2.5.0.jar:/opt/kafka/libs/connect-mirror-2.5.0.jar:/opt/kafka/libs/connect-mirror-client-2.5.0.jar:/opt/kafka/libs/connect-runtime-2.5.0.jar:/opt/kafka/libs/connect-transforms-2.5.0.jar:/opt/kafka/libs/hk2-api-2.5.0.jar:/opt/kafka/libs/hk2-locator-2.5.0.jar:/opt/kafka/libs/hk2-utils-2.5.0.jar:/opt/kafka/libs/jackson-annotations-2.10.2.jar:/opt/kafka/libs/jackson-core-2.10.2.jar:/opt/kafka/libs/jackson-databind-2.10.2.jar:/opt/kafka/libs/jackson-dataformat-csv-2.10.2.jar:/opt/kafka/libs/jackson-datatype-jdk8-2.10.2.jar:/opt/kafka/libs/jackson-jaxrs-base-2.10.2.jar:/opt/kafka/libs/jackson-jaxrs-json-provider-2.10.2.jar:/opt/kafka/libs/jackson-module-jaxb-annotations-2.10.2.jar:/opt/kafka/libs/jackson-module-paranamer-2.10.2.jar:/opt/kafka/libs/jackson-module-scala_2.12-2.10.2.jar:/opt/kafka/libs/jakarta.activation-api-1.2.1.jar:/opt/kafka/libs/jakarta.annotation-api-1.3.4.jar:/opt/kafka/libs/jakarta.inject-2.5.0.jar:/opt/kafka/libs/jakarta.ws.rs-api-2.1.5.jar:/opt/kafka/libs/jakarta.xml.bind-api-2.3.2.jar:/opt/kafka/libs/javassist-3.22.0-CR2.jar:/opt/kafka/libs/javassist-3.26.0-GA.jar:/opt/kafka/libs/javax.servlet-api-3.1.0.jar:/opt/kafka/libs/javax.ws.rs-api-2.1.1.jar:/opt/kafka/libs/jaxb-api-2.3.0.jar:/opt/kafka/libs/jersey-client-2.28.jar:/opt/kafka/libs/jersey-common-2.28.jar:/opt/kafka/libs/jersey-container-servlet-2.28.jar:/opt/kafka/libs/jersey-container-servlet-core-2.28.jar:/opt/kafka/libs/jersey-hk2-2.28.jar:/opt/kafka/libs/jersey-media-jaxb-2.28.jar:/opt/kafka/libs/jersey-server-2.28.jar:/opt/kafka/libs/jetty-client-9.4.24.v20191120.jar:/opt/kafka/libs/jetty-continuation-9.4.24.v20191120.jar:/opt/kafka/libs/jetty-http-9.4.24.v20191120.jar:/opt/kafka/libs/jetty-io-9.4.24.v20191120.jar:/opt/kafka/libs/jetty-security-9.4.24.v20191120.jar:/opt/kafka/libs/jetty-server-9.4.24.v20191120.jar:/opt/kafka/libs/jetty-servlet-9.4.24.v20191120.jar:/opt/kafka/libs/jetty-servlets-9.4.24.v20191120.jar:/opt/kafka/libs/jetty-util-9.4.24.v20191120.jar:/opt/kafka/libs/jopt-simple-5.0.4.jar:/opt/kafka/libs/kafka-clients-2.5.0.jar:/opt/kafka/libs/kafka-log4j-appender-2.5.0.jar:/opt/kafka/libs/kafka-streams-2.5.0.jar:/opt/kafka/libs/kafka-streams-examples-2.5.0.jar:/opt/kafka/libs/kafka-streams-scala_2.12-2.5.0.jar:/opt/kafka/libs/kafka-streams-test-utils-2.5.0.jar:/opt/kafka/libs/kafka-tools-2.5.0.jar:/opt/kafka/libs/kafka_2.12-2.5.0-javadoc.jar:/opt/kafka/libs/kafka_2.12-2.5.0-scaladoc.jar:/opt/kafka/libs/kafka_2.12-2.5.0-sources.jar:/opt/kafka/libs/kafka_2.12-2.5.0-test-sources.jar:/opt/kafka/libs/kafka_2.12-2.5.0-test.jar:/opt/kafka/libs/kafka_2.12-2.5.0.jar:/opt/kafka/libs/log4j-1.2.17.jar:/opt/kafka/libs/lz4-java-1.7.1.jar:/opt/kafka/libs/maven-artifact-3.6.3.jar:/opt/kafka/libs/metrics-core-2.2.0.jar:/opt/kafka/libs/netty-buffer-4.1.45.Final.jar:/opt/kafka/libs/netty-codec-4.1.45.Final.jar:/opt/kafka/libs/netty-common-4.1.45.Final.jar:/opt/kafka/libs/netty-handler-4.1.45.Final.jar:/opt/kafka/libs/netty-resolver-4.1.45.Final.jar:/opt/kafka/libs/netty-transport-4.1.45.Final.jar:/opt/kafka/libs/netty-transport-native-epoll-4.1.45.Final.jar:/opt/kafka/libs/netty-transport-native-unix-common-4.1.45.Final.jar:/opt/kafka/libs/osgi-resource-locator-1.0.1.jar:/opt/kafka/libs/paranamer-2.8.jar:/opt/kafka/libs/plexus-utils-3.2.1.jar:/opt/kafka/libs/reflections-0.9.12.jar:/opt/kafka/libs/rocksdbjni-5.18.3.jar:/opt/kafka/libs/scala-java8-compat_2.12-0.9.0.jar:/opt/kafka/libs/scala-collection-compat_2.12-2.1.3.jar:/opt/kafka/libs/scala-library-2.12.10.jar:/opt/kafka/libs/scala-logging_2.12-3.9.2.jar:/opt/kafka/libs/scala-reflect-2.12.10.jar:/opt/kafka/libs/slf4j-api-1.7.30.jar:/opt/kafka/libs/slf4j-log4j12-1.7.30.jar:/opt/kafka/libs/snappy-java-1.1.7.3.jar:/opt/kafka/libs/validation-api-2.0.1.Final.jar:/opt/kafka/libs/zookeeper-3.5.7.jar:/opt/kafka/libs/zookeeper-jute-3.5.7.jar:/opt/kafka/libs/zstd-jni-1.4.4-7.jar (org.apache.zookeeper.server.ZooKeeperServer)
[2020-10-26 19:49:11,165] INFO Server environment:java.library.path=/usr/java/packages/lib:/usr/lib64:/lib64:/lib:/usr/lib (org.apache.zookeeper.server.ZooKeeperServer)
[2020-10-26 19:49:11,165] INFO Server environment:java.io.tmpdir=/tmp (org.apache.zookeeper.server.ZooKeeperServer)
[2020-10-26 19:49:11,166] INFO Server environment:java.compiler=<NA> (org.apache.zookeeper.server.ZooKeeperServer)
[2020-10-26 19:49:11,166] INFO Server environment:os.name=Linux (org.apache.zookeeper.server.ZooKeeperServer)
[2020-10-26 19:49:11,166] INFO Server environment:os.arch=amd64 (org.apache.zookeeper.server.ZooKeeperServer)
[2020-10-26 19:49:11,166] INFO Server environment:os.version=4.14.193-149.317.amzn2.x86_64 (org.apache.zookeeper.server.ZooKeeperServer)
[2020-10-26 19:49:11,166] INFO Server environment:user.name=nonroot (org.apache.zookeeper.server.ZooKeeperServer)
[2020-10-26 19:49:11,166] INFO Server environment:user.home=/home/nonroot (org.apache.zookeeper.server.ZooKeeperServer)
[2020-10-26 19:49:11,166] INFO Server environment:user.dir=/opt/kafka (org.apache.zookeeper.server.ZooKeeperServer)
[2020-10-26 19:49:11,166] INFO Server environment:os.memory.free=497MB (org.apache.zookeeper.server.ZooKeeperServer)
[2020-10-26 19:49:11,166] INFO Server environment:os.memory.max=512MB (org.apache.zookeeper.server.ZooKeeperServer)
[2020-10-26 19:49:11,166] INFO Server environment:os.memory.total=512MB (org.apache.zookeeper.server.ZooKeeperServer)
[2020-10-26 19:49:11,168] INFO minSessionTimeout set to 260 (org.apache.zookeeper.server.ZooKeeperServer)
[2020-10-26 19:49:11,168] INFO maxSessionTimeout set to 3000 (org.apache.zookeeper.server.ZooKeeperServer)
[2020-10-26 19:49:11,168] INFO Created server with tickTime 130 minSessionTimeout 260 maxSessionTimeout 3000 datadir /var/lib/zookeeper/log/version-2 snapdir /var/lib/zookeeper/data/version-2 (org.apache.zookeeper.server.ZooKeeperServer)
[2020-10-26 19:49:11,168] INFO FOLLOWING - LEADER ELECTION TOOK - 12 MS (org.apache.zookeeper.server.quorum.Learner)
[2020-10-26 19:49:11,204] INFO Getting a diff from the leader 0x10000012d (org.apache.zookeeper.server.quorum.Learner)
[2020-10-26 19:49:11,213] INFO Learner received NEWLEADER message (org.apache.zookeeper.server.quorum.Learner)
[2020-10-26 19:49:11,238] INFO Learner received UPTODATE message (org.apache.zookeeper.server.quorum.Learner)
[2020-10-26 19:49:11,247] INFO Configuring CommitProcessor with 1 worker threads. (org.apache.zookeeper.server.quorum.CommitProcessor)
[2020-10-26 19:49:13,436] INFO Received connection request from /10.233.82.4:45848 (org.apache.zookeeper.server.quorum.QuorumCnxManager)
[2020-10-26 19:49:13,449] WARN Interrupted while waiting for message on queue (org.apache.zookeeper.server.quorum.QuorumCnxManager)
java.lang.InterruptedException
	at java.base/java.util.concurrent.locks.AbstractQueuedSynchronizer$ConditionObject.reportInterruptAfterWait(Unknown Source)
	at java.base/java.util.concurrent.locks.AbstractQueuedSynchronizer$ConditionObject.awaitNanos(Unknown Source)
	at java.base/java.util.concurrent.ArrayBlockingQueue.poll(Unknown Source)
	at org.apache.zookeeper.server.quorum.QuorumCnxManager.pollSendQueue(QuorumCnxManager.java:1308)
	at org.apache.zookeeper.server.quorum.QuorumCnxManager.access$700(QuorumCnxManager.java:85)
	at org.apache.zookeeper.server.quorum.QuorumCnxManager$SendWorker.run(QuorumCnxManager.java:1143)
[2020-10-26 19:49:13,451] WARN Send worker leaving thread  id 2 my id = 3 (org.apache.zookeeper.server.quorum.QuorumCnxManager)
[2020-10-26 19:49:13,450] WARN Connection broken for id 2, my id = 3, error =  (org.apache.zookeeper.server.quorum.QuorumCnxManager)
java.net.SocketException: Socket closed
	at java.base/java.net.SocketInputStream.socketRead0(Native Method)
	at java.base/java.net.SocketInputStream.socketRead(Unknown Source)
	at java.base/java.net.SocketInputStream.read(Unknown Source)
	at java.base/java.net.SocketInputStream.read(Unknown Source)
	at java.base/java.io.BufferedInputStream.fill(Unknown Source)
	at java.base/java.io.BufferedInputStream.read(Unknown Source)
	at java.base/java.io.DataInputStream.readInt(Unknown Source)
	at org.apache.zookeeper.server.quorum.QuorumCnxManager$RecvWorker.run(QuorumCnxManager.java:1226)
[2020-10-26 19:49:13,452] WARN Interrupting SendWorker thread from RecvWorker. sid: 2. myId: 3 (org.apache.zookeeper.server.quorum.QuorumCnxManager)
[2020-10-26 19:49:13,482] INFO Notification: 2 (message format version), 2 (n.leader), 0x10000012d (n.zxid), 0x4 (n.round), LEADING (n.state), 2 (n.sid), 0x2 (n.peerEPoch), FOLLOWING (my state)0 (n.config version) (org.apache.zookeeper.server.quorum.FastLeaderElection)
[2020-10-26 19:49:13,482] INFO Notification: 2 (message format version), 2 (n.leader), 0x10000012d (n.zxid), 0x4 (n.round), LEADING (n.state), 2 (n.sid), 0x2 (n.peerEPoch), FOLLOWING (my state)0 (n.config version) (org.apache.zookeeper.server.quorum.FastLeaderElection)
[2020-10-26 19:49:18,278] INFO The list of known four letter word commands is : [{1936881266=srvr, 1937006964=stat, 2003003491=wchc, 1685417328=dump, 1668445044=crst, 1936880500=srst, 1701738089=envi, 1668247142=conf, -720899=telnet close, 2003003507=wchs, 2003003504=wchp, 1684632179=dirs, 1668247155=cons, 1835955314=mntr, 1769173615=isro, 1920298859=ruok, 1735683435=gtmk, 1937010027=stmk}] (org.apache.zookeeper.server.command.FourLetterCommands)
[2020-10-26 19:49:18,279] INFO The list of enabled four letter word commands is : [[ruok, srvr]] (org.apache.zookeeper.server.command.FourLetterCommands)
[2020-10-26 19:49:44,502] WARN Exception when following the leader (org.apache.zookeeper.server.quorum.Learner)
java.net.SocketTimeoutException: Read timed out
	at java.base/java.net.SocketInputStream.socketRead0(Native Method)
	at java.base/java.net.SocketInputStream.socketRead(Unknown Source)
	at java.base/java.net.SocketInputStream.read(Unknown Source)
	at java.base/java.net.SocketInputStream.read(Unknown Source)
	at java.base/java.io.BufferedInputStream.fill(Unknown Source)
	at java.base/java.io.BufferedInputStream.read(Unknown Source)
	at java.base/java.io.DataInputStream.readInt(Unknown Source)
	at org.apache.jute.BinaryInputArchive.readInt(BinaryInputArchive.java:84)
	at org.apache.zookeeper.server.quorum.QuorumPacket.deserialize(QuorumPacket.java:86)
	at org.apache.jute.BinaryInputArchive.readRecord(BinaryInputArchive.java:118)
	at org.apache.zookeeper.server.quorum.Learner.readPacket(Learner.java:158)
	at org.apache.zookeeper.server.quorum.Follower.followLeader(Follower.java:92)
	at org.apache.zookeeper.server.quorum.QuorumPeer.run(QuorumPeer.java:1253)
[2020-10-26 19:49:44,503] INFO shutdown called (org.apache.zookeeper.server.quorum.Learner)
java.lang.Exception: shutdown Follower
	at org.apache.zookeeper.server.quorum.Follower.shutdown(Follower.java:201)
	at org.apache.zookeeper.server.quorum.QuorumPeer.run(QuorumPeer.java:1257)
[2020-10-26 19:49:44,504] INFO Shutting down (org.apache.zookeeper.server.ZooKeeperServer)
[2020-10-26 19:49:44,504] INFO shutting down (org.apache.zookeeper.server.ZooKeeperServer)
[2020-10-26 19:49:44,505] INFO Shutting down (org.apache.zookeeper.server.quorum.FollowerRequestProcessor)
[2020-10-26 19:49:44,506] INFO FollowerRequestProcessor exited loop! (org.apache.zookeeper.server.quorum.FollowerRequestProcessor)
[2020-10-26 19:49:44,507] INFO Shutting down (org.apache.zookeeper.server.quorum.CommitProcessor)
[2020-10-26 19:49:44,507] INFO CommitProcessor exited loop! (org.apache.zookeeper.server.quorum.CommitProcessor)
[2020-10-26 19:49:44,508] INFO shutdown of request processor complete (org.apache.zookeeper.server.FinalRequestProcessor)
[2020-10-26 19:49:44,510] INFO Shutting down (org.apache.zookeeper.server.SyncRequestProcessor)
[2020-10-26 19:49:44,510] INFO SyncRequestProcessor exited! (org.apache.zookeeper.server.SyncRequestProcessor)
[2020-10-26 19:49:44,515] WARN PeerState set to LOOKING (org.apache.zookeeper.server.quorum.QuorumPeer)
[2020-10-26 19:49:44,515] INFO LOOKING (org.apache.zookeeper.server.quorum.QuorumPeer)
[2020-10-26 19:49:44,515] INFO New election. My id =  3, proposed zxid=0x10000012d (org.apache.zookeeper.server.quorum.FastLeaderElection)
[2020-10-26 19:49:44,528] INFO Notification: 2 (message format version), 3 (n.leader), 0x10000012d (n.zxid), 0x5 (n.round), LOOKING (n.state), 3 (n.sid), 0x2 (n.peerEPoch), LOOKING (my state)0 (n.config version) (org.apache.zookeeper.server.quorum.FastLeaderElection)
[2020-10-26 19:49:44,535] INFO Notification: 2 (message format version), 2 (n.leader), 0x10000012d (n.zxid), 0x4 (n.round), LEADING (n.state), 2 (n.sid), 0x2 (n.peerEPoch), LOOKING (my state)0 (n.config version) (org.apache.zookeeper.server.quorum.FastLeaderElection)
[2020-10-26 19:49:44,539] INFO Notification: 2 (message format version), 2 (n.leader), 0x10000012d (n.zxid), 0x4 (n.round), FOLLOWING (n.state), 1 (n.sid), 0x2 (n.peerEPoch), LOOKING (my state)0 (n.config version) (org.apache.zookeeper.server.quorum.FastLeaderElection)
[2020-10-26 19:49:44,539] INFO FOLLOWING (org.apache.zookeeper.server.quorum.QuorumPeer)
[2020-10-26 19:49:44,539] INFO minSessionTimeout set to 260 (org.apache.zookeeper.server.ZooKeeperServer)
[2020-10-26 19:49:44,539] INFO maxSessionTimeout set to 3000 (org.apache.zookeeper.server.ZooKeeperServer)
[2020-10-26 19:49:44,540] INFO Created server with tickTime 130 minSessionTimeout 260 maxSessionTimeout 3000 datadir /var/lib/zookeeper/log/version-2 snapdir /var/lib/zookeeper/data/version-2 (org.apache.zookeeper.server.ZooKeeperServer)
[2020-10-26 19:49:44,540] INFO FOLLOWING - LEADER ELECTION TOOK - 0 MS (org.apache.zookeeper.server.quorum.Learner)
[2020-10-26 19:49:44,568] INFO Getting a diff from the leader 0x10000012d (org.apache.zookeeper.server.quorum.Learner)
[2020-10-26 19:49:44,569] INFO Learner received NEWLEADER message (org.apache.zookeeper.server.quorum.Learner)
[2020-10-26 19:49:44,581] INFO Learner received UPTODATE message (org.apache.zookeeper.server.quorum.Learner)
[2020-10-26 19:49:44,582] INFO Configuring CommitProcessor with 1 worker threads. (org.apache.zookeeper.server.quorum.CommitProcessor)
[2020-10-26 19:49:53,724] WARN Exception when following the leader (org.apache.zookeeper.server.quorum.Learner)
java.net.SocketTimeoutException: Read timed out
	at java.base/java.net.SocketInputStream.socketRead0(Native Method)
	at java.base/java.net.SocketInputStream.socketRead(Unknown Source)
	at java.base/java.net.SocketInputStream.read(Unknown Source)
	at java.base/java.net.SocketInputStream.read(Unknown Source)
	at java.base/java.io.BufferedInputStream.fill(Unknown Source)
	at java.base/java.io.BufferedInputStream.read(Unknown Source)
	at java.base/java.io.DataInputStream.readInt(Unknown Source)
	at org.apache.jute.BinaryInputArchive.readInt(BinaryInputArchive.java:84)
	at org.apache.zookeeper.server.quorum.QuorumPacket.deserialize(QuorumPacket.java:86)
	at org.apache.jute.BinaryInputArchive.readRecord(BinaryInputArchive.java:118)
	at org.apache.zookeeper.server.quorum.Learner.readPacket(Learner.java:158)
	at org.apache.zookeeper.server.quorum.Follower.followLeader(Follower.java:92)
	at org.apache.zookeeper.server.quorum.QuorumPeer.run(QuorumPeer.java:1253)
[2020-10-26 19:49:53,728] INFO shutdown called (org.apache.zookeeper.server.quorum.Learner)
java.lang.Exception: shutdown Follower
	at org.apache.zookeeper.server.quorum.Follower.shutdown(Follower.java:201)
	at org.apache.zookeeper.server.quorum.QuorumPeer.run(QuorumPeer.java:1257)
[2020-10-26 19:49:53,731] INFO Shutting down (org.apache.zookeeper.server.ZooKeeperServer)
[2020-10-26 19:49:53,734] INFO shutting down (org.apache.zookeeper.server.ZooKeeperServer)
[2020-10-26 19:49:53,735] INFO Shutting down (org.apache.zookeeper.server.quorum.FollowerRequestProcessor)
[2020-10-26 19:49:53,735] INFO Shutting down (org.apache.zookeeper.server.quorum.CommitProcessor)
[2020-10-26 19:49:53,735] INFO FollowerRequestProcessor exited loop! (org.apache.zookeeper.server.quorum.FollowerRequestProcessor)
[2020-10-26 19:49:53,735] INFO CommitProcessor exited loop! (org.apache.zookeeper.server.quorum.CommitProcessor)
[2020-10-26 19:49:53,746] INFO shutdown of request processor complete (org.apache.zookeeper.server.FinalRequestProcessor)
[2020-10-26 19:49:53,771] INFO Shutting down (org.apache.zookeeper.server.SyncRequestProcessor)
[2020-10-26 19:49:53,781] INFO SyncRequestProcessor exited! (org.apache.zookeeper.server.SyncRequestProcessor)
[2020-10-26 19:49:53,784] WARN PeerState set to LOOKING (org.apache.zookeeper.server.quorum.QuorumPeer)
[2020-10-26 19:49:53,785] INFO LOOKING (org.apache.zookeeper.server.quorum.QuorumPeer)
[2020-10-26 19:49:53,785] INFO New election. My id =  3, proposed zxid=0x10000012d (org.apache.zookeeper.server.quorum.FastLeaderElection)
[2020-10-26 19:49:53,787] INFO Notification: 2 (message format version), 3 (n.leader), 0x10000012d (n.zxid), 0x5 (n.round), LOOKING (n.state), 3 (n.sid), 0x2 (n.peerEPoch), LOOKING (my state)0 (n.config version) (org.apache.zookeeper.server.quorum.FastLeaderElection)
[2020-10-26 19:49:53,796] INFO Notification: 2 (message format version), 2 (n.leader), 0x10000012d (n.zxid), 0x4 (n.round), LEADING (n.state), 2 (n.sid), 0x2 (n.peerEPoch), LOOKING (my state)0 (n.config version) (org.apache.zookeeper.server.quorum.FastLeaderElection)
[2020-10-26 19:49:53,800] INFO Notification: 2 (message format version), 2 (n.leader), 0x10000012d (n.zxid), 0x4 (n.round), FOLLOWING (n.state), 1 (n.sid), 0x2 (n.peerEPoch), LOOKING (my state)0 (n.config version) (org.apache.zookeeper.server.quorum.FastLeaderElection)
[2020-10-26 19:49:53,803] INFO FOLLOWING (org.apache.zookeeper.server.quorum.QuorumPeer)
[2020-10-26 19:49:53,804] INFO minSessionTimeout set to 260 (org.apache.zookeeper.server.ZooKeeperServer)
[2020-10-26 19:49:53,804] INFO maxSessionTimeout set to 3000 (org.apache.zookeeper.server.ZooKeeperServer)
[2020-10-26 19:49:53,804] INFO Created server with tickTime 130 minSessionTimeout 260 maxSessionTimeout 3000 datadir /var/lib/zookeeper/log/version-2 snapdir /var/lib/zookeeper/data/version-2 (org.apache.zookeeper.server.ZooKeeperServer)
[2020-10-26 19:49:53,804] INFO FOLLOWING - LEADER ELECTION TOOK - 1 MS (org.apache.zookeeper.server.quorum.Learner)
[2020-10-26 19:49:53,843] INFO Getting a diff from the leader 0x10000012d (org.apache.zookeeper.server.quorum.Learner)
[2020-10-26 19:49:53,843] INFO Learner received NEWLEADER message (org.apache.zookeeper.server.quorum.Learner)
[2020-10-26 19:49:53,858] INFO Learner received UPTODATE message (org.apache.zookeeper.server.quorum.Learner)
[2020-10-26 19:49:53,862] INFO Configuring CommitProcessor with 1 worker threads. (org.apache.zookeeper.server.quorum.CommitProcessor)
[2020-10-26 19:50:01,447] INFO Revalidating client: 0x30000184fbe0000 (org.apache.zookeeper.server.quorum.Learner)
[2020-10-26 19:50:01,479] INFO Invalid session 0x30000184fbe0000 for client /10.233.84.2:45970, probably expired (org.apache.zookeeper.server.ZooKeeperServer)
[2020-10-26 19:50:01,513] WARN Got zxid 0x200000001 expected 0x1 (org.apache.zookeeper.server.quorum.Learner)
[2020-10-26 19:50:01,514] INFO Creating new log file: log.200000001 (org.apache.zookeeper.server.persistence.FileTxnLog)
[2020-10-26 19:51:02,546] INFO Notification: 2 (message format version), 1 (n.leader), 0x200000018 (n.zxid), 0x5 (n.round), LOOKING (n.state), 1 (n.sid), 0x2 (n.peerEPoch), FOLLOWING (my state)0 (n.config version) (org.apache.zookeeper.server.quorum.FastLeaderElection)
[2020-10-26 19:51:14,607] WARN Exception when following the leader (org.apache.zookeeper.server.quorum.Learner)
java.io.EOFException
	at java.base/java.io.DataInputStream.readInt(Unknown Source)
	at org.apache.jute.BinaryInputArchive.readInt(BinaryInputArchive.java:84)
	at org.apache.zookeeper.server.quorum.QuorumPacket.deserialize(QuorumPacket.java:86)
	at org.apache.jute.BinaryInputArchive.readRecord(BinaryInputArchive.java:118)
	at org.apache.zookeeper.server.quorum.Learner.readPacket(Learner.java:158)
	at org.apache.zookeeper.server.quorum.Follower.followLeader(Follower.java:92)
	at org.apache.zookeeper.server.quorum.QuorumPeer.run(QuorumPeer.java:1253)
[2020-10-26 19:51:14,611] INFO shutdown called (org.apache.zookeeper.server.quorum.Learner)
java.lang.Exception: shutdown Follower
	at org.apache.zookeeper.server.quorum.Follower.shutdown(Follower.java:201)
	at org.apache.zookeeper.server.quorum.QuorumPeer.run(QuorumPeer.java:1257)
[2020-10-26 19:51:14,611] INFO Shutting down (org.apache.zookeeper.server.ZooKeeperServer)
[2020-10-26 19:51:14,611] INFO shutting down (org.apache.zookeeper.server.ZooKeeperServer)
[2020-10-26 19:51:14,611] INFO Shutting down (org.apache.zookeeper.server.quorum.FollowerRequestProcessor)
[2020-10-26 19:51:14,611] INFO Shutting down (org.apache.zookeeper.server.quorum.CommitProcessor)
[2020-10-26 19:51:14,611] INFO CommitProcessor exited loop! (org.apache.zookeeper.server.quorum.CommitProcessor)
[2020-10-26 19:51:14,611] INFO FollowerRequestProcessor exited loop! (org.apache.zookeeper.server.quorum.FollowerRequestProcessor)
[2020-10-26 19:51:14,612] INFO shutdown of request processor complete (org.apache.zookeeper.server.FinalRequestProcessor)
[2020-10-26 19:51:14,615] INFO Shutting down (org.apache.zookeeper.server.SyncRequestProcessor)
[2020-10-26 19:51:14,616] INFO SyncRequestProcessor exited! (org.apache.zookeeper.server.SyncRequestProcessor)
[2020-10-26 19:51:14,616] WARN PeerState set to LOOKING (org.apache.zookeeper.server.quorum.QuorumPeer)
[2020-10-26 19:51:14,616] INFO LOOKING (org.apache.zookeeper.server.quorum.QuorumPeer)
[2020-10-26 19:51:14,617] INFO New election. My id =  3, proposed zxid=0x200000018 (org.apache.zookeeper.server.quorum.FastLeaderElection)
[2020-10-26 19:51:14,619] INFO Notification: 2 (message format version), 3 (n.leader), 0x200000018 (n.zxid), 0x5 (n.round), LOOKING (n.state), 3 (n.sid), 0x2 (n.peerEPoch), LOOKING (my state)0 (n.config version) (org.apache.zookeeper.server.quorum.FastLeaderElection)
[2020-10-26 19:51:14,627] INFO Notification: 2 (message format version), 2 (n.leader), 0x10000012d (n.zxid), 0x4 (n.round), FOLLOWING (n.state), 1 (n.sid), 0x2 (n.peerEPoch), LOOKING (my state)0 (n.config version) (org.apache.zookeeper.server.quorum.FastLeaderElection)
[2020-10-26 19:51:14,651] INFO Notification: 2 (message format version), 2 (n.leader), 0x10000012d (n.zxid), 0x4 (n.round), LEADING (n.state), 2 (n.sid), 0x2 (n.peerEPoch), LOOKING (my state)0 (n.config version) (org.apache.zookeeper.server.quorum.FastLeaderElection)
[2020-10-26 19:51:14,651] INFO FOLLOWING (org.apache.zookeeper.server.quorum.QuorumPeer)
[2020-10-26 19:51:14,652] INFO minSessionTimeout set to 260 (org.apache.zookeeper.server.ZooKeeperServer)
[2020-10-26 19:51:14,652] INFO maxSessionTimeout set to 3000 (org.apache.zookeeper.server.ZooKeeperServer)
[2020-10-26 19:51:14,652] INFO Created server with tickTime 130 minSessionTimeout 260 maxSessionTimeout 3000 datadir /var/lib/zookeeper/log/version-2 snapdir /var/lib/zookeeper/data/version-2 (org.apache.zookeeper.server.ZooKeeperServer)
[2020-10-26 19:51:14,652] INFO FOLLOWING - LEADER ELECTION TOOK - 1 MS (org.apache.zookeeper.server.quorum.Learner)
[2020-10-26 19:51:14,681] INFO Getting a diff from the leader 0x200000018 (org.apache.zookeeper.server.quorum.Learner)
[2020-10-26 19:51:14,682] INFO Learner received NEWLEADER message (org.apache.zookeeper.server.quorum.Learner)
[2020-10-26 19:51:14,745] INFO Learner received UPTODATE message (org.apache.zookeeper.server.quorum.Learner)
[2020-10-26 19:51:14,745] INFO Configuring CommitProcessor with 1 worker threads. (org.apache.zookeeper.server.quorum.CommitProcessor)
[2020-10-26 19:51:21,128] WARN Exception when following the leader (org.apache.zookeeper.server.quorum.Learner)
java.net.SocketTimeoutException: Read timed out
	at java.base/java.net.SocketInputStream.socketRead0(Native Method)
	at java.base/java.net.SocketInputStream.socketRead(Unknown Source)
	at java.base/java.net.SocketInputStream.read(Unknown Source)
	at java.base/java.net.SocketInputStream.read(Unknown Source)
	at java.base/java.io.BufferedInputStream.fill(Unknown Source)
	at java.base/java.io.BufferedInputStream.read(Unknown Source)
	at java.base/java.io.DataInputStream.readInt(Unknown Source)
	at org.apache.jute.BinaryInputArchive.readInt(BinaryInputArchive.java:84)
	at org.apache.zookeeper.server.quorum.QuorumPacket.deserialize(QuorumPacket.java:86)
	at org.apache.jute.BinaryInputArchive.readRecord(BinaryInputArchive.java:118)
	at org.apache.zookeeper.server.quorum.Learner.readPacket(Learner.java:158)
	at org.apache.zookeeper.server.quorum.Follower.followLeader(Follower.java:92)
	at org.apache.zookeeper.server.quorum.QuorumPeer.run(QuorumPeer.java:1253)
[2020-10-26 19:51:21,129] INFO shutdown called (org.apache.zookeeper.server.quorum.Learner)
java.lang.Exception: shutdown Follower
	at org.apache.zookeeper.server.quorum.Follower.shutdown(Follower.java:201)
	at org.apache.zookeeper.server.quorum.QuorumPeer.run(QuorumPeer.java:1257)
[2020-10-26 19:51:21,130] INFO Shutting down (org.apache.zookeeper.server.ZooKeeperServer)
[2020-10-26 19:51:21,130] INFO shutting down (org.apache.zookeeper.server.ZooKeeperServer)
[2020-10-26 19:51:21,130] INFO Shutting down (org.apache.zookeeper.server.quorum.FollowerRequestProcessor)
[2020-10-26 19:51:21,130] INFO Shutting down (org.apache.zookeeper.server.quorum.CommitProcessor)
[2020-10-26 19:51:21,130] INFO shutdown of request processor complete (org.apache.zookeeper.server.FinalRequestProcessor)
[2020-10-26 19:51:21,130] INFO Shutting down (org.apache.zookeeper.server.SyncRequestProcessor)
[2020-10-26 19:51:21,132] INFO CommitProcessor exited loop! (org.apache.zookeeper.server.quorum.CommitProcessor)
[2020-10-26 19:51:21,134] INFO FollowerRequestProcessor exited loop! (org.apache.zookeeper.server.quorum.FollowerRequestProcessor)
[2020-10-26 19:51:21,136] INFO SyncRequestProcessor exited! (org.apache.zookeeper.server.SyncRequestProcessor)
[2020-10-26 19:51:21,137] WARN PeerState set to LOOKING (org.apache.zookeeper.server.quorum.QuorumPeer)
[2020-10-26 19:51:21,137] INFO LOOKING (org.apache.zookeeper.server.quorum.QuorumPeer)
[2020-10-26 19:51:21,138] INFO New election. My id =  3, proposed zxid=0x200000018 (org.apache.zookeeper.server.quorum.FastLeaderElection)
[2020-10-26 19:51:21,140] INFO Notification: 2 (message format version), 3 (n.leader), 0x200000018 (n.zxid), 0x5 (n.round), LOOKING (n.state), 3 (n.sid), 0x2 (n.peerEPoch), LOOKING (my state)0 (n.config version) (org.apache.zookeeper.server.quorum.FastLeaderElection)
[2020-10-26 19:51:21,152] INFO Notification: 2 (message format version), 2 (n.leader), 0x10000012d (n.zxid), 0x4 (n.round), LEADING (n.state), 2 (n.sid), 0x2 (n.peerEPoch), LOOKING (my state)0 (n.config version) (org.apache.zookeeper.server.quorum.FastLeaderElection)
[2020-10-26 19:51:21,152] INFO Notification: 2 (message format version), 2 (n.leader), 0x10000012d (n.zxid), 0x4 (n.round), FOLLOWING (n.state), 1 (n.sid), 0x2 (n.peerEPoch), LOOKING (my state)0 (n.config version) (org.apache.zookeeper.server.quorum.FastLeaderElection)
[2020-10-26 19:51:21,152] INFO FOLLOWING (org.apache.zookeeper.server.quorum.QuorumPeer)
[2020-10-26 19:51:21,153] INFO minSessionTimeout set to 260 (org.apache.zookeeper.server.ZooKeeperServer)
[2020-10-26 19:51:21,153] INFO maxSessionTimeout set to 3000 (org.apache.zookeeper.server.ZooKeeperServer)
[2020-10-26 19:51:21,154] INFO Created server with tickTime 130 minSessionTimeout 260 maxSessionTimeout 3000 datadir /var/lib/zookeeper/log/version-2 snapdir /var/lib/zookeeper/data/version-2 (org.apache.zookeeper.server.ZooKeeperServer)
[2020-10-26 19:51:21,154] INFO FOLLOWING - LEADER ELECTION TOOK - 1 MS (org.apache.zookeeper.server.quorum.Learner)
[2020-10-26 19:51:21,182] INFO Getting a diff from the leader 0x200000018 (org.apache.zookeeper.server.quorum.Learner)
[2020-10-26 19:51:21,183] INFO Learner received NEWLEADER message (org.apache.zookeeper.server.quorum.Learner)
[2020-10-26 19:51:21,196] INFO Learner received UPTODATE message (org.apache.zookeeper.server.quorum.Learner)
[2020-10-26 19:51:21,196] INFO Configuring CommitProcessor with 1 worker threads. (org.apache.zookeeper.server.quorum.CommitProcessor)
[2020-10-26 19:51:48,623] INFO Notification: 2 (message format version), 1 (n.leader), 0x200000018 (n.zxid), 0x5 (n.round), LOOKING (n.state), 1 (n.sid), 0x2 (n.peerEPoch), FOLLOWING (my state)0 (n.config version) (org.apache.zookeeper.server.quorum.FastLeaderElection)
[2020-10-26 19:52:12,662] INFO Notification: 2 (message format version), 1 (n.leader), 0x200000018 (n.zxid), 0x5 (n.round), LOOKING (n.state), 1 (n.sid), 0x2 (n.peerEPoch), FOLLOWING (my state)0 (n.config version) (org.apache.zookeeper.server.quorum.FastLeaderElection)
[2020-10-26 19:52:32,808] INFO Notification: 2 (message format version), 1 (n.leader), 0x200000018 (n.zxid), 0x5 (n.round), LOOKING (n.state), 1 (n.sid), 0x2 (n.peerEPoch), FOLLOWING (my state)0 (n.config version) (org.apache.zookeeper.server.quorum.FastLeaderElection)
[2020-10-26 19:53:06,383] INFO Notification: 2 (message format version), 1 (n.leader), 0x200000018 (n.zxid), 0x5 (n.round), LOOKING (n.state), 1 (n.sid), 0x2 (n.peerEPoch), FOLLOWING (my state)0 (n.config version) (org.apache.zookeeper.server.quorum.FastLeaderElection)
[2020-10-26 19:53:06,623] INFO Notification: 2 (message format version), 1 (n.leader), 0x200000018 (n.zxid), 0x5 (n.round), LOOKING (n.state), 1 (n.sid), 0x2 (n.peerEPoch), FOLLOWING (my state)0 (n.config version) (org.apache.zookeeper.server.quorum.FastLeaderElection)
[2020-10-26 19:53:38,306] INFO Notification: 2 (message format version), 1 (n.leader), 0x200000018 (n.zxid), 0x5 (n.round), LOOKING (n.state), 1 (n.sid), 0x2 (n.peerEPoch), FOLLOWING (my state)0 (n.config version) (org.apache.zookeeper.server.quorum.FastLeaderElection)
[2020-10-26 19:54:44,233] WARN Got zxid 0x200000019 expected 0x1 (org.apache.zookeeper.server.quorum.Learner)
[2020-10-26 19:55:25,586] INFO Notification: 2 (message format version), 1 (n.leader), 0x20000001c (n.zxid), 0x5 (n.round), LOOKING (n.state), 1 (n.sid), 0x2 (n.peerEPoch), FOLLOWING (my state)0 (n.config version) (org.apache.zookeeper.server.quorum.FastLeaderElection)
[2020-10-26 19:56:18,254] INFO Notification: 2 (message format version), 1 (n.leader), 0x20000001c (n.zxid), 0x5 (n.round), LOOKING (n.state), 1 (n.sid), 0x2 (n.peerEPoch), FOLLOWING (my state)0 (n.config version) (org.apache.zookeeper.server.quorum.FastLeaderElection)
[2020-10-26 19:56:18,264] INFO Notification: 2 (message format version), 1 (n.leader), 0x20000001c (n.zxid), 0x5 (n.round), LOOKING (n.state), 1 (n.sid), 0x2 (n.peerEPoch), FOLLOWING (my state)0 (n.config version) (org.apache.zookeeper.server.quorum.FastLeaderElection)
[2020-10-26 19:56:18,276] INFO Notification: 2 (message format version), 1 (n.leader), 0x20000001c (n.zxid), 0x5 (n.round), LOOKING (n.state), 1 (n.sid), 0x2 (n.peerEPoch), FOLLOWING (my state)0 (n.config version) (org.apache.zookeeper.server.quorum.FastLeaderElection)
[2020-10-26 19:56:18,277] INFO Notification: 2 (message format version), 1 (n.leader), 0x20000001c (n.zxid), 0x5 (n.round), LOOKING (n.state), 1 (n.sid), 0x2 (n.peerEPoch), FOLLOWING (my state)0 (n.config version) (org.apache.zookeeper.server.quorum.FastLeaderElection)
[2020-10-26 19:56:26,120] WARN Exception when following the leader (org.apache.zookeeper.server.quorum.Learner)
java.io.EOFException
	at java.base/java.io.DataInputStream.readInt(Unknown Source)
	at org.apache.jute.BinaryInputArchive.readInt(BinaryInputArchive.java:84)
	at org.apache.zookeeper.server.quorum.QuorumPacket.deserialize(QuorumPacket.java:86)
	at org.apache.jute.BinaryInputArchive.readRecord(BinaryInputArchive.java:118)
	at org.apache.zookeeper.server.quorum.Learner.readPacket(Learner.java:158)
	at org.apache.zookeeper.server.quorum.Follower.followLeader(Follower.java:92)
	at org.apache.zookeeper.server.quorum.QuorumPeer.run(QuorumPeer.java:1253)
[2020-10-26 19:56:26,128] INFO shutdown called (org.apache.zookeeper.server.quorum.Learner)
java.lang.Exception: shutdown Follower
	at org.apache.zookeeper.server.quorum.Follower.shutdown(Follower.java:201)
	at org.apache.zookeeper.server.quorum.QuorumPeer.run(QuorumPeer.java:1257)
[2020-10-26 19:56:26,132] INFO Shutting down (org.apache.zookeeper.server.ZooKeeperServer)
[2020-10-26 19:56:26,132] INFO shutting down (org.apache.zookeeper.server.ZooKeeperServer)
[2020-10-26 19:56:26,132] INFO Shutting down (org.apache.zookeeper.server.quorum.FollowerRequestProcessor)
[2020-10-26 19:56:26,132] INFO FollowerRequestProcessor exited loop! (org.apache.zookeeper.server.quorum.FollowerRequestProcessor)
[2020-10-26 19:56:26,132] INFO Shutting down (org.apache.zookeeper.server.quorum.CommitProcessor)
[2020-10-26 19:56:26,154] INFO CommitProcessor exited loop! (org.apache.zookeeper.server.quorum.CommitProcessor)
[2020-10-26 19:56:26,154] INFO shutdown of request processor complete (org.apache.zookeeper.server.FinalRequestProcessor)
[2020-10-26 19:56:26,155] INFO Shutting down (org.apache.zookeeper.server.SyncRequestProcessor)
[2020-10-26 19:56:26,155] INFO SyncRequestProcessor exited! (org.apache.zookeeper.server.SyncRequestProcessor)
[2020-10-26 19:56:26,159] WARN PeerState set to LOOKING (org.apache.zookeeper.server.quorum.QuorumPeer)
[2020-10-26 19:56:26,159] INFO LOOKING (org.apache.zookeeper.server.quorum.QuorumPeer)
[2020-10-26 19:56:26,162] INFO New election. My id =  3, proposed zxid=0x20000001c (org.apache.zookeeper.server.quorum.FastLeaderElection)
[2020-10-26 19:56:26,175] INFO Notification: 2 (message format version), 3 (n.leader), 0x20000001c (n.zxid), 0x5 (n.round), LOOKING (n.state), 3 (n.sid), 0x2 (n.peerEPoch), LOOKING (my state)0 (n.config version) (org.apache.zookeeper.server.quorum.FastLeaderElection)
[2020-10-26 19:56:26,176] INFO Notification: 2 (message format version), 2 (n.leader), 0x10000012d (n.zxid), 0x4 (n.round), LEADING (n.state), 2 (n.sid), 0x2 (n.peerEPoch), LOOKING (my state)0 (n.config version) (org.apache.zookeeper.server.quorum.FastLeaderElection)
[2020-10-26 19:56:26,194] INFO Notification: 2 (message format version), 2 (n.leader), 0x10000012d (n.zxid), 0x4 (n.round), FOLLOWING (n.state), 1 (n.sid), 0x2 (n.peerEPoch), LOOKING (my state)0 (n.config version) (org.apache.zookeeper.server.quorum.FastLeaderElection)
[2020-10-26 19:56:26,199] INFO FOLLOWING (org.apache.zookeeper.server.quorum.QuorumPeer)
[2020-10-26 19:56:26,199] INFO minSessionTimeout set to 260 (org.apache.zookeeper.server.ZooKeeperServer)
[2020-10-26 19:56:26,199] INFO maxSessionTimeout set to 3000 (org.apache.zookeeper.server.ZooKeeperServer)
[2020-10-26 19:56:26,199] INFO Created server with tickTime 130 minSessionTimeout 260 maxSessionTimeout 3000 datadir /var/lib/zookeeper/log/version-2 snapdir /var/lib/zookeeper/data/version-2 (org.apache.zookeeper.server.ZooKeeperServer)
[2020-10-26 19:56:26,199] INFO FOLLOWING - LEADER ELECTION TOOK - 1 MS (org.apache.zookeeper.server.quorum.Learner)
[2020-10-26 19:56:26,240] INFO Getting a diff from the leader 0x20000001c (org.apache.zookeeper.server.quorum.Learner)
[2020-10-26 19:56:26,240] INFO Learner received NEWLEADER message (org.apache.zookeeper.server.quorum.Learner)
[2020-10-26 19:56:26,264] INFO Learner received UPTODATE message (org.apache.zookeeper.server.quorum.Learner)
[2020-10-26 19:56:26,268] INFO Configuring CommitProcessor with 1 worker threads. (org.apache.zookeeper.server.quorum.CommitProcessor)
[2020-10-26 19:56:37,047] WARN Exception when following the leader (org.apache.zookeeper.server.quorum.Learner)
java.io.EOFException
	at java.base/java.io.DataInputStream.readInt(Unknown Source)
	at org.apache.jute.BinaryInputArchive.readInt(BinaryInputArchive.java:84)
	at org.apache.zookeeper.server.quorum.QuorumPacket.deserialize(QuorumPacket.java:86)
	at org.apache.jute.BinaryInputArchive.readRecord(BinaryInputArchive.java:118)
	at org.apache.zookeeper.server.quorum.Learner.readPacket(Learner.java:158)
	at org.apache.zookeeper.server.quorum.Follower.followLeader(Follower.java:92)
	at org.apache.zookeeper.server.quorum.QuorumPeer.run(QuorumPeer.java:1253)
[2020-10-26 19:56:37,047] INFO shutdown called (org.apache.zookeeper.server.quorum.Learner)
java.lang.Exception: shutdown Follower
	at org.apache.zookeeper.server.quorum.Follower.shutdown(Follower.java:201)
	at org.apache.zookeeper.server.quorum.QuorumPeer.run(QuorumPeer.java:1257)
[2020-10-26 19:56:37,048] INFO Shutting down (org.apache.zookeeper.server.ZooKeeperServer)
[2020-10-26 19:56:37,048] INFO shutting down (org.apache.zookeeper.server.ZooKeeperServer)
[2020-10-26 19:56:37,048] INFO Shutting down (org.apache.zookeeper.server.quorum.FollowerRequestProcessor)
[2020-10-26 19:56:37,048] INFO Shutting down (org.apache.zookeeper.server.quorum.CommitProcessor)
[2020-10-26 19:56:37,048] INFO FollowerRequestProcessor exited loop! (org.apache.zookeeper.server.quorum.FollowerRequestProcessor)
[2020-10-26 19:56:37,049] INFO shutdown of request processor complete (org.apache.zookeeper.server.FinalRequestProcessor)
[2020-10-26 19:56:37,049] INFO CommitProcessor exited loop! (org.apache.zookeeper.server.quorum.CommitProcessor)
[2020-10-26 19:56:37,051] INFO Shutting down (org.apache.zookeeper.server.SyncRequestProcessor)
[2020-10-26 19:56:37,051] INFO SyncRequestProcessor exited! (org.apache.zookeeper.server.SyncRequestProcessor)
[2020-10-26 19:56:37,053] WARN PeerState set to LOOKING (org.apache.zookeeper.server.quorum.QuorumPeer)
[2020-10-26 19:56:37,053] INFO LOOKING (org.apache.zookeeper.server.quorum.QuorumPeer)
[2020-10-26 19:56:37,054] INFO New election. My id =  3, proposed zxid=0x20000001c (org.apache.zookeeper.server.quorum.FastLeaderElection)
[2020-10-26 19:56:37,055] INFO Notification: 2 (message format version), 3 (n.leader), 0x20000001c (n.zxid), 0x5 (n.round), LOOKING (n.state), 3 (n.sid), 0x2 (n.peerEPoch), LOOKING (my state)0 (n.config version) (org.apache.zookeeper.server.quorum.FastLeaderElection)
[2020-10-26 19:56:37,072] INFO Notification: 2 (message format version), 2 (n.leader), 0x10000012d (n.zxid), 0x4 (n.round), FOLLOWING (n.state), 1 (n.sid), 0x2 (n.peerEPoch), LOOKING (my state)0 (n.config version) (org.apache.zookeeper.server.quorum.FastLeaderElection)
[2020-10-26 19:56:37,080] INFO Notification: 2 (message format version), 2 (n.leader), 0x10000012d (n.zxid), 0x4 (n.round), LEADING (n.state), 2 (n.sid), 0x2 (n.peerEPoch), LOOKING (my state)0 (n.config version) (org.apache.zookeeper.server.quorum.FastLeaderElection)
[2020-10-26 19:56:37,085] INFO FOLLOWING (org.apache.zookeeper.server.quorum.QuorumPeer)
[2020-10-26 19:56:37,088] INFO minSessionTimeout set to 260 (org.apache.zookeeper.server.ZooKeeperServer)
[2020-10-26 19:56:37,088] INFO maxSessionTimeout set to 3000 (org.apache.zookeeper.server.ZooKeeperServer)
[2020-10-26 19:56:37,089] INFO Created server with tickTime 130 minSessionTimeout 260 maxSessionTimeout 3000 datadir /var/lib/zookeeper/log/version-2 snapdir /var/lib/zookeeper/data/version-2 (org.apache.zookeeper.server.ZooKeeperServer)
[2020-10-26 19:56:37,089] INFO FOLLOWING - LEADER ELECTION TOOK - 4 MS (org.apache.zookeeper.server.quorum.Learner)
[2020-10-26 19:56:37,193] INFO Getting a diff from the leader 0x20000001c (org.apache.zookeeper.server.quorum.Learner)
[2020-10-26 19:56:37,194] INFO Learner received NEWLEADER message (org.apache.zookeeper.server.quorum.Learner)
[2020-10-26 19:56:37,205] INFO Learner received UPTODATE message (org.apache.zookeeper.server.quorum.Learner)
[2020-10-26 19:56:37,206] INFO Configuring CommitProcessor with 1 worker threads. (org.apache.zookeeper.server.quorum.CommitProcessor)
[2020-10-26 19:56:53,566] INFO Notification: 2 (message format version), 1 (n.leader), 0x20000001c (n.zxid), 0x5 (n.round), LOOKING (n.state), 1 (n.sid), 0x2 (n.peerEPoch), FOLLOWING (my state)0 (n.config version) (org.apache.zookeeper.server.quorum.FastLeaderElection)
[2020-10-26 19:56:59,308] INFO Notification: 2 (message format version), 1 (n.leader), 0x20000001c (n.zxid), 0x5 (n.round), LOOKING (n.state), 1 (n.sid), 0x2 (n.peerEPoch), FOLLOWING (my state)0 (n.config version) (org.apache.zookeeper.server.quorum.FastLeaderElection)
