[2020-10-26 09:47:36,324] INFO Reading configuration from: /etc/kafka/zookeeper.properties.scale-3.zoo-0 (org.apache.zookeeper.server.quorum.QuorumPeerConfig)
[2020-10-26 09:47:36,371] INFO clientPortAddress is 0.0.0.0:2181 (org.apache.zookeeper.server.quorum.QuorumPeerConfig)
[2020-10-26 09:47:36,371] INFO secureClientPort is not set (org.apache.zookeeper.server.quorum.QuorumPeerConfig)
[2020-10-26 09:47:36,422] INFO autopurge.snapRetainCount set to 3 (org.apache.zookeeper.server.DatadirCleanupManager)
[2020-10-26 09:47:36,422] INFO autopurge.purgeInterval set to 0 (org.apache.zookeeper.server.DatadirCleanupManager)
[2020-10-26 09:47:36,422] INFO Purge task is not scheduled. (org.apache.zookeeper.server.DatadirCleanupManager)
[2020-10-26 09:47:36,426] INFO Log4j 1.2 jmx support found and enabled. (org.apache.zookeeper.jmx.ManagedUtil)
[2020-10-26 09:47:36,591] INFO Starting quorum peer (org.apache.zookeeper.server.quorum.QuorumPeerMain)
[2020-10-26 09:47:36,600] INFO Using org.apache.zookeeper.server.NIOServerCnxnFactory as server connection factory (org.apache.zookeeper.server.ServerCnxnFactory)
[2020-10-26 09:47:36,603] INFO Configuring NIO connection handler with 10s sessionless connection timeout, 1 selector thread(s), 2 worker threads, and 64 kB direct buffers. (org.apache.zookeeper.server.NIOServerCnxnFactory)
[2020-10-26 09:47:36,610] INFO binding to port 0.0.0.0/0.0.0.0:2181 (org.apache.zookeeper.server.NIOServerCnxnFactory)
[2020-10-26 09:47:36,641] INFO Logging initialized @1101ms to org.eclipse.jetty.util.log.Slf4jLog (org.eclipse.jetty.util.log)
[2020-10-26 09:47:36,802] WARN o.e.j.s.ServletContextHandler@6bd61f98{/,null,UNAVAILABLE} contextPath ends with /* (org.eclipse.jetty.server.handler.ContextHandler)
[2020-10-26 09:47:36,802] WARN Empty contextPath (org.eclipse.jetty.server.handler.ContextHandler)
[2020-10-26 09:47:36,839] INFO Setting -D jdk.tls.rejectClientInitiatedRenegotiation=true to disable client-initiated TLS renegotiation (org.apache.zookeeper.common.X509Util)
[2020-10-26 09:47:36,842] INFO zookeeper.snapshot.trust.empty : false (org.apache.zookeeper.server.persistence.FileTxnSnapLog)
[2020-10-26 09:47:36,848] INFO Local sessions disabled (org.apache.zookeeper.server.quorum.QuorumPeer)
[2020-10-26 09:47:36,848] INFO Local session upgrading disabled (org.apache.zookeeper.server.quorum.QuorumPeer)
[2020-10-26 09:47:36,848] INFO tickTime set to 130 (org.apache.zookeeper.server.quorum.QuorumPeer)
[2020-10-26 09:47:36,848] INFO minSessionTimeout set to 260 (org.apache.zookeeper.server.quorum.QuorumPeer)
[2020-10-26 09:47:36,848] INFO maxSessionTimeout set to 3000 (org.apache.zookeeper.server.quorum.QuorumPeer)
[2020-10-26 09:47:36,848] INFO initLimit set to 5 (org.apache.zookeeper.server.quorum.QuorumPeer)
[2020-10-26 09:47:36,882] INFO zookeeper.snapshotSizeFactor = 0.33 (org.apache.zookeeper.server.ZKDatabase)
[2020-10-26 09:47:36,886] INFO Using insecure (non-TLS) quorum communication (org.apache.zookeeper.server.quorum.QuorumPeer)
[2020-10-26 09:47:36,889] INFO Port unification disabled (org.apache.zookeeper.server.quorum.QuorumPeer)
[2020-10-26 09:47:36,891] INFO QuorumPeer communication is not secured! (SASL auth disabled) (org.apache.zookeeper.server.quorum.QuorumPeer)
[2020-10-26 09:47:36,891] INFO quorum.cnxn.threads.size set to 20 (org.apache.zookeeper.server.quorum.QuorumPeer)
[2020-10-26 09:47:36,905] INFO Snapshotting: 0x0 to /var/lib/zookeeper/data/version-2/snapshot.0 (org.apache.zookeeper.server.persistence.FileTxnSnapLog)
[2020-10-26 09:47:36,917] INFO currentEpoch not found! Creating with a reasonable default of 0. This should only happen when you are upgrading your installation (org.apache.zookeeper.server.quorum.QuorumPeer)
[2020-10-26 09:47:36,924] INFO acceptedEpoch not found! Creating with a reasonable default of 0. This should only happen when you are upgrading your installation (org.apache.zookeeper.server.quorum.QuorumPeer)
[2020-10-26 09:47:36,937] INFO jetty-9.4.24.v20191120; built: 2019-11-20T21:37:49.771Z; git: 363d5f2df3a8a28de40604320230664b9c793c16; jvm 11.0.7+10 (org.eclipse.jetty.server.Server)
[2020-10-26 09:47:37,041] INFO DefaultSessionIdManager workerName=node0 (org.eclipse.jetty.server.session)
[2020-10-26 09:47:37,041] INFO No SessionScavenger set, using defaults (org.eclipse.jetty.server.session)
[2020-10-26 09:47:37,044] INFO node0 Scavenging every 660000ms (org.eclipse.jetty.server.session)
[2020-10-26 09:47:37,053] INFO Started o.e.j.s.ServletContextHandler@6bd61f98{/,null,AVAILABLE} (org.eclipse.jetty.server.handler.ContextHandler)
[2020-10-26 09:47:37,076] INFO Started ServerConnector@7a419da4{HTTP/1.1,[http/1.1]}{0.0.0.0:8080} (org.eclipse.jetty.server.AbstractConnector)
[2020-10-26 09:47:37,077] INFO Started @1536ms (org.eclipse.jetty.server.Server)
[2020-10-26 09:47:37,078] INFO Started AdminServer on address 0.0.0.0, port 8080 and command URL /commands (org.apache.zookeeper.server.admin.JettyAdminServer)
[2020-10-26 09:47:37,086] INFO Election port bind maximum retries is infinite (org.apache.zookeeper.server.quorum.QuorumCnxManager)
[2020-10-26 09:47:37,090] INFO 1 is accepting connections now, my election bind port: zoo-0.zoo.kafka.svc.cluster.local/10.233.84.3:3888 (org.apache.zookeeper.server.quorum.QuorumCnxManager)
[2020-10-26 09:47:37,136] INFO LOOKING (org.apache.zookeeper.server.quorum.QuorumPeer)
[2020-10-26 09:47:37,137] INFO New election. My id =  1, proposed zxid=0x0 (org.apache.zookeeper.server.quorum.FastLeaderElection)
[2020-10-26 09:47:37,142] INFO Notification: 2 (message format version), 1 (n.leader), 0x0 (n.zxid), 0x1 (n.round), LOOKING (n.state), 1 (n.sid), 0x0 (n.peerEPoch), LOOKING (my state)0 (n.config version) (org.apache.zookeeper.server.quorum.FastLeaderElection)
[2020-10-26 09:47:37,148] WARN Failed to resolve address: zoo-2.zoo.kafka.svc.cluster.local (org.apache.zookeeper.server.quorum.QuorumPeer)
java.net.UnknownHostException: zoo-2.zoo.kafka.svc.cluster.local
	at java.base/java.net.InetAddress$CachedAddresses.get(Unknown Source)
	at java.base/java.net.InetAddress.getAllByName0(Unknown Source)
	at java.base/java.net.InetAddress.getAllByName(Unknown Source)
	at java.base/java.net.InetAddress.getAllByName(Unknown Source)
	at java.base/java.net.InetAddress.getByName(Unknown Source)
	at org.apache.zookeeper.server.quorum.QuorumPeer$QuorumServer.recreateSocketAddresses(QuorumPeer.java:197)
	at org.apache.zookeeper.server.quorum.QuorumPeer.recreateSocketAddresses(QuorumPeer.java:746)
	at org.apache.zookeeper.server.quorum.QuorumCnxManager.connectOne(QuorumCnxManager.java:715)
	at org.apache.zookeeper.server.quorum.QuorumCnxManager.toSend(QuorumCnxManager.java:676)
	at org.apache.zookeeper.server.quorum.FastLeaderElection$Messenger$WorkerSender.process(FastLeaderElection.java:495)
	at org.apache.zookeeper.server.quorum.FastLeaderElection$Messenger$WorkerSender.run(FastLeaderElection.java:474)
	at java.base/java.lang.Thread.run(Unknown Source)
[2020-10-26 09:47:37,153] WARN Failed to resolve address: zoo-2.zoo.kafka.svc.cluster.local (org.apache.zookeeper.server.quorum.QuorumPeer)
java.net.UnknownHostException: zoo-2.zoo.kafka.svc.cluster.local
	at java.base/java.net.InetAddress$CachedAddresses.get(Unknown Source)
	at java.base/java.net.InetAddress.getAllByName0(Unknown Source)
	at java.base/java.net.InetAddress.getAllByName(Unknown Source)
	at java.base/java.net.InetAddress.getAllByName(Unknown Source)
	at java.base/java.net.InetAddress.getByName(Unknown Source)
	at org.apache.zookeeper.server.quorum.QuorumPeer$QuorumServer.recreateSocketAddresses(QuorumPeer.java:197)
	at org.apache.zookeeper.server.quorum.QuorumPeer.recreateSocketAddresses(QuorumPeer.java:756)
	at org.apache.zookeeper.server.quorum.QuorumCnxManager.connectOne(QuorumCnxManager.java:715)
	at org.apache.zookeeper.server.quorum.QuorumCnxManager.toSend(QuorumCnxManager.java:676)
	at org.apache.zookeeper.server.quorum.FastLeaderElection$Messenger$WorkerSender.process(FastLeaderElection.java:495)
	at org.apache.zookeeper.server.quorum.FastLeaderElection$Messenger$WorkerSender.run(FastLeaderElection.java:474)
	at java.base/java.lang.Thread.run(Unknown Source)
[2020-10-26 09:47:37,158] WARN Cannot open channel to 3 at election address zoo-2.zoo.kafka.svc.cluster.local:3888 (org.apache.zookeeper.server.quorum.QuorumCnxManager)
java.net.UnknownHostException: zoo-2.zoo.kafka.svc.cluster.local
	at java.base/java.net.AbstractPlainSocketImpl.connect(Unknown Source)
	at java.base/java.net.SocksSocketImpl.connect(Unknown Source)
	at java.base/java.net.Socket.connect(Unknown Source)
	at org.apache.zookeeper.server.quorum.QuorumCnxManager.initiateConnection(QuorumCnxManager.java:373)
	at org.apache.zookeeper.server.quorum.QuorumCnxManager$QuorumConnectionReqThread.run(QuorumCnxManager.java:436)
	at java.base/java.util.concurrent.ThreadPoolExecutor.runWorker(Unknown Source)
	at java.base/java.util.concurrent.ThreadPoolExecutor$Worker.run(Unknown Source)
	at java.base/java.lang.Thread.run(Unknown Source)
[2020-10-26 09:47:37,163] INFO Have smaller server identifier, so dropping the connection: (myId:1 --> sid:2) (org.apache.zookeeper.server.quorum.QuorumCnxManager)
[2020-10-26 09:47:37,170] INFO Received connection request from /10.233.119.4:59804 (org.apache.zookeeper.server.quorum.QuorumCnxManager)
[2020-10-26 09:47:37,178] INFO Notification: 2 (message format version), 2 (n.leader), 0x0 (n.zxid), 0x4 (n.round), LOOKING (n.state), 2 (n.sid), 0x0 (n.peerEPoch), LOOKING (my state)0 (n.config version) (org.apache.zookeeper.server.quorum.FastLeaderElection)
[2020-10-26 09:47:37,179] WARN Failed to resolve address: zoo-2.zoo.kafka.svc.cluster.local (org.apache.zookeeper.server.quorum.QuorumPeer)
java.net.UnknownHostException: zoo-2.zoo.kafka.svc.cluster.local
	at java.base/java.net.InetAddress$CachedAddresses.get(Unknown Source)
	at java.base/java.net.InetAddress.getAllByName0(Unknown Source)
	at java.base/java.net.InetAddress.getAllByName(Unknown Source)
	at java.base/java.net.InetAddress.getAllByName(Unknown Source)
	at java.base/java.net.InetAddress.getByName(Unknown Source)
	at org.apache.zookeeper.server.quorum.QuorumPeer$QuorumServer.recreateSocketAddresses(QuorumPeer.java:197)
	at org.apache.zookeeper.server.quorum.QuorumPeer.recreateSocketAddresses(QuorumPeer.java:746)
	at org.apache.zookeeper.server.quorum.QuorumCnxManager.connectOne(QuorumCnxManager.java:715)
	at org.apache.zookeeper.server.quorum.QuorumCnxManager.toSend(QuorumCnxManager.java:676)
	at org.apache.zookeeper.server.quorum.FastLeaderElection$Messenger$WorkerSender.process(FastLeaderElection.java:495)
	at org.apache.zookeeper.server.quorum.FastLeaderElection$Messenger$WorkerSender.run(FastLeaderElection.java:474)
	at java.base/java.lang.Thread.run(Unknown Source)
[2020-10-26 09:47:37,182] WARN Failed to resolve address: zoo-2.zoo.kafka.svc.cluster.local (org.apache.zookeeper.server.quorum.QuorumPeer)
java.net.UnknownHostException: zoo-2.zoo.kafka.svc.cluster.local
	at java.base/java.net.InetAddress$CachedAddresses.get(Unknown Source)
	at java.base/java.net.InetAddress.getAllByName0(Unknown Source)
	at java.base/java.net.InetAddress.getAllByName(Unknown Source)
	at java.base/java.net.InetAddress.getAllByName(Unknown Source)
	at java.base/java.net.InetAddress.getByName(Unknown Source)
	at org.apache.zookeeper.server.quorum.QuorumPeer$QuorumServer.recreateSocketAddresses(QuorumPeer.java:197)
	at org.apache.zookeeper.server.quorum.QuorumPeer.recreateSocketAddresses(QuorumPeer.java:756)
	at org.apache.zookeeper.server.quorum.QuorumCnxManager.connectOne(QuorumCnxManager.java:715)
	at org.apache.zookeeper.server.quorum.QuorumCnxManager.toSend(QuorumCnxManager.java:676)
	at org.apache.zookeeper.server.quorum.FastLeaderElection$Messenger$WorkerSender.process(FastLeaderElection.java:495)
	at org.apache.zookeeper.server.quorum.FastLeaderElection$Messenger$WorkerSender.run(FastLeaderElection.java:474)
	at java.base/java.lang.Thread.run(Unknown Source)
[2020-10-26 09:47:37,188] INFO Notification: 2 (message format version), 2 (n.leader), 0x0 (n.zxid), 0x4 (n.round), LOOKING (n.state), 1 (n.sid), 0x0 (n.peerEPoch), LOOKING (my state)0 (n.config version) (org.apache.zookeeper.server.quorum.FastLeaderElection)
[2020-10-26 09:47:37,189] INFO Notification: 2 (message format version), 2 (n.leader), 0x0 (n.zxid), 0x4 (n.round), LOOKING (n.state), 2 (n.sid), 0x0 (n.peerEPoch), LOOKING (my state)0 (n.config version) (org.apache.zookeeper.server.quorum.FastLeaderElection)
[2020-10-26 09:47:37,190] WARN Cannot open channel to 3 at election address zoo-2.zoo.kafka.svc.cluster.local:3888 (org.apache.zookeeper.server.quorum.QuorumCnxManager)
java.net.UnknownHostException: zoo-2.zoo.kafka.svc.cluster.local
	at java.base/java.net.AbstractPlainSocketImpl.connect(Unknown Source)
	at java.base/java.net.SocksSocketImpl.connect(Unknown Source)
	at java.base/java.net.Socket.connect(Unknown Source)
	at org.apache.zookeeper.server.quorum.QuorumCnxManager.initiateConnection(QuorumCnxManager.java:373)
	at org.apache.zookeeper.server.quorum.QuorumCnxManager$QuorumConnectionReqThread.run(QuorumCnxManager.java:436)
	at java.base/java.util.concurrent.ThreadPoolExecutor.runWorker(Unknown Source)
	at java.base/java.util.concurrent.ThreadPoolExecutor$Worker.run(Unknown Source)
	at java.base/java.lang.Thread.run(Unknown Source)
[2020-10-26 09:47:37,390] INFO FOLLOWING (org.apache.zookeeper.server.quorum.QuorumPeer)
[2020-10-26 09:47:37,397] INFO TCP NoDelay set to: true (org.apache.zookeeper.server.quorum.Learner)
[2020-10-26 09:47:37,402] INFO Server environment:zookeeper.version=3.5.8-f439ca583e70862c3068a1f2a7d4d068eec33315, built on 05/04/2020 15:53 GMT (org.apache.zookeeper.server.ZooKeeperServer)
[2020-10-26 09:47:37,403] INFO Server environment:host.name=zoo-0.zoo.kafka.svc.cluster.local (org.apache.zookeeper.server.ZooKeeperServer)
[2020-10-26 09:47:37,403] INFO Server environment:java.version=11.0.7 (org.apache.zookeeper.server.ZooKeeperServer)
[2020-10-26 09:47:37,403] INFO Server environment:java.vendor=AdoptOpenJDK (org.apache.zookeeper.server.ZooKeeperServer)
[2020-10-26 09:47:37,403] INFO Server environment:java.home=/opt/java/openjdk (org.apache.zookeeper.server.ZooKeeperServer)
[2020-10-26 09:47:37,403] INFO Server environment:java.class.path=/opt/kafka/libs/extensions/*:/opt/kafka/libs/activation-1.1.1.jar:/opt/kafka/libs/aopalliance-repackaged-2.5.0.jar:/opt/kafka/libs/argparse4j-0.7.0.jar:/opt/kafka/libs/audience-annotations-0.5.0.jar:/opt/kafka/libs/commons-cli-1.4.jar:/opt/kafka/libs/commons-lang3-3.8.1.jar:/opt/kafka/libs/connect-api-2.5.0.jar:/opt/kafka/libs/connect-basic-auth-extension-2.5.0.jar:/opt/kafka/libs/connect-file-2.5.0.jar:/opt/kafka/libs/connect-json-2.5.0.jar:/opt/kafka/libs/connect-mirror-2.5.0.jar:/opt/kafka/libs/connect-mirror-client-2.5.0.jar:/opt/kafka/libs/connect-runtime-2.5.0.jar:/opt/kafka/libs/connect-transforms-2.5.0.jar:/opt/kafka/libs/hk2-api-2.5.0.jar:/opt/kafka/libs/hk2-locator-2.5.0.jar:/opt/kafka/libs/hk2-utils-2.5.0.jar:/opt/kafka/libs/jackson-annotations-2.10.2.jar:/opt/kafka/libs/jackson-core-2.10.2.jar:/opt/kafka/libs/jackson-databind-2.10.2.jar:/opt/kafka/libs/jackson-dataformat-csv-2.10.2.jar:/opt/kafka/libs/jackson-datatype-jdk8-2.10.2.jar:/opt/kafka/libs/jackson-jaxrs-base-2.10.2.jar:/opt/kafka/libs/jackson-jaxrs-json-provider-2.10.2.jar:/opt/kafka/libs/jackson-module-jaxb-annotations-2.10.2.jar:/opt/kafka/libs/jackson-module-paranamer-2.10.2.jar:/opt/kafka/libs/jackson-module-scala_2.12-2.10.2.jar:/opt/kafka/libs/jakarta.activation-api-1.2.1.jar:/opt/kafka/libs/jakarta.annotation-api-1.3.4.jar:/opt/kafka/libs/jakarta.inject-2.5.0.jar:/opt/kafka/libs/jakarta.ws.rs-api-2.1.5.jar:/opt/kafka/libs/jakarta.xml.bind-api-2.3.2.jar:/opt/kafka/libs/javassist-3.22.0-CR2.jar:/opt/kafka/libs/javassist-3.26.0-GA.jar:/opt/kafka/libs/javax.servlet-api-3.1.0.jar:/opt/kafka/libs/javax.ws.rs-api-2.1.1.jar:/opt/kafka/libs/jaxb-api-2.3.0.jar:/opt/kafka/libs/jersey-client-2.28.jar:/opt/kafka/libs/jersey-common-2.28.jar:/opt/kafka/libs/jersey-container-servlet-2.28.jar:/opt/kafka/libs/jersey-container-servlet-core-2.28.jar:/opt/kafka/libs/jersey-hk2-2.28.jar:/opt/kafka/libs/jersey-media-jaxb-2.28.jar:/opt/kafka/libs/jersey-server-2.28.jar:/opt/kafka/libs/jetty-client-9.4.24.v20191120.jar:/opt/kafka/libs/jetty-continuation-9.4.24.v20191120.jar:/opt/kafka/libs/jetty-http-9.4.24.v20191120.jar:/opt/kafka/libs/jetty-io-9.4.24.v20191120.jar:/opt/kafka/libs/jetty-security-9.4.24.v20191120.jar:/opt/kafka/libs/jetty-server-9.4.24.v20191120.jar:/opt/kafka/libs/jetty-servlet-9.4.24.v20191120.jar:/opt/kafka/libs/jetty-servlets-9.4.24.v20191120.jar:/opt/kafka/libs/jetty-util-9.4.24.v20191120.jar:/opt/kafka/libs/jopt-simple-5.0.4.jar:/opt/kafka/libs/kafka-clients-2.5.0.jar:/opt/kafka/libs/kafka-log4j-appender-2.5.0.jar:/opt/kafka/libs/kafka-streams-2.5.0.jar:/opt/kafka/libs/kafka-streams-examples-2.5.0.jar:/opt/kafka/libs/kafka-streams-scala_2.12-2.5.0.jar:/opt/kafka/libs/kafka-streams-test-utils-2.5.0.jar:/opt/kafka/libs/kafka-tools-2.5.0.jar:/opt/kafka/libs/kafka_2.12-2.5.0-javadoc.jar:/opt/kafka/libs/kafka_2.12-2.5.0-scaladoc.jar:/opt/kafka/libs/kafka_2.12-2.5.0-sources.jar:/opt/kafka/libs/kafka_2.12-2.5.0-test-sources.jar:/opt/kafka/libs/kafka_2.12-2.5.0-test.jar:/opt/kafka/libs/kafka_2.12-2.5.0.jar:/opt/kafka/libs/log4j-1.2.17.jar:/opt/kafka/libs/lz4-java-1.7.1.jar:/opt/kafka/libs/maven-artifact-3.6.3.jar:/opt/kafka/libs/metrics-core-2.2.0.jar:/opt/kafka/libs/netty-buffer-4.1.45.Final.jar:/opt/kafka/libs/netty-codec-4.1.45.Final.jar:/opt/kafka/libs/netty-common-4.1.45.Final.jar:/opt/kafka/libs/netty-handler-4.1.45.Final.jar:/opt/kafka/libs/netty-resolver-4.1.45.Final.jar:/opt/kafka/libs/netty-transport-4.1.45.Final.jar:/opt/kafka/libs/netty-transport-native-epoll-4.1.45.Final.jar:/opt/kafka/libs/netty-transport-native-unix-common-4.1.45.Final.jar:/opt/kafka/libs/osgi-resource-locator-1.0.1.jar:/opt/kafka/libs/paranamer-2.8.jar:/opt/kafka/libs/plexus-utils-3.2.1.jar:/opt/kafka/libs/reflections-0.9.12.jar:/opt/kafka/libs/rocksdbjni-5.18.3.jar:/opt/kafka/libs/scala-java8-compat_2.12-0.9.0.jar:/opt/kafka/libs/scala-collection-compat_2.12-2.1.3.jar:/opt/kafka/libs/scala-library-2.12.10.jar:/opt/kafka/libs/scala-logging_2.12-3.9.2.jar:/opt/kafka/libs/scala-reflect-2.12.10.jar:/opt/kafka/libs/slf4j-api-1.7.30.jar:/opt/kafka/libs/slf4j-log4j12-1.7.30.jar:/opt/kafka/libs/snappy-java-1.1.7.3.jar:/opt/kafka/libs/validation-api-2.0.1.Final.jar:/opt/kafka/libs/zookeeper-3.5.7.jar:/opt/kafka/libs/zookeeper-jute-3.5.7.jar:/opt/kafka/libs/zstd-jni-1.4.4-7.jar (org.apache.zookeeper.server.ZooKeeperServer)
[2020-10-26 09:47:37,413] INFO Server environment:java.library.path=/usr/java/packages/lib:/usr/lib64:/lib64:/lib:/usr/lib (org.apache.zookeeper.server.ZooKeeperServer)
[2020-10-26 09:47:37,413] INFO Server environment:java.io.tmpdir=/tmp (org.apache.zookeeper.server.ZooKeeperServer)
[2020-10-26 09:47:37,414] INFO Server environment:java.compiler=<NA> (org.apache.zookeeper.server.ZooKeeperServer)
[2020-10-26 09:47:37,414] INFO Server environment:os.name=Linux (org.apache.zookeeper.server.ZooKeeperServer)
[2020-10-26 09:47:37,415] INFO Server environment:os.arch=amd64 (org.apache.zookeeper.server.ZooKeeperServer)
[2020-10-26 09:47:37,415] INFO Server environment:os.version=4.14.193-149.317.amzn2.x86_64 (org.apache.zookeeper.server.ZooKeeperServer)
[2020-10-26 09:47:37,416] INFO Server environment:user.name=nonroot (org.apache.zookeeper.server.ZooKeeperServer)
[2020-10-26 09:47:37,416] INFO Server environment:user.home=/home/nonroot (org.apache.zookeeper.server.ZooKeeperServer)
[2020-10-26 09:47:37,416] INFO Server environment:user.dir=/opt/kafka (org.apache.zookeeper.server.ZooKeeperServer)
[2020-10-26 09:47:37,416] INFO Server environment:os.memory.free=500MB (org.apache.zookeeper.server.ZooKeeperServer)
[2020-10-26 09:47:37,416] INFO Server environment:os.memory.max=512MB (org.apache.zookeeper.server.ZooKeeperServer)
[2020-10-26 09:47:37,416] INFO Server environment:os.memory.total=512MB (org.apache.zookeeper.server.ZooKeeperServer)
[2020-10-26 09:47:37,422] INFO minSessionTimeout set to 260 (org.apache.zookeeper.server.ZooKeeperServer)
[2020-10-26 09:47:37,425] INFO maxSessionTimeout set to 3000 (org.apache.zookeeper.server.ZooKeeperServer)
[2020-10-26 09:47:37,426] INFO Created server with tickTime 130 minSessionTimeout 260 maxSessionTimeout 3000 datadir /var/lib/zookeeper/log/version-2 snapdir /var/lib/zookeeper/data/version-2 (org.apache.zookeeper.server.ZooKeeperServer)
[2020-10-26 09:47:37,426] INFO FOLLOWING - LEADER ELECTION TOOK - 36 MS (org.apache.zookeeper.server.quorum.Learner)
[2020-10-26 09:47:37,461] INFO Getting a diff from the leader 0x0 (org.apache.zookeeper.server.quorum.Learner)
[2020-10-26 09:47:37,465] INFO Learner received NEWLEADER message (org.apache.zookeeper.server.quorum.Learner)
[2020-10-26 09:47:37,496] INFO Learner received UPTODATE message (org.apache.zookeeper.server.quorum.Learner)
[2020-10-26 09:47:37,500] INFO Configuring CommitProcessor with 1 worker threads. (org.apache.zookeeper.server.quorum.CommitProcessor)
[2020-10-26 09:47:41,455] WARN Got zxid 0x100000001 expected 0x1 (org.apache.zookeeper.server.quorum.Learner)
[2020-10-26 09:47:41,461] INFO Creating new log file: log.100000001 (org.apache.zookeeper.server.persistence.FileTxnLog)
[2020-10-26 09:47:44,598] INFO The list of known four letter word commands is : [{1936881266=srvr, 1937006964=stat, 2003003491=wchc, 1685417328=dump, 1668445044=crst, 1936880500=srst, 1701738089=envi, 1668247142=conf, -720899=telnet close, 2003003507=wchs, 2003003504=wchp, 1684632179=dirs, 1668247155=cons, 1835955314=mntr, 1769173615=isro, 1920298859=ruok, 1735683435=gtmk, 1937010027=stmk}] (org.apache.zookeeper.server.command.FourLetterCommands)
[2020-10-26 09:47:44,599] INFO The list of enabled four letter word commands is : [[ruok, srvr]] (org.apache.zookeeper.server.command.FourLetterCommands)
[2020-10-26 09:47:50,467] INFO Received connection request from /10.233.125.3:57080 (org.apache.zookeeper.server.quorum.QuorumCnxManager)
[2020-10-26 09:47:50,471] INFO Notification: 2 (message format version), 3 (n.leader), 0x0 (n.zxid), 0x4 (n.round), LOOKING (n.state), 3 (n.sid), 0x0 (n.peerEPoch), FOLLOWING (my state)0 (n.config version) (org.apache.zookeeper.server.quorum.FastLeaderElection)
[2020-10-26 09:48:03,852] INFO Notification: 2 (message format version), 3 (n.leader), 0x100000081 (n.zxid), 0x5 (n.round), LOOKING (n.state), 3 (n.sid), 0x1 (n.peerEPoch), FOLLOWING (my state)0 (n.config version) (org.apache.zookeeper.server.quorum.FastLeaderElection)
[2020-10-26 09:48:20,261] WARN Exception when following the leader (org.apache.zookeeper.server.quorum.Learner)
java.io.EOFException
	at java.base/java.io.DataInputStream.readInt(Unknown Source)
	at org.apache.jute.BinaryInputArchive.readInt(BinaryInputArchive.java:84)
	at org.apache.zookeeper.server.quorum.QuorumPacket.deserialize(QuorumPacket.java:86)
	at org.apache.jute.BinaryInputArchive.readRecord(BinaryInputArchive.java:118)
	at org.apache.zookeeper.server.quorum.Learner.readPacket(Learner.java:158)
	at org.apache.zookeeper.server.quorum.Follower.followLeader(Follower.java:92)
	at org.apache.zookeeper.server.quorum.QuorumPeer.run(QuorumPeer.java:1253)
[2020-10-26 09:48:20,262] INFO shutdown called (org.apache.zookeeper.server.quorum.Learner)
java.lang.Exception: shutdown Follower
	at org.apache.zookeeper.server.quorum.Follower.shutdown(Follower.java:201)
	at org.apache.zookeeper.server.quorum.QuorumPeer.run(QuorumPeer.java:1257)
[2020-10-26 09:48:20,264] INFO Shutting down (org.apache.zookeeper.server.ZooKeeperServer)
[2020-10-26 09:48:20,264] INFO shutting down (org.apache.zookeeper.server.ZooKeeperServer)
[2020-10-26 09:48:20,264] INFO Shutting down (org.apache.zookeeper.server.quorum.FollowerRequestProcessor)
[2020-10-26 09:48:20,264] INFO FollowerRequestProcessor exited loop! (org.apache.zookeeper.server.quorum.FollowerRequestProcessor)
[2020-10-26 09:48:20,264] INFO Shutting down (org.apache.zookeeper.server.quorum.CommitProcessor)
[2020-10-26 09:48:20,264] INFO CommitProcessor exited loop! (org.apache.zookeeper.server.quorum.CommitProcessor)
[2020-10-26 09:48:20,275] INFO shutdown of request processor complete (org.apache.zookeeper.server.FinalRequestProcessor)
[2020-10-26 09:48:20,277] INFO Shutting down (org.apache.zookeeper.server.SyncRequestProcessor)
[2020-10-26 09:48:20,277] INFO SyncRequestProcessor exited! (org.apache.zookeeper.server.SyncRequestProcessor)
[2020-10-26 09:48:20,277] WARN PeerState set to LOOKING (org.apache.zookeeper.server.quorum.QuorumPeer)
[2020-10-26 09:48:20,277] INFO LOOKING (org.apache.zookeeper.server.quorum.QuorumPeer)
[2020-10-26 09:48:20,278] INFO New election. My id =  1, proposed zxid=0x100000081 (org.apache.zookeeper.server.quorum.FastLeaderElection)
[2020-10-26 09:48:20,280] INFO Notification: 2 (message format version), 1 (n.leader), 0x100000081 (n.zxid), 0x5 (n.round), LOOKING (n.state), 1 (n.sid), 0x1 (n.peerEPoch), LOOKING (my state)0 (n.config version) (org.apache.zookeeper.server.quorum.FastLeaderElection)
[2020-10-26 09:48:20,285] INFO Notification: 2 (message format version), 2 (n.leader), 0x0 (n.zxid), 0x4 (n.round), LEADING (n.state), 2 (n.sid), 0x1 (n.peerEPoch), LOOKING (my state)0 (n.config version) (org.apache.zookeeper.server.quorum.FastLeaderElection)
[2020-10-26 09:48:20,295] INFO Notification: 2 (message format version), 2 (n.leader), 0x0 (n.zxid), 0x4 (n.round), FOLLOWING (n.state), 3 (n.sid), 0x1 (n.peerEPoch), LOOKING (my state)0 (n.config version) (org.apache.zookeeper.server.quorum.FastLeaderElection)
[2020-10-26 09:48:20,296] INFO FOLLOWING (org.apache.zookeeper.server.quorum.QuorumPeer)
[2020-10-26 09:48:20,296] INFO minSessionTimeout set to 260 (org.apache.zookeeper.server.ZooKeeperServer)
[2020-10-26 09:48:20,296] INFO maxSessionTimeout set to 3000 (org.apache.zookeeper.server.ZooKeeperServer)
[2020-10-26 09:48:20,296] INFO Created server with tickTime 130 minSessionTimeout 260 maxSessionTimeout 3000 datadir /var/lib/zookeeper/log/version-2 snapdir /var/lib/zookeeper/data/version-2 (org.apache.zookeeper.server.ZooKeeperServer)
[2020-10-26 09:48:20,296] INFO FOLLOWING - LEADER ELECTION TOOK - 1 MS (org.apache.zookeeper.server.quorum.Learner)
[2020-10-26 09:48:20,311] INFO Getting a diff from the leader 0x100000081 (org.apache.zookeeper.server.quorum.Learner)
[2020-10-26 09:48:20,312] INFO Learner received NEWLEADER message (org.apache.zookeeper.server.quorum.Learner)
[2020-10-26 09:48:20,323] INFO Learner received UPTODATE message (org.apache.zookeeper.server.quorum.Learner)
[2020-10-26 09:48:20,324] INFO Configuring CommitProcessor with 1 worker threads. (org.apache.zookeeper.server.quorum.CommitProcessor)
[2020-10-26 09:48:40,288] WARN Exception when following the leader (org.apache.zookeeper.server.quorum.Learner)
java.io.EOFException
	at java.base/java.io.DataInputStream.readInt(Unknown Source)
	at org.apache.jute.BinaryInputArchive.readInt(BinaryInputArchive.java:84)
	at org.apache.zookeeper.server.quorum.QuorumPacket.deserialize(QuorumPacket.java:86)
	at org.apache.jute.BinaryInputArchive.readRecord(BinaryInputArchive.java:118)
	at org.apache.zookeeper.server.quorum.Learner.readPacket(Learner.java:158)
	at org.apache.zookeeper.server.quorum.Follower.followLeader(Follower.java:92)
	at org.apache.zookeeper.server.quorum.QuorumPeer.run(QuorumPeer.java:1253)
[2020-10-26 09:48:40,288] INFO shutdown called (org.apache.zookeeper.server.quorum.Learner)
java.lang.Exception: shutdown Follower
	at org.apache.zookeeper.server.quorum.Follower.shutdown(Follower.java:201)
	at org.apache.zookeeper.server.quorum.QuorumPeer.run(QuorumPeer.java:1257)
[2020-10-26 09:48:40,288] INFO Shutting down (org.apache.zookeeper.server.ZooKeeperServer)
[2020-10-26 09:48:40,288] INFO shutting down (org.apache.zookeeper.server.ZooKeeperServer)
[2020-10-26 09:48:40,288] INFO Shutting down (org.apache.zookeeper.server.quorum.FollowerRequestProcessor)
[2020-10-26 09:48:40,289] INFO Shutting down (org.apache.zookeeper.server.quorum.CommitProcessor)
[2020-10-26 09:48:40,289] INFO FollowerRequestProcessor exited loop! (org.apache.zookeeper.server.quorum.FollowerRequestProcessor)
[2020-10-26 09:48:40,289] INFO shutdown of request processor complete (org.apache.zookeeper.server.FinalRequestProcessor)
[2020-10-26 09:48:40,290] INFO Shutting down (org.apache.zookeeper.server.SyncRequestProcessor)
[2020-10-26 09:48:40,290] INFO SyncRequestProcessor exited! (org.apache.zookeeper.server.SyncRequestProcessor)
[2020-10-26 09:48:40,290] INFO CommitProcessor exited loop! (org.apache.zookeeper.server.quorum.CommitProcessor)
[2020-10-26 09:48:40,291] WARN PeerState set to LOOKING (org.apache.zookeeper.server.quorum.QuorumPeer)
[2020-10-26 09:48:40,291] INFO LOOKING (org.apache.zookeeper.server.quorum.QuorumPeer)
[2020-10-26 09:48:40,291] INFO New election. My id =  1, proposed zxid=0x100000081 (org.apache.zookeeper.server.quorum.FastLeaderElection)
[2020-10-26 09:48:40,293] INFO Notification: 2 (message format version), 1 (n.leader), 0x100000081 (n.zxid), 0x5 (n.round), LOOKING (n.state), 1 (n.sid), 0x1 (n.peerEPoch), LOOKING (my state)0 (n.config version) (org.apache.zookeeper.server.quorum.FastLeaderElection)
[2020-10-26 09:48:40,306] INFO Notification: 2 (message format version), 2 (n.leader), 0x0 (n.zxid), 0x4 (n.round), FOLLOWING (n.state), 3 (n.sid), 0x1 (n.peerEPoch), LOOKING (my state)0 (n.config version) (org.apache.zookeeper.server.quorum.FastLeaderElection)
[2020-10-26 09:48:40,316] INFO Notification: 2 (message format version), 2 (n.leader), 0x0 (n.zxid), 0x4 (n.round), LEADING (n.state), 2 (n.sid), 0x1 (n.peerEPoch), LOOKING (my state)0 (n.config version) (org.apache.zookeeper.server.quorum.FastLeaderElection)
[2020-10-26 09:48:40,316] INFO FOLLOWING (org.apache.zookeeper.server.quorum.QuorumPeer)
[2020-10-26 09:48:40,316] INFO minSessionTimeout set to 260 (org.apache.zookeeper.server.ZooKeeperServer)
[2020-10-26 09:48:40,316] INFO maxSessionTimeout set to 3000 (org.apache.zookeeper.server.ZooKeeperServer)
[2020-10-26 09:48:40,316] INFO Created server with tickTime 130 minSessionTimeout 260 maxSessionTimeout 3000 datadir /var/lib/zookeeper/log/version-2 snapdir /var/lib/zookeeper/data/version-2 (org.apache.zookeeper.server.ZooKeeperServer)
[2020-10-26 09:48:40,316] INFO FOLLOWING - LEADER ELECTION TOOK - 0 MS (org.apache.zookeeper.server.quorum.Learner)
[2020-10-26 09:48:40,547] INFO Getting a diff from the leader 0x100000081 (org.apache.zookeeper.server.quorum.Learner)
[2020-10-26 09:48:40,548] INFO Learner received NEWLEADER message (org.apache.zookeeper.server.quorum.Learner)
[2020-10-26 09:48:40,553] INFO Learner received UPTODATE message (org.apache.zookeeper.server.quorum.Learner)
[2020-10-26 09:48:40,554] INFO Configuring CommitProcessor with 1 worker threads. (org.apache.zookeeper.server.quorum.CommitProcessor)
[2020-10-26 09:49:24,594] WARN Exception when following the leader (org.apache.zookeeper.server.quorum.Learner)
java.net.SocketTimeoutException: Read timed out
	at java.base/java.net.SocketInputStream.socketRead0(Native Method)
	at java.base/java.net.SocketInputStream.socketRead(Unknown Source)
	at java.base/java.net.SocketInputStream.read(Unknown Source)
	at java.base/java.net.SocketInputStream.read(Unknown Source)
	at java.base/java.io.BufferedInputStream.fill(Unknown Source)
	at java.base/java.io.BufferedInputStream.read(Unknown Source)
	at java.base/java.io.DataInputStream.readInt(Unknown Source)
	at org.apache.jute.BinaryInputArchive.readInt(BinaryInputArchive.java:84)
	at org.apache.zookeeper.server.quorum.QuorumPacket.deserialize(QuorumPacket.java:86)
	at org.apache.jute.BinaryInputArchive.readRecord(BinaryInputArchive.java:118)
	at org.apache.zookeeper.server.quorum.Learner.readPacket(Learner.java:158)
	at org.apache.zookeeper.server.quorum.Follower.followLeader(Follower.java:92)
	at org.apache.zookeeper.server.quorum.QuorumPeer.run(QuorumPeer.java:1253)
[2020-10-26 09:49:24,595] INFO shutdown called (org.apache.zookeeper.server.quorum.Learner)
java.lang.Exception: shutdown Follower
	at org.apache.zookeeper.server.quorum.Follower.shutdown(Follower.java:201)
	at org.apache.zookeeper.server.quorum.QuorumPeer.run(QuorumPeer.java:1257)
[2020-10-26 09:49:24,595] INFO Shutting down (org.apache.zookeeper.server.ZooKeeperServer)
[2020-10-26 09:49:24,595] INFO shutting down (org.apache.zookeeper.server.ZooKeeperServer)
[2020-10-26 09:49:24,595] INFO Shutting down (org.apache.zookeeper.server.quorum.FollowerRequestProcessor)
[2020-10-26 09:49:24,595] INFO FollowerRequestProcessor exited loop! (org.apache.zookeeper.server.quorum.FollowerRequestProcessor)
[2020-10-26 09:49:24,595] INFO Shutting down (org.apache.zookeeper.server.quorum.CommitProcessor)
[2020-10-26 09:49:24,596] INFO CommitProcessor exited loop! (org.apache.zookeeper.server.quorum.CommitProcessor)
[2020-10-26 09:49:24,596] INFO shutdown of request processor complete (org.apache.zookeeper.server.FinalRequestProcessor)
[2020-10-26 09:49:24,599] INFO Shutting down (org.apache.zookeeper.server.SyncRequestProcessor)
[2020-10-26 09:49:24,599] INFO SyncRequestProcessor exited! (org.apache.zookeeper.server.SyncRequestProcessor)
[2020-10-26 09:49:24,599] WARN PeerState set to LOOKING (org.apache.zookeeper.server.quorum.QuorumPeer)
[2020-10-26 09:49:24,599] INFO LOOKING (org.apache.zookeeper.server.quorum.QuorumPeer)
[2020-10-26 09:49:24,599] INFO New election. My id =  1, proposed zxid=0x100000081 (org.apache.zookeeper.server.quorum.FastLeaderElection)
[2020-10-26 09:49:24,608] INFO Notification: 2 (message format version), 1 (n.leader), 0x100000081 (n.zxid), 0x5 (n.round), LOOKING (n.state), 1 (n.sid), 0x1 (n.peerEPoch), LOOKING (my state)0 (n.config version) (org.apache.zookeeper.server.quorum.FastLeaderElection)
[2020-10-26 09:49:24,624] INFO Notification: 2 (message format version), 2 (n.leader), 0x0 (n.zxid), 0x4 (n.round), LEADING (n.state), 2 (n.sid), 0x1 (n.peerEPoch), LOOKING (my state)0 (n.config version) (org.apache.zookeeper.server.quorum.FastLeaderElection)
[2020-10-26 09:49:24,640] INFO Notification: 2 (message format version), 2 (n.leader), 0x0 (n.zxid), 0x4 (n.round), FOLLOWING (n.state), 3 (n.sid), 0x1 (n.peerEPoch), LOOKING (my state)0 (n.config version) (org.apache.zookeeper.server.quorum.FastLeaderElection)
[2020-10-26 09:49:24,641] INFO FOLLOWING (org.apache.zookeeper.server.quorum.QuorumPeer)
[2020-10-26 09:49:24,641] INFO minSessionTimeout set to 260 (org.apache.zookeeper.server.ZooKeeperServer)
[2020-10-26 09:49:24,641] INFO maxSessionTimeout set to 3000 (org.apache.zookeeper.server.ZooKeeperServer)
[2020-10-26 09:49:24,641] INFO Created server with tickTime 130 minSessionTimeout 260 maxSessionTimeout 3000 datadir /var/lib/zookeeper/log/version-2 snapdir /var/lib/zookeeper/data/version-2 (org.apache.zookeeper.server.ZooKeeperServer)
[2020-10-26 09:49:24,641] INFO FOLLOWING - LEADER ELECTION TOOK - 0 MS (org.apache.zookeeper.server.quorum.Learner)
[2020-10-26 09:49:24,654] INFO Getting a diff from the leader 0x100000081 (org.apache.zookeeper.server.quorum.Learner)
[2020-10-26 09:49:24,655] INFO Learner received NEWLEADER message (org.apache.zookeeper.server.quorum.Learner)
[2020-10-26 09:49:24,661] INFO Learner received UPTODATE message (org.apache.zookeeper.server.quorum.Learner)
[2020-10-26 09:49:24,661] INFO Configuring CommitProcessor with 1 worker threads. (org.apache.zookeeper.server.quorum.CommitProcessor)
[2020-10-26 09:50:13,306] INFO Notification: 2 (message format version), 3 (n.leader), 0x100000081 (n.zxid), 0x5 (n.round), LOOKING (n.state), 3 (n.sid), 0x1 (n.peerEPoch), FOLLOWING (my state)0 (n.config version) (org.apache.zookeeper.server.quorum.FastLeaderElection)
[2020-10-26 09:50:14,458] WARN Got zxid 0x100000082 expected 0x1 (org.apache.zookeeper.server.quorum.Learner)
[2020-10-26 09:52:11,949] INFO Notification: 2 (message format version), 3 (n.leader), 0x100000102 (n.zxid), 0x5 (n.round), LOOKING (n.state), 3 (n.sid), 0x1 (n.peerEPoch), FOLLOWING (my state)0 (n.config version) (org.apache.zookeeper.server.quorum.FastLeaderElection)
[2020-10-26 09:53:10,092] INFO Notification: 2 (message format version), 3 (n.leader), 0x100000102 (n.zxid), 0x5 (n.round), LOOKING (n.state), 3 (n.sid), 0x1 (n.peerEPoch), FOLLOWING (my state)0 (n.config version) (org.apache.zookeeper.server.quorum.FastLeaderElection)
[2020-10-26 09:53:11,328] INFO Notification: 2 (message format version), 3 (n.leader), 0x100000102 (n.zxid), 0x5 (n.round), LOOKING (n.state), 3 (n.sid), 0x1 (n.peerEPoch), FOLLOWING (my state)0 (n.config version) (org.apache.zookeeper.server.quorum.FastLeaderElection)
[2020-10-26 09:53:45,888] WARN Exception when following the leader (org.apache.zookeeper.server.quorum.Learner)
java.io.EOFException
	at java.base/java.io.DataInputStream.readInt(Unknown Source)
	at org.apache.jute.BinaryInputArchive.readInt(BinaryInputArchive.java:84)
	at org.apache.zookeeper.server.quorum.QuorumPacket.deserialize(QuorumPacket.java:86)
	at org.apache.jute.BinaryInputArchive.readRecord(BinaryInputArchive.java:118)
	at org.apache.zookeeper.server.quorum.Learner.readPacket(Learner.java:158)
	at org.apache.zookeeper.server.quorum.Follower.followLeader(Follower.java:92)
	at org.apache.zookeeper.server.quorum.QuorumPeer.run(QuorumPeer.java:1253)
[2020-10-26 09:53:45,889] INFO shutdown called (org.apache.zookeeper.server.quorum.Learner)
java.lang.Exception: shutdown Follower
	at org.apache.zookeeper.server.quorum.Follower.shutdown(Follower.java:201)
	at org.apache.zookeeper.server.quorum.QuorumPeer.run(QuorumPeer.java:1257)
[2020-10-26 09:53:45,891] INFO Shutting down (org.apache.zookeeper.server.ZooKeeperServer)
[2020-10-26 09:53:45,891] INFO shutting down (org.apache.zookeeper.server.ZooKeeperServer)
[2020-10-26 09:53:45,891] INFO Shutting down (org.apache.zookeeper.server.quorum.FollowerRequestProcessor)
[2020-10-26 09:53:45,891] INFO FollowerRequestProcessor exited loop! (org.apache.zookeeper.server.quorum.FollowerRequestProcessor)
[2020-10-26 09:53:45,892] INFO Shutting down (org.apache.zookeeper.server.quorum.CommitProcessor)
[2020-10-26 09:53:45,892] INFO CommitProcessor exited loop! (org.apache.zookeeper.server.quorum.CommitProcessor)
[2020-10-26 09:53:45,893] INFO shutdown of request processor complete (org.apache.zookeeper.server.FinalRequestProcessor)
[2020-10-26 09:53:45,905] INFO Shutting down (org.apache.zookeeper.server.SyncRequestProcessor)
[2020-10-26 09:53:45,905] INFO SyncRequestProcessor exited! (org.apache.zookeeper.server.SyncRequestProcessor)
[2020-10-26 09:53:45,905] WARN PeerState set to LOOKING (org.apache.zookeeper.server.quorum.QuorumPeer)
[2020-10-26 09:53:45,905] INFO LOOKING (org.apache.zookeeper.server.quorum.QuorumPeer)
[2020-10-26 09:53:45,905] INFO New election. My id =  1, proposed zxid=0x100000102 (org.apache.zookeeper.server.quorum.FastLeaderElection)
[2020-10-26 09:53:45,913] INFO Notification: 2 (message format version), 1 (n.leader), 0x100000102 (n.zxid), 0x5 (n.round), LOOKING (n.state), 1 (n.sid), 0x1 (n.peerEPoch), LOOKING (my state)0 (n.config version) (org.apache.zookeeper.server.quorum.FastLeaderElection)
[2020-10-26 09:53:45,927] INFO Notification: 2 (message format version), 2 (n.leader), 0x0 (n.zxid), 0x4 (n.round), FOLLOWING (n.state), 3 (n.sid), 0x1 (n.peerEPoch), LOOKING (my state)0 (n.config version) (org.apache.zookeeper.server.quorum.FastLeaderElection)
[2020-10-26 09:53:45,951] INFO Notification: 2 (message format version), 2 (n.leader), 0x0 (n.zxid), 0x4 (n.round), LEADING (n.state), 2 (n.sid), 0x1 (n.peerEPoch), LOOKING (my state)0 (n.config version) (org.apache.zookeeper.server.quorum.FastLeaderElection)
[2020-10-26 09:53:45,952] INFO FOLLOWING (org.apache.zookeeper.server.quorum.QuorumPeer)
[2020-10-26 09:53:45,952] INFO minSessionTimeout set to 260 (org.apache.zookeeper.server.ZooKeeperServer)
[2020-10-26 09:53:45,952] INFO maxSessionTimeout set to 3000 (org.apache.zookeeper.server.ZooKeeperServer)
[2020-10-26 09:53:45,952] INFO Created server with tickTime 130 minSessionTimeout 260 maxSessionTimeout 3000 datadir /var/lib/zookeeper/log/version-2 snapdir /var/lib/zookeeper/data/version-2 (org.apache.zookeeper.server.ZooKeeperServer)
[2020-10-26 09:53:45,952] INFO FOLLOWING - LEADER ELECTION TOOK - 0 MS (org.apache.zookeeper.server.quorum.Learner)
[2020-10-26 09:53:45,971] INFO Getting a diff from the leader 0x100000102 (org.apache.zookeeper.server.quorum.Learner)
[2020-10-26 09:53:45,971] INFO Learner received NEWLEADER message (org.apache.zookeeper.server.quorum.Learner)
[2020-10-26 09:53:45,978] INFO Learner received UPTODATE message (org.apache.zookeeper.server.quorum.Learner)
[2020-10-26 09:53:45,978] INFO Configuring CommitProcessor with 1 worker threads. (org.apache.zookeeper.server.quorum.CommitProcessor)
[2020-10-26 09:54:12,209] WARN Exception when following the leader (org.apache.zookeeper.server.quorum.Learner)
java.io.EOFException
	at java.base/java.io.DataInputStream.readInt(Unknown Source)
	at org.apache.jute.BinaryInputArchive.readInt(BinaryInputArchive.java:84)
	at org.apache.zookeeper.server.quorum.QuorumPacket.deserialize(QuorumPacket.java:86)
	at org.apache.jute.BinaryInputArchive.readRecord(BinaryInputArchive.java:118)
	at org.apache.zookeeper.server.quorum.Learner.readPacket(Learner.java:158)
	at org.apache.zookeeper.server.quorum.Follower.followLeader(Follower.java:92)
	at org.apache.zookeeper.server.quorum.QuorumPeer.run(QuorumPeer.java:1253)
[2020-10-26 09:54:12,210] INFO shutdown called (org.apache.zookeeper.server.quorum.Learner)
java.lang.Exception: shutdown Follower
	at org.apache.zookeeper.server.quorum.Follower.shutdown(Follower.java:201)
	at org.apache.zookeeper.server.quorum.QuorumPeer.run(QuorumPeer.java:1257)
[2020-10-26 09:54:12,210] INFO Shutting down (org.apache.zookeeper.server.ZooKeeperServer)
[2020-10-26 09:54:12,210] INFO shutting down (org.apache.zookeeper.server.ZooKeeperServer)
[2020-10-26 09:54:12,210] INFO Shutting down (org.apache.zookeeper.server.quorum.FollowerRequestProcessor)
[2020-10-26 09:54:12,212] INFO Shutting down (org.apache.zookeeper.server.quorum.CommitProcessor)
[2020-10-26 09:54:12,213] INFO shutdown of request processor complete (org.apache.zookeeper.server.FinalRequestProcessor)
[2020-10-26 09:54:12,213] INFO CommitProcessor exited loop! (org.apache.zookeeper.server.quorum.CommitProcessor)
[2020-10-26 09:54:12,213] INFO FollowerRequestProcessor exited loop! (org.apache.zookeeper.server.quorum.FollowerRequestProcessor)
[2020-10-26 09:54:12,237] INFO Shutting down (org.apache.zookeeper.server.SyncRequestProcessor)
[2020-10-26 09:54:12,237] INFO SyncRequestProcessor exited! (org.apache.zookeeper.server.SyncRequestProcessor)
[2020-10-26 09:54:12,238] WARN PeerState set to LOOKING (org.apache.zookeeper.server.quorum.QuorumPeer)
[2020-10-26 09:54:12,238] INFO LOOKING (org.apache.zookeeper.server.quorum.QuorumPeer)
[2020-10-26 09:54:12,238] INFO New election. My id =  1, proposed zxid=0x100000102 (org.apache.zookeeper.server.quorum.FastLeaderElection)
[2020-10-26 09:54:12,239] INFO Notification: 2 (message format version), 1 (n.leader), 0x100000102 (n.zxid), 0x5 (n.round), LOOKING (n.state), 1 (n.sid), 0x1 (n.peerEPoch), LOOKING (my state)0 (n.config version) (org.apache.zookeeper.server.quorum.FastLeaderElection)
[2020-10-26 09:54:12,246] INFO Notification: 2 (message format version), 2 (n.leader), 0x0 (n.zxid), 0x4 (n.round), LEADING (n.state), 2 (n.sid), 0x1 (n.peerEPoch), LOOKING (my state)0 (n.config version) (org.apache.zookeeper.server.quorum.FastLeaderElection)
[2020-10-26 09:54:12,251] INFO Notification: 2 (message format version), 2 (n.leader), 0x0 (n.zxid), 0x4 (n.round), FOLLOWING (n.state), 3 (n.sid), 0x1 (n.peerEPoch), LOOKING (my state)0 (n.config version) (org.apache.zookeeper.server.quorum.FastLeaderElection)
[2020-10-26 09:54:12,255] INFO FOLLOWING (org.apache.zookeeper.server.quorum.QuorumPeer)
[2020-10-26 09:54:12,255] INFO minSessionTimeout set to 260 (org.apache.zookeeper.server.ZooKeeperServer)
[2020-10-26 09:54:12,255] INFO maxSessionTimeout set to 3000 (org.apache.zookeeper.server.ZooKeeperServer)
[2020-10-26 09:54:12,255] INFO Created server with tickTime 130 minSessionTimeout 260 maxSessionTimeout 3000 datadir /var/lib/zookeeper/log/version-2 snapdir /var/lib/zookeeper/data/version-2 (org.apache.zookeeper.server.ZooKeeperServer)
[2020-10-26 09:54:12,255] INFO FOLLOWING - LEADER ELECTION TOOK - 1 MS (org.apache.zookeeper.server.quorum.Learner)
[2020-10-26 09:54:12,275] INFO Getting a diff from the leader 0x100000102 (org.apache.zookeeper.server.quorum.Learner)
[2020-10-26 09:54:12,283] INFO Learner received NEWLEADER message (org.apache.zookeeper.server.quorum.Learner)
[2020-10-26 09:54:12,299] INFO Learner received UPTODATE message (org.apache.zookeeper.server.quorum.Learner)
[2020-10-26 09:54:12,300] INFO Configuring CommitProcessor with 1 worker threads. (org.apache.zookeeper.server.quorum.CommitProcessor)
[2020-10-26 09:58:50,801] WARN Exception when following the leader (org.apache.zookeeper.server.quorum.Learner)
java.io.EOFException
	at java.base/java.io.DataInputStream.readInt(Unknown Source)
	at org.apache.jute.BinaryInputArchive.readInt(BinaryInputArchive.java:84)
	at org.apache.zookeeper.server.quorum.QuorumPacket.deserialize(QuorumPacket.java:86)
	at org.apache.jute.BinaryInputArchive.readRecord(BinaryInputArchive.java:118)
	at org.apache.zookeeper.server.quorum.Learner.readPacket(Learner.java:158)
	at org.apache.zookeeper.server.quorum.Follower.followLeader(Follower.java:92)
	at org.apache.zookeeper.server.quorum.QuorumPeer.run(QuorumPeer.java:1253)
[2020-10-26 09:58:50,801] INFO shutdown called (org.apache.zookeeper.server.quorum.Learner)
java.lang.Exception: shutdown Follower
	at org.apache.zookeeper.server.quorum.Follower.shutdown(Follower.java:201)
	at org.apache.zookeeper.server.quorum.QuorumPeer.run(QuorumPeer.java:1257)
[2020-10-26 09:58:50,802] INFO Shutting down (org.apache.zookeeper.server.ZooKeeperServer)
[2020-10-26 09:58:50,802] INFO shutting down (org.apache.zookeeper.server.ZooKeeperServer)
[2020-10-26 09:58:50,803] INFO Shutting down (org.apache.zookeeper.server.quorum.FollowerRequestProcessor)
[2020-10-26 09:58:50,803] INFO FollowerRequestProcessor exited loop! (org.apache.zookeeper.server.quorum.FollowerRequestProcessor)
[2020-10-26 09:58:50,803] INFO Shutting down (org.apache.zookeeper.server.quorum.CommitProcessor)
[2020-10-26 09:58:50,803] INFO CommitProcessor exited loop! (org.apache.zookeeper.server.quorum.CommitProcessor)
[2020-10-26 09:58:50,803] INFO shutdown of request processor complete (org.apache.zookeeper.server.FinalRequestProcessor)
[2020-10-26 09:58:50,805] INFO Shutting down (org.apache.zookeeper.server.SyncRequestProcessor)
[2020-10-26 09:58:50,805] INFO SyncRequestProcessor exited! (org.apache.zookeeper.server.SyncRequestProcessor)
[2020-10-26 09:58:50,806] WARN PeerState set to LOOKING (org.apache.zookeeper.server.quorum.QuorumPeer)
[2020-10-26 09:58:50,806] INFO LOOKING (org.apache.zookeeper.server.quorum.QuorumPeer)
[2020-10-26 09:58:50,806] INFO New election. My id =  1, proposed zxid=0x100000102 (org.apache.zookeeper.server.quorum.FastLeaderElection)
[2020-10-26 09:58:50,811] INFO Notification: 2 (message format version), 1 (n.leader), 0x100000102 (n.zxid), 0x5 (n.round), LOOKING (n.state), 1 (n.sid), 0x1 (n.peerEPoch), LOOKING (my state)0 (n.config version) (org.apache.zookeeper.server.quorum.FastLeaderElection)
[2020-10-26 09:58:50,822] INFO Notification: 2 (message format version), 2 (n.leader), 0x0 (n.zxid), 0x4 (n.round), LEADING (n.state), 2 (n.sid), 0x1 (n.peerEPoch), LOOKING (my state)0 (n.config version) (org.apache.zookeeper.server.quorum.FastLeaderElection)
[2020-10-26 09:58:50,826] INFO Notification: 2 (message format version), 2 (n.leader), 0x0 (n.zxid), 0x4 (n.round), FOLLOWING (n.state), 3 (n.sid), 0x1 (n.peerEPoch), LOOKING (my state)0 (n.config version) (org.apache.zookeeper.server.quorum.FastLeaderElection)
[2020-10-26 09:58:50,827] INFO FOLLOWING (org.apache.zookeeper.server.quorum.QuorumPeer)
[2020-10-26 09:58:50,827] INFO minSessionTimeout set to 260 (org.apache.zookeeper.server.ZooKeeperServer)
[2020-10-26 09:58:50,827] INFO maxSessionTimeout set to 3000 (org.apache.zookeeper.server.ZooKeeperServer)
[2020-10-26 09:58:50,827] INFO Created server with tickTime 130 minSessionTimeout 260 maxSessionTimeout 3000 datadir /var/lib/zookeeper/log/version-2 snapdir /var/lib/zookeeper/data/version-2 (org.apache.zookeeper.server.ZooKeeperServer)
[2020-10-26 09:58:50,827] INFO FOLLOWING - LEADER ELECTION TOOK - 0 MS (org.apache.zookeeper.server.quorum.Learner)
[2020-10-26 09:58:50,847] INFO Getting a diff from the leader 0x100000102 (org.apache.zookeeper.server.quorum.Learner)
[2020-10-26 09:58:50,848] INFO Learner received NEWLEADER message (org.apache.zookeeper.server.quorum.Learner)
[2020-10-26 09:58:50,854] INFO Learner received UPTODATE message (org.apache.zookeeper.server.quorum.Learner)
[2020-10-26 09:58:50,854] INFO Configuring CommitProcessor with 1 worker threads. (org.apache.zookeeper.server.quorum.CommitProcessor)
[2020-10-26 09:59:37,606] WARN Exception when following the leader (org.apache.zookeeper.server.quorum.Learner)
java.io.EOFException
	at java.base/java.io.DataInputStream.readInt(Unknown Source)
	at org.apache.jute.BinaryInputArchive.readInt(BinaryInputArchive.java:84)
	at org.apache.zookeeper.server.quorum.QuorumPacket.deserialize(QuorumPacket.java:86)
	at org.apache.jute.BinaryInputArchive.readRecord(BinaryInputArchive.java:118)
	at org.apache.zookeeper.server.quorum.Learner.readPacket(Learner.java:158)
	at org.apache.zookeeper.server.quorum.Follower.followLeader(Follower.java:92)
	at org.apache.zookeeper.server.quorum.QuorumPeer.run(QuorumPeer.java:1253)
[2020-10-26 09:59:37,607] INFO shutdown called (org.apache.zookeeper.server.quorum.Learner)
java.lang.Exception: shutdown Follower
	at org.apache.zookeeper.server.quorum.Follower.shutdown(Follower.java:201)
	at org.apache.zookeeper.server.quorum.QuorumPeer.run(QuorumPeer.java:1257)
[2020-10-26 09:59:37,607] INFO Shutting down (org.apache.zookeeper.server.ZooKeeperServer)
[2020-10-26 09:59:37,607] INFO shutting down (org.apache.zookeeper.server.ZooKeeperServer)
[2020-10-26 09:59:37,607] INFO Shutting down (org.apache.zookeeper.server.quorum.FollowerRequestProcessor)
[2020-10-26 09:59:37,607] INFO FollowerRequestProcessor exited loop! (org.apache.zookeeper.server.quorum.FollowerRequestProcessor)
[2020-10-26 09:59:37,619] INFO Shutting down (org.apache.zookeeper.server.quorum.CommitProcessor)
[2020-10-26 09:59:37,619] INFO CommitProcessor exited loop! (org.apache.zookeeper.server.quorum.CommitProcessor)
[2020-10-26 09:59:37,619] INFO shutdown of request processor complete (org.apache.zookeeper.server.FinalRequestProcessor)
[2020-10-26 09:59:37,621] INFO Shutting down (org.apache.zookeeper.server.SyncRequestProcessor)
[2020-10-26 09:59:37,621] INFO SyncRequestProcessor exited! (org.apache.zookeeper.server.SyncRequestProcessor)
[2020-10-26 09:59:37,622] WARN PeerState set to LOOKING (org.apache.zookeeper.server.quorum.QuorumPeer)
[2020-10-26 09:59:37,622] INFO LOOKING (org.apache.zookeeper.server.quorum.QuorumPeer)
[2020-10-26 09:59:37,622] INFO New election. My id =  1, proposed zxid=0x100000102 (org.apache.zookeeper.server.quorum.FastLeaderElection)
[2020-10-26 09:59:37,626] INFO Notification: 2 (message format version), 1 (n.leader), 0x100000102 (n.zxid), 0x5 (n.round), LOOKING (n.state), 1 (n.sid), 0x1 (n.peerEPoch), LOOKING (my state)0 (n.config version) (org.apache.zookeeper.server.quorum.FastLeaderElection)
[2020-10-26 09:59:37,638] INFO Notification: 2 (message format version), 2 (n.leader), 0x0 (n.zxid), 0x4 (n.round), FOLLOWING (n.state), 3 (n.sid), 0x1 (n.peerEPoch), LOOKING (my state)0 (n.config version) (org.apache.zookeeper.server.quorum.FastLeaderElection)
[2020-10-26 09:59:37,641] INFO Notification: 2 (message format version), 2 (n.leader), 0x0 (n.zxid), 0x4 (n.round), LEADING (n.state), 2 (n.sid), 0x1 (n.peerEPoch), LOOKING (my state)0 (n.config version) (org.apache.zookeeper.server.quorum.FastLeaderElection)
[2020-10-26 09:59:37,641] INFO FOLLOWING (org.apache.zookeeper.server.quorum.QuorumPeer)
[2020-10-26 09:59:37,641] INFO minSessionTimeout set to 260 (org.apache.zookeeper.server.ZooKeeperServer)
[2020-10-26 09:59:37,641] INFO maxSessionTimeout set to 3000 (org.apache.zookeeper.server.ZooKeeperServer)
[2020-10-26 09:59:37,641] INFO Created server with tickTime 130 minSessionTimeout 260 maxSessionTimeout 3000 datadir /var/lib/zookeeper/log/version-2 snapdir /var/lib/zookeeper/data/version-2 (org.apache.zookeeper.server.ZooKeeperServer)
[2020-10-26 09:59:37,641] INFO FOLLOWING - LEADER ELECTION TOOK - 0 MS (org.apache.zookeeper.server.quorum.Learner)
[2020-10-26 09:59:37,655] INFO Getting a diff from the leader 0x100000102 (org.apache.zookeeper.server.quorum.Learner)
[2020-10-26 09:59:37,655] INFO Learner received NEWLEADER message (org.apache.zookeeper.server.quorum.Learner)
[2020-10-26 09:59:37,661] INFO Learner received UPTODATE message (org.apache.zookeeper.server.quorum.Learner)
[2020-10-26 09:59:37,661] INFO Configuring CommitProcessor with 1 worker threads. (org.apache.zookeeper.server.quorum.CommitProcessor)
[2020-10-26 10:00:33,304] INFO Notification: 2 (message format version), 3 (n.leader), 0x100000102 (n.zxid), 0x5 (n.round), LOOKING (n.state), 3 (n.sid), 0x1 (n.peerEPoch), FOLLOWING (my state)0 (n.config version) (org.apache.zookeeper.server.quorum.FastLeaderElection)
[2020-10-26 10:02:56,803] WARN Got zxid 0x100000103 expected 0x1 (org.apache.zookeeper.server.quorum.Learner)
[2020-10-26 10:05:12,329] WARN Exception when following the leader (org.apache.zookeeper.server.quorum.Learner)
java.io.EOFException
	at java.base/java.io.DataInputStream.readInt(Unknown Source)
	at org.apache.jute.BinaryInputArchive.readInt(BinaryInputArchive.java:84)
	at org.apache.zookeeper.server.quorum.QuorumPacket.deserialize(QuorumPacket.java:86)
	at org.apache.jute.BinaryInputArchive.readRecord(BinaryInputArchive.java:118)
	at org.apache.zookeeper.server.quorum.Learner.readPacket(Learner.java:158)
	at org.apache.zookeeper.server.quorum.Follower.followLeader(Follower.java:92)
	at org.apache.zookeeper.server.quorum.QuorumPeer.run(QuorumPeer.java:1253)
[2020-10-26 10:05:12,330] INFO shutdown called (org.apache.zookeeper.server.quorum.Learner)
java.lang.Exception: shutdown Follower
	at org.apache.zookeeper.server.quorum.Follower.shutdown(Follower.java:201)
	at org.apache.zookeeper.server.quorum.QuorumPeer.run(QuorumPeer.java:1257)
[2020-10-26 10:05:12,330] INFO Shutting down (org.apache.zookeeper.server.ZooKeeperServer)
[2020-10-26 10:05:12,330] INFO shutting down (org.apache.zookeeper.server.ZooKeeperServer)
[2020-10-26 10:05:12,330] INFO Shutting down (org.apache.zookeeper.server.quorum.FollowerRequestProcessor)
[2020-10-26 10:05:12,330] INFO Shutting down (org.apache.zookeeper.server.quorum.CommitProcessor)
[2020-10-26 10:05:12,330] INFO FollowerRequestProcessor exited loop! (org.apache.zookeeper.server.quorum.FollowerRequestProcessor)
[2020-10-26 10:05:12,330] INFO CommitProcessor exited loop! (org.apache.zookeeper.server.quorum.CommitProcessor)
[2020-10-26 10:05:12,332] INFO shutdown of request processor complete (org.apache.zookeeper.server.FinalRequestProcessor)
[2020-10-26 10:05:12,333] INFO Shutting down (org.apache.zookeeper.server.SyncRequestProcessor)
[2020-10-26 10:05:12,333] INFO SyncRequestProcessor exited! (org.apache.zookeeper.server.SyncRequestProcessor)
[2020-10-26 10:05:12,334] WARN PeerState set to LOOKING (org.apache.zookeeper.server.quorum.QuorumPeer)
[2020-10-26 10:05:12,334] INFO LOOKING (org.apache.zookeeper.server.quorum.QuorumPeer)
[2020-10-26 10:05:12,334] INFO New election. My id =  1, proposed zxid=0x10000010d (org.apache.zookeeper.server.quorum.FastLeaderElection)
[2020-10-26 10:05:12,336] INFO Notification: 2 (message format version), 1 (n.leader), 0x10000010d (n.zxid), 0x5 (n.round), LOOKING (n.state), 1 (n.sid), 0x1 (n.peerEPoch), LOOKING (my state)0 (n.config version) (org.apache.zookeeper.server.quorum.FastLeaderElection)
[2020-10-26 10:05:12,353] INFO Notification: 2 (message format version), 2 (n.leader), 0x0 (n.zxid), 0x4 (n.round), LEADING (n.state), 2 (n.sid), 0x1 (n.peerEPoch), LOOKING (my state)0 (n.config version) (org.apache.zookeeper.server.quorum.FastLeaderElection)
[2020-10-26 10:05:12,357] INFO Notification: 2 (message format version), 2 (n.leader), 0x0 (n.zxid), 0x4 (n.round), FOLLOWING (n.state), 3 (n.sid), 0x1 (n.peerEPoch), LOOKING (my state)0 (n.config version) (org.apache.zookeeper.server.quorum.FastLeaderElection)
[2020-10-26 10:05:12,358] INFO FOLLOWING (org.apache.zookeeper.server.quorum.QuorumPeer)
[2020-10-26 10:05:12,358] INFO minSessionTimeout set to 260 (org.apache.zookeeper.server.ZooKeeperServer)
[2020-10-26 10:05:12,358] INFO maxSessionTimeout set to 3000 (org.apache.zookeeper.server.ZooKeeperServer)
[2020-10-26 10:05:12,358] INFO Created server with tickTime 130 minSessionTimeout 260 maxSessionTimeout 3000 datadir /var/lib/zookeeper/log/version-2 snapdir /var/lib/zookeeper/data/version-2 (org.apache.zookeeper.server.ZooKeeperServer)
[2020-10-26 10:05:12,358] INFO FOLLOWING - LEADER ELECTION TOOK - 0 MS (org.apache.zookeeper.server.quorum.Learner)
[2020-10-26 10:05:12,371] INFO Getting a diff from the leader 0x10000010d (org.apache.zookeeper.server.quorum.Learner)
[2020-10-26 10:05:12,371] INFO Learner received NEWLEADER message (org.apache.zookeeper.server.quorum.Learner)
[2020-10-26 10:05:12,377] INFO Learner received UPTODATE message (org.apache.zookeeper.server.quorum.Learner)
[2020-10-26 10:05:12,377] INFO Configuring CommitProcessor with 1 worker threads. (org.apache.zookeeper.server.quorum.CommitProcessor)
[2020-10-26 10:06:16,805] INFO Notification: 2 (message format version), 3 (n.leader), 0x10000010d (n.zxid), 0x5 (n.round), LOOKING (n.state), 3 (n.sid), 0x1 (n.peerEPoch), FOLLOWING (my state)0 (n.config version) (org.apache.zookeeper.server.quorum.FastLeaderElection)
[2020-10-26 10:07:03,576] INFO Notification: 2 (message format version), 3 (n.leader), 0x10000010d (n.zxid), 0x5 (n.round), LOOKING (n.state), 3 (n.sid), 0x1 (n.peerEPoch), FOLLOWING (my state)0 (n.config version) (org.apache.zookeeper.server.quorum.FastLeaderElection)
[2020-10-26 10:07:04,620] INFO Notification: 2 (message format version), 3 (n.leader), 0x10000010d (n.zxid), 0x5 (n.round), LOOKING (n.state), 3 (n.sid), 0x1 (n.peerEPoch), FOLLOWING (my state)0 (n.config version) (org.apache.zookeeper.server.quorum.FastLeaderElection)
[2020-10-26 10:07:34,051] INFO Notification: 2 (message format version), 3 (n.leader), 0x10000010d (n.zxid), 0x5 (n.round), LOOKING (n.state), 3 (n.sid), 0x1 (n.peerEPoch), FOLLOWING (my state)0 (n.config version) (org.apache.zookeeper.server.quorum.FastLeaderElection)
[2020-10-26 10:07:40,143] INFO Notification: 2 (message format version), 3 (n.leader), 0x10000010d (n.zxid), 0x5 (n.round), LOOKING (n.state), 3 (n.sid), 0x1 (n.peerEPoch), FOLLOWING (my state)0 (n.config version) (org.apache.zookeeper.server.quorum.FastLeaderElection)
[2020-10-26 10:07:54,463] INFO Notification: 2 (message format version), 3 (n.leader), 0x10000010d (n.zxid), 0x5 (n.round), LOOKING (n.state), 3 (n.sid), 0x1 (n.peerEPoch), FOLLOWING (my state)0 (n.config version) (org.apache.zookeeper.server.quorum.FastLeaderElection)
[2020-10-26 10:07:54,668] INFO Notification: 2 (message format version), 3 (n.leader), 0x10000010d (n.zxid), 0x5 (n.round), LOOKING (n.state), 3 (n.sid), 0x1 (n.peerEPoch), FOLLOWING (my state)0 (n.config version) (org.apache.zookeeper.server.quorum.FastLeaderElection)
[2020-10-26 10:08:15,004] WARN Unable to read additional data from client sessionid 0x0, likely client has closed socket (org.apache.zookeeper.server.NIOServerCnxn)
[2020-10-26 10:08:15,126] WARN Got zxid 0x10000010e expected 0x1 (org.apache.zookeeper.server.quorum.Learner)
[2020-10-26 10:08:49,210] INFO Notification: 2 (message format version), 3 (n.leader), 0x10000012b (n.zxid), 0x5 (n.round), LOOKING (n.state), 3 (n.sid), 0x1 (n.peerEPoch), FOLLOWING (my state)0 (n.config version) (org.apache.zookeeper.server.quorum.FastLeaderElection)
[2020-10-26 10:09:56,256] INFO Notification: 2 (message format version), 3 (n.leader), 0x10000012b (n.zxid), 0x5 (n.round), LOOKING (n.state), 3 (n.sid), 0x1 (n.peerEPoch), FOLLOWING (my state)0 (n.config version) (org.apache.zookeeper.server.quorum.FastLeaderElection)
[2020-10-26 10:13:46,067] INFO Notification: 2 (message format version), 3 (n.leader), 0x10000012f (n.zxid), 0x5 (n.round), LOOKING (n.state), 3 (n.sid), 0x1 (n.peerEPoch), FOLLOWING (my state)0 (n.config version) (org.apache.zookeeper.server.quorum.FastLeaderElection)
[2020-10-26 10:16:04,468] INFO Notification: 2 (message format version), 3 (n.leader), 0x10000012f (n.zxid), 0x5 (n.round), LOOKING (n.state), 3 (n.sid), 0x1 (n.peerEPoch), FOLLOWING (my state)0 (n.config version) (org.apache.zookeeper.server.quorum.FastLeaderElection)
[2020-10-26 10:16:17,886] INFO Notification: 2 (message format version), 3 (n.leader), 0x10000012f (n.zxid), 0x5 (n.round), LOOKING (n.state), 3 (n.sid), 0x1 (n.peerEPoch), FOLLOWING (my state)0 (n.config version) (org.apache.zookeeper.server.quorum.FastLeaderElection)
[2020-10-26 10:16:55,573] INFO Notification: 2 (message format version), 3 (n.leader), 0x10000012f (n.zxid), 0x5 (n.round), LOOKING (n.state), 3 (n.sid), 0x1 (n.peerEPoch), FOLLOWING (my state)0 (n.config version) (org.apache.zookeeper.server.quorum.FastLeaderElection)
[2020-10-26 10:16:55,795] INFO Notification: 2 (message format version), 3 (n.leader), 0x10000012f (n.zxid), 0x5 (n.round), LOOKING (n.state), 3 (n.sid), 0x1 (n.peerEPoch), FOLLOWING (my state)0 (n.config version) (org.apache.zookeeper.server.quorum.FastLeaderElection)
[2020-10-26 10:17:24,711] WARN Exception when following the leader (org.apache.zookeeper.server.quorum.Learner)
java.io.EOFException
	at java.base/java.io.DataInputStream.readInt(Unknown Source)
	at org.apache.jute.BinaryInputArchive.readInt(BinaryInputArchive.java:84)
	at org.apache.zookeeper.server.quorum.QuorumPacket.deserialize(QuorumPacket.java:86)
	at org.apache.jute.BinaryInputArchive.readRecord(BinaryInputArchive.java:118)
	at org.apache.zookeeper.server.quorum.Learner.readPacket(Learner.java:158)
	at org.apache.zookeeper.server.quorum.Follower.followLeader(Follower.java:92)
	at org.apache.zookeeper.server.quorum.QuorumPeer.run(QuorumPeer.java:1253)
[2020-10-26 10:17:24,712] INFO shutdown called (org.apache.zookeeper.server.quorum.Learner)
java.lang.Exception: shutdown Follower
	at org.apache.zookeeper.server.quorum.Follower.shutdown(Follower.java:201)
	at org.apache.zookeeper.server.quorum.QuorumPeer.run(QuorumPeer.java:1257)
[2020-10-26 10:17:24,712] INFO Shutting down (org.apache.zookeeper.server.ZooKeeperServer)
[2020-10-26 10:17:24,712] INFO shutting down (org.apache.zookeeper.server.ZooKeeperServer)
[2020-10-26 10:17:24,712] INFO Shutting down (org.apache.zookeeper.server.quorum.FollowerRequestProcessor)
[2020-10-26 10:17:24,713] INFO Shutting down (org.apache.zookeeper.server.quorum.CommitProcessor)
[2020-10-26 10:17:24,713] INFO FollowerRequestProcessor exited loop! (org.apache.zookeeper.server.quorum.FollowerRequestProcessor)
[2020-10-26 10:17:24,713] INFO CommitProcessor exited loop! (org.apache.zookeeper.server.quorum.CommitProcessor)
[2020-10-26 10:17:24,713] INFO shutdown of request processor complete (org.apache.zookeeper.server.FinalRequestProcessor)
[2020-10-26 10:17:24,714] INFO Shutting down (org.apache.zookeeper.server.SyncRequestProcessor)
[2020-10-26 10:17:24,714] INFO SyncRequestProcessor exited! (org.apache.zookeeper.server.SyncRequestProcessor)
[2020-10-26 10:17:24,716] WARN PeerState set to LOOKING (org.apache.zookeeper.server.quorum.QuorumPeer)
[2020-10-26 10:17:24,716] INFO LOOKING (org.apache.zookeeper.server.quorum.QuorumPeer)
[2020-10-26 10:17:24,717] INFO New election. My id =  1, proposed zxid=0x10000012f (org.apache.zookeeper.server.quorum.FastLeaderElection)
[2020-10-26 10:17:24,719] INFO Notification: 2 (message format version), 1 (n.leader), 0x10000012f (n.zxid), 0x5 (n.round), LOOKING (n.state), 1 (n.sid), 0x1 (n.peerEPoch), LOOKING (my state)0 (n.config version) (org.apache.zookeeper.server.quorum.FastLeaderElection)
[2020-10-26 10:17:24,722] INFO Notification: 2 (message format version), 2 (n.leader), 0x0 (n.zxid), 0x4 (n.round), FOLLOWING (n.state), 3 (n.sid), 0x1 (n.peerEPoch), LOOKING (my state)0 (n.config version) (org.apache.zookeeper.server.quorum.FastLeaderElection)
[2020-10-26 10:17:24,723] INFO Notification: 2 (message format version), 2 (n.leader), 0x0 (n.zxid), 0x4 (n.round), LEADING (n.state), 2 (n.sid), 0x1 (n.peerEPoch), LOOKING (my state)0 (n.config version) (org.apache.zookeeper.server.quorum.FastLeaderElection)
[2020-10-26 10:17:24,723] INFO FOLLOWING (org.apache.zookeeper.server.quorum.QuorumPeer)
[2020-10-26 10:17:24,724] INFO minSessionTimeout set to 260 (org.apache.zookeeper.server.ZooKeeperServer)
[2020-10-26 10:17:24,724] INFO maxSessionTimeout set to 3000 (org.apache.zookeeper.server.ZooKeeperServer)
[2020-10-26 10:17:24,724] INFO Created server with tickTime 130 minSessionTimeout 260 maxSessionTimeout 3000 datadir /var/lib/zookeeper/log/version-2 snapdir /var/lib/zookeeper/data/version-2 (org.apache.zookeeper.server.ZooKeeperServer)
[2020-10-26 10:17:24,724] INFO FOLLOWING - LEADER ELECTION TOOK - 1 MS (org.apache.zookeeper.server.quorum.Learner)
[2020-10-26 10:17:24,737] INFO Getting a diff from the leader 0x10000012f (org.apache.zookeeper.server.quorum.Learner)
[2020-10-26 10:17:24,738] INFO Learner received NEWLEADER message (org.apache.zookeeper.server.quorum.Learner)
[2020-10-26 10:17:24,743] INFO Learner received UPTODATE message (org.apache.zookeeper.server.quorum.Learner)
[2020-10-26 10:17:24,744] INFO Configuring CommitProcessor with 1 worker threads. (org.apache.zookeeper.server.quorum.CommitProcessor)
