[2020-10-26 11:01:08,763] INFO Registered kafka:type=kafka.Log4jController MBean (kafka.utils.Log4jControllerRegistration$)
[2020-10-26 11:01:09,488] INFO Setting -D jdk.tls.rejectClientInitiatedRenegotiation=true to disable client-initiated TLS renegotiation (org.apache.zookeeper.common.X509Util)
[2020-10-26 11:01:09,534] INFO Registered signal handlers for TERM, INT, HUP (org.apache.kafka.common.utils.LoggingSignalHandler)
[2020-10-26 11:01:09,538] INFO starting (kafka.server.KafkaServer)
[2020-10-26 11:01:09,539] INFO Connecting to zookeeper on zookeeper:2181 (kafka.server.KafkaServer)
[2020-10-26 11:01:09,563] INFO [ZooKeeperClient Kafka server] Initializing a new session to zookeeper:2181. (kafka.zookeeper.ZooKeeperClient)
[2020-10-26 11:01:09,572] INFO Client environment:zookeeper.version=3.5.7-f0fdd52973d373ffd9c86b81d99842dc2c7f660e, built on 02/10/2020 11:30 GMT (org.apache.zookeeper.ZooKeeper)
[2020-10-26 11:01:09,573] INFO Client environment:host.name=kafka-2.kafka.kafka.svc.cluster.local (org.apache.zookeeper.ZooKeeper)
[2020-10-26 11:01:09,573] INFO Client environment:java.version=11.0.7 (org.apache.zookeeper.ZooKeeper)
[2020-10-26 11:01:09,573] INFO Client environment:java.vendor=AdoptOpenJDK (org.apache.zookeeper.ZooKeeper)
[2020-10-26 11:01:09,573] INFO Client environment:java.home=/opt/java/openjdk (org.apache.zookeeper.ZooKeeper)
[2020-10-26 11:01:09,574] INFO Client environment:java.class.path=/opt/kafka/libs/extensions/*:/opt/kafka/libs/activation-1.1.1.jar:/opt/kafka/libs/aopalliance-repackaged-2.5.0.jar:/opt/kafka/libs/argparse4j-0.7.0.jar:/opt/kafka/libs/audience-annotations-0.5.0.jar:/opt/kafka/libs/commons-cli-1.4.jar:/opt/kafka/libs/commons-lang3-3.8.1.jar:/opt/kafka/libs/connect-api-2.5.0.jar:/opt/kafka/libs/connect-basic-auth-extension-2.5.0.jar:/opt/kafka/libs/connect-file-2.5.0.jar:/opt/kafka/libs/connect-json-2.5.0.jar:/opt/kafka/libs/connect-mirror-2.5.0.jar:/opt/kafka/libs/connect-mirror-client-2.5.0.jar:/opt/kafka/libs/connect-runtime-2.5.0.jar:/opt/kafka/libs/connect-transforms-2.5.0.jar:/opt/kafka/libs/hk2-api-2.5.0.jar:/opt/kafka/libs/hk2-locator-2.5.0.jar:/opt/kafka/libs/hk2-utils-2.5.0.jar:/opt/kafka/libs/jackson-annotations-2.10.2.jar:/opt/kafka/libs/jackson-core-2.10.2.jar:/opt/kafka/libs/jackson-databind-2.10.2.jar:/opt/kafka/libs/jackson-dataformat-csv-2.10.2.jar:/opt/kafka/libs/jackson-datatype-jdk8-2.10.2.jar:/opt/kafka/libs/jackson-jaxrs-base-2.10.2.jar:/opt/kafka/libs/jackson-jaxrs-json-provider-2.10.2.jar:/opt/kafka/libs/jackson-module-jaxb-annotations-2.10.2.jar:/opt/kafka/libs/jackson-module-paranamer-2.10.2.jar:/opt/kafka/libs/jackson-module-scala_2.12-2.10.2.jar:/opt/kafka/libs/jakarta.activation-api-1.2.1.jar:/opt/kafka/libs/jakarta.annotation-api-1.3.4.jar:/opt/kafka/libs/jakarta.inject-2.5.0.jar:/opt/kafka/libs/jakarta.ws.rs-api-2.1.5.jar:/opt/kafka/libs/jakarta.xml.bind-api-2.3.2.jar:/opt/kafka/libs/javassist-3.22.0-CR2.jar:/opt/kafka/libs/javassist-3.26.0-GA.jar:/opt/kafka/libs/javax.servlet-api-3.1.0.jar:/opt/kafka/libs/javax.ws.rs-api-2.1.1.jar:/opt/kafka/libs/jaxb-api-2.3.0.jar:/opt/kafka/libs/jersey-client-2.28.jar:/opt/kafka/libs/jersey-common-2.28.jar:/opt/kafka/libs/jersey-container-servlet-2.28.jar:/opt/kafka/libs/jersey-container-servlet-core-2.28.jar:/opt/kafka/libs/jersey-hk2-2.28.jar:/opt/kafka/libs/jersey-media-jaxb-2.28.jar:/opt/kafka/libs/jersey-server-2.28.jar:/opt/kafka/libs/jetty-client-9.4.24.v20191120.jar:/opt/kafka/libs/jetty-continuation-9.4.24.v20191120.jar:/opt/kafka/libs/jetty-http-9.4.24.v20191120.jar:/opt/kafka/libs/jetty-io-9.4.24.v20191120.jar:/opt/kafka/libs/jetty-security-9.4.24.v20191120.jar:/opt/kafka/libs/jetty-server-9.4.24.v20191120.jar:/opt/kafka/libs/jetty-servlet-9.4.24.v20191120.jar:/opt/kafka/libs/jetty-servlets-9.4.24.v20191120.jar:/opt/kafka/libs/jetty-util-9.4.24.v20191120.jar:/opt/kafka/libs/jopt-simple-5.0.4.jar:/opt/kafka/libs/kafka-clients-2.5.0.jar:/opt/kafka/libs/kafka-log4j-appender-2.5.0.jar:/opt/kafka/libs/kafka-streams-2.5.0.jar:/opt/kafka/libs/kafka-streams-examples-2.5.0.jar:/opt/kafka/libs/kafka-streams-scala_2.12-2.5.0.jar:/opt/kafka/libs/kafka-streams-test-utils-2.5.0.jar:/opt/kafka/libs/kafka-tools-2.5.0.jar:/opt/kafka/libs/kafka_2.12-2.5.0-javadoc.jar:/opt/kafka/libs/kafka_2.12-2.5.0-scaladoc.jar:/opt/kafka/libs/kafka_2.12-2.5.0-sources.jar:/opt/kafka/libs/kafka_2.12-2.5.0-test-sources.jar:/opt/kafka/libs/kafka_2.12-2.5.0-test.jar:/opt/kafka/libs/kafka_2.12-2.5.0.jar:/opt/kafka/libs/log4j-1.2.17.jar:/opt/kafka/libs/lz4-java-1.7.1.jar:/opt/kafka/libs/maven-artifact-3.6.3.jar:/opt/kafka/libs/metrics-core-2.2.0.jar:/opt/kafka/libs/netty-buffer-4.1.45.Final.jar:/opt/kafka/libs/netty-codec-4.1.45.Final.jar:/opt/kafka/libs/netty-common-4.1.45.Final.jar:/opt/kafka/libs/netty-handler-4.1.45.Final.jar:/opt/kafka/libs/netty-resolver-4.1.45.Final.jar:/opt/kafka/libs/netty-transport-4.1.45.Final.jar:/opt/kafka/libs/netty-transport-native-epoll-4.1.45.Final.jar:/opt/kafka/libs/netty-transport-native-unix-common-4.1.45.Final.jar:/opt/kafka/libs/osgi-resource-locator-1.0.1.jar:/opt/kafka/libs/paranamer-2.8.jar:/opt/kafka/libs/plexus-utils-3.2.1.jar:/opt/kafka/libs/reflections-0.9.12.jar:/opt/kafka/libs/rocksdbjni-5.18.3.jar:/opt/kafka/libs/scala-java8-compat_2.12-0.9.0.jar:/opt/kafka/libs/scala-collection-compat_2.12-2.1.3.jar:/opt/kafka/libs/scala-library-2.12.10.jar:/opt/kafka/libs/scala-logging_2.12-3.9.2.jar:/opt/kafka/libs/scala-reflect-2.12.10.jar:/opt/kafka/libs/slf4j-api-1.7.30.jar:/opt/kafka/libs/slf4j-log4j12-1.7.30.jar:/opt/kafka/libs/snappy-java-1.1.7.3.jar:/opt/kafka/libs/validation-api-2.0.1.Final.jar:/opt/kafka/libs/zookeeper-3.5.7.jar:/opt/kafka/libs/zookeeper-jute-3.5.7.jar:/opt/kafka/libs/zstd-jni-1.4.4-7.jar (org.apache.zookeeper.ZooKeeper)
[2020-10-26 11:01:09,574] INFO Client environment:java.library.path=/usr/java/packages/lib:/usr/lib64:/lib64:/lib:/usr/lib (org.apache.zookeeper.ZooKeeper)
[2020-10-26 11:01:09,574] INFO Client environment:java.io.tmpdir=/tmp (org.apache.zookeeper.ZooKeeper)
[2020-10-26 11:01:09,574] INFO Client environment:java.compiler=<NA> (org.apache.zookeeper.ZooKeeper)
[2020-10-26 11:01:09,574] INFO Client environment:os.name=Linux (org.apache.zookeeper.ZooKeeper)
[2020-10-26 11:01:09,575] INFO Client environment:os.arch=amd64 (org.apache.zookeeper.ZooKeeper)
[2020-10-26 11:01:09,575] INFO Client environment:os.version=4.14.193-149.317.amzn2.x86_64 (org.apache.zookeeper.ZooKeeper)
[2020-10-26 11:01:09,575] INFO Client environment:user.name=nonroot (org.apache.zookeeper.ZooKeeper)
[2020-10-26 11:01:09,575] INFO Client environment:user.home=/home/nonroot (org.apache.zookeeper.ZooKeeper)
[2020-10-26 11:01:09,575] INFO Client environment:user.dir=/opt/kafka (org.apache.zookeeper.ZooKeeper)
[2020-10-26 11:01:09,575] INFO Client environment:os.memory.free=983MB (org.apache.zookeeper.ZooKeeper)
[2020-10-26 11:01:09,575] INFO Client environment:os.memory.max=1024MB (org.apache.zookeeper.ZooKeeper)
[2020-10-26 11:01:09,575] INFO Client environment:os.memory.total=1024MB (org.apache.zookeeper.ZooKeeper)
[2020-10-26 11:01:09,578] INFO Initiating client connection, connectString=zookeeper:2181 sessionTimeout=5000 watcher=kafka.zookeeper.ZooKeeperClient$ZooKeeperClientWatcher$@a4add54 (org.apache.zookeeper.ZooKeeper)
[2020-10-26 11:01:09,582] INFO jute.maxbuffer value is 4194304 Bytes (org.apache.zookeeper.ClientCnxnSocket)
[2020-10-26 11:01:09,587] INFO zookeeper.request.timeout value is 0. feature enabled= (org.apache.zookeeper.ClientCnxn)
[2020-10-26 11:01:09,589] INFO [ZooKeeperClient Kafka server] Waiting until connected. (kafka.zookeeper.ZooKeeperClient)
[2020-10-26 11:01:09,842] INFO Opening socket connection to server zookeeper/10.233.17.172:2181. Will not attempt to authenticate using SASL (unknown error) (org.apache.zookeeper.ClientCnxn)
[2020-10-26 11:01:09,858] INFO Socket connection established, initiating session, client: /10.233.121.2:42572, server: zookeeper/10.233.17.172:2181 (org.apache.zookeeper.ClientCnxn)
[2020-10-26 11:01:09,879] INFO Session establishment complete on server zookeeper/10.233.17.172:2181, sessionid = 0x3000018a4580001, negotiated timeout = 3000 (org.apache.zookeeper.ClientCnxn)
[2020-10-26 11:01:09,882] INFO [ZooKeeperClient Kafka server] Connected. (kafka.zookeeper.ZooKeeperClient)
[2020-10-26 11:01:11,038] INFO Cluster ID = I-cz0XINT9Gdw-7eRbudDQ (kafka.server.KafkaServer)
[2020-10-26 11:01:11,056] WARN No meta.properties file under dir /var/lib/kafka/data/topics/meta.properties (kafka.server.BrokerMetadataCheckpoint)
[2020-10-26 11:01:11,390] INFO KafkaConfig values: 
	advertised.host.name = null
	advertised.listeners = PLAINTEXT://:9092,OUTSIDE://10.0.2.18:32402
	advertised.port = null
	alter.config.policy.class.name = null
	alter.log.dirs.replication.quota.window.num = 11
	alter.log.dirs.replication.quota.window.size.seconds = 1
	authorizer.class.name = 
	auto.create.topics.enable = false
	auto.leader.rebalance.enable = true
	background.threads = 10
	broker.id = 2
	broker.id.generation.enable = true
	broker.rack = null
	client.quota.callback.class = null
	compression.type = producer
	connection.failed.authentication.delay.ms = 100
	connections.max.idle.ms = 600000
	connections.max.reauth.ms = 0
	control.plane.listener.name = null
	controlled.shutdown.enable = true
	controlled.shutdown.max.retries = 3
	controlled.shutdown.retry.backoff.ms = 5000
	controller.socket.timeout.ms = 5000
	create.topic.policy.class.name = null
	default.replication.factor = 3
	delegation.token.expiry.check.interval.ms = 3600000
	delegation.token.expiry.time.ms = 86400000
	delegation.token.master.key = null
	delegation.token.max.lifetime.ms = 604800000
	delete.records.purgatory.purge.interval.requests = 1
	delete.topic.enable = true
	fetch.max.bytes = 57671680
	fetch.purgatory.purge.interval.requests = 1000
	group.initial.rebalance.delay.ms = 0
	group.max.session.timeout.ms = 2000
	group.max.size = 2147483647
	group.min.session.timeout.ms = 0
	host.name = 
	inter.broker.listener.name = PLAINTEXT
	inter.broker.protocol.version = 2.5-IV0
	kafka.metrics.polling.interval.secs = 10
	kafka.metrics.reporters = []
	leader.imbalance.check.interval.seconds = 300
	leader.imbalance.per.broker.percentage = 10
	listener.security.protocol.map = PLAINTEXT:PLAINTEXT,SSL:SSL,SASL_PLAINTEXT:SASL_PLAINTEXT,SASL_SSL:SASL_SSL,OUTSIDE:PLAINTEXT
	listeners = PLAINTEXT://:9092,OUTSIDE://:9094
	log.cleaner.backoff.ms = 15000
	log.cleaner.dedupe.buffer.size = 134217728
	log.cleaner.delete.retention.ms = 86400000
	log.cleaner.enable = true
	log.cleaner.io.buffer.load.factor = 0.9
	log.cleaner.io.buffer.size = 524288
	log.cleaner.io.max.bytes.per.second = 1.7976931348623157E308
	log.cleaner.max.compaction.lag.ms = 9223372036854775807
	log.cleaner.min.cleanable.ratio = 0.5
	log.cleaner.min.compaction.lag.ms = 0
	log.cleaner.threads = 1
	log.cleanup.policy = [delete]
	log.dir = /tmp/kafka-logs
	log.dirs = /var/lib/kafka/data/topics
	log.flush.interval.messages = 9223372036854775807
	log.flush.interval.ms = null
	log.flush.offset.checkpoint.interval.ms = 60000
	log.flush.scheduler.interval.ms = 9223372036854775807
	log.flush.start.offset.checkpoint.interval.ms = 60000
	log.index.interval.bytes = 4096
	log.index.size.max.bytes = 10485760
	log.message.downconversion.enable = true
	log.message.format.version = 2.5-IV0
	log.message.timestamp.difference.max.ms = 9223372036854775807
	log.message.timestamp.type = CreateTime
	log.preallocate = false
	log.retention.bytes = -1
	log.retention.check.interval.ms = 300000
	log.retention.hours = -1
	log.retention.minutes = null
	log.retention.ms = null
	log.roll.hours = 168
	log.roll.jitter.hours = 0
	log.roll.jitter.ms = null
	log.roll.ms = null
	log.segment.bytes = 1073741824
	log.segment.delete.delay.ms = 60000
	max.connections = 2147483647
	max.connections.per.ip = 2147483647
	max.connections.per.ip.overrides = 
	max.incremental.fetch.session.cache.slots = 1000
	message.max.bytes = 1048588
	metric.reporters = []
	metrics.num.samples = 2
	metrics.recording.level = INFO
	metrics.sample.window.ms = 30000
	min.insync.replicas = 2
	num.io.threads = 8
	num.network.threads = 3
	num.partitions = 1
	num.recovery.threads.per.data.dir = 1
	num.replica.alter.log.dirs.threads = null
	num.replica.fetchers = 2
	offset.metadata.max.bytes = 4096
	offsets.commit.required.acks = -1
	offsets.commit.timeout.ms = 5000
	offsets.load.buffer.size = 5242880
	offsets.retention.check.interval.ms = 600000
	offsets.retention.minutes = 10080
	offsets.topic.compression.codec = 0
	offsets.topic.num.partitions = 2
	offsets.topic.replication.factor = 5
	offsets.topic.segment.bytes = 104857600
	password.encoder.cipher.algorithm = AES/CBC/PKCS5Padding
	password.encoder.iterations = 4096
	password.encoder.key.length = 128
	password.encoder.keyfactory.algorithm = null
	password.encoder.old.secret = null
	password.encoder.secret = null
	port = 9092
	principal.builder.class = null
	producer.purgatory.purge.interval.requests = 1000
	queued.max.request.bytes = -1
	queued.max.requests = 500
	quota.consumer.default = 9223372036854775807
	quota.producer.default = 9223372036854775807
	quota.window.num = 11
	quota.window.size.seconds = 1
	replica.fetch.backoff.ms = 1000
	replica.fetch.max.bytes = 1048576
	replica.fetch.min.bytes = 1
	replica.fetch.response.max.bytes = 10485760
	replica.fetch.wait.max.ms = 500
	replica.high.watermark.checkpoint.interval.ms = 5000
	replica.lag.time.max.ms = 5000
	replica.selector.class = null
	replica.socket.receive.buffer.bytes = 65536
	replica.socket.timeout.ms = 3000
	replication.quota.window.num = 11
	replication.quota.window.size.seconds = 1
	request.timeout.ms = 2000
	reserved.broker.max.id = 1000
	sasl.client.callback.handler.class = null
	sasl.enabled.mechanisms = [GSSAPI]
	sasl.jaas.config = null
	sasl.kerberos.kinit.cmd = /usr/bin/kinit
	sasl.kerberos.min.time.before.relogin = 60000
	sasl.kerberos.principal.to.local.rules = [DEFAULT]
	sasl.kerberos.service.name = null
	sasl.kerberos.ticket.renew.jitter = 0.05
	sasl.kerberos.ticket.renew.window.factor = 0.8
	sasl.login.callback.handler.class = null
	sasl.login.class = null
	sasl.login.refresh.buffer.seconds = 300
	sasl.login.refresh.min.period.seconds = 60
	sasl.login.refresh.window.factor = 0.8
	sasl.login.refresh.window.jitter = 0.05
	sasl.mechanism.inter.broker.protocol = GSSAPI
	sasl.server.callback.handler.class = null
	security.inter.broker.protocol = PLAINTEXT
	security.providers = null
	socket.receive.buffer.bytes = 102400
	socket.request.max.bytes = 104857600
	socket.send.buffer.bytes = 102400
	ssl.cipher.suites = []
	ssl.client.auth = none
	ssl.enabled.protocols = [TLSv1.2]
	ssl.endpoint.identification.algorithm = https
	ssl.key.password = null
	ssl.keymanager.algorithm = SunX509
	ssl.keystore.location = null
	ssl.keystore.password = null
	ssl.keystore.type = JKS
	ssl.principal.mapping.rules = DEFAULT
	ssl.protocol = TLSv1.2
	ssl.provider = null
	ssl.secure.random.implementation = null
	ssl.trustmanager.algorithm = PKIX
	ssl.truststore.location = null
	ssl.truststore.password = null
	ssl.truststore.type = JKS
	transaction.abort.timed.out.transaction.cleanup.interval.ms = 10000
	transaction.max.timeout.ms = 3000
	transaction.remove.expired.transaction.cleanup.interval.ms = 3600000
	transaction.state.log.load.buffer.size = 5242880
	transaction.state.log.min.isr = 2
	transaction.state.log.num.partitions = 50
	transaction.state.log.replication.factor = 3
	transaction.state.log.segment.bytes = 104857600
	transactional.id.expiration.ms = 604800000
	unclean.leader.election.enable = false
	zookeeper.clientCnxnSocket = null
	zookeeper.connect = zookeeper:2181
	zookeeper.connection.timeout.ms = 3000
	zookeeper.max.in.flight.requests = 10
	zookeeper.session.timeout.ms = 5000
	zookeeper.set.acl = false
	zookeeper.ssl.cipher.suites = null
	zookeeper.ssl.client.enable = false
	zookeeper.ssl.crl.enable = false
	zookeeper.ssl.enabled.protocols = null
	zookeeper.ssl.endpoint.identification.algorithm = HTTPS
	zookeeper.ssl.keystore.location = null
	zookeeper.ssl.keystore.password = null
	zookeeper.ssl.keystore.type = null
	zookeeper.ssl.ocsp.enable = false
	zookeeper.ssl.protocol = TLSv1.2
	zookeeper.ssl.truststore.location = null
	zookeeper.ssl.truststore.password = null
	zookeeper.ssl.truststore.type = null
	zookeeper.sync.time.ms = 2000
 (kafka.server.KafkaConfig)
[2020-10-26 11:01:11,411] INFO KafkaConfig values: 
	advertised.host.name = null
	advertised.listeners = PLAINTEXT://:9092,OUTSIDE://10.0.2.18:32402
	advertised.port = null
	alter.config.policy.class.name = null
	alter.log.dirs.replication.quota.window.num = 11
	alter.log.dirs.replication.quota.window.size.seconds = 1
	authorizer.class.name = 
	auto.create.topics.enable = false
	auto.leader.rebalance.enable = true
	background.threads = 10
	broker.id = 2
	broker.id.generation.enable = true
	broker.rack = null
	client.quota.callback.class = null
	compression.type = producer
	connection.failed.authentication.delay.ms = 100
	connections.max.idle.ms = 600000
	connections.max.reauth.ms = 0
	control.plane.listener.name = null
	controlled.shutdown.enable = true
	controlled.shutdown.max.retries = 3
	controlled.shutdown.retry.backoff.ms = 5000
	controller.socket.timeout.ms = 5000
	create.topic.policy.class.name = null
	default.replication.factor = 3
	delegation.token.expiry.check.interval.ms = 3600000
	delegation.token.expiry.time.ms = 86400000
	delegation.token.master.key = null
	delegation.token.max.lifetime.ms = 604800000
	delete.records.purgatory.purge.interval.requests = 1
	delete.topic.enable = true
	fetch.max.bytes = 57671680
	fetch.purgatory.purge.interval.requests = 1000
	group.initial.rebalance.delay.ms = 0
	group.max.session.timeout.ms = 2000
	group.max.size = 2147483647
	group.min.session.timeout.ms = 0
	host.name = 
	inter.broker.listener.name = PLAINTEXT
	inter.broker.protocol.version = 2.5-IV0
	kafka.metrics.polling.interval.secs = 10
	kafka.metrics.reporters = []
	leader.imbalance.check.interval.seconds = 300
	leader.imbalance.per.broker.percentage = 10
	listener.security.protocol.map = PLAINTEXT:PLAINTEXT,SSL:SSL,SASL_PLAINTEXT:SASL_PLAINTEXT,SASL_SSL:SASL_SSL,OUTSIDE:PLAINTEXT
	listeners = PLAINTEXT://:9092,OUTSIDE://:9094
	log.cleaner.backoff.ms = 15000
	log.cleaner.dedupe.buffer.size = 134217728
	log.cleaner.delete.retention.ms = 86400000
	log.cleaner.enable = true
	log.cleaner.io.buffer.load.factor = 0.9
	log.cleaner.io.buffer.size = 524288
	log.cleaner.io.max.bytes.per.second = 1.7976931348623157E308
	log.cleaner.max.compaction.lag.ms = 9223372036854775807
	log.cleaner.min.cleanable.ratio = 0.5
	log.cleaner.min.compaction.lag.ms = 0
	log.cleaner.threads = 1
	log.cleanup.policy = [delete]
	log.dir = /tmp/kafka-logs
	log.dirs = /var/lib/kafka/data/topics
	log.flush.interval.messages = 9223372036854775807
	log.flush.interval.ms = null
	log.flush.offset.checkpoint.interval.ms = 60000
	log.flush.scheduler.interval.ms = 9223372036854775807
	log.flush.start.offset.checkpoint.interval.ms = 60000
	log.index.interval.bytes = 4096
	log.index.size.max.bytes = 10485760
	log.message.downconversion.enable = true
	log.message.format.version = 2.5-IV0
	log.message.timestamp.difference.max.ms = 9223372036854775807
	log.message.timestamp.type = CreateTime
	log.preallocate = false
	log.retention.bytes = -1
	log.retention.check.interval.ms = 300000
	log.retention.hours = -1
	log.retention.minutes = null
	log.retention.ms = null
	log.roll.hours = 168
	log.roll.jitter.hours = 0
	log.roll.jitter.ms = null
	log.roll.ms = null
	log.segment.bytes = 1073741824
	log.segment.delete.delay.ms = 60000
	max.connections = 2147483647
	max.connections.per.ip = 2147483647
	max.connections.per.ip.overrides = 
	max.incremental.fetch.session.cache.slots = 1000
	message.max.bytes = 1048588
	metric.reporters = []
	metrics.num.samples = 2
	metrics.recording.level = INFO
	metrics.sample.window.ms = 30000
	min.insync.replicas = 2
	num.io.threads = 8
	num.network.threads = 3
	num.partitions = 1
	num.recovery.threads.per.data.dir = 1
	num.replica.alter.log.dirs.threads = null
	num.replica.fetchers = 2
	offset.metadata.max.bytes = 4096
	offsets.commit.required.acks = -1
	offsets.commit.timeout.ms = 5000
	offsets.load.buffer.size = 5242880
	offsets.retention.check.interval.ms = 600000
	offsets.retention.minutes = 10080
	offsets.topic.compression.codec = 0
	offsets.topic.num.partitions = 2
	offsets.topic.replication.factor = 5
	offsets.topic.segment.bytes = 104857600
	password.encoder.cipher.algorithm = AES/CBC/PKCS5Padding
	password.encoder.iterations = 4096
	password.encoder.key.length = 128
	password.encoder.keyfactory.algorithm = null
	password.encoder.old.secret = null
	password.encoder.secret = null
	port = 9092
	principal.builder.class = null
	producer.purgatory.purge.interval.requests = 1000
	queued.max.request.bytes = -1
	queued.max.requests = 500
	quota.consumer.default = 9223372036854775807
	quota.producer.default = 9223372036854775807
	quota.window.num = 11
	quota.window.size.seconds = 1
	replica.fetch.backoff.ms = 1000
	replica.fetch.max.bytes = 1048576
	replica.fetch.min.bytes = 1
	replica.fetch.response.max.bytes = 10485760
	replica.fetch.wait.max.ms = 500
	replica.high.watermark.checkpoint.interval.ms = 5000
	replica.lag.time.max.ms = 5000
	replica.selector.class = null
	replica.socket.receive.buffer.bytes = 65536
	replica.socket.timeout.ms = 3000
	replication.quota.window.num = 11
	replication.quota.window.size.seconds = 1
	request.timeout.ms = 2000
	reserved.broker.max.id = 1000
	sasl.client.callback.handler.class = null
	sasl.enabled.mechanisms = [GSSAPI]
	sasl.jaas.config = null
	sasl.kerberos.kinit.cmd = /usr/bin/kinit
	sasl.kerberos.min.time.before.relogin = 60000
	sasl.kerberos.principal.to.local.rules = [DEFAULT]
	sasl.kerberos.service.name = null
	sasl.kerberos.ticket.renew.jitter = 0.05
	sasl.kerberos.ticket.renew.window.factor = 0.8
	sasl.login.callback.handler.class = null
	sasl.login.class = null
	sasl.login.refresh.buffer.seconds = 300
	sasl.login.refresh.min.period.seconds = 60
	sasl.login.refresh.window.factor = 0.8
	sasl.login.refresh.window.jitter = 0.05
	sasl.mechanism.inter.broker.protocol = GSSAPI
	sasl.server.callback.handler.class = null
	security.inter.broker.protocol = PLAINTEXT
	security.providers = null
	socket.receive.buffer.bytes = 102400
	socket.request.max.bytes = 104857600
	socket.send.buffer.bytes = 102400
	ssl.cipher.suites = []
	ssl.client.auth = none
	ssl.enabled.protocols = [TLSv1.2]
	ssl.endpoint.identification.algorithm = https
	ssl.key.password = null
	ssl.keymanager.algorithm = SunX509
	ssl.keystore.location = null
	ssl.keystore.password = null
	ssl.keystore.type = JKS
	ssl.principal.mapping.rules = DEFAULT
	ssl.protocol = TLSv1.2
	ssl.provider = null
	ssl.secure.random.implementation = null
	ssl.trustmanager.algorithm = PKIX
	ssl.truststore.location = null
	ssl.truststore.password = null
	ssl.truststore.type = JKS
	transaction.abort.timed.out.transaction.cleanup.interval.ms = 10000
	transaction.max.timeout.ms = 3000
	transaction.remove.expired.transaction.cleanup.interval.ms = 3600000
	transaction.state.log.load.buffer.size = 5242880
	transaction.state.log.min.isr = 2
	transaction.state.log.num.partitions = 50
	transaction.state.log.replication.factor = 3
	transaction.state.log.segment.bytes = 104857600
	transactional.id.expiration.ms = 604800000
	unclean.leader.election.enable = false
	zookeeper.clientCnxnSocket = null
	zookeeper.connect = zookeeper:2181
	zookeeper.connection.timeout.ms = 3000
	zookeeper.max.in.flight.requests = 10
	zookeeper.session.timeout.ms = 5000
	zookeeper.set.acl = false
	zookeeper.ssl.cipher.suites = null
	zookeeper.ssl.client.enable = false
	zookeeper.ssl.crl.enable = false
	zookeeper.ssl.enabled.protocols = null
	zookeeper.ssl.endpoint.identification.algorithm = HTTPS
	zookeeper.ssl.keystore.location = null
	zookeeper.ssl.keystore.password = null
	zookeeper.ssl.keystore.type = null
	zookeeper.ssl.ocsp.enable = false
	zookeeper.ssl.protocol = TLSv1.2
	zookeeper.ssl.truststore.location = null
	zookeeper.ssl.truststore.password = null
	zookeeper.ssl.truststore.type = null
	zookeeper.sync.time.ms = 2000
 (kafka.server.KafkaConfig)
[2020-10-26 11:01:11,451] INFO [ThrottledChannelReaper-Fetch]: Starting (kafka.server.ClientQuotaManager$ThrottledChannelReaper)
[2020-10-26 11:01:11,452] INFO [ThrottledChannelReaper-Produce]: Starting (kafka.server.ClientQuotaManager$ThrottledChannelReaper)
[2020-10-26 11:01:11,456] INFO [ThrottledChannelReaper-Request]: Starting (kafka.server.ClientQuotaManager$ThrottledChannelReaper)
[2020-10-26 11:01:11,480] INFO Log directory /var/lib/kafka/data/topics not found, creating it. (kafka.log.LogManager)
[2020-10-26 11:01:11,499] INFO Loading logs. (kafka.log.LogManager)
[2020-10-26 11:01:11,518] INFO Logs loading complete in 19 ms. (kafka.log.LogManager)
[2020-10-26 11:01:11,548] INFO Starting log cleanup with a period of 300000 ms. (kafka.log.LogManager)
[2020-10-26 11:01:11,555] INFO Starting log flusher with a default period of 9223372036854775807 ms. (kafka.log.LogManager)
[2020-10-26 11:01:12,260] INFO Awaiting socket connections on 0.0.0.0:9092. (kafka.network.Acceptor)
[2020-10-26 11:01:12,347] INFO [SocketServer brokerId=2] Created data-plane acceptor and processors for endpoint : EndPoint(null,9092,ListenerName(PLAINTEXT),PLAINTEXT) (kafka.network.SocketServer)
[2020-10-26 11:01:12,363] INFO Awaiting socket connections on 0.0.0.0:9094. (kafka.network.Acceptor)
[2020-10-26 11:01:12,389] INFO [SocketServer brokerId=2] Created data-plane acceptor and processors for endpoint : EndPoint(null,9094,ListenerName(OUTSIDE),PLAINTEXT) (kafka.network.SocketServer)
[2020-10-26 11:01:12,390] INFO [SocketServer brokerId=2] Started 2 acceptor threads for data-plane (kafka.network.SocketServer)
[2020-10-26 11:01:12,485] INFO [ExpirationReaper-2-Produce]: Starting (kafka.server.DelayedOperationPurgatory$ExpiredOperationReaper)
[2020-10-26 11:01:12,496] INFO [ExpirationReaper-2-Fetch]: Starting (kafka.server.DelayedOperationPurgatory$ExpiredOperationReaper)
[2020-10-26 11:01:12,511] INFO [ExpirationReaper-2-DeleteRecords]: Starting (kafka.server.DelayedOperationPurgatory$ExpiredOperationReaper)
[2020-10-26 11:01:12,517] INFO [ExpirationReaper-2-ElectLeader]: Starting (kafka.server.DelayedOperationPurgatory$ExpiredOperationReaper)
[2020-10-26 11:01:12,563] INFO [LogDirFailureHandler]: Starting (kafka.server.ReplicaManager$LogDirFailureHandler)
[2020-10-26 11:01:12,897] INFO Creating /brokers/ids/2 (is it secure? false) (kafka.zk.KafkaZkClient)
[2020-10-26 11:01:12,934] INFO Stat of the created znode at /brokers/ids/2 is: 4294967421,4294967421,1603710072919,1603710072919,1,0,0,216172887950229505,294,0,4294967421
 (kafka.zk.KafkaZkClient)
[2020-10-26 11:01:12,934] INFO Registered broker 2 at path /brokers/ids/2 with addresses: ArrayBuffer(EndPoint(kafka-2.kafka.kafka.svc.cluster.local,9092,ListenerName(PLAINTEXT),PLAINTEXT), EndPoint(10.0.2.18,32402,ListenerName(OUTSIDE),PLAINTEXT)), czxid (broker epoch): 4294967421 (kafka.zk.KafkaZkClient)
[2020-10-26 11:01:13,090] INFO [ExpirationReaper-2-Heartbeat]: Starting (kafka.server.DelayedOperationPurgatory$ExpiredOperationReaper)
[2020-10-26 11:01:13,090] INFO [ExpirationReaper-2-topic]: Starting (kafka.server.DelayedOperationPurgatory$ExpiredOperationReaper)
[2020-10-26 11:01:13,090] INFO [ExpirationReaper-2-Rebalance]: Starting (kafka.server.DelayedOperationPurgatory$ExpiredOperationReaper)
[2020-10-26 11:01:13,143] INFO [GroupCoordinator 2]: Starting up. (kafka.coordinator.group.GroupCoordinator)
[2020-10-26 11:01:13,145] INFO [GroupCoordinator 2]: Startup complete. (kafka.coordinator.group.GroupCoordinator)
[2020-10-26 11:01:13,156] INFO [GroupMetadataManager brokerId=2] Removed 0 expired offsets in 8 milliseconds. (kafka.coordinator.group.GroupMetadataManager)
[2020-10-26 11:01:13,194] INFO [ProducerId Manager 2]: Acquired new producerId block (brokerId:2,blockStartProducerId:6000,blockEndProducerId:6999) by writing to Zk with path version 7 (kafka.coordinator.transaction.ProducerIdManager)
[2020-10-26 11:01:13,236] INFO [TransactionCoordinator id=2] Starting up. (kafka.coordinator.transaction.TransactionCoordinator)
[2020-10-26 11:01:13,238] INFO [TransactionCoordinator id=2] Startup complete. (kafka.coordinator.transaction.TransactionCoordinator)
[2020-10-26 11:01:13,243] INFO [Transaction Marker Channel Manager 2]: Starting (kafka.coordinator.transaction.TransactionMarkerChannelManager)
[2020-10-26 11:01:13,283] INFO [ExpirationReaper-2-AlterAcls]: Starting (kafka.server.DelayedOperationPurgatory$ExpiredOperationReaper)
[2020-10-26 11:01:13,318] INFO [/config/changes-event-process-thread]: Starting (kafka.common.ZkNodeChangeNotificationListener$ChangeEventProcessThread)
[2020-10-26 11:01:13,371] INFO [SocketServer brokerId=2] Started data-plane processors for 2 acceptors (kafka.network.SocketServer)
[2020-10-26 11:01:13,376] INFO Kafka version: 2.5.0 (org.apache.kafka.common.utils.AppInfoParser)
[2020-10-26 11:01:13,377] INFO Kafka commitId: 66563e712b0b9f84 (org.apache.kafka.common.utils.AppInfoParser)
[2020-10-26 11:01:13,377] INFO Kafka startTimeMs: 1603710073372 (org.apache.kafka.common.utils.AppInfoParser)
[2020-10-26 11:01:13,378] INFO [KafkaServer id=2] started (kafka.server.KafkaServer)
[2020-10-26 11:02:58,478] INFO [Log partition=t1_warnings-0, dir=/var/lib/kafka/data/topics] Loading producer state till offset 0 with message format version 2 (kafka.log.Log)
[2020-10-26 11:02:58,499] INFO [Log partition=t1_warnings-0, dir=/var/lib/kafka/data/topics] Completed load of log with 1 segments, log start offset 0 and log end offset 0 in 82 ms (kafka.log.Log)
[2020-10-26 11:02:58,503] INFO Created log for partition t1_warnings-0 in /var/lib/kafka/data/topics/t1_warnings-0 with properties {compression.type -> producer, min.insync.replicas -> 2, message.downconversion.enable -> true, segment.jitter.ms -> 0, cleanup.policy -> [delete], flush.ms -> 9223372036854775807, retention.ms -> -1, segment.bytes -> 1073741824, flush.messages -> 9223372036854775807, message.format.version -> 2.5-IV0, max.compaction.lag.ms -> 9223372036854775807, file.delete.delay.ms -> 60000, max.message.bytes -> 1048588, min.compaction.lag.ms -> 0, message.timestamp.type -> CreateTime, preallocate -> false, index.interval.bytes -> 4096, min.cleanable.dirty.ratio -> 0.5, unclean.leader.election.enable -> false, retention.bytes -> -1, delete.retention.ms -> 86400000, segment.ms -> 604800000, message.timestamp.difference.max.ms -> 9223372036854775807, segment.index.bytes -> 10485760}. (kafka.log.LogManager)
[2020-10-26 11:02:58,504] INFO [Partition t1_warnings-0 broker=2] No checkpointed highwatermark is found for partition t1_warnings-0 (kafka.cluster.Partition)
[2020-10-26 11:02:58,508] INFO [Partition t1_warnings-0 broker=2] Log loaded for partition t1_warnings-0 with initial high watermark 0 (kafka.cluster.Partition)
[2020-10-26 11:02:58,510] INFO [ReplicaFetcherManager on broker 2] Removed fetcher for partitions Set(t1_warnings-0) (kafka.server.ReplicaFetcherManager)
[2020-10-26 11:02:58,556] INFO [ReplicaFetcher replicaId=2, leaderId=1, fetcherId=1] Starting (kafka.server.ReplicaFetcherThread)
[2020-10-26 11:02:58,557] INFO [ReplicaFetcherManager on broker 2] Added fetcher to broker 1 for partitions Map(t1_warnings-0 -> (offset=0, leaderEpoch=0)) (kafka.server.ReplicaFetcherManager)
[2020-10-26 11:02:58,559] INFO [ReplicaFetcher replicaId=2, leaderId=1, fetcherId=1] Truncating partition t1_warnings-0 to local high watermark 0 (kafka.server.ReplicaFetcherThread)
[2020-10-26 11:02:58,564] INFO [Log partition=t1_warnings-0, dir=/var/lib/kafka/data/topics] Truncating to 0 has no effect as the largest offset in the log is -1 (kafka.log.Log)
[2020-10-26 11:02:58,675] ERROR [ReplicaFetcher replicaId=2, leaderId=1, fetcherId=1] Error for partition t1_warnings-0 at offset 0 (kafka.server.ReplicaFetcherThread)
org.apache.kafka.common.errors.UnknownTopicOrPartitionException: This server does not host this topic-partition.
[2020-10-26 11:03:00,194] INFO [ReplicaFetcherManager on broker 2] Removed fetcher for partitions Set(t1_filtered-0) (kafka.server.ReplicaFetcherManager)
[2020-10-26 11:03:00,206] INFO [Log partition=t1_filtered-0, dir=/var/lib/kafka/data/topics] Loading producer state till offset 0 with message format version 2 (kafka.log.Log)
[2020-10-26 11:03:00,207] INFO [Log partition=t1_filtered-0, dir=/var/lib/kafka/data/topics] Completed load of log with 1 segments, log start offset 0 and log end offset 0 in 2 ms (kafka.log.Log)
[2020-10-26 11:03:00,208] INFO Created log for partition t1_filtered-0 in /var/lib/kafka/data/topics/t1_filtered-0 with properties {compression.type -> producer, min.insync.replicas -> 2, message.downconversion.enable -> true, segment.jitter.ms -> 0, cleanup.policy -> [delete], flush.ms -> 9223372036854775807, retention.ms -> -1, segment.bytes -> 1073741824, flush.messages -> 9223372036854775807, message.format.version -> 2.5-IV0, max.compaction.lag.ms -> 9223372036854775807, file.delete.delay.ms -> 60000, max.message.bytes -> 1048588, min.compaction.lag.ms -> 0, message.timestamp.type -> CreateTime, preallocate -> false, index.interval.bytes -> 4096, min.cleanable.dirty.ratio -> 0.5, unclean.leader.election.enable -> false, retention.bytes -> -1, delete.retention.ms -> 86400000, segment.ms -> 604800000, message.timestamp.difference.max.ms -> 9223372036854775807, segment.index.bytes -> 10485760}. (kafka.log.LogManager)
[2020-10-26 11:03:00,209] INFO [Partition t1_filtered-0 broker=2] No checkpointed highwatermark is found for partition t1_filtered-0 (kafka.cluster.Partition)
[2020-10-26 11:03:00,209] INFO [Partition t1_filtered-0 broker=2] Log loaded for partition t1_filtered-0 with initial high watermark 0 (kafka.cluster.Partition)
[2020-10-26 11:03:00,211] INFO [Partition t1_filtered-0 broker=2] t1_filtered-0 starts at leader epoch 0 from offset 0 with high watermark 0. Previous leader epoch was -1. (kafka.cluster.Partition)
[2020-10-26 11:03:05,590] INFO [ReplicaFetcherManager on broker 2] Removed fetcher for partitions Set(t3_filtered-0) (kafka.server.ReplicaFetcherManager)
[2020-10-26 11:03:05,603] INFO [Log partition=t3_filtered-0, dir=/var/lib/kafka/data/topics] Loading producer state till offset 0 with message format version 2 (kafka.log.Log)
[2020-10-26 11:03:05,606] INFO [Log partition=t3_filtered-0, dir=/var/lib/kafka/data/topics] Completed load of log with 1 segments, log start offset 0 and log end offset 0 in 4 ms (kafka.log.Log)
[2020-10-26 11:03:05,608] INFO Created log for partition t3_filtered-0 in /var/lib/kafka/data/topics/t3_filtered-0 with properties {compression.type -> producer, min.insync.replicas -> 2, message.downconversion.enable -> true, segment.jitter.ms -> 0, cleanup.policy -> [delete], flush.ms -> 9223372036854775807, retention.ms -> -1, segment.bytes -> 1073741824, flush.messages -> 9223372036854775807, message.format.version -> 2.5-IV0, max.compaction.lag.ms -> 9223372036854775807, file.delete.delay.ms -> 60000, max.message.bytes -> 1048588, min.compaction.lag.ms -> 0, message.timestamp.type -> CreateTime, preallocate -> false, index.interval.bytes -> 4096, min.cleanable.dirty.ratio -> 0.5, unclean.leader.election.enable -> false, retention.bytes -> -1, delete.retention.ms -> 86400000, segment.ms -> 604800000, message.timestamp.difference.max.ms -> 9223372036854775807, segment.index.bytes -> 10485760}. (kafka.log.LogManager)
[2020-10-26 11:03:05,608] INFO [Partition t3_filtered-0 broker=2] No checkpointed highwatermark is found for partition t3_filtered-0 (kafka.cluster.Partition)
[2020-10-26 11:03:05,608] INFO [Partition t3_filtered-0 broker=2] Log loaded for partition t3_filtered-0 with initial high watermark 0 (kafka.cluster.Partition)
[2020-10-26 11:03:05,608] INFO [Partition t3_filtered-0 broker=2] t3_filtered-0 starts at leader epoch 0 from offset 0 with high watermark 0. Previous leader epoch was -1. (kafka.cluster.Partition)
[2020-10-26 11:03:11,170] INFO [Log partition=t6_warnings-0, dir=/var/lib/kafka/data/topics] Loading producer state till offset 0 with message format version 2 (kafka.log.Log)
[2020-10-26 11:03:11,171] INFO [Log partition=t6_warnings-0, dir=/var/lib/kafka/data/topics] Completed load of log with 1 segments, log start offset 0 and log end offset 0 in 2 ms (kafka.log.Log)
[2020-10-26 11:03:11,172] INFO Created log for partition t6_warnings-0 in /var/lib/kafka/data/topics/t6_warnings-0 with properties {compression.type -> producer, min.insync.replicas -> 2, message.downconversion.enable -> true, segment.jitter.ms -> 0, cleanup.policy -> [delete], flush.ms -> 9223372036854775807, retention.ms -> -1, segment.bytes -> 1073741824, flush.messages -> 9223372036854775807, message.format.version -> 2.5-IV0, max.compaction.lag.ms -> 9223372036854775807, file.delete.delay.ms -> 60000, max.message.bytes -> 1048588, min.compaction.lag.ms -> 0, message.timestamp.type -> CreateTime, preallocate -> false, index.interval.bytes -> 4096, min.cleanable.dirty.ratio -> 0.5, unclean.leader.election.enable -> false, retention.bytes -> -1, delete.retention.ms -> 86400000, segment.ms -> 604800000, message.timestamp.difference.max.ms -> 9223372036854775807, segment.index.bytes -> 10485760}. (kafka.log.LogManager)
[2020-10-26 11:03:11,172] INFO [Partition t6_warnings-0 broker=2] No checkpointed highwatermark is found for partition t6_warnings-0 (kafka.cluster.Partition)
[2020-10-26 11:03:11,172] INFO [Partition t6_warnings-0 broker=2] Log loaded for partition t6_warnings-0 with initial high watermark 0 (kafka.cluster.Partition)
[2020-10-26 11:03:11,173] INFO [ReplicaFetcherManager on broker 2] Removed fetcher for partitions Set(t6_warnings-0) (kafka.server.ReplicaFetcherManager)
[2020-10-26 11:03:11,189] INFO [ReplicaFetcherManager on broker 2] Added fetcher to broker 1 for partitions Map(t6_warnings-0 -> (offset=0, leaderEpoch=0)) (kafka.server.ReplicaFetcherManager)
[2020-10-26 11:03:11,191] INFO [ReplicaFetcher replicaId=2, leaderId=1, fetcherId=0] Starting (kafka.server.ReplicaFetcherThread)
[2020-10-26 11:03:11,192] INFO [ReplicaFetcher replicaId=2, leaderId=1, fetcherId=0] Truncating partition t6_warnings-0 to local high watermark 0 (kafka.server.ReplicaFetcherThread)
[2020-10-26 11:03:11,192] INFO [Log partition=t6_warnings-0, dir=/var/lib/kafka/data/topics] Truncating to 0 has no effect as the largest offset in the log is -1 (kafka.log.Log)
[2020-10-26 11:03:12,524] INFO [Log partition=t6_filtered-0, dir=/var/lib/kafka/data/topics] Loading producer state till offset 0 with message format version 2 (kafka.log.Log)
[2020-10-26 11:03:12,524] INFO [Log partition=t6_filtered-0, dir=/var/lib/kafka/data/topics] Completed load of log with 1 segments, log start offset 0 and log end offset 0 in 2 ms (kafka.log.Log)
[2020-10-26 11:03:12,525] INFO Created log for partition t6_filtered-0 in /var/lib/kafka/data/topics/t6_filtered-0 with properties {compression.type -> producer, min.insync.replicas -> 2, message.downconversion.enable -> true, segment.jitter.ms -> 0, cleanup.policy -> [delete], flush.ms -> 9223372036854775807, retention.ms -> -1, segment.bytes -> 1073741824, flush.messages -> 9223372036854775807, message.format.version -> 2.5-IV0, max.compaction.lag.ms -> 9223372036854775807, file.delete.delay.ms -> 60000, max.message.bytes -> 1048588, min.compaction.lag.ms -> 0, message.timestamp.type -> CreateTime, preallocate -> false, index.interval.bytes -> 4096, min.cleanable.dirty.ratio -> 0.5, unclean.leader.election.enable -> false, retention.bytes -> -1, delete.retention.ms -> 86400000, segment.ms -> 604800000, message.timestamp.difference.max.ms -> 9223372036854775807, segment.index.bytes -> 10485760}. (kafka.log.LogManager)
[2020-10-26 11:03:12,526] INFO [Partition t6_filtered-0 broker=2] No checkpointed highwatermark is found for partition t6_filtered-0 (kafka.cluster.Partition)
[2020-10-26 11:03:12,526] INFO [Partition t6_filtered-0 broker=2] Log loaded for partition t6_filtered-0 with initial high watermark 0 (kafka.cluster.Partition)
[2020-10-26 11:03:12,526] INFO [ReplicaFetcherManager on broker 2] Removed fetcher for partitions Set(t6_filtered-0) (kafka.server.ReplicaFetcherManager)
[2020-10-26 11:03:12,533] INFO [ReplicaFetcherManager on broker 2] Added fetcher to broker 6 for partitions Map(t6_filtered-0 -> (offset=0, leaderEpoch=0)) (kafka.server.ReplicaFetcherManager)
[2020-10-26 11:03:12,537] INFO [ReplicaFetcher replicaId=2, leaderId=6, fetcherId=0] Starting (kafka.server.ReplicaFetcherThread)
[2020-10-26 11:03:12,538] INFO [ReplicaFetcher replicaId=2, leaderId=6, fetcherId=0] Truncating partition t6_filtered-0 to local high watermark 0 (kafka.server.ReplicaFetcherThread)
[2020-10-26 11:03:12,538] INFO [Log partition=t6_filtered-0, dir=/var/lib/kafka/data/topics] Truncating to 0 has no effect as the largest offset in the log is -1 (kafka.log.Log)
[2020-10-26 11:03:14,503] INFO [ReplicaFetcherManager on broker 2] Removed fetcher for partitions Set(t7_filtered-0) (kafka.server.ReplicaFetcherManager)
[2020-10-26 11:03:14,524] INFO [Log partition=t7_filtered-0, dir=/var/lib/kafka/data/topics] Loading producer state till offset 0 with message format version 2 (kafka.log.Log)
[2020-10-26 11:03:14,525] INFO [Log partition=t7_filtered-0, dir=/var/lib/kafka/data/topics] Completed load of log with 1 segments, log start offset 0 and log end offset 0 in 2 ms (kafka.log.Log)
[2020-10-26 11:03:14,526] INFO Created log for partition t7_filtered-0 in /var/lib/kafka/data/topics/t7_filtered-0 with properties {compression.type -> producer, min.insync.replicas -> 2, message.downconversion.enable -> true, segment.jitter.ms -> 0, cleanup.policy -> [delete], flush.ms -> 9223372036854775807, retention.ms -> -1, segment.bytes -> 1073741824, flush.messages -> 9223372036854775807, message.format.version -> 2.5-IV0, max.compaction.lag.ms -> 9223372036854775807, file.delete.delay.ms -> 60000, max.message.bytes -> 1048588, min.compaction.lag.ms -> 0, message.timestamp.type -> CreateTime, preallocate -> false, index.interval.bytes -> 4096, min.cleanable.dirty.ratio -> 0.5, unclean.leader.election.enable -> false, retention.bytes -> -1, delete.retention.ms -> 86400000, segment.ms -> 604800000, message.timestamp.difference.max.ms -> 9223372036854775807, segment.index.bytes -> 10485760}. (kafka.log.LogManager)
[2020-10-26 11:03:14,527] INFO [Partition t7_filtered-0 broker=2] No checkpointed highwatermark is found for partition t7_filtered-0 (kafka.cluster.Partition)
[2020-10-26 11:03:14,527] INFO [Partition t7_filtered-0 broker=2] Log loaded for partition t7_filtered-0 with initial high watermark 0 (kafka.cluster.Partition)
[2020-10-26 11:03:14,527] INFO [Partition t7_filtered-0 broker=2] t7_filtered-0 starts at leader epoch 0 from offset 0 with high watermark 0. Previous leader epoch was -1. (kafka.cluster.Partition)
[2020-10-26 11:11:13,145] INFO [GroupMetadataManager brokerId=2] Removed 0 expired offsets in 1 milliseconds. (kafka.coordinator.group.GroupMetadataManager)
[2020-10-26 11:15:12,161] INFO Unable to read additional data from server sessionid 0x3000018a4580001, likely server has closed socket, closing socket connection and attempting reconnect (org.apache.zookeeper.ClientCnxn)
[2020-10-26 11:15:13,802] INFO Opening socket connection to server zookeeper/10.233.17.172:2181. Will not attempt to authenticate using SASL (unknown error) (org.apache.zookeeper.ClientCnxn)
[2020-10-26 11:15:13,806] INFO Socket connection established, initiating session, client: /10.233.121.2:45818, server: zookeeper/10.233.17.172:2181 (org.apache.zookeeper.ClientCnxn)
[2020-10-26 11:15:13,816] INFO Session establishment complete on server zookeeper/10.233.17.172:2181, sessionid = 0x3000018a4580001, negotiated timeout = 3000 (org.apache.zookeeper.ClientCnxn)
[2020-10-26 11:15:43,721] INFO [ReplicaFetcher replicaId=2, leaderId=1, fetcherId=1] Error sending fetch request (sessionId=1851684915, epoch=1967) to node 1: {}. (org.apache.kafka.clients.FetchSessionHandler)
java.io.IOException: Connection to 1 was disconnected before the response was read
	at org.apache.kafka.clients.NetworkClientUtils.sendAndReceive(NetworkClientUtils.java:100)
	at kafka.server.ReplicaFetcherBlockingSend.sendRequest(ReplicaFetcherBlockingSend.scala:108)
	at kafka.server.ReplicaFetcherThread.fetchFromLeader(ReplicaFetcherThread.scala:206)
	at kafka.server.AbstractFetcherThread.processFetchRequest(AbstractFetcherThread.scala:300)
	at kafka.server.AbstractFetcherThread.$anonfun$maybeFetch$3(AbstractFetcherThread.scala:135)
	at kafka.server.AbstractFetcherThread.maybeFetch(AbstractFetcherThread.scala:134)
	at kafka.server.AbstractFetcherThread.doWork(AbstractFetcherThread.scala:117)
	at kafka.utils.ShutdownableThread.run(ShutdownableThread.scala:96)
[2020-10-26 11:15:43,725] WARN [ReplicaFetcher replicaId=2, leaderId=1, fetcherId=1] Error in response for fetch request (type=FetchRequest, replicaId=2, maxWait=500, minBytes=1, maxBytes=10485760, fetchData={}, isolationLevel=READ_UNCOMMITTED, toForget=, metadata=(sessionId=1851684915, epoch=1967), rackId=) (kafka.server.ReplicaFetcherThread)
java.io.IOException: Connection to 1 was disconnected before the response was read
	at org.apache.kafka.clients.NetworkClientUtils.sendAndReceive(NetworkClientUtils.java:100)
	at kafka.server.ReplicaFetcherBlockingSend.sendRequest(ReplicaFetcherBlockingSend.scala:108)
	at kafka.server.ReplicaFetcherThread.fetchFromLeader(ReplicaFetcherThread.scala:206)
	at kafka.server.AbstractFetcherThread.processFetchRequest(AbstractFetcherThread.scala:300)
	at kafka.server.AbstractFetcherThread.$anonfun$maybeFetch$3(AbstractFetcherThread.scala:135)
	at kafka.server.AbstractFetcherThread.maybeFetch(AbstractFetcherThread.scala:134)
	at kafka.server.AbstractFetcherThread.doWork(AbstractFetcherThread.scala:117)
	at kafka.utils.ShutdownableThread.run(ShutdownableThread.scala:96)
[2020-10-26 11:15:44,062] INFO [ReplicaFetcher replicaId=2, leaderId=1, fetcherId=0] Error sending fetch request (sessionId=1636116322, epoch=1981) to node 1: {}. (org.apache.kafka.clients.FetchSessionHandler)
java.io.IOException: Connection to 1 was disconnected before the response was read
	at org.apache.kafka.clients.NetworkClientUtils.sendAndReceive(NetworkClientUtils.java:100)
	at kafka.server.ReplicaFetcherBlockingSend.sendRequest(ReplicaFetcherBlockingSend.scala:108)
	at kafka.server.ReplicaFetcherThread.fetchFromLeader(ReplicaFetcherThread.scala:206)
	at kafka.server.AbstractFetcherThread.processFetchRequest(AbstractFetcherThread.scala:300)
	at kafka.server.AbstractFetcherThread.$anonfun$maybeFetch$3(AbstractFetcherThread.scala:135)
	at kafka.server.AbstractFetcherThread.maybeFetch(AbstractFetcherThread.scala:134)
	at kafka.server.AbstractFetcherThread.doWork(AbstractFetcherThread.scala:117)
	at kafka.utils.ShutdownableThread.run(ShutdownableThread.scala:96)
[2020-10-26 11:15:44,062] WARN [ReplicaFetcher replicaId=2, leaderId=1, fetcherId=0] Error in response for fetch request (type=FetchRequest, replicaId=2, maxWait=500, minBytes=1, maxBytes=10485760, fetchData={}, isolationLevel=READ_UNCOMMITTED, toForget=, metadata=(sessionId=1636116322, epoch=1981), rackId=) (kafka.server.ReplicaFetcherThread)
java.io.IOException: Connection to 1 was disconnected before the response was read
	at org.apache.kafka.clients.NetworkClientUtils.sendAndReceive(NetworkClientUtils.java:100)
	at kafka.server.ReplicaFetcherBlockingSend.sendRequest(ReplicaFetcherBlockingSend.scala:108)
	at kafka.server.ReplicaFetcherThread.fetchFromLeader(ReplicaFetcherThread.scala:206)
	at kafka.server.AbstractFetcherThread.processFetchRequest(AbstractFetcherThread.scala:300)
	at kafka.server.AbstractFetcherThread.$anonfun$maybeFetch$3(AbstractFetcherThread.scala:135)
	at kafka.server.AbstractFetcherThread.maybeFetch(AbstractFetcherThread.scala:134)
	at kafka.server.AbstractFetcherThread.doWork(AbstractFetcherThread.scala:117)
	at kafka.utils.ShutdownableThread.run(ShutdownableThread.scala:96)
[2020-10-26 11:15:47,618] INFO [ReplicaFetcherManager on broker 2] Removed fetcher for partitions Set(t1_warnings-0, t6_warnings-0) (kafka.server.ReplicaFetcherManager)
[2020-10-26 11:15:47,619] INFO [ReplicaFetcherManager on broker 2] Added fetcher to broker 6 for partitions Map(t6_warnings-0 -> (offset=2424, leaderEpoch=1)) (kafka.server.ReplicaFetcherManager)
[2020-10-26 11:15:47,630] INFO [ReplicaFetcherManager on broker 2] Added fetcher to broker 6 for partitions Map(t1_warnings-0 -> (offset=2424, leaderEpoch=1)) (kafka.server.ReplicaFetcherManager)
[2020-10-26 11:15:47,636] INFO [ReplicaFetcher replicaId=2, leaderId=1, fetcherId=0] Shutting down (kafka.server.ReplicaFetcherThread)
[2020-10-26 11:15:47,636] INFO [ReplicaFetcher replicaId=2, leaderId=1, fetcherId=0] Error sending fetch request (sessionId=1636116322, epoch=INITIAL) to node 1: {}. (org.apache.kafka.clients.FetchSessionHandler)
org.apache.kafka.common.errors.DisconnectException: NetworkClient is no longer active, state is CLOSING
[2020-10-26 11:15:47,637] INFO [ReplicaFetcher replicaId=2, leaderId=1, fetcherId=0] Stopped (kafka.server.ReplicaFetcherThread)
[2020-10-26 11:15:47,638] INFO [ReplicaFetcher replicaId=2, leaderId=1, fetcherId=0] Shutdown completed (kafka.server.ReplicaFetcherThread)
[2020-10-26 11:15:47,638] INFO [ReplicaFetcher replicaId=2, leaderId=6, fetcherId=1] Starting (kafka.server.ReplicaFetcherThread)
[2020-10-26 11:15:47,649] INFO [ReplicaFetcher replicaId=2, leaderId=1, fetcherId=1] Shutting down (kafka.server.ReplicaFetcherThread)
[2020-10-26 11:15:47,651] INFO [ReplicaFetcher replicaId=2, leaderId=1, fetcherId=1] Error sending fetch request (sessionId=1851684915, epoch=INITIAL) to node 1: {}. (org.apache.kafka.clients.FetchSessionHandler)
org.apache.kafka.common.errors.DisconnectException: NetworkClient is no longer active, state is CLOSING
[2020-10-26 11:15:47,652] INFO [ReplicaFetcher replicaId=2, leaderId=1, fetcherId=1] Stopped (kafka.server.ReplicaFetcherThread)
[2020-10-26 11:15:47,652] INFO [ReplicaFetcher replicaId=2, leaderId=1, fetcherId=1] Shutdown completed (kafka.server.ReplicaFetcherThread)
[2020-10-26 11:15:47,685] INFO [ReplicaFetcherManager on broker 2] Removed fetcher for partitions Set(t3_filtered-0) (kafka.server.ReplicaFetcherManager)
[2020-10-26 11:15:47,685] INFO [Partition t3_filtered-0 broker=2] t3_filtered-0 starts at leader epoch 1 from offset 124163 with high watermark 124163. Previous leader epoch was 0. (kafka.cluster.Partition)
[2020-10-26 11:15:47,706] INFO [Log partition=t6_warnings-0, dir=/var/lib/kafka/data/topics] Truncating to 2424 has no effect as the largest offset in the log is 2423 (kafka.log.Log)
[2020-10-26 11:15:48,676] INFO [Log partition=t1_warnings-0, dir=/var/lib/kafka/data/topics] Truncating to 2424 has no effect as the largest offset in the log is 2423 (kafka.log.Log)
[2020-10-26 11:18:08,792] INFO Unable to read additional data from server sessionid 0x3000018a4580001, likely server has closed socket, closing socket connection and attempting reconnect (org.apache.zookeeper.ClientCnxn)
[2020-10-26 11:18:15,120] INFO Opening socket connection to server zookeeper/10.233.17.172:2181. Will not attempt to authenticate using SASL (unknown error) (org.apache.zookeeper.ClientCnxn)
[2020-10-26 11:18:15,131] INFO Socket connection established, initiating session, client: /10.233.121.2:47132, server: zookeeper/10.233.17.172:2181 (org.apache.zookeeper.ClientCnxn)
[2020-10-26 11:18:15,160] WARN Unable to reconnect to ZooKeeper service, session 0x3000018a4580001 has expired (org.apache.zookeeper.ClientCnxn)
[2020-10-26 11:18:15,160] INFO Unable to reconnect to ZooKeeper service, session 0x3000018a4580001 has expired, closing socket connection (org.apache.zookeeper.ClientCnxn)
[2020-10-26 11:18:15,161] INFO EventThread shut down for session: 0x3000018a4580001 (org.apache.zookeeper.ClientCnxn)
[2020-10-26 11:18:15,162] INFO [ZooKeeperClient Kafka server] Session expired. (kafka.zookeeper.ZooKeeperClient)
[2020-10-26 11:18:15,164] INFO [ZooKeeperClient Kafka server] Initializing a new session to zookeeper:2181. (kafka.zookeeper.ZooKeeperClient)
[2020-10-26 11:18:15,164] INFO Initiating client connection, connectString=zookeeper:2181 sessionTimeout=5000 watcher=kafka.zookeeper.ZooKeeperClient$ZooKeeperClientWatcher$@a4add54 (org.apache.zookeeper.ZooKeeper)
[2020-10-26 11:18:15,169] INFO jute.maxbuffer value is 4194304 Bytes (org.apache.zookeeper.ClientCnxnSocket)
[2020-10-26 11:18:15,170] INFO zookeeper.request.timeout value is 0. feature enabled= (org.apache.zookeeper.ClientCnxn)
[2020-10-26 11:18:15,179] INFO Opening socket connection to server zookeeper/10.233.17.172:2181. Will not attempt to authenticate using SASL (unknown error) (org.apache.zookeeper.ClientCnxn)
[2020-10-26 11:18:15,181] INFO Creating /brokers/ids/2 (is it secure? false) (kafka.zk.KafkaZkClient)
[2020-10-26 11:18:15,188] INFO Socket connection established, initiating session, client: /10.233.121.2:47134, server: zookeeper/10.233.17.172:2181 (org.apache.zookeeper.ClientCnxn)
[2020-10-26 11:18:15,202] INFO Session establishment complete on server zookeeper/10.233.17.172:2181, sessionid = 0x2000025fde00000, negotiated timeout = 3000 (org.apache.zookeeper.ClientCnxn)
[2020-10-26 11:18:15,217] INFO Stat of the created znode at /brokers/ids/2 is: 8589934661,8589934661,1603711095207,1603711095207,1,0,0,144115351248961536,294,0,8589934661
 (kafka.zk.KafkaZkClient)
[2020-10-26 11:18:15,217] INFO Registered broker 2 at path /brokers/ids/2 with addresses: ArrayBuffer(EndPoint(kafka-2.kafka.kafka.svc.cluster.local,9092,ListenerName(PLAINTEXT),PLAINTEXT), EndPoint(10.0.2.18,32402,ListenerName(OUTSIDE),PLAINTEXT)), czxid (broker epoch): 8589934661 (kafka.zk.KafkaZkClient)
[2020-10-26 11:18:15,310] INFO [ReplicaFetcherManager on broker 2] Removed fetcher for partitions Set(t7_filtered-0, t1_filtered-0, t6_filtered-0) (kafka.server.ReplicaFetcherManager)
[2020-10-26 11:18:15,329] INFO [ReplicaFetcherManager on broker 2] Added fetcher to broker 3 for partitions Map(t1_filtered-0 -> (offset=154189, leaderEpoch=2), t7_filtered-0 -> (offset=154383, leaderEpoch=2)) (kafka.server.ReplicaFetcherManager)
[2020-10-26 11:18:15,338] INFO [ReplicaFetcher replicaId=2, leaderId=3, fetcherId=1] Starting (kafka.server.ReplicaFetcherThread)
[2020-10-26 11:18:15,340] INFO [ReplicaFetcherManager on broker 2] Added fetcher to broker 3 for partitions Map(t6_filtered-0 -> (offset=154719, leaderEpoch=3)) (kafka.server.ReplicaFetcherManager)
[2020-10-26 11:18:15,342] INFO [ReplicaFetcher replicaId=2, leaderId=3, fetcherId=0] Starting (kafka.server.ReplicaFetcherThread)
[2020-10-26 11:18:15,373] INFO [Log partition=t1_filtered-0, dir=/var/lib/kafka/data/topics] Truncating to offset 154189 (kafka.log.Log)
[2020-10-26 11:18:15,375] INFO [Log partition=t1_filtered-0, dir=/var/lib/kafka/data/topics] Scheduling segments for deletion List() (kafka.log.Log)
[2020-10-26 11:18:15,374] INFO [Log partition=t6_filtered-0, dir=/var/lib/kafka/data/topics] Truncating to offset 154719 (kafka.log.Log)
[2020-10-26 11:18:15,376] INFO [Log partition=t6_filtered-0, dir=/var/lib/kafka/data/topics] Scheduling segments for deletion List() (kafka.log.Log)
[2020-10-26 11:18:15,383] INFO [Log partition=t6_filtered-0, dir=/var/lib/kafka/data/topics] Loading producer state till offset 154719 with message format version 2 (kafka.log.Log)
[2020-10-26 11:18:15,383] INFO [Log partition=t1_filtered-0, dir=/var/lib/kafka/data/topics] Loading producer state till offset 154189 with message format version 2 (kafka.log.Log)
[2020-10-26 11:18:15,384] INFO [ProducerStateManager partition=t1_filtered-0] Writing producer snapshot at offset 154189 (kafka.log.ProducerStateManager)
[2020-10-26 11:18:15,385] INFO [ProducerStateManager partition=t6_filtered-0] Writing producer snapshot at offset 154719 (kafka.log.ProducerStateManager)
[2020-10-26 11:18:15,393] INFO [Log partition=t7_filtered-0, dir=/var/lib/kafka/data/topics] Truncating to offset 154383 (kafka.log.Log)
[2020-10-26 11:18:15,394] INFO [Log partition=t7_filtered-0, dir=/var/lib/kafka/data/topics] Scheduling segments for deletion List() (kafka.log.Log)
[2020-10-26 11:18:15,395] INFO [Log partition=t7_filtered-0, dir=/var/lib/kafka/data/topics] Loading producer state till offset 154383 with message format version 2 (kafka.log.Log)
[2020-10-26 11:18:15,396] INFO [ProducerStateManager partition=t7_filtered-0] Writing producer snapshot at offset 154383 (kafka.log.ProducerStateManager)
[2020-10-26 11:18:15,404] INFO [ReplicaFetcherManager on broker 2] Removed fetcher for partitions Set(t6_warnings-0, t3_filtered-0, t1_warnings-0) (kafka.server.ReplicaFetcherManager)
[2020-10-26 11:18:15,404] INFO [Partition t6_warnings-0 broker=2] t6_warnings-0 starts at leader epoch 5 from offset 3030 with high watermark 3030. Previous leader epoch was 1. (kafka.cluster.Partition)
[2020-10-26 11:18:15,407] INFO [Partition t3_filtered-0 broker=2] t3_filtered-0 starts at leader epoch 4 from offset 124163 with high watermark 124163. Previous leader epoch was 1. (kafka.cluster.Partition)
[2020-10-26 11:18:15,409] INFO [Partition t1_warnings-0 broker=2] t1_warnings-0 starts at leader epoch 5 from offset 3030 with high watermark 3030. Previous leader epoch was 1. (kafka.cluster.Partition)
[2020-10-26 11:18:15,412] INFO [ReplicaFetcher replicaId=2, leaderId=6, fetcherId=1] Shutting down (kafka.server.ReplicaFetcherThread)
[2020-10-26 11:18:15,415] INFO [ReplicaFetcher replicaId=2, leaderId=6, fetcherId=1] Error sending fetch request (sessionId=994347602, epoch=318) to node 6: {}. (org.apache.kafka.clients.FetchSessionHandler)
java.io.IOException: Client was shutdown before response was read
	at org.apache.kafka.clients.NetworkClientUtils.sendAndReceive(NetworkClientUtils.java:109)
	at kafka.server.ReplicaFetcherBlockingSend.sendRequest(ReplicaFetcherBlockingSend.scala:108)
	at kafka.server.ReplicaFetcherThread.fetchFromLeader(ReplicaFetcherThread.scala:206)
	at kafka.server.AbstractFetcherThread.processFetchRequest(AbstractFetcherThread.scala:300)
	at kafka.server.AbstractFetcherThread.$anonfun$maybeFetch$3(AbstractFetcherThread.scala:135)
	at kafka.server.AbstractFetcherThread.maybeFetch(AbstractFetcherThread.scala:134)
	at kafka.server.AbstractFetcherThread.doWork(AbstractFetcherThread.scala:117)
	at kafka.utils.ShutdownableThread.run(ShutdownableThread.scala:96)
[2020-10-26 11:18:15,415] INFO [ReplicaFetcher replicaId=2, leaderId=6, fetcherId=1] Shutdown completed (kafka.server.ReplicaFetcherThread)
[2020-10-26 11:18:15,417] INFO [ReplicaFetcher replicaId=2, leaderId=6, fetcherId=0] Shutting down (kafka.server.ReplicaFetcherThread)
[2020-10-26 11:18:15,420] INFO [ReplicaFetcher replicaId=2, leaderId=6, fetcherId=0] Error sending fetch request (sessionId=758783664, epoch=14557) to node 6: {}. (org.apache.kafka.clients.FetchSessionHandler)
java.io.IOException: Client was shutdown before response was read
	at org.apache.kafka.clients.NetworkClientUtils.sendAndReceive(NetworkClientUtils.java:109)
	at kafka.server.ReplicaFetcherBlockingSend.sendRequest(ReplicaFetcherBlockingSend.scala:108)
	at kafka.server.ReplicaFetcherThread.fetchFromLeader(ReplicaFetcherThread.scala:206)
	at kafka.server.AbstractFetcherThread.processFetchRequest(AbstractFetcherThread.scala:300)
	at kafka.server.AbstractFetcherThread.$anonfun$maybeFetch$3(AbstractFetcherThread.scala:135)
	at kafka.server.AbstractFetcherThread.maybeFetch(AbstractFetcherThread.scala:134)
	at kafka.server.AbstractFetcherThread.doWork(AbstractFetcherThread.scala:117)
	at kafka.utils.ShutdownableThread.run(ShutdownableThread.scala:96)
[2020-10-26 11:18:15,421] INFO [ReplicaFetcher replicaId=2, leaderId=6, fetcherId=0] Stopped (kafka.server.ReplicaFetcherThread)
[2020-10-26 11:18:15,421] INFO [ReplicaFetcher replicaId=2, leaderId=6, fetcherId=0] Shutdown completed (kafka.server.ReplicaFetcherThread)
[2020-10-26 11:18:15,415] INFO [ReplicaFetcher replicaId=2, leaderId=6, fetcherId=1] Stopped (kafka.server.ReplicaFetcherThread)
[2020-10-26 11:18:16,377] INFO [Partition t3_filtered-0 broker=2] Expanding ISR from 2 to 2,6 (kafka.cluster.Partition)
[2020-10-26 11:18:16,428] INFO [Partition t3_filtered-0 broker=2] ISR updated to [2,6] and zkVersion updated to [5] (kafka.cluster.Partition)
[2020-10-26 11:18:16,429] INFO [Partition t1_warnings-0 broker=2] Expanding ISR from 2 to 2,6 (kafka.cluster.Partition)
[2020-10-26 11:18:16,455] INFO [Partition t1_warnings-0 broker=2] ISR updated to [2,6] and zkVersion updated to [6] (kafka.cluster.Partition)
[2020-10-26 11:18:16,619] INFO [Partition t6_warnings-0 broker=2] Expanding ISR from 2 to 2,6 (kafka.cluster.Partition)
[2020-10-26 11:18:16,691] INFO [Partition t6_warnings-0 broker=2] ISR updated to [2,6] and zkVersion updated to [6] (kafka.cluster.Partition)
[2020-10-26 11:18:17,732] INFO [ReplicaFetcherManager on broker 2] Removed fetcher for partitions Set(t6_filtered-0) (kafka.server.ReplicaFetcherManager)
[2020-10-26 11:18:17,735] INFO [ReplicaFetcherManager on broker 2] Added fetcher to broker 6 for partitions Map(t6_filtered-0 -> (offset=154779, leaderEpoch=4)) (kafka.server.ReplicaFetcherManager)
[2020-10-26 11:18:17,735] INFO [ReplicaFetcher replicaId=2, leaderId=3, fetcherId=0] Shutting down (kafka.server.ReplicaFetcherThread)
[2020-10-26 11:18:17,735] INFO [ReplicaFetcher replicaId=2, leaderId=3, fetcherId=0] Error sending fetch request (sessionId=85742852, epoch=14) to node 3: {}. (org.apache.kafka.clients.FetchSessionHandler)
java.io.IOException: Client was shutdown before response was read
	at org.apache.kafka.clients.NetworkClientUtils.sendAndReceive(NetworkClientUtils.java:109)
	at kafka.server.ReplicaFetcherBlockingSend.sendRequest(ReplicaFetcherBlockingSend.scala:108)
	at kafka.server.ReplicaFetcherThread.fetchFromLeader(ReplicaFetcherThread.scala:206)
	at kafka.server.AbstractFetcherThread.processFetchRequest(AbstractFetcherThread.scala:300)
	at kafka.server.AbstractFetcherThread.$anonfun$maybeFetch$3(AbstractFetcherThread.scala:135)
	at kafka.server.AbstractFetcherThread.maybeFetch(AbstractFetcherThread.scala:134)
	at kafka.server.AbstractFetcherThread.doWork(AbstractFetcherThread.scala:117)
	at kafka.utils.ShutdownableThread.run(ShutdownableThread.scala:96)
[2020-10-26 11:18:17,736] INFO [ReplicaFetcher replicaId=2, leaderId=3, fetcherId=0] Stopped (kafka.server.ReplicaFetcherThread)
[2020-10-26 11:18:17,736] INFO [ReplicaFetcher replicaId=2, leaderId=3, fetcherId=0] Shutdown completed (kafka.server.ReplicaFetcherThread)
[2020-10-26 11:18:17,743] INFO [ReplicaFetcher replicaId=2, leaderId=6, fetcherId=0] Starting (kafka.server.ReplicaFetcherThread)
[2020-10-26 11:18:17,769] INFO [Log partition=t6_filtered-0, dir=/var/lib/kafka/data/topics] Truncating to offset 154779 (kafka.log.Log)
[2020-10-26 11:18:17,769] INFO [Log partition=t6_filtered-0, dir=/var/lib/kafka/data/topics] Scheduling segments for deletion List() (kafka.log.Log)
[2020-10-26 11:18:17,770] INFO [Log partition=t6_filtered-0, dir=/var/lib/kafka/data/topics] Loading producer state till offset 154779 with message format version 2 (kafka.log.Log)
[2020-10-26 11:18:17,772] INFO [ProducerStateManager partition=t6_filtered-0] Loading producer state from snapshot file '/var/lib/kafka/data/topics/t6_filtered-0/00000000000000154719.snapshot' (kafka.log.ProducerStateManager)
[2020-10-26 11:18:17,779] INFO [ProducerStateManager partition=t6_filtered-0] Writing producer snapshot at offset 154779 (kafka.log.ProducerStateManager)
[2020-10-26 11:18:17,837] INFO [ReplicaFetcher replicaId=2, leaderId=3, fetcherId=1] Partition t1_filtered-0 has an older epoch (2) than the current leader. Will await the new LeaderAndIsr state before resuming fetching. (kafka.server.ReplicaFetcherThread)
[2020-10-26 11:18:17,838] WARN [ReplicaFetcher replicaId=2, leaderId=3, fetcherId=1] Partition t1_filtered-0 marked as failed (kafka.server.ReplicaFetcherThread)
[2020-10-26 11:18:17,838] INFO [ReplicaFetcher replicaId=2, leaderId=3, fetcherId=1] Partition t7_filtered-0 has an older epoch (2) than the current leader. Will await the new LeaderAndIsr state before resuming fetching. (kafka.server.ReplicaFetcherThread)
[2020-10-26 11:18:17,838] WARN [ReplicaFetcher replicaId=2, leaderId=3, fetcherId=1] Partition t7_filtered-0 marked as failed (kafka.server.ReplicaFetcherThread)
[2020-10-26 11:18:17,994] INFO [ReplicaFetcherManager on broker 2] Removed fetcher for partitions Set(t1_filtered-0, t7_filtered-0) (kafka.server.ReplicaFetcherManager)
[2020-10-26 11:18:17,994] INFO [Partition t1_filtered-0 broker=2] t1_filtered-0 starts at leader epoch 3 from offset 154220 with high watermark 154220. Previous leader epoch was 2. (kafka.cluster.Partition)
[2020-10-26 11:18:17,996] INFO [Partition t7_filtered-0 broker=2] t7_filtered-0 starts at leader epoch 3 from offset 155580 with high watermark 155363. Previous leader epoch was 2. (kafka.cluster.Partition)
[2020-10-26 11:18:17,998] INFO [ReplicaFetcher replicaId=2, leaderId=3, fetcherId=1] Shutting down (kafka.server.ReplicaFetcherThread)
[2020-10-26 11:18:17,998] INFO [ReplicaFetcher replicaId=2, leaderId=3, fetcherId=1] Stopped (kafka.server.ReplicaFetcherThread)
[2020-10-26 11:18:17,999] INFO [ReplicaFetcher replicaId=2, leaderId=3, fetcherId=1] Shutdown completed (kafka.server.ReplicaFetcherThread)
[2020-10-26 11:19:15,377] INFO [Log partition=t6_filtered-0, dir=/var/lib/kafka/data/topics] Deleting segments List() (kafka.log.Log)
[2020-10-26 11:19:15,382] INFO [Log partition=t1_filtered-0, dir=/var/lib/kafka/data/topics] Deleting segments List() (kafka.log.Log)
[2020-10-26 11:19:15,394] INFO [Log partition=t7_filtered-0, dir=/var/lib/kafka/data/topics] Deleting segments List() (kafka.log.Log)
[2020-10-26 11:19:17,769] INFO [Log partition=t6_filtered-0, dir=/var/lib/kafka/data/topics] Deleting segments List() (kafka.log.Log)
[2020-10-26 11:20:55,580] INFO [Partition t1_warnings-0 broker=2] Expanding ISR from 2,6 to 2,6,1 (kafka.cluster.Partition)
[2020-10-26 11:20:55,593] INFO [Partition t1_warnings-0 broker=2] ISR updated to [2,6,1] and zkVersion updated to [7] (kafka.cluster.Partition)
[2020-10-26 11:20:55,624] INFO [Partition t6_warnings-0 broker=2] Expanding ISR from 2,6 to 2,6,1 (kafka.cluster.Partition)
[2020-10-26 11:20:55,629] INFO [Partition t6_warnings-0 broker=2] ISR updated to [2,6,1] and zkVersion updated to [7] (kafka.cluster.Partition)
[2020-10-26 11:20:56,608] INFO [Partition t3_filtered-0 broker=2] Expanding ISR from 2,6 to 2,6,1 (kafka.cluster.Partition)
[2020-10-26 11:20:56,629] INFO [Partition t3_filtered-0 broker=2] ISR updated to [2,6,1] and zkVersion updated to [6] (kafka.cluster.Partition)
[2020-10-26 11:21:13,145] INFO [GroupMetadataManager brokerId=2] Removed 0 expired offsets in 1 milliseconds. (kafka.coordinator.group.GroupMetadataManager)
[2020-10-26 11:23:17,934] INFO [ReplicaFetcherManager on broker 2] Removed fetcher for partitions Set(t1_warnings-0, t6_warnings-0) (kafka.server.ReplicaFetcherManager)
[2020-10-26 11:23:17,945] INFO [ReplicaFetcherManager on broker 2] Added fetcher to broker 1 for partitions Map(t6_warnings-0 -> (offset=4343, leaderEpoch=6)) (kafka.server.ReplicaFetcherManager)
[2020-10-26 11:23:17,947] INFO [ReplicaFetcher replicaId=2, leaderId=1, fetcherId=0] Starting (kafka.server.ReplicaFetcherThread)
[2020-10-26 11:23:17,950] INFO [ReplicaFetcherManager on broker 2] Added fetcher to broker 1 for partitions Map(t1_warnings-0 -> (offset=4343, leaderEpoch=6)) (kafka.server.ReplicaFetcherManager)
[2020-10-26 11:23:17,954] INFO [ReplicaFetcher replicaId=2, leaderId=1, fetcherId=1] Starting (kafka.server.ReplicaFetcherThread)
[2020-10-26 11:23:17,962] INFO [Log partition=t6_warnings-0, dir=/var/lib/kafka/data/topics] Truncating to 4343 has no effect as the largest offset in the log is 4342 (kafka.log.Log)
[2020-10-26 11:23:17,971] INFO [Log partition=t1_warnings-0, dir=/var/lib/kafka/data/topics] Truncating to 4343 has no effect as the largest offset in the log is 4342 (kafka.log.Log)
[2020-10-26 11:27:25,760] INFO Unable to read additional data from server sessionid 0x2000025fde00000, likely server has closed socket, closing socket connection and attempting reconnect (org.apache.zookeeper.ClientCnxn)
[2020-10-26 11:27:27,790] INFO Opening socket connection to server zookeeper/10.233.17.172:2181. Will not attempt to authenticate using SASL (unknown error) (org.apache.zookeeper.ClientCnxn)
[2020-10-26 11:27:27,794] INFO Socket connection established, initiating session, client: /10.233.121.2:50040, server: zookeeper/10.233.17.172:2181 (org.apache.zookeeper.ClientCnxn)
[2020-10-26 11:27:27,799] INFO Unable to read additional data from server sessionid 0x2000025fde00000, likely server has closed socket, closing socket connection and attempting reconnect (org.apache.zookeeper.ClientCnxn)
[2020-10-26 11:27:29,289] INFO Opening socket connection to server zookeeper/10.233.17.172:2181. Will not attempt to authenticate using SASL (unknown error) (org.apache.zookeeper.ClientCnxn)
[2020-10-26 11:27:29,298] INFO Socket connection established, initiating session, client: /10.233.121.2:50052, server: zookeeper/10.233.17.172:2181 (org.apache.zookeeper.ClientCnxn)
[2020-10-26 11:27:29,313] INFO Unable to read additional data from server sessionid 0x2000025fde00000, likely server has closed socket, closing socket connection and attempting reconnect (org.apache.zookeeper.ClientCnxn)
[2020-10-26 11:27:30,611] INFO Opening socket connection to server zookeeper/10.233.17.172:2181. Will not attempt to authenticate using SASL (unknown error) (org.apache.zookeeper.ClientCnxn)
[2020-10-26 11:27:30,615] INFO Socket connection established, initiating session, client: /10.233.121.2:50058, server: zookeeper/10.233.17.172:2181 (org.apache.zookeeper.ClientCnxn)
[2020-10-26 11:27:30,620] INFO Unable to read additional data from server sessionid 0x2000025fde00000, likely server has closed socket, closing socket connection and attempting reconnect (org.apache.zookeeper.ClientCnxn)
[2020-10-26 11:27:32,664] INFO Opening socket connection to server zookeeper/10.233.17.172:2181. Will not attempt to authenticate using SASL (unknown error) (org.apache.zookeeper.ClientCnxn)
[2020-10-26 11:27:32,672] INFO Socket connection established, initiating session, client: /10.233.121.2:50070, server: zookeeper/10.233.17.172:2181 (org.apache.zookeeper.ClientCnxn)
[2020-10-26 11:27:32,710] INFO Session establishment complete on server zookeeper/10.233.17.172:2181, sessionid = 0x2000025fde00000, negotiated timeout = 3000 (org.apache.zookeeper.ClientCnxn)
[2020-10-26 11:28:06,497] INFO Unable to read additional data from server sessionid 0x2000025fde00000, likely server has closed socket, closing socket connection and attempting reconnect (org.apache.zookeeper.ClientCnxn)
[2020-10-26 11:28:08,616] INFO Opening socket connection to server zookeeper/10.233.17.172:2181. Will not attempt to authenticate using SASL (unknown error) (org.apache.zookeeper.ClientCnxn)
[2020-10-26 11:28:08,624] INFO Socket connection established, initiating session, client: /10.233.121.2:50198, server: zookeeper/10.233.17.172:2181 (org.apache.zookeeper.ClientCnxn)
[2020-10-26 11:28:08,652] INFO Session establishment complete on server zookeeper/10.233.17.172:2181, sessionid = 0x2000025fde00000, negotiated timeout = 3000 (org.apache.zookeeper.ClientCnxn)
