[2020-10-26 20:31:08,408] INFO Registered kafka:type=kafka.Log4jController MBean (kafka.utils.Log4jControllerRegistration$)
[2020-10-26 20:31:09,068] INFO Setting -D jdk.tls.rejectClientInitiatedRenegotiation=true to disable client-initiated TLS renegotiation (org.apache.zookeeper.common.X509Util)
[2020-10-26 20:31:09,123] INFO Registered signal handlers for TERM, INT, HUP (org.apache.kafka.common.utils.LoggingSignalHandler)
[2020-10-26 20:31:09,128] INFO starting (kafka.server.KafkaServer)
[2020-10-26 20:31:09,129] INFO Connecting to zookeeper on zookeeper:2181 (kafka.server.KafkaServer)
[2020-10-26 20:31:09,164] INFO [ZooKeeperClient Kafka server] Initializing a new session to zookeeper:2181. (kafka.zookeeper.ZooKeeperClient)
[2020-10-26 20:31:09,176] INFO Client environment:zookeeper.version=3.5.7-f0fdd52973d373ffd9c86b81d99842dc2c7f660e, built on 02/10/2020 11:30 GMT (org.apache.zookeeper.ZooKeeper)
[2020-10-26 20:31:09,176] INFO Client environment:host.name=kafka-3.kafka.kafka.svc.cluster.local (org.apache.zookeeper.ZooKeeper)
[2020-10-26 20:31:09,176] INFO Client environment:java.version=11.0.7 (org.apache.zookeeper.ZooKeeper)
[2020-10-26 20:31:09,177] INFO Client environment:java.vendor=AdoptOpenJDK (org.apache.zookeeper.ZooKeeper)
[2020-10-26 20:31:09,177] INFO Client environment:java.home=/opt/java/openjdk (org.apache.zookeeper.ZooKeeper)
[2020-10-26 20:31:09,177] INFO Client environment:java.class.path=/opt/kafka/libs/extensions/*:/opt/kafka/libs/activation-1.1.1.jar:/opt/kafka/libs/aopalliance-repackaged-2.5.0.jar:/opt/kafka/libs/argparse4j-0.7.0.jar:/opt/kafka/libs/audience-annotations-0.5.0.jar:/opt/kafka/libs/commons-cli-1.4.jar:/opt/kafka/libs/commons-lang3-3.8.1.jar:/opt/kafka/libs/connect-api-2.5.0.jar:/opt/kafka/libs/connect-basic-auth-extension-2.5.0.jar:/opt/kafka/libs/connect-file-2.5.0.jar:/opt/kafka/libs/connect-json-2.5.0.jar:/opt/kafka/libs/connect-mirror-2.5.0.jar:/opt/kafka/libs/connect-mirror-client-2.5.0.jar:/opt/kafka/libs/connect-runtime-2.5.0.jar:/opt/kafka/libs/connect-transforms-2.5.0.jar:/opt/kafka/libs/hk2-api-2.5.0.jar:/opt/kafka/libs/hk2-locator-2.5.0.jar:/opt/kafka/libs/hk2-utils-2.5.0.jar:/opt/kafka/libs/jackson-annotations-2.10.2.jar:/opt/kafka/libs/jackson-core-2.10.2.jar:/opt/kafka/libs/jackson-databind-2.10.2.jar:/opt/kafka/libs/jackson-dataformat-csv-2.10.2.jar:/opt/kafka/libs/jackson-datatype-jdk8-2.10.2.jar:/opt/kafka/libs/jackson-jaxrs-base-2.10.2.jar:/opt/kafka/libs/jackson-jaxrs-json-provider-2.10.2.jar:/opt/kafka/libs/jackson-module-jaxb-annotations-2.10.2.jar:/opt/kafka/libs/jackson-module-paranamer-2.10.2.jar:/opt/kafka/libs/jackson-module-scala_2.12-2.10.2.jar:/opt/kafka/libs/jakarta.activation-api-1.2.1.jar:/opt/kafka/libs/jakarta.annotation-api-1.3.4.jar:/opt/kafka/libs/jakarta.inject-2.5.0.jar:/opt/kafka/libs/jakarta.ws.rs-api-2.1.5.jar:/opt/kafka/libs/jakarta.xml.bind-api-2.3.2.jar:/opt/kafka/libs/javassist-3.22.0-CR2.jar:/opt/kafka/libs/javassist-3.26.0-GA.jar:/opt/kafka/libs/javax.servlet-api-3.1.0.jar:/opt/kafka/libs/javax.ws.rs-api-2.1.1.jar:/opt/kafka/libs/jaxb-api-2.3.0.jar:/opt/kafka/libs/jersey-client-2.28.jar:/opt/kafka/libs/jersey-common-2.28.jar:/opt/kafka/libs/jersey-container-servlet-2.28.jar:/opt/kafka/libs/jersey-container-servlet-core-2.28.jar:/opt/kafka/libs/jersey-hk2-2.28.jar:/opt/kafka/libs/jersey-media-jaxb-2.28.jar:/opt/kafka/libs/jersey-server-2.28.jar:/opt/kafka/libs/jetty-client-9.4.24.v20191120.jar:/opt/kafka/libs/jetty-continuation-9.4.24.v20191120.jar:/opt/kafka/libs/jetty-http-9.4.24.v20191120.jar:/opt/kafka/libs/jetty-io-9.4.24.v20191120.jar:/opt/kafka/libs/jetty-security-9.4.24.v20191120.jar:/opt/kafka/libs/jetty-server-9.4.24.v20191120.jar:/opt/kafka/libs/jetty-servlet-9.4.24.v20191120.jar:/opt/kafka/libs/jetty-servlets-9.4.24.v20191120.jar:/opt/kafka/libs/jetty-util-9.4.24.v20191120.jar:/opt/kafka/libs/jopt-simple-5.0.4.jar:/opt/kafka/libs/kafka-clients-2.5.0.jar:/opt/kafka/libs/kafka-log4j-appender-2.5.0.jar:/opt/kafka/libs/kafka-streams-2.5.0.jar:/opt/kafka/libs/kafka-streams-examples-2.5.0.jar:/opt/kafka/libs/kafka-streams-scala_2.12-2.5.0.jar:/opt/kafka/libs/kafka-streams-test-utils-2.5.0.jar:/opt/kafka/libs/kafka-tools-2.5.0.jar:/opt/kafka/libs/kafka_2.12-2.5.0-javadoc.jar:/opt/kafka/libs/kafka_2.12-2.5.0-scaladoc.jar:/opt/kafka/libs/kafka_2.12-2.5.0-sources.jar:/opt/kafka/libs/kafka_2.12-2.5.0-test-sources.jar:/opt/kafka/libs/kafka_2.12-2.5.0-test.jar:/opt/kafka/libs/kafka_2.12-2.5.0.jar:/opt/kafka/libs/log4j-1.2.17.jar:/opt/kafka/libs/lz4-java-1.7.1.jar:/opt/kafka/libs/maven-artifact-3.6.3.jar:/opt/kafka/libs/metrics-core-2.2.0.jar:/opt/kafka/libs/netty-buffer-4.1.45.Final.jar:/opt/kafka/libs/netty-codec-4.1.45.Final.jar:/opt/kafka/libs/netty-common-4.1.45.Final.jar:/opt/kafka/libs/netty-handler-4.1.45.Final.jar:/opt/kafka/libs/netty-resolver-4.1.45.Final.jar:/opt/kafka/libs/netty-transport-4.1.45.Final.jar:/opt/kafka/libs/netty-transport-native-epoll-4.1.45.Final.jar:/opt/kafka/libs/netty-transport-native-unix-common-4.1.45.Final.jar:/opt/kafka/libs/osgi-resource-locator-1.0.1.jar:/opt/kafka/libs/paranamer-2.8.jar:/opt/kafka/libs/plexus-utils-3.2.1.jar:/opt/kafka/libs/reflections-0.9.12.jar:/opt/kafka/libs/rocksdbjni-5.18.3.jar:/opt/kafka/libs/scala-java8-compat_2.12-0.9.0.jar:/opt/kafka/libs/scala-collection-compat_2.12-2.1.3.jar:/opt/kafka/libs/scala-library-2.12.10.jar:/opt/kafka/libs/scala-logging_2.12-3.9.2.jar:/opt/kafka/libs/scala-reflect-2.12.10.jar:/opt/kafka/libs/slf4j-api-1.7.30.jar:/opt/kafka/libs/slf4j-log4j12-1.7.30.jar:/opt/kafka/libs/snappy-java-1.1.7.3.jar:/opt/kafka/libs/validation-api-2.0.1.Final.jar:/opt/kafka/libs/zookeeper-3.5.7.jar:/opt/kafka/libs/zookeeper-jute-3.5.7.jar:/opt/kafka/libs/zstd-jni-1.4.4-7.jar (org.apache.zookeeper.ZooKeeper)
[2020-10-26 20:31:09,177] INFO Client environment:java.library.path=/usr/java/packages/lib:/usr/lib64:/lib64:/lib:/usr/lib (org.apache.zookeeper.ZooKeeper)
[2020-10-26 20:31:09,177] INFO Client environment:java.io.tmpdir=/tmp (org.apache.zookeeper.ZooKeeper)
[2020-10-26 20:31:09,178] INFO Client environment:java.compiler=<NA> (org.apache.zookeeper.ZooKeeper)
[2020-10-26 20:31:09,178] INFO Client environment:os.name=Linux (org.apache.zookeeper.ZooKeeper)
[2020-10-26 20:31:09,178] INFO Client environment:os.arch=amd64 (org.apache.zookeeper.ZooKeeper)
[2020-10-26 20:31:09,178] INFO Client environment:os.version=4.14.193-149.317.amzn2.x86_64 (org.apache.zookeeper.ZooKeeper)
[2020-10-26 20:31:09,178] INFO Client environment:user.name=nonroot (org.apache.zookeeper.ZooKeeper)
[2020-10-26 20:31:09,178] INFO Client environment:user.home=/home/nonroot (org.apache.zookeeper.ZooKeeper)
[2020-10-26 20:31:09,178] INFO Client environment:user.dir=/opt/kafka (org.apache.zookeeper.ZooKeeper)
[2020-10-26 20:31:09,178] INFO Client environment:os.memory.free=983MB (org.apache.zookeeper.ZooKeeper)
[2020-10-26 20:31:09,179] INFO Client environment:os.memory.max=1024MB (org.apache.zookeeper.ZooKeeper)
[2020-10-26 20:31:09,179] INFO Client environment:os.memory.total=1024MB (org.apache.zookeeper.ZooKeeper)
[2020-10-26 20:31:09,182] INFO Initiating client connection, connectString=zookeeper:2181 sessionTimeout=5000 watcher=kafka.zookeeper.ZooKeeperClient$ZooKeeperClientWatcher$@a4add54 (org.apache.zookeeper.ZooKeeper)
[2020-10-26 20:31:09,188] INFO jute.maxbuffer value is 4194304 Bytes (org.apache.zookeeper.ClientCnxnSocket)
[2020-10-26 20:31:09,196] INFO zookeeper.request.timeout value is 0. feature enabled= (org.apache.zookeeper.ClientCnxn)
[2020-10-26 20:31:09,199] INFO [ZooKeeperClient Kafka server] Waiting until connected. (kafka.zookeeper.ZooKeeperClient)
[2020-10-26 20:31:09,253] INFO Opening socket connection to server zookeeper/10.233.57.152:2181. Will not attempt to authenticate using SASL (unknown error) (org.apache.zookeeper.ClientCnxn)
[2020-10-26 20:31:09,273] INFO Socket connection established, initiating session, client: /10.233.122.2:47078, server: zookeeper/10.233.57.152:2181 (org.apache.zookeeper.ClientCnxn)
[2020-10-26 20:31:09,299] INFO Session establishment complete on server zookeeper/10.233.57.152:2181, sessionid = 0x300001a58cd0003, negotiated timeout = 3000 (org.apache.zookeeper.ClientCnxn)
[2020-10-26 20:31:09,304] INFO [ZooKeeperClient Kafka server] Connected. (kafka.zookeeper.ZooKeeperClient)
[2020-10-26 20:31:09,988] INFO Cluster ID = _d87QJhDSPG2ypD2nhferA (kafka.server.KafkaServer)
[2020-10-26 20:31:09,992] WARN No meta.properties file under dir /var/lib/kafka/data/topics/meta.properties (kafka.server.BrokerMetadataCheckpoint)
[2020-10-26 20:31:10,081] INFO KafkaConfig values: 
	advertised.host.name = null
	advertised.listeners = PLAINTEXT://:9092,OUTSIDE://10.0.2.109:32403
	advertised.port = null
	alter.config.policy.class.name = null
	alter.log.dirs.replication.quota.window.num = 11
	alter.log.dirs.replication.quota.window.size.seconds = 1
	authorizer.class.name = 
	auto.create.topics.enable = false
	auto.leader.rebalance.enable = true
	background.threads = 10
	broker.id = 3
	broker.id.generation.enable = true
	broker.rack = null
	client.quota.callback.class = null
	compression.type = producer
	connection.failed.authentication.delay.ms = 100
	connections.max.idle.ms = 600000
	connections.max.reauth.ms = 0
	control.plane.listener.name = null
	controlled.shutdown.enable = true
	controlled.shutdown.max.retries = 3
	controlled.shutdown.retry.backoff.ms = 5000
	controller.socket.timeout.ms = 5000
	create.topic.policy.class.name = null
	default.replication.factor = 3
	delegation.token.expiry.check.interval.ms = 3600000
	delegation.token.expiry.time.ms = 86400000
	delegation.token.master.key = null
	delegation.token.max.lifetime.ms = 604800000
	delete.records.purgatory.purge.interval.requests = 1
	delete.topic.enable = true
	fetch.max.bytes = 57671680
	fetch.purgatory.purge.interval.requests = 1000
	group.initial.rebalance.delay.ms = 0
	group.max.session.timeout.ms = 2000
	group.max.size = 2147483647
	group.min.session.timeout.ms = 0
	host.name = 
	inter.broker.listener.name = PLAINTEXT
	inter.broker.protocol.version = 2.5-IV0
	kafka.metrics.polling.interval.secs = 10
	kafka.metrics.reporters = []
	leader.imbalance.check.interval.seconds = 300
	leader.imbalance.per.broker.percentage = 10
	listener.security.protocol.map = PLAINTEXT:PLAINTEXT,SSL:SSL,SASL_PLAINTEXT:SASL_PLAINTEXT,SASL_SSL:SASL_SSL,OUTSIDE:PLAINTEXT
	listeners = PLAINTEXT://:9092,OUTSIDE://:9094
	log.cleaner.backoff.ms = 15000
	log.cleaner.dedupe.buffer.size = 134217728
	log.cleaner.delete.retention.ms = 86400000
	log.cleaner.enable = true
	log.cleaner.io.buffer.load.factor = 0.9
	log.cleaner.io.buffer.size = 524288
	log.cleaner.io.max.bytes.per.second = 1.7976931348623157E308
	log.cleaner.max.compaction.lag.ms = 9223372036854775807
	log.cleaner.min.cleanable.ratio = 0.5
	log.cleaner.min.compaction.lag.ms = 0
	log.cleaner.threads = 1
	log.cleanup.policy = [delete]
	log.dir = /tmp/kafka-logs
	log.dirs = /var/lib/kafka/data/topics
	log.flush.interval.messages = 9223372036854775807
	log.flush.interval.ms = null
	log.flush.offset.checkpoint.interval.ms = 60000
	log.flush.scheduler.interval.ms = 9223372036854775807
	log.flush.start.offset.checkpoint.interval.ms = 60000
	log.index.interval.bytes = 4096
	log.index.size.max.bytes = 10485760
	log.message.downconversion.enable = true
	log.message.format.version = 2.5-IV0
	log.message.timestamp.difference.max.ms = 9223372036854775807
	log.message.timestamp.type = CreateTime
	log.preallocate = false
	log.retention.bytes = -1
	log.retention.check.interval.ms = 300000
	log.retention.hours = -1
	log.retention.minutes = null
	log.retention.ms = null
	log.roll.hours = 168
	log.roll.jitter.hours = 0
	log.roll.jitter.ms = null
	log.roll.ms = null
	log.segment.bytes = 1073741824
	log.segment.delete.delay.ms = 60000
	max.connections = 2147483647
	max.connections.per.ip = 2147483647
	max.connections.per.ip.overrides = 
	max.incremental.fetch.session.cache.slots = 1000
	message.max.bytes = 1048588
	metric.reporters = []
	metrics.num.samples = 2
	metrics.recording.level = INFO
	metrics.sample.window.ms = 30000
	min.insync.replicas = 2
	num.io.threads = 8
	num.network.threads = 3
	num.partitions = 1
	num.recovery.threads.per.data.dir = 1
	num.replica.alter.log.dirs.threads = null
	num.replica.fetchers = 2
	offset.metadata.max.bytes = 4096
	offsets.commit.required.acks = -1
	offsets.commit.timeout.ms = 5000
	offsets.load.buffer.size = 5242880
	offsets.retention.check.interval.ms = 600000
	offsets.retention.minutes = 10080
	offsets.topic.compression.codec = 0
	offsets.topic.num.partitions = 2
	offsets.topic.replication.factor = 5
	offsets.topic.segment.bytes = 104857600
	password.encoder.cipher.algorithm = AES/CBC/PKCS5Padding
	password.encoder.iterations = 4096
	password.encoder.key.length = 128
	password.encoder.keyfactory.algorithm = null
	password.encoder.old.secret = null
	password.encoder.secret = null
	port = 9092
	principal.builder.class = null
	producer.purgatory.purge.interval.requests = 1000
	queued.max.request.bytes = -1
	queued.max.requests = 500
	quota.consumer.default = 9223372036854775807
	quota.producer.default = 9223372036854775807
	quota.window.num = 11
	quota.window.size.seconds = 1
	replica.fetch.backoff.ms = 1000
	replica.fetch.max.bytes = 1048576
	replica.fetch.min.bytes = 1
	replica.fetch.response.max.bytes = 10485760
	replica.fetch.wait.max.ms = 500
	replica.high.watermark.checkpoint.interval.ms = 5000
	replica.lag.time.max.ms = 5000
	replica.selector.class = null
	replica.socket.receive.buffer.bytes = 65536
	replica.socket.timeout.ms = 3000
	replication.quota.window.num = 11
	replication.quota.window.size.seconds = 1
	request.timeout.ms = 2000
	reserved.broker.max.id = 1000
	sasl.client.callback.handler.class = null
	sasl.enabled.mechanisms = [GSSAPI]
	sasl.jaas.config = null
	sasl.kerberos.kinit.cmd = /usr/bin/kinit
	sasl.kerberos.min.time.before.relogin = 60000
	sasl.kerberos.principal.to.local.rules = [DEFAULT]
	sasl.kerberos.service.name = null
	sasl.kerberos.ticket.renew.jitter = 0.05
	sasl.kerberos.ticket.renew.window.factor = 0.8
	sasl.login.callback.handler.class = null
	sasl.login.class = null
	sasl.login.refresh.buffer.seconds = 300
	sasl.login.refresh.min.period.seconds = 60
	sasl.login.refresh.window.factor = 0.8
	sasl.login.refresh.window.jitter = 0.05
	sasl.mechanism.inter.broker.protocol = GSSAPI
	sasl.server.callback.handler.class = null
	security.inter.broker.protocol = PLAINTEXT
	security.providers = null
	socket.receive.buffer.bytes = 102400
	socket.request.max.bytes = 104857600
	socket.send.buffer.bytes = 102400
	ssl.cipher.suites = []
	ssl.client.auth = none
	ssl.enabled.protocols = [TLSv1.2]
	ssl.endpoint.identification.algorithm = https
	ssl.key.password = null
	ssl.keymanager.algorithm = SunX509
	ssl.keystore.location = null
	ssl.keystore.password = null
	ssl.keystore.type = JKS
	ssl.principal.mapping.rules = DEFAULT
	ssl.protocol = TLSv1.2
	ssl.provider = null
	ssl.secure.random.implementation = null
	ssl.trustmanager.algorithm = PKIX
	ssl.truststore.location = null
	ssl.truststore.password = null
	ssl.truststore.type = JKS
	transaction.abort.timed.out.transaction.cleanup.interval.ms = 10000
	transaction.max.timeout.ms = 3000
	transaction.remove.expired.transaction.cleanup.interval.ms = 3600000
	transaction.state.log.load.buffer.size = 5242880
	transaction.state.log.min.isr = 2
	transaction.state.log.num.partitions = 50
	transaction.state.log.replication.factor = 3
	transaction.state.log.segment.bytes = 104857600
	transactional.id.expiration.ms = 604800000
	unclean.leader.election.enable = false
	zookeeper.clientCnxnSocket = null
	zookeeper.connect = zookeeper:2181
	zookeeper.connection.timeout.ms = 3000
	zookeeper.max.in.flight.requests = 10
	zookeeper.session.timeout.ms = 5000
	zookeeper.set.acl = false
	zookeeper.ssl.cipher.suites = null
	zookeeper.ssl.client.enable = false
	zookeeper.ssl.crl.enable = false
	zookeeper.ssl.enabled.protocols = null
	zookeeper.ssl.endpoint.identification.algorithm = HTTPS
	zookeeper.ssl.keystore.location = null
	zookeeper.ssl.keystore.password = null
	zookeeper.ssl.keystore.type = null
	zookeeper.ssl.ocsp.enable = false
	zookeeper.ssl.protocol = TLSv1.2
	zookeeper.ssl.truststore.location = null
	zookeeper.ssl.truststore.password = null
	zookeeper.ssl.truststore.type = null
	zookeeper.sync.time.ms = 2000
 (kafka.server.KafkaConfig)
[2020-10-26 20:31:10,110] INFO KafkaConfig values: 
	advertised.host.name = null
	advertised.listeners = PLAINTEXT://:9092,OUTSIDE://10.0.2.109:32403
	advertised.port = null
	alter.config.policy.class.name = null
	alter.log.dirs.replication.quota.window.num = 11
	alter.log.dirs.replication.quota.window.size.seconds = 1
	authorizer.class.name = 
	auto.create.topics.enable = false
	auto.leader.rebalance.enable = true
	background.threads = 10
	broker.id = 3
	broker.id.generation.enable = true
	broker.rack = null
	client.quota.callback.class = null
	compression.type = producer
	connection.failed.authentication.delay.ms = 100
	connections.max.idle.ms = 600000
	connections.max.reauth.ms = 0
	control.plane.listener.name = null
	controlled.shutdown.enable = true
	controlled.shutdown.max.retries = 3
	controlled.shutdown.retry.backoff.ms = 5000
	controller.socket.timeout.ms = 5000
	create.topic.policy.class.name = null
	default.replication.factor = 3
	delegation.token.expiry.check.interval.ms = 3600000
	delegation.token.expiry.time.ms = 86400000
	delegation.token.master.key = null
	delegation.token.max.lifetime.ms = 604800000
	delete.records.purgatory.purge.interval.requests = 1
	delete.topic.enable = true
	fetch.max.bytes = 57671680
	fetch.purgatory.purge.interval.requests = 1000
	group.initial.rebalance.delay.ms = 0
	group.max.session.timeout.ms = 2000
	group.max.size = 2147483647
	group.min.session.timeout.ms = 0
	host.name = 
	inter.broker.listener.name = PLAINTEXT
	inter.broker.protocol.version = 2.5-IV0
	kafka.metrics.polling.interval.secs = 10
	kafka.metrics.reporters = []
	leader.imbalance.check.interval.seconds = 300
	leader.imbalance.per.broker.percentage = 10
	listener.security.protocol.map = PLAINTEXT:PLAINTEXT,SSL:SSL,SASL_PLAINTEXT:SASL_PLAINTEXT,SASL_SSL:SASL_SSL,OUTSIDE:PLAINTEXT
	listeners = PLAINTEXT://:9092,OUTSIDE://:9094
	log.cleaner.backoff.ms = 15000
	log.cleaner.dedupe.buffer.size = 134217728
	log.cleaner.delete.retention.ms = 86400000
	log.cleaner.enable = true
	log.cleaner.io.buffer.load.factor = 0.9
	log.cleaner.io.buffer.size = 524288
	log.cleaner.io.max.bytes.per.second = 1.7976931348623157E308
	log.cleaner.max.compaction.lag.ms = 9223372036854775807
	log.cleaner.min.cleanable.ratio = 0.5
	log.cleaner.min.compaction.lag.ms = 0
	log.cleaner.threads = 1
	log.cleanup.policy = [delete]
	log.dir = /tmp/kafka-logs
	log.dirs = /var/lib/kafka/data/topics
	log.flush.interval.messages = 9223372036854775807
	log.flush.interval.ms = null
	log.flush.offset.checkpoint.interval.ms = 60000
	log.flush.scheduler.interval.ms = 9223372036854775807
	log.flush.start.offset.checkpoint.interval.ms = 60000
	log.index.interval.bytes = 4096
	log.index.size.max.bytes = 10485760
	log.message.downconversion.enable = true
	log.message.format.version = 2.5-IV0
	log.message.timestamp.difference.max.ms = 9223372036854775807
	log.message.timestamp.type = CreateTime
	log.preallocate = false
	log.retention.bytes = -1
	log.retention.check.interval.ms = 300000
	log.retention.hours = -1
	log.retention.minutes = null
	log.retention.ms = null
	log.roll.hours = 168
	log.roll.jitter.hours = 0
	log.roll.jitter.ms = null
	log.roll.ms = null
	log.segment.bytes = 1073741824
	log.segment.delete.delay.ms = 60000
	max.connections = 2147483647
	max.connections.per.ip = 2147483647
	max.connections.per.ip.overrides = 
	max.incremental.fetch.session.cache.slots = 1000
	message.max.bytes = 1048588
	metric.reporters = []
	metrics.num.samples = 2
	metrics.recording.level = INFO
	metrics.sample.window.ms = 30000
	min.insync.replicas = 2
	num.io.threads = 8
	num.network.threads = 3
	num.partitions = 1
	num.recovery.threads.per.data.dir = 1
	num.replica.alter.log.dirs.threads = null
	num.replica.fetchers = 2
	offset.metadata.max.bytes = 4096
	offsets.commit.required.acks = -1
	offsets.commit.timeout.ms = 5000
	offsets.load.buffer.size = 5242880
	offsets.retention.check.interval.ms = 600000
	offsets.retention.minutes = 10080
	offsets.topic.compression.codec = 0
	offsets.topic.num.partitions = 2
	offsets.topic.replication.factor = 5
	offsets.topic.segment.bytes = 104857600
	password.encoder.cipher.algorithm = AES/CBC/PKCS5Padding
	password.encoder.iterations = 4096
	password.encoder.key.length = 128
	password.encoder.keyfactory.algorithm = null
	password.encoder.old.secret = null
	password.encoder.secret = null
	port = 9092
	principal.builder.class = null
	producer.purgatory.purge.interval.requests = 1000
	queued.max.request.bytes = -1
	queued.max.requests = 500
	quota.consumer.default = 9223372036854775807
	quota.producer.default = 9223372036854775807
	quota.window.num = 11
	quota.window.size.seconds = 1
	replica.fetch.backoff.ms = 1000
	replica.fetch.max.bytes = 1048576
	replica.fetch.min.bytes = 1
	replica.fetch.response.max.bytes = 10485760
	replica.fetch.wait.max.ms = 500
	replica.high.watermark.checkpoint.interval.ms = 5000
	replica.lag.time.max.ms = 5000
	replica.selector.class = null
	replica.socket.receive.buffer.bytes = 65536
	replica.socket.timeout.ms = 3000
	replication.quota.window.num = 11
	replication.quota.window.size.seconds = 1
	request.timeout.ms = 2000
	reserved.broker.max.id = 1000
	sasl.client.callback.handler.class = null
	sasl.enabled.mechanisms = [GSSAPI]
	sasl.jaas.config = null
	sasl.kerberos.kinit.cmd = /usr/bin/kinit
	sasl.kerberos.min.time.before.relogin = 60000
	sasl.kerberos.principal.to.local.rules = [DEFAULT]
	sasl.kerberos.service.name = null
	sasl.kerberos.ticket.renew.jitter = 0.05
	sasl.kerberos.ticket.renew.window.factor = 0.8
	sasl.login.callback.handler.class = null
	sasl.login.class = null
	sasl.login.refresh.buffer.seconds = 300
	sasl.login.refresh.min.period.seconds = 60
	sasl.login.refresh.window.factor = 0.8
	sasl.login.refresh.window.jitter = 0.05
	sasl.mechanism.inter.broker.protocol = GSSAPI
	sasl.server.callback.handler.class = null
	security.inter.broker.protocol = PLAINTEXT
	security.providers = null
	socket.receive.buffer.bytes = 102400
	socket.request.max.bytes = 104857600
	socket.send.buffer.bytes = 102400
	ssl.cipher.suites = []
	ssl.client.auth = none
	ssl.enabled.protocols = [TLSv1.2]
	ssl.endpoint.identification.algorithm = https
	ssl.key.password = null
	ssl.keymanager.algorithm = SunX509
	ssl.keystore.location = null
	ssl.keystore.password = null
	ssl.keystore.type = JKS
	ssl.principal.mapping.rules = DEFAULT
	ssl.protocol = TLSv1.2
	ssl.provider = null
	ssl.secure.random.implementation = null
	ssl.trustmanager.algorithm = PKIX
	ssl.truststore.location = null
	ssl.truststore.password = null
	ssl.truststore.type = JKS
	transaction.abort.timed.out.transaction.cleanup.interval.ms = 10000
	transaction.max.timeout.ms = 3000
	transaction.remove.expired.transaction.cleanup.interval.ms = 3600000
	transaction.state.log.load.buffer.size = 5242880
	transaction.state.log.min.isr = 2
	transaction.state.log.num.partitions = 50
	transaction.state.log.replication.factor = 3
	transaction.state.log.segment.bytes = 104857600
	transactional.id.expiration.ms = 604800000
	unclean.leader.election.enable = false
	zookeeper.clientCnxnSocket = null
	zookeeper.connect = zookeeper:2181
	zookeeper.connection.timeout.ms = 3000
	zookeeper.max.in.flight.requests = 10
	zookeeper.session.timeout.ms = 5000
	zookeeper.set.acl = false
	zookeeper.ssl.cipher.suites = null
	zookeeper.ssl.client.enable = false
	zookeeper.ssl.crl.enable = false
	zookeeper.ssl.enabled.protocols = null
	zookeeper.ssl.endpoint.identification.algorithm = HTTPS
	zookeeper.ssl.keystore.location = null
	zookeeper.ssl.keystore.password = null
	zookeeper.ssl.keystore.type = null
	zookeeper.ssl.ocsp.enable = false
	zookeeper.ssl.protocol = TLSv1.2
	zookeeper.ssl.truststore.location = null
	zookeeper.ssl.truststore.password = null
	zookeeper.ssl.truststore.type = null
	zookeeper.sync.time.ms = 2000
 (kafka.server.KafkaConfig)
[2020-10-26 20:31:10,147] INFO [ThrottledChannelReaper-Fetch]: Starting (kafka.server.ClientQuotaManager$ThrottledChannelReaper)
[2020-10-26 20:31:10,148] INFO [ThrottledChannelReaper-Produce]: Starting (kafka.server.ClientQuotaManager$ThrottledChannelReaper)
[2020-10-26 20:31:10,149] INFO [ThrottledChannelReaper-Request]: Starting (kafka.server.ClientQuotaManager$ThrottledChannelReaper)
[2020-10-26 20:31:10,187] INFO Log directory /var/lib/kafka/data/topics not found, creating it. (kafka.log.LogManager)
[2020-10-26 20:31:10,195] INFO Loading logs. (kafka.log.LogManager)
[2020-10-26 20:31:10,211] INFO Logs loading complete in 16 ms. (kafka.log.LogManager)
[2020-10-26 20:31:10,226] INFO Starting log cleanup with a period of 300000 ms. (kafka.log.LogManager)
[2020-10-26 20:31:10,229] INFO Starting log flusher with a default period of 9223372036854775807 ms. (kafka.log.LogManager)
[2020-10-26 20:31:10,768] INFO Awaiting socket connections on 0.0.0.0:9092. (kafka.network.Acceptor)
[2020-10-26 20:31:10,868] INFO [SocketServer brokerId=3] Created data-plane acceptor and processors for endpoint : EndPoint(null,9092,ListenerName(PLAINTEXT),PLAINTEXT) (kafka.network.SocketServer)
[2020-10-26 20:31:10,892] INFO Awaiting socket connections on 0.0.0.0:9094. (kafka.network.Acceptor)
[2020-10-26 20:31:10,909] INFO [SocketServer brokerId=3] Created data-plane acceptor and processors for endpoint : EndPoint(null,9094,ListenerName(OUTSIDE),PLAINTEXT) (kafka.network.SocketServer)
[2020-10-26 20:31:10,922] INFO [SocketServer brokerId=3] Started 2 acceptor threads for data-plane (kafka.network.SocketServer)
[2020-10-26 20:31:10,982] INFO [ExpirationReaper-3-Produce]: Starting (kafka.server.DelayedOperationPurgatory$ExpiredOperationReaper)
[2020-10-26 20:31:10,993] INFO [ExpirationReaper-3-Fetch]: Starting (kafka.server.DelayedOperationPurgatory$ExpiredOperationReaper)
[2020-10-26 20:31:10,994] INFO [ExpirationReaper-3-DeleteRecords]: Starting (kafka.server.DelayedOperationPurgatory$ExpiredOperationReaper)
[2020-10-26 20:31:11,001] INFO [ExpirationReaper-3-ElectLeader]: Starting (kafka.server.DelayedOperationPurgatory$ExpiredOperationReaper)
[2020-10-26 20:31:11,043] INFO [LogDirFailureHandler]: Starting (kafka.server.ReplicaManager$LogDirFailureHandler)
[2020-10-26 20:31:11,254] INFO Creating /brokers/ids/3 (is it secure? false) (kafka.zk.KafkaZkClient)
[2020-10-26 20:31:11,290] INFO Stat of the created znode at /brokers/ids/3 is: 4294967390,4294967390,1603744271273,1603744271273,1,0,0,216172895272763395,295,0,4294967390
 (kafka.zk.KafkaZkClient)
[2020-10-26 20:31:11,291] INFO Registered broker 3 at path /brokers/ids/3 with addresses: ArrayBuffer(EndPoint(kafka-3.kafka.kafka.svc.cluster.local,9092,ListenerName(PLAINTEXT),PLAINTEXT), EndPoint(10.0.2.109,32403,ListenerName(OUTSIDE),PLAINTEXT)), czxid (broker epoch): 4294967390 (kafka.zk.KafkaZkClient)
[2020-10-26 20:31:11,461] INFO [ExpirationReaper-3-topic]: Starting (kafka.server.DelayedOperationPurgatory$ExpiredOperationReaper)
[2020-10-26 20:31:11,476] INFO [ExpirationReaper-3-Heartbeat]: Starting (kafka.server.DelayedOperationPurgatory$ExpiredOperationReaper)
[2020-10-26 20:31:11,481] INFO [ExpirationReaper-3-Rebalance]: Starting (kafka.server.DelayedOperationPurgatory$ExpiredOperationReaper)
[2020-10-26 20:31:11,546] INFO [GroupCoordinator 3]: Starting up. (kafka.coordinator.group.GroupCoordinator)
[2020-10-26 20:31:11,549] INFO [GroupCoordinator 3]: Startup complete. (kafka.coordinator.group.GroupCoordinator)
[2020-10-26 20:31:11,567] INFO [GroupMetadataManager brokerId=3] Removed 0 expired offsets in 14 milliseconds. (kafka.coordinator.group.GroupMetadataManager)
[2020-10-26 20:31:11,867] INFO [ProducerId Manager 3]: Acquired new producerId block (brokerId:3,blockStartProducerId:4000,blockEndProducerId:4999) by writing to Zk with path version 5 (kafka.coordinator.transaction.ProducerIdManager)
[2020-10-26 20:31:11,935] INFO [TransactionCoordinator id=3] Starting up. (kafka.coordinator.transaction.TransactionCoordinator)
[2020-10-26 20:31:11,941] INFO [TransactionCoordinator id=3] Startup complete. (kafka.coordinator.transaction.TransactionCoordinator)
[2020-10-26 20:31:11,954] INFO [Transaction Marker Channel Manager 3]: Starting (kafka.coordinator.transaction.TransactionMarkerChannelManager)
[2020-10-26 20:31:11,998] INFO [ExpirationReaper-3-AlterAcls]: Starting (kafka.server.DelayedOperationPurgatory$ExpiredOperationReaper)
[2020-10-26 20:31:12,052] INFO [/config/changes-event-process-thread]: Starting (kafka.common.ZkNodeChangeNotificationListener$ChangeEventProcessThread)
[2020-10-26 20:31:12,153] INFO [SocketServer brokerId=3] Started data-plane processors for 2 acceptors (kafka.network.SocketServer)
[2020-10-26 20:31:12,165] INFO Kafka version: 2.5.0 (org.apache.kafka.common.utils.AppInfoParser)
[2020-10-26 20:31:12,168] INFO Kafka commitId: 66563e712b0b9f84 (org.apache.kafka.common.utils.AppInfoParser)
[2020-10-26 20:31:12,168] INFO Kafka startTimeMs: 1603744272157 (org.apache.kafka.common.utils.AppInfoParser)
[2020-10-26 20:31:12,169] INFO [KafkaServer id=3] started (kafka.server.KafkaServer)
[2020-10-26 20:33:42,060] INFO [Log partition=t1_warnings-0, dir=/var/lib/kafka/data/topics] Loading producer state till offset 0 with message format version 2 (kafka.log.Log)
[2020-10-26 20:33:42,070] INFO [Log partition=t1_warnings-0, dir=/var/lib/kafka/data/topics] Completed load of log with 1 segments, log start offset 0 and log end offset 0 in 62 ms (kafka.log.Log)
[2020-10-26 20:33:42,075] INFO Created log for partition t1_warnings-0 in /var/lib/kafka/data/topics/t1_warnings-0 with properties {compression.type -> producer, min.insync.replicas -> 2, message.downconversion.enable -> true, segment.jitter.ms -> 0, cleanup.policy -> [delete], flush.ms -> 9223372036854775807, retention.ms -> -1, segment.bytes -> 1073741824, flush.messages -> 9223372036854775807, message.format.version -> 2.5-IV0, max.compaction.lag.ms -> 9223372036854775807, file.delete.delay.ms -> 60000, max.message.bytes -> 1048588, min.compaction.lag.ms -> 0, message.timestamp.type -> CreateTime, preallocate -> false, index.interval.bytes -> 4096, min.cleanable.dirty.ratio -> 0.5, unclean.leader.election.enable -> false, retention.bytes -> -1, delete.retention.ms -> 86400000, segment.ms -> 604800000, message.timestamp.difference.max.ms -> 9223372036854775807, segment.index.bytes -> 10485760}. (kafka.log.LogManager)
[2020-10-26 20:33:42,078] INFO [Partition t1_warnings-0 broker=3] No checkpointed highwatermark is found for partition t1_warnings-0 (kafka.cluster.Partition)
[2020-10-26 20:33:42,079] INFO [Partition t1_warnings-0 broker=3] Log loaded for partition t1_warnings-0 with initial high watermark 0 (kafka.cluster.Partition)
[2020-10-26 20:33:42,081] INFO [ReplicaFetcherManager on broker 3] Removed fetcher for partitions Set(t1_warnings-0) (kafka.server.ReplicaFetcherManager)
[2020-10-26 20:33:42,132] INFO [ReplicaFetcher replicaId=3, leaderId=5, fetcherId=1] Starting (kafka.server.ReplicaFetcherThread)
[2020-10-26 20:33:42,145] INFO [ReplicaFetcherManager on broker 3] Added fetcher to broker 5 for partitions Map(t1_warnings-0 -> (offset=0, leaderEpoch=0)) (kafka.server.ReplicaFetcherManager)
[2020-10-26 20:33:42,146] INFO [ReplicaFetcher replicaId=3, leaderId=5, fetcherId=1] Truncating partition t1_warnings-0 to local high watermark 0 (kafka.server.ReplicaFetcherThread)
[2020-10-26 20:33:42,147] INFO [Log partition=t1_warnings-0, dir=/var/lib/kafka/data/topics] Truncating to 0 has no effect as the largest offset in the log is -1 (kafka.log.Log)
[2020-10-26 20:33:44,417] INFO [Log partition=t2_warnings-0, dir=/var/lib/kafka/data/topics] Loading producer state till offset 0 with message format version 2 (kafka.log.Log)
[2020-10-26 20:33:44,417] INFO [Log partition=t2_warnings-0, dir=/var/lib/kafka/data/topics] Completed load of log with 1 segments, log start offset 0 and log end offset 0 in 2 ms (kafka.log.Log)
[2020-10-26 20:33:44,418] INFO Created log for partition t2_warnings-0 in /var/lib/kafka/data/topics/t2_warnings-0 with properties {compression.type -> producer, min.insync.replicas -> 2, message.downconversion.enable -> true, segment.jitter.ms -> 0, cleanup.policy -> [delete], flush.ms -> 9223372036854775807, retention.ms -> -1, segment.bytes -> 1073741824, flush.messages -> 9223372036854775807, message.format.version -> 2.5-IV0, max.compaction.lag.ms -> 9223372036854775807, file.delete.delay.ms -> 60000, max.message.bytes -> 1048588, min.compaction.lag.ms -> 0, message.timestamp.type -> CreateTime, preallocate -> false, index.interval.bytes -> 4096, min.cleanable.dirty.ratio -> 0.5, unclean.leader.election.enable -> false, retention.bytes -> -1, delete.retention.ms -> 86400000, segment.ms -> 604800000, message.timestamp.difference.max.ms -> 9223372036854775807, segment.index.bytes -> 10485760}. (kafka.log.LogManager)
[2020-10-26 20:33:44,419] INFO [Partition t2_warnings-0 broker=3] No checkpointed highwatermark is found for partition t2_warnings-0 (kafka.cluster.Partition)
[2020-10-26 20:33:44,419] INFO [Partition t2_warnings-0 broker=3] Log loaded for partition t2_warnings-0 with initial high watermark 0 (kafka.cluster.Partition)
[2020-10-26 20:33:44,421] INFO [ReplicaFetcherManager on broker 3] Removed fetcher for partitions Set(t2_warnings-0) (kafka.server.ReplicaFetcherManager)
[2020-10-26 20:33:44,432] INFO [ReplicaFetcher replicaId=3, leaderId=1, fetcherId=0] Starting (kafka.server.ReplicaFetcherThread)
[2020-10-26 20:33:44,434] INFO [ReplicaFetcher replicaId=3, leaderId=1, fetcherId=0] Truncating partition t2_warnings-0 to local high watermark 0 (kafka.server.ReplicaFetcherThread)
[2020-10-26 20:33:44,440] INFO [Log partition=t2_warnings-0, dir=/var/lib/kafka/data/topics] Truncating to 0 has no effect as the largest offset in the log is -1 (kafka.log.Log)
[2020-10-26 20:33:44,441] INFO [ReplicaFetcherManager on broker 3] Added fetcher to broker 1 for partitions Map(t2_warnings-0 -> (offset=0, leaderEpoch=0)) (kafka.server.ReplicaFetcherManager)
[2020-10-26 20:33:44,472] ERROR [ReplicaFetcher replicaId=3, leaderId=1, fetcherId=0] Error for partition t2_warnings-0 at offset 0 (kafka.server.ReplicaFetcherThread)
org.apache.kafka.common.errors.UnknownTopicOrPartitionException: This server does not host this topic-partition.
[2020-10-26 20:33:45,787] INFO [ReplicaFetcherManager on broker 3] Removed fetcher for partitions Set(t2_filtered-0) (kafka.server.ReplicaFetcherManager)
[2020-10-26 20:33:45,801] INFO [Log partition=t2_filtered-0, dir=/var/lib/kafka/data/topics] Loading producer state till offset 0 with message format version 2 (kafka.log.Log)
[2020-10-26 20:33:45,802] INFO [Log partition=t2_filtered-0, dir=/var/lib/kafka/data/topics] Completed load of log with 1 segments, log start offset 0 and log end offset 0 in 3 ms (kafka.log.Log)
[2020-10-26 20:33:45,803] INFO Created log for partition t2_filtered-0 in /var/lib/kafka/data/topics/t2_filtered-0 with properties {compression.type -> producer, min.insync.replicas -> 2, message.downconversion.enable -> true, segment.jitter.ms -> 0, cleanup.policy -> [delete], flush.ms -> 9223372036854775807, retention.ms -> -1, segment.bytes -> 1073741824, flush.messages -> 9223372036854775807, message.format.version -> 2.5-IV0, max.compaction.lag.ms -> 9223372036854775807, file.delete.delay.ms -> 60000, max.message.bytes -> 1048588, min.compaction.lag.ms -> 0, message.timestamp.type -> CreateTime, preallocate -> false, index.interval.bytes -> 4096, min.cleanable.dirty.ratio -> 0.5, unclean.leader.election.enable -> false, retention.bytes -> -1, delete.retention.ms -> 86400000, segment.ms -> 604800000, message.timestamp.difference.max.ms -> 9223372036854775807, segment.index.bytes -> 10485760}. (kafka.log.LogManager)
[2020-10-26 20:33:45,804] INFO [Partition t2_filtered-0 broker=3] No checkpointed highwatermark is found for partition t2_filtered-0 (kafka.cluster.Partition)
[2020-10-26 20:33:45,804] INFO [Partition t2_filtered-0 broker=3] Log loaded for partition t2_filtered-0 with initial high watermark 0 (kafka.cluster.Partition)
[2020-10-26 20:33:45,809] INFO [Partition t2_filtered-0 broker=3] t2_filtered-0 starts at leader epoch 0 from offset 0 with high watermark 0. Previous leader epoch was -1. (kafka.cluster.Partition)
[2020-10-26 20:33:48,828] INFO [ReplicaFetcherManager on broker 3] Removed fetcher for partitions Set(t3_filtered-0) (kafka.server.ReplicaFetcherManager)
[2020-10-26 20:33:48,842] INFO [Log partition=t3_filtered-0, dir=/var/lib/kafka/data/topics] Loading producer state till offset 0 with message format version 2 (kafka.log.Log)
[2020-10-26 20:33:48,843] INFO [Log partition=t3_filtered-0, dir=/var/lib/kafka/data/topics] Completed load of log with 1 segments, log start offset 0 and log end offset 0 in 2 ms (kafka.log.Log)
[2020-10-26 20:33:48,845] INFO Created log for partition t3_filtered-0 in /var/lib/kafka/data/topics/t3_filtered-0 with properties {compression.type -> producer, min.insync.replicas -> 2, message.downconversion.enable -> true, segment.jitter.ms -> 0, cleanup.policy -> [delete], flush.ms -> 9223372036854775807, retention.ms -> -1, segment.bytes -> 1073741824, flush.messages -> 9223372036854775807, message.format.version -> 2.5-IV0, max.compaction.lag.ms -> 9223372036854775807, file.delete.delay.ms -> 60000, max.message.bytes -> 1048588, min.compaction.lag.ms -> 0, message.timestamp.type -> CreateTime, preallocate -> false, index.interval.bytes -> 4096, min.cleanable.dirty.ratio -> 0.5, unclean.leader.election.enable -> false, retention.bytes -> -1, delete.retention.ms -> 86400000, segment.ms -> 604800000, message.timestamp.difference.max.ms -> 9223372036854775807, segment.index.bytes -> 10485760}. (kafka.log.LogManager)
[2020-10-26 20:33:48,845] INFO [Partition t3_filtered-0 broker=3] No checkpointed highwatermark is found for partition t3_filtered-0 (kafka.cluster.Partition)
[2020-10-26 20:33:48,846] INFO [Partition t3_filtered-0 broker=3] Log loaded for partition t3_filtered-0 with initial high watermark 0 (kafka.cluster.Partition)
[2020-10-26 20:33:48,846] INFO [Partition t3_filtered-0 broker=3] t3_filtered-0 starts at leader epoch 0 from offset 0 with high watermark 0. Previous leader epoch was -1. (kafka.cluster.Partition)
[2020-10-26 20:33:49,920] INFO [ReplicaFetcherManager on broker 3] Removed fetcher for partitions Set(t4_warnings-0) (kafka.server.ReplicaFetcherManager)
[2020-10-26 20:33:49,932] INFO [Log partition=t4_warnings-0, dir=/var/lib/kafka/data/topics] Loading producer state till offset 0 with message format version 2 (kafka.log.Log)
[2020-10-26 20:33:49,933] INFO [Log partition=t4_warnings-0, dir=/var/lib/kafka/data/topics] Completed load of log with 1 segments, log start offset 0 and log end offset 0 in 2 ms (kafka.log.Log)
[2020-10-26 20:33:49,934] INFO Created log for partition t4_warnings-0 in /var/lib/kafka/data/topics/t4_warnings-0 with properties {compression.type -> producer, min.insync.replicas -> 2, message.downconversion.enable -> true, segment.jitter.ms -> 0, cleanup.policy -> [delete], flush.ms -> 9223372036854775807, retention.ms -> -1, segment.bytes -> 1073741824, flush.messages -> 9223372036854775807, message.format.version -> 2.5-IV0, max.compaction.lag.ms -> 9223372036854775807, file.delete.delay.ms -> 60000, max.message.bytes -> 1048588, min.compaction.lag.ms -> 0, message.timestamp.type -> CreateTime, preallocate -> false, index.interval.bytes -> 4096, min.cleanable.dirty.ratio -> 0.5, unclean.leader.election.enable -> false, retention.bytes -> -1, delete.retention.ms -> 86400000, segment.ms -> 604800000, message.timestamp.difference.max.ms -> 9223372036854775807, segment.index.bytes -> 10485760}. (kafka.log.LogManager)
[2020-10-26 20:33:49,934] INFO [Partition t4_warnings-0 broker=3] No checkpointed highwatermark is found for partition t4_warnings-0 (kafka.cluster.Partition)
[2020-10-26 20:33:49,934] INFO [Partition t4_warnings-0 broker=3] Log loaded for partition t4_warnings-0 with initial high watermark 0 (kafka.cluster.Partition)
[2020-10-26 20:33:49,934] INFO [Partition t4_warnings-0 broker=3] t4_warnings-0 starts at leader epoch 0 from offset 0 with high watermark 0. Previous leader epoch was -1. (kafka.cluster.Partition)
[2020-10-26 20:33:53,465] INFO [Log partition=t5_warnings-0, dir=/var/lib/kafka/data/topics] Loading producer state till offset 0 with message format version 2 (kafka.log.Log)
[2020-10-26 20:33:53,466] INFO [Log partition=t5_warnings-0, dir=/var/lib/kafka/data/topics] Completed load of log with 1 segments, log start offset 0 and log end offset 0 in 2 ms (kafka.log.Log)
[2020-10-26 20:33:53,467] INFO Created log for partition t5_warnings-0 in /var/lib/kafka/data/topics/t5_warnings-0 with properties {compression.type -> producer, min.insync.replicas -> 2, message.downconversion.enable -> true, segment.jitter.ms -> 0, cleanup.policy -> [delete], flush.ms -> 9223372036854775807, retention.ms -> -1, segment.bytes -> 1073741824, flush.messages -> 9223372036854775807, message.format.version -> 2.5-IV0, max.compaction.lag.ms -> 9223372036854775807, file.delete.delay.ms -> 60000, max.message.bytes -> 1048588, min.compaction.lag.ms -> 0, message.timestamp.type -> CreateTime, preallocate -> false, index.interval.bytes -> 4096, min.cleanable.dirty.ratio -> 0.5, unclean.leader.election.enable -> false, retention.bytes -> -1, delete.retention.ms -> 86400000, segment.ms -> 604800000, message.timestamp.difference.max.ms -> 9223372036854775807, segment.index.bytes -> 10485760}. (kafka.log.LogManager)
[2020-10-26 20:33:53,468] INFO [Partition t5_warnings-0 broker=3] No checkpointed highwatermark is found for partition t5_warnings-0 (kafka.cluster.Partition)
[2020-10-26 20:33:53,468] INFO [Partition t5_warnings-0 broker=3] Log loaded for partition t5_warnings-0 with initial high watermark 0 (kafka.cluster.Partition)
[2020-10-26 20:33:53,468] INFO [ReplicaFetcherManager on broker 3] Removed fetcher for partitions Set(t5_warnings-0) (kafka.server.ReplicaFetcherManager)
[2020-10-26 20:33:53,476] INFO [ReplicaFetcherManager on broker 3] Added fetcher to broker 0 for partitions Map(t5_warnings-0 -> (offset=0, leaderEpoch=0)) (kafka.server.ReplicaFetcherManager)
[2020-10-26 20:33:53,479] INFO [ReplicaFetcher replicaId=3, leaderId=0, fetcherId=1] Starting (kafka.server.ReplicaFetcherThread)
[2020-10-26 20:33:53,479] INFO [ReplicaFetcher replicaId=3, leaderId=0, fetcherId=1] Truncating partition t5_warnings-0 to local high watermark 0 (kafka.server.ReplicaFetcherThread)
[2020-10-26 20:33:53,479] INFO [Log partition=t5_warnings-0, dir=/var/lib/kafka/data/topics] Truncating to 0 has no effect as the largest offset in the log is -1 (kafka.log.Log)
[2020-10-26 20:33:53,521] ERROR [ReplicaFetcher replicaId=3, leaderId=0, fetcherId=1] Error for partition t5_warnings-0 at offset 0 (kafka.server.ReplicaFetcherThread)
org.apache.kafka.common.errors.UnknownTopicOrPartitionException: This server does not host this topic-partition.
[2020-10-26 20:33:55,677] INFO [Log partition=t6_warnings-0, dir=/var/lib/kafka/data/topics] Loading producer state till offset 0 with message format version 2 (kafka.log.Log)
[2020-10-26 20:33:55,678] INFO [Log partition=t6_warnings-0, dir=/var/lib/kafka/data/topics] Completed load of log with 1 segments, log start offset 0 and log end offset 0 in 2 ms (kafka.log.Log)
[2020-10-26 20:33:55,679] INFO Created log for partition t6_warnings-0 in /var/lib/kafka/data/topics/t6_warnings-0 with properties {compression.type -> producer, min.insync.replicas -> 2, message.downconversion.enable -> true, segment.jitter.ms -> 0, cleanup.policy -> [delete], flush.ms -> 9223372036854775807, retention.ms -> -1, segment.bytes -> 1073741824, flush.messages -> 9223372036854775807, message.format.version -> 2.5-IV0, max.compaction.lag.ms -> 9223372036854775807, file.delete.delay.ms -> 60000, max.message.bytes -> 1048588, min.compaction.lag.ms -> 0, message.timestamp.type -> CreateTime, preallocate -> false, index.interval.bytes -> 4096, min.cleanable.dirty.ratio -> 0.5, unclean.leader.election.enable -> false, retention.bytes -> -1, delete.retention.ms -> 86400000, segment.ms -> 604800000, message.timestamp.difference.max.ms -> 9223372036854775807, segment.index.bytes -> 10485760}. (kafka.log.LogManager)
[2020-10-26 20:33:55,681] INFO [Partition t6_warnings-0 broker=3] No checkpointed highwatermark is found for partition t6_warnings-0 (kafka.cluster.Partition)
[2020-10-26 20:33:55,681] INFO [Partition t6_warnings-0 broker=3] Log loaded for partition t6_warnings-0 with initial high watermark 0 (kafka.cluster.Partition)
[2020-10-26 20:33:55,681] INFO [ReplicaFetcherManager on broker 3] Removed fetcher for partitions Set(t6_warnings-0) (kafka.server.ReplicaFetcherManager)
[2020-10-26 20:33:55,683] INFO [ReplicaFetcherManager on broker 3] Added fetcher to broker 1 for partitions Map(t6_warnings-0 -> (offset=0, leaderEpoch=0)) (kafka.server.ReplicaFetcherManager)
[2020-10-26 20:33:55,773] INFO [ReplicaFetcher replicaId=3, leaderId=1, fetcherId=0] Truncating partition t6_warnings-0 to local high watermark 0 (kafka.server.ReplicaFetcherThread)
[2020-10-26 20:33:55,774] INFO [Log partition=t6_warnings-0, dir=/var/lib/kafka/data/topics] Truncating to 0 has no effect as the largest offset in the log is -1 (kafka.log.Log)
[2020-10-26 20:34:52,060] INFO [Log partition=t2-0, dir=/var/lib/kafka/data/topics] Loading producer state till offset 0 with message format version 2 (kafka.log.Log)
[2020-10-26 20:34:52,067] INFO [Log partition=t2-0, dir=/var/lib/kafka/data/topics] Completed load of log with 1 segments, log start offset 0 and log end offset 0 in 15 ms (kafka.log.Log)
[2020-10-26 20:34:52,070] INFO Created log for partition t2-0 in /var/lib/kafka/data/topics/t2-0 with properties {compression.type -> producer, min.insync.replicas -> 2, message.downconversion.enable -> true, segment.jitter.ms -> 0, cleanup.policy -> [delete], flush.ms -> 9223372036854775807, retention.ms -> -1, segment.bytes -> 1073741824, flush.messages -> 9223372036854775807, message.format.version -> 2.5-IV0, max.compaction.lag.ms -> 9223372036854775807, file.delete.delay.ms -> 60000, max.message.bytes -> 1048588, min.compaction.lag.ms -> 0, message.timestamp.type -> CreateTime, preallocate -> false, index.interval.bytes -> 4096, min.cleanable.dirty.ratio -> 0.5, unclean.leader.election.enable -> false, retention.bytes -> -1, delete.retention.ms -> 86400000, segment.ms -> 604800000, message.timestamp.difference.max.ms -> 9223372036854775807, segment.index.bytes -> 10485760}. (kafka.log.LogManager)
[2020-10-26 20:34:52,077] INFO [Partition t2-0 broker=3] No checkpointed highwatermark is found for partition t2-0 (kafka.cluster.Partition)
[2020-10-26 20:34:52,078] INFO [Partition t2-0 broker=3] Log loaded for partition t2-0 with initial high watermark 0 (kafka.cluster.Partition)
[2020-10-26 20:34:52,078] INFO [ReplicaFetcherManager on broker 3] Removed fetcher for partitions Set(t2-0) (kafka.server.ReplicaFetcherManager)
[2020-10-26 20:34:52,090] INFO [ReplicaFetcherManager on broker 3] Added fetcher to broker 6 for partitions Map(t2-0 -> (offset=0, leaderEpoch=0)) (kafka.server.ReplicaFetcherManager)
[2020-10-26 20:34:52,095] INFO [ReplicaFetcher replicaId=3, leaderId=6, fetcherId=0] Starting (kafka.server.ReplicaFetcherThread)
[2020-10-26 20:34:52,096] INFO [ReplicaFetcher replicaId=3, leaderId=6, fetcherId=0] Truncating partition t2-0 to local high watermark 0 (kafka.server.ReplicaFetcherThread)
[2020-10-26 20:34:52,096] INFO [Log partition=t2-0, dir=/var/lib/kafka/data/topics] Truncating to 0 has no effect as the largest offset in the log is -1 (kafka.log.Log)
[2020-10-26 20:34:57,051] INFO [Log partition=t4-0, dir=/var/lib/kafka/data/topics] Loading producer state till offset 0 with message format version 2 (kafka.log.Log)
[2020-10-26 20:34:57,051] INFO [Log partition=t4-0, dir=/var/lib/kafka/data/topics] Completed load of log with 1 segments, log start offset 0 and log end offset 0 in 2 ms (kafka.log.Log)
[2020-10-26 20:34:57,052] INFO Created log for partition t4-0 in /var/lib/kafka/data/topics/t4-0 with properties {compression.type -> producer, min.insync.replicas -> 2, message.downconversion.enable -> true, segment.jitter.ms -> 0, cleanup.policy -> [delete], flush.ms -> 9223372036854775807, retention.ms -> -1, segment.bytes -> 1073741824, flush.messages -> 9223372036854775807, message.format.version -> 2.5-IV0, max.compaction.lag.ms -> 9223372036854775807, file.delete.delay.ms -> 60000, max.message.bytes -> 1048588, min.compaction.lag.ms -> 0, message.timestamp.type -> CreateTime, preallocate -> false, index.interval.bytes -> 4096, min.cleanable.dirty.ratio -> 0.5, unclean.leader.election.enable -> false, retention.bytes -> -1, delete.retention.ms -> 86400000, segment.ms -> 604800000, message.timestamp.difference.max.ms -> 9223372036854775807, segment.index.bytes -> 10485760}. (kafka.log.LogManager)
[2020-10-26 20:34:57,053] INFO [Partition t4-0 broker=3] No checkpointed highwatermark is found for partition t4-0 (kafka.cluster.Partition)
[2020-10-26 20:34:57,053] INFO [Partition t4-0 broker=3] Log loaded for partition t4-0 with initial high watermark 0 (kafka.cluster.Partition)
[2020-10-26 20:34:57,053] INFO [ReplicaFetcherManager on broker 3] Removed fetcher for partitions Set(t4-0) (kafka.server.ReplicaFetcherManager)
[2020-10-26 20:34:57,055] INFO [ReplicaFetcherManager on broker 3] Added fetcher to broker 4 for partitions Map(t4-0 -> (offset=0, leaderEpoch=0)) (kafka.server.ReplicaFetcherManager)
[2020-10-26 20:34:57,057] INFO [ReplicaFetcher replicaId=3, leaderId=4, fetcherId=0] Starting (kafka.server.ReplicaFetcherThread)
[2020-10-26 20:34:57,057] INFO [ReplicaFetcher replicaId=3, leaderId=4, fetcherId=0] Truncating partition t4-0 to local high watermark 0 (kafka.server.ReplicaFetcherThread)
[2020-10-26 20:34:57,057] INFO [Log partition=t4-0, dir=/var/lib/kafka/data/topics] Truncating to 0 has no effect as the largest offset in the log is -1 (kafka.log.Log)
[2020-10-26 20:34:59,211] INFO [Log partition=t5-0, dir=/var/lib/kafka/data/topics] Loading producer state till offset 0 with message format version 2 (kafka.log.Log)
[2020-10-26 20:34:59,212] INFO [Log partition=t5-0, dir=/var/lib/kafka/data/topics] Completed load of log with 1 segments, log start offset 0 and log end offset 0 in 2 ms (kafka.log.Log)
[2020-10-26 20:34:59,212] INFO Created log for partition t5-0 in /var/lib/kafka/data/topics/t5-0 with properties {compression.type -> producer, min.insync.replicas -> 2, message.downconversion.enable -> true, segment.jitter.ms -> 0, cleanup.policy -> [delete], flush.ms -> 9223372036854775807, retention.ms -> -1, segment.bytes -> 1073741824, flush.messages -> 9223372036854775807, message.format.version -> 2.5-IV0, max.compaction.lag.ms -> 9223372036854775807, file.delete.delay.ms -> 60000, max.message.bytes -> 1048588, min.compaction.lag.ms -> 0, message.timestamp.type -> CreateTime, preallocate -> false, index.interval.bytes -> 4096, min.cleanable.dirty.ratio -> 0.5, unclean.leader.election.enable -> false, retention.bytes -> -1, delete.retention.ms -> 86400000, segment.ms -> 604800000, message.timestamp.difference.max.ms -> 9223372036854775807, segment.index.bytes -> 10485760}. (kafka.log.LogManager)
[2020-10-26 20:34:59,213] INFO [Partition t5-0 broker=3] No checkpointed highwatermark is found for partition t5-0 (kafka.cluster.Partition)
[2020-10-26 20:34:59,213] INFO [Partition t5-0 broker=3] Log loaded for partition t5-0 with initial high watermark 0 (kafka.cluster.Partition)
[2020-10-26 20:34:59,214] INFO [ReplicaFetcherManager on broker 3] Removed fetcher for partitions Set(t5-0) (kafka.server.ReplicaFetcherManager)
[2020-10-26 20:34:59,217] INFO [ReplicaFetcherManager on broker 3] Added fetcher to broker 4 for partitions Map(t5-0 -> (offset=0, leaderEpoch=0)) (kafka.server.ReplicaFetcherManager)
[2020-10-26 20:34:59,219] INFO [ReplicaFetcher replicaId=3, leaderId=4, fetcherId=1] Starting (kafka.server.ReplicaFetcherThread)
[2020-10-26 20:34:59,219] INFO [ReplicaFetcher replicaId=3, leaderId=4, fetcherId=1] Truncating partition t5-0 to local high watermark 0 (kafka.server.ReplicaFetcherThread)
[2020-10-26 20:34:59,219] INFO [Log partition=t5-0, dir=/var/lib/kafka/data/topics] Truncating to 0 has no effect as the largest offset in the log is -1 (kafka.log.Log)
[2020-10-26 20:41:11,547] INFO [GroupMetadataManager brokerId=3] Removed 0 expired offsets in 0 milliseconds. (kafka.coordinator.group.GroupMetadataManager)
[2020-10-26 20:46:20,223] INFO [ReplicaFetcherManager on broker 3] Removed fetcher for partitions Set(t3_filtered-0) (kafka.server.ReplicaFetcherManager)
[2020-10-26 20:46:20,224] INFO [Partition t3_filtered-0 broker=3] t3_filtered-0 starts at leader epoch 1 from offset 124089 with high watermark 124089. Previous leader epoch was 0. (kafka.cluster.Partition)
[2020-10-26 20:46:20,230] INFO [ReplicaFetcherManager on broker 3] Removed fetcher for partitions Set(t2-0, t5_warnings-0) (kafka.server.ReplicaFetcherManager)
[2020-10-26 20:46:20,231] INFO [ReplicaFetcherManager on broker 3] Added fetcher to broker 6 for partitions Map(t2-0 -> (offset=124880, leaderEpoch=1)) (kafka.server.ReplicaFetcherManager)
[2020-10-26 20:46:20,231] INFO [ReplicaFetcherManager on broker 3] Added fetcher to broker 0 for partitions Map(t5_warnings-0 -> (offset=2424, leaderEpoch=1)) (kafka.server.ReplicaFetcherManager)
[2020-10-26 20:46:20,388] INFO [Log partition=t5_warnings-0, dir=/var/lib/kafka/data/topics] Truncating to 2424 has no effect as the largest offset in the log is 2423 (kafka.log.Log)
[2020-10-26 20:46:20,490] INFO [Log partition=t2-0, dir=/var/lib/kafka/data/topics] Truncating to 124977 has no effect as the largest offset in the log is 124976 (kafka.log.Log)
[2020-10-26 20:46:39,173] INFO Unable to read additional data from server sessionid 0x300001a58cd0003, likely server has closed socket, closing socket connection and attempting reconnect (org.apache.zookeeper.ClientCnxn)
[2020-10-26 20:46:41,001] INFO Opening socket connection to server zookeeper/10.233.57.152:2181. Will not attempt to authenticate using SASL (unknown error) (org.apache.zookeeper.ClientCnxn)
[2020-10-26 20:46:41,016] INFO Socket connection established, initiating session, client: /10.233.122.2:50788, server: zookeeper/10.233.57.152:2181 (org.apache.zookeeper.ClientCnxn)
[2020-10-26 20:46:41,258] INFO Session establishment complete on server zookeeper/10.233.57.152:2181, sessionid = 0x300001a58cd0003, negotiated timeout = 3000 (org.apache.zookeeper.ClientCnxn)
[2020-10-26 20:47:05,181] INFO Unable to read additional data from server sessionid 0x300001a58cd0003, likely server has closed socket, closing socket connection and attempting reconnect (org.apache.zookeeper.ClientCnxn)
[2020-10-26 20:47:06,567] INFO Opening socket connection to server zookeeper/10.233.57.152:2181. Will not attempt to authenticate using SASL (unknown error) (org.apache.zookeeper.ClientCnxn)
[2020-10-26 20:47:06,645] INFO [ReplicaFetcher replicaId=3, leaderId=6, fetcherId=0] Error sending fetch request (sessionId=1544206760, epoch=24725) to node 6: {}. (org.apache.kafka.clients.FetchSessionHandler)
java.io.IOException: Connection to 6 was disconnected before the response was read
	at org.apache.kafka.clients.NetworkClientUtils.sendAndReceive(NetworkClientUtils.java:100)
	at kafka.server.ReplicaFetcherBlockingSend.sendRequest(ReplicaFetcherBlockingSend.scala:108)
	at kafka.server.ReplicaFetcherThread.fetchFromLeader(ReplicaFetcherThread.scala:206)
	at kafka.server.AbstractFetcherThread.processFetchRequest(AbstractFetcherThread.scala:300)
	at kafka.server.AbstractFetcherThread.$anonfun$maybeFetch$3(AbstractFetcherThread.scala:135)
	at kafka.server.AbstractFetcherThread.maybeFetch(AbstractFetcherThread.scala:134)
	at kafka.server.AbstractFetcherThread.doWork(AbstractFetcherThread.scala:117)
	at kafka.utils.ShutdownableThread.run(ShutdownableThread.scala:96)
[2020-10-26 20:47:06,646] WARN [ReplicaFetcher replicaId=3, leaderId=6, fetcherId=0] Error in response for fetch request (type=FetchRequest, replicaId=3, maxWait=500, minBytes=1, maxBytes=10485760, fetchData={t2-0=(fetchOffset=134060, logStartOffset=0, maxBytes=1048576, currentLeaderEpoch=Optional[1])}, isolationLevel=READ_UNCOMMITTED, toForget=, metadata=(sessionId=1544206760, epoch=24725), rackId=) (kafka.server.ReplicaFetcherThread)
java.io.IOException: Connection to 6 was disconnected before the response was read
	at org.apache.kafka.clients.NetworkClientUtils.sendAndReceive(NetworkClientUtils.java:100)
	at kafka.server.ReplicaFetcherBlockingSend.sendRequest(ReplicaFetcherBlockingSend.scala:108)
	at kafka.server.ReplicaFetcherThread.fetchFromLeader(ReplicaFetcherThread.scala:206)
	at kafka.server.AbstractFetcherThread.processFetchRequest(AbstractFetcherThread.scala:300)
	at kafka.server.AbstractFetcherThread.$anonfun$maybeFetch$3(AbstractFetcherThread.scala:135)
	at kafka.server.AbstractFetcherThread.maybeFetch(AbstractFetcherThread.scala:134)
	at kafka.server.AbstractFetcherThread.doWork(AbstractFetcherThread.scala:117)
	at kafka.utils.ShutdownableThread.run(ShutdownableThread.scala:96)
[2020-10-26 20:47:09,569] WARN Client session timed out, have not heard from server in 4287ms for sessionid 0x300001a58cd0003 (org.apache.zookeeper.ClientCnxn)
[2020-10-26 20:47:09,570] INFO Client session timed out, have not heard from server in 4287ms for sessionid 0x300001a58cd0003, closing socket connection and attempting reconnect (org.apache.zookeeper.ClientCnxn)
[2020-10-26 20:47:11,502] INFO [ReplicaFetcher replicaId=3, leaderId=4, fetcherId=1] Partition t5-0 has an older epoch (0) than the current leader. Will await the new LeaderAndIsr state before resuming fetching. (kafka.server.ReplicaFetcherThread)
[2020-10-26 20:47:11,503] WARN [ReplicaFetcher replicaId=3, leaderId=4, fetcherId=1] Partition t5-0 marked as failed (kafka.server.ReplicaFetcherThread)
[2020-10-26 20:47:11,555] INFO Opening socket connection to server zookeeper/10.233.57.152:2181. Will not attempt to authenticate using SASL (unknown error) (org.apache.zookeeper.ClientCnxn)
[2020-10-26 20:47:11,570] INFO Socket connection established, initiating session, client: /10.233.122.2:50922, server: zookeeper/10.233.57.152:2181 (org.apache.zookeeper.ClientCnxn)
[2020-10-26 20:47:11,688] INFO [ReplicaFetcher replicaId=3, leaderId=4, fetcherId=0] Partition t4-0 has an older epoch (0) than the current leader. Will await the new LeaderAndIsr state before resuming fetching. (kafka.server.ReplicaFetcherThread)
[2020-10-26 20:47:11,688] WARN [ReplicaFetcher replicaId=3, leaderId=4, fetcherId=0] Partition t4-0 marked as failed (kafka.server.ReplicaFetcherThread)
[2020-10-26 20:47:11,819] WARN Unable to reconnect to ZooKeeper service, session 0x300001a58cd0003 has expired (org.apache.zookeeper.ClientCnxn)
[2020-10-26 20:47:11,819] INFO Unable to reconnect to ZooKeeper service, session 0x300001a58cd0003 has expired, closing socket connection (org.apache.zookeeper.ClientCnxn)
[2020-10-26 20:47:11,821] INFO EventThread shut down for session: 0x300001a58cd0003 (org.apache.zookeeper.ClientCnxn)
[2020-10-26 20:47:11,832] INFO [ZooKeeperClient Kafka server] Session expired. (kafka.zookeeper.ZooKeeperClient)
[2020-10-26 20:47:11,841] INFO [ZooKeeperClient Kafka server] Initializing a new session to zookeeper:2181. (kafka.zookeeper.ZooKeeperClient)
[2020-10-26 20:47:11,842] INFO Initiating client connection, connectString=zookeeper:2181 sessionTimeout=5000 watcher=kafka.zookeeper.ZooKeeperClient$ZooKeeperClientWatcher$@a4add54 (org.apache.zookeeper.ZooKeeper)
[2020-10-26 20:47:11,843] INFO jute.maxbuffer value is 4194304 Bytes (org.apache.zookeeper.ClientCnxnSocket)
[2020-10-26 20:47:11,844] INFO zookeeper.request.timeout value is 0. feature enabled= (org.apache.zookeeper.ClientCnxn)
[2020-10-26 20:47:11,851] INFO Opening socket connection to server zookeeper/10.233.57.152:2181. Will not attempt to authenticate using SASL (unknown error) (org.apache.zookeeper.ClientCnxn)
[2020-10-26 20:47:11,853] INFO Creating /brokers/ids/3 (is it secure? false) (kafka.zk.KafkaZkClient)
[2020-10-26 20:47:11,865] INFO Socket connection established, initiating session, client: /10.233.122.2:50924, server: zookeeper/10.233.57.152:2181 (org.apache.zookeeper.ClientCnxn)
[2020-10-26 20:47:11,900] INFO Session establishment complete on server zookeeper/10.233.57.152:2181, sessionid = 0x20000291be30002, negotiated timeout = 3000 (org.apache.zookeeper.ClientCnxn)
[2020-10-26 20:47:11,939] INFO Stat of the created znode at /brokers/ids/3 is: 12884901952,12884901952,1603745231913,1603745231913,1,0,0,144115364637376514,295,0,12884901952
 (kafka.zk.KafkaZkClient)
[2020-10-26 20:47:11,939] INFO Registered broker 3 at path /brokers/ids/3 with addresses: ArrayBuffer(EndPoint(kafka-3.kafka.kafka.svc.cluster.local,9092,ListenerName(PLAINTEXT),PLAINTEXT), EndPoint(10.0.2.109,32403,ListenerName(OUTSIDE),PLAINTEXT)), czxid (broker epoch): 12884901952 (kafka.zk.KafkaZkClient)
[2020-10-26 20:47:12,092] INFO [ReplicaFetcherManager on broker 3] Removed fetcher for partitions Set(t2_filtered-0, t4-0, t5-0, t4_warnings-0) (kafka.server.ReplicaFetcherManager)
[2020-10-26 20:47:12,103] INFO [ReplicaFetcherManager on broker 3] Added fetcher to broker 4 for partitions Map(t4-0 -> (offset=135332, leaderEpoch=2), t2_filtered-0 -> (offset=135499, leaderEpoch=3), t4_warnings-0 -> (offset=2727, leaderEpoch=3)) (kafka.server.ReplicaFetcherManager)
[2020-10-26 20:47:12,106] INFO [ReplicaFetcherManager on broker 3] Added fetcher to broker 4 for partitions Map(t5-0 -> (offset=135101, leaderEpoch=2)) (kafka.server.ReplicaFetcherManager)
[2020-10-26 20:47:12,114] INFO [Log partition=t4-0, dir=/var/lib/kafka/data/topics] Truncating to 135332 has no effect as the largest offset in the log is 135331 (kafka.log.Log)
[2020-10-26 20:47:12,114] INFO [Log partition=t4_warnings-0, dir=/var/lib/kafka/data/topics] Truncating to 2727 has no effect as the largest offset in the log is 2726 (kafka.log.Log)
[2020-10-26 20:47:12,115] INFO [Log partition=t2_filtered-0, dir=/var/lib/kafka/data/topics] Truncating to offset 135499 (kafka.log.Log)
[2020-10-26 20:47:12,116] INFO [Log partition=t2_filtered-0, dir=/var/lib/kafka/data/topics] Scheduling segments for deletion List() (kafka.log.Log)
[2020-10-26 20:47:12,125] INFO [Log partition=t2_filtered-0, dir=/var/lib/kafka/data/topics] Loading producer state till offset 135499 with message format version 2 (kafka.log.Log)
[2020-10-26 20:47:12,126] INFO [ProducerStateManager partition=t2_filtered-0] Writing producer snapshot at offset 135499 (kafka.log.ProducerStateManager)
[2020-10-26 20:47:12,147] INFO [Log partition=t5-0, dir=/var/lib/kafka/data/topics] Truncating to 135101 has no effect as the largest offset in the log is 135100 (kafka.log.Log)
[2020-10-26 20:47:12,302] INFO [ReplicaFetcher replicaId=3, leaderId=0, fetcherId=1] Partition t5_warnings-0 has an older epoch (1) than the current leader. Will await the new LeaderAndIsr state before resuming fetching. (kafka.server.ReplicaFetcherThread)
[2020-10-26 20:47:12,302] WARN [ReplicaFetcher replicaId=3, leaderId=0, fetcherId=1] Partition t5_warnings-0 marked as failed (kafka.server.ReplicaFetcherThread)
[2020-10-26 20:47:12,349] INFO [ReplicaFetcherManager on broker 3] Removed fetcher for partitions Set(t1_warnings-0, t2-0, t2_warnings-0, t5_warnings-0, t6_warnings-0, t3_filtered-0) (kafka.server.ReplicaFetcherManager)
[2020-10-26 20:47:12,349] INFO [Partition t6_warnings-0 broker=3] t6_warnings-0 starts at leader epoch 4 from offset 2727 with high watermark 2727. Previous leader epoch was 0. (kafka.cluster.Partition)
[2020-10-26 20:47:12,351] INFO [Partition t3_filtered-0 broker=3] t3_filtered-0 starts at leader epoch 4 from offset 124089 with high watermark 124089. Previous leader epoch was 1. (kafka.cluster.Partition)
[2020-10-26 20:47:12,353] INFO [Partition t5_warnings-0 broker=3] t5_warnings-0 starts at leader epoch 4 from offset 2727 with high watermark 2727. Previous leader epoch was 1. (kafka.cluster.Partition)
[2020-10-26 20:47:12,355] INFO [Partition t2-0 broker=3] t2-0 starts at leader epoch 4 from offset 135860 with high watermark 135806. Previous leader epoch was 1. (kafka.cluster.Partition)
[2020-10-26 20:47:12,357] INFO [Partition t2_warnings-0 broker=3] t2_warnings-0 starts at leader epoch 4 from offset 2727 with high watermark 2727. Previous leader epoch was 0. (kafka.cluster.Partition)
[2020-10-26 20:47:12,359] INFO [Partition t1_warnings-0 broker=3] t1_warnings-0 starts at leader epoch 4 from offset 2424 with high watermark 2424. Previous leader epoch was 0. (kafka.cluster.Partition)
[2020-10-26 20:47:12,362] INFO [ReplicaFetcher replicaId=3, leaderId=1, fetcherId=0] Shutting down (kafka.server.ReplicaFetcherThread)
[2020-10-26 20:47:12,362] INFO [ReplicaFetcher replicaId=3, leaderId=1, fetcherId=0] Error sending fetch request (sessionId=232381274, epoch=2262) to node 1: {}. (org.apache.kafka.clients.FetchSessionHandler)
java.io.IOException: Client was shutdown before response was read
	at org.apache.kafka.clients.NetworkClientUtils.sendAndReceive(NetworkClientUtils.java:109)
	at kafka.server.ReplicaFetcherBlockingSend.sendRequest(ReplicaFetcherBlockingSend.scala:108)
	at kafka.server.ReplicaFetcherThread.fetchFromLeader(ReplicaFetcherThread.scala:206)
	at kafka.server.AbstractFetcherThread.processFetchRequest(AbstractFetcherThread.scala:300)
	at kafka.server.AbstractFetcherThread.$anonfun$maybeFetch$3(AbstractFetcherThread.scala:135)
	at kafka.server.AbstractFetcherThread.maybeFetch(AbstractFetcherThread.scala:134)
	at kafka.server.AbstractFetcherThread.doWork(AbstractFetcherThread.scala:117)
	at kafka.utils.ShutdownableThread.run(ShutdownableThread.scala:96)
[2020-10-26 20:47:12,363] INFO [ReplicaFetcher replicaId=3, leaderId=1, fetcherId=0] Stopped (kafka.server.ReplicaFetcherThread)
[2020-10-26 20:47:12,364] INFO [ReplicaFetcher replicaId=3, leaderId=1, fetcherId=0] Shutdown completed (kafka.server.ReplicaFetcherThread)
[2020-10-26 20:47:12,367] INFO [ReplicaFetcher replicaId=3, leaderId=0, fetcherId=1] Shutting down (kafka.server.ReplicaFetcherThread)
[2020-10-26 20:47:12,373] INFO [ReplicaFetcher replicaId=3, leaderId=0, fetcherId=1] Stopped (kafka.server.ReplicaFetcherThread)
[2020-10-26 20:47:12,373] INFO [ReplicaFetcher replicaId=3, leaderId=0, fetcherId=1] Shutdown completed (kafka.server.ReplicaFetcherThread)
[2020-10-26 20:47:12,375] INFO [ReplicaFetcher replicaId=3, leaderId=5, fetcherId=1] Shutting down (kafka.server.ReplicaFetcherThread)
[2020-10-26 20:47:12,382] INFO [ReplicaFetcher replicaId=3, leaderId=5, fetcherId=1] Error sending fetch request (sessionId=976553208, epoch=1902) to node 5: {}. (org.apache.kafka.clients.FetchSessionHandler)
java.io.IOException: Client was shutdown before response was read
	at org.apache.kafka.clients.NetworkClientUtils.sendAndReceive(NetworkClientUtils.java:109)
	at kafka.server.ReplicaFetcherBlockingSend.sendRequest(ReplicaFetcherBlockingSend.scala:108)
	at kafka.server.ReplicaFetcherThread.fetchFromLeader(ReplicaFetcherThread.scala:206)
	at kafka.server.AbstractFetcherThread.processFetchRequest(AbstractFetcherThread.scala:300)
	at kafka.server.AbstractFetcherThread.$anonfun$maybeFetch$3(AbstractFetcherThread.scala:135)
	at kafka.server.AbstractFetcherThread.maybeFetch(AbstractFetcherThread.scala:134)
	at kafka.server.AbstractFetcherThread.doWork(AbstractFetcherThread.scala:117)
	at kafka.utils.ShutdownableThread.run(ShutdownableThread.scala:96)
[2020-10-26 20:47:12,382] INFO [ReplicaFetcher replicaId=3, leaderId=5, fetcherId=1] Stopped (kafka.server.ReplicaFetcherThread)
[2020-10-26 20:47:12,383] INFO [ReplicaFetcher replicaId=3, leaderId=5, fetcherId=1] Shutdown completed (kafka.server.ReplicaFetcherThread)
[2020-10-26 20:47:12,389] INFO [ReplicaFetcher replicaId=3, leaderId=6, fetcherId=0] Shutting down (kafka.server.ReplicaFetcherThread)
[2020-10-26 20:47:12,390] INFO [ReplicaFetcher replicaId=3, leaderId=6, fetcherId=0] Error sending fetch request (sessionId=1138664442, epoch=45) to node 6: {}. (org.apache.kafka.clients.FetchSessionHandler)
java.io.IOException: Client was shutdown before response was read
	at org.apache.kafka.clients.NetworkClientUtils.sendAndReceive(NetworkClientUtils.java:109)
	at kafka.server.ReplicaFetcherBlockingSend.sendRequest(ReplicaFetcherBlockingSend.scala:108)
	at kafka.server.ReplicaFetcherThread.fetchFromLeader(ReplicaFetcherThread.scala:206)
	at kafka.server.AbstractFetcherThread.processFetchRequest(AbstractFetcherThread.scala:300)
	at kafka.server.AbstractFetcherThread.$anonfun$maybeFetch$3(AbstractFetcherThread.scala:135)
	at kafka.server.AbstractFetcherThread.maybeFetch(AbstractFetcherThread.scala:134)
	at kafka.server.AbstractFetcherThread.doWork(AbstractFetcherThread.scala:117)
	at kafka.utils.ShutdownableThread.run(ShutdownableThread.scala:96)
[2020-10-26 20:47:12,393] INFO [Partition t6_warnings-0 broker=3] Expanding ISR from 3 to 3,1 (kafka.cluster.Partition)
[2020-10-26 20:47:12,393] INFO [ReplicaFetcher replicaId=3, leaderId=6, fetcherId=0] Stopped (kafka.server.ReplicaFetcherThread)
[2020-10-26 20:47:12,400] INFO [ReplicaFetcher replicaId=3, leaderId=6, fetcherId=0] Shutdown completed (kafka.server.ReplicaFetcherThread)
[2020-10-26 20:47:12,445] INFO [Partition t6_warnings-0 broker=3] ISR updated to [3,1] and zkVersion updated to [5] (kafka.cluster.Partition)
[2020-10-26 20:47:12,445] INFO [Partition t2_warnings-0 broker=3] Expanding ISR from 3 to 3,1 (kafka.cluster.Partition)
[2020-10-26 20:47:12,681] INFO [Partition t1_warnings-0 broker=3] Expanding ISR from 3 to 3,5 (kafka.cluster.Partition)
[2020-10-26 20:47:12,722] INFO [Partition t2_warnings-0 broker=3] ISR updated to [3,1] and zkVersion updated to [5] (kafka.cluster.Partition)
[2020-10-26 20:47:12,733] INFO [Partition t1_warnings-0 broker=3] ISR updated to [3,5] and zkVersion updated to [5] (kafka.cluster.Partition)
[2020-10-26 20:47:12,789] INFO [Partition t3_filtered-0 broker=3] Expanding ISR from 3 to 3,0 (kafka.cluster.Partition)
[2020-10-26 20:47:12,823] INFO [Partition t3_filtered-0 broker=3] ISR updated to [3,0] and zkVersion updated to [5] (kafka.cluster.Partition)
[2020-10-26 20:47:12,824] INFO [Partition t5_warnings-0 broker=3] Expanding ISR from 3 to 3,0 (kafka.cluster.Partition)
[2020-10-26 20:47:13,086] INFO [Partition t5_warnings-0 broker=3] ISR updated to [3,0] and zkVersion updated to [5] (kafka.cluster.Partition)
[2020-10-26 20:47:13,087] INFO [Partition t1_warnings-0 broker=3] Expanding ISR from 3,5 to 3,5,0 (kafka.cluster.Partition)
[2020-10-26 20:47:13,138] INFO [Partition t1_warnings-0 broker=3] ISR updated to [3,5,0] and zkVersion updated to [6] (kafka.cluster.Partition)
[2020-10-26 20:47:13,574] INFO [Partition t6_warnings-0 broker=3] Expanding ISR from 3,1 to 3,1,0 (kafka.cluster.Partition)
[2020-10-26 20:47:13,612] INFO [Partition t6_warnings-0 broker=3] ISR updated to [3,1,0] and zkVersion updated to [6] (kafka.cluster.Partition)
[2020-10-26 20:47:13,612] INFO [Partition t2_warnings-0 broker=3] Expanding ISR from 3,1 to 3,1,0 (kafka.cluster.Partition)
[2020-10-26 20:47:13,617] ERROR [ReplicaManager broker=3] Error processing append operation on partition t2-0 (kafka.server.ReplicaManager)
org.apache.kafka.common.errors.NotEnoughReplicasException: The size of the current ISR Set(3) is insufficient to satisfy the min.isr requirement of 2 for partition t2-0
[2020-10-26 20:47:13,643] ERROR [ReplicaManager broker=3] Error processing append operation on partition t2-0 (kafka.server.ReplicaManager)
org.apache.kafka.common.errors.NotEnoughReplicasException: The size of the current ISR Set(3) is insufficient to satisfy the min.isr requirement of 2 for partition t2-0
[2020-10-26 20:47:13,658] INFO [Partition t2_warnings-0 broker=3] ISR updated to [3,1,0] and zkVersion updated to [6] (kafka.cluster.Partition)
[2020-10-26 20:47:13,671] ERROR [ReplicaManager broker=3] Error processing append operation on partition t2-0 (kafka.server.ReplicaManager)
org.apache.kafka.common.errors.NotEnoughReplicasException: The size of the current ISR Set(3) is insufficient to satisfy the min.isr requirement of 2 for partition t2-0
[2020-10-26 20:47:13,695] ERROR [ReplicaManager broker=3] Error processing append operation on partition t2-0 (kafka.server.ReplicaManager)
org.apache.kafka.common.errors.NotEnoughReplicasException: The size of the current ISR Set(3) is insufficient to satisfy the min.isr requirement of 2 for partition t2-0
[2020-10-26 20:47:13,723] ERROR [ReplicaManager broker=3] Error processing append operation on partition t2-0 (kafka.server.ReplicaManager)
org.apache.kafka.common.errors.NotEnoughReplicasException: The size of the current ISR Set(3) is insufficient to satisfy the min.isr requirement of 2 for partition t2-0
[2020-10-26 20:47:13,742] INFO [Partition t2-0 broker=3] Expanding ISR from 3 to 3,6 (kafka.cluster.Partition)
[2020-10-26 20:47:13,821] INFO [Partition t2-0 broker=3] ISR updated to [3,6] and zkVersion updated to [5] (kafka.cluster.Partition)
[2020-10-26 20:47:16,800] INFO [ReplicaFetcherManager on broker 3] Removed fetcher for partitions Set(t5_warnings-0) (kafka.server.ReplicaFetcherManager)
[2020-10-26 20:47:16,802] INFO [ReplicaFetcherManager on broker 3] Added fetcher to broker 0 for partitions Map(t5_warnings-0 -> (offset=2727, leaderEpoch=5)) (kafka.server.ReplicaFetcherManager)
[2020-10-26 20:47:16,803] INFO [ReplicaFetcher replicaId=3, leaderId=0, fetcherId=1] Starting (kafka.server.ReplicaFetcherThread)
[2020-10-26 20:47:16,846] INFO [Log partition=t5_warnings-0, dir=/var/lib/kafka/data/topics] Truncating to 2727 has no effect as the largest offset in the log is 2726 (kafka.log.Log)
[2020-10-26 20:47:16,847] INFO [ReplicaFetcherManager on broker 3] Removed fetcher for partitions Set(t1_warnings-0) (kafka.server.ReplicaFetcherManager)
[2020-10-26 20:47:16,851] INFO [ReplicaFetcherManager on broker 3] Added fetcher to broker 5 for partitions Map(t1_warnings-0 -> (offset=2424, leaderEpoch=5)) (kafka.server.ReplicaFetcherManager)
[2020-10-26 20:47:16,864] INFO [ReplicaFetcher replicaId=3, leaderId=5, fetcherId=1] Starting (kafka.server.ReplicaFetcherThread)
[2020-10-26 20:47:16,909] INFO [ReplicaFetcherManager on broker 3] Removed fetcher for partitions Set(t6_warnings-0, t2_warnings-0) (kafka.server.ReplicaFetcherManager)
[2020-10-26 20:47:16,918] INFO [Log partition=t1_warnings-0, dir=/var/lib/kafka/data/topics] Truncating to 2424 has no effect as the largest offset in the log is 2423 (kafka.log.Log)
[2020-10-26 20:47:16,924] INFO [ReplicaFetcherManager on broker 3] Added fetcher to broker 1 for partitions Map(t6_warnings-0 -> (offset=2727, leaderEpoch=5), t2_warnings-0 -> (offset=2727, leaderEpoch=5)) (kafka.server.ReplicaFetcherManager)
[2020-10-26 20:47:16,927] INFO [ReplicaFetcher replicaId=3, leaderId=1, fetcherId=0] Starting (kafka.server.ReplicaFetcherThread)
[2020-10-26 20:47:16,952] INFO [ReplicaFetcherManager on broker 3] Removed fetcher for partitions Set(t2-0) (kafka.server.ReplicaFetcherManager)
[2020-10-26 20:47:16,964] INFO [Log partition=t6_warnings-0, dir=/var/lib/kafka/data/topics] Truncating to 2727 has no effect as the largest offset in the log is 2726 (kafka.log.Log)
[2020-10-26 20:47:16,964] INFO [Log partition=t2_warnings-0, dir=/var/lib/kafka/data/topics] Truncating to 2727 has no effect as the largest offset in the log is 2726 (kafka.log.Log)
[2020-10-26 20:47:16,972] INFO [ReplicaFetcherManager on broker 3] Added fetcher to broker 6 for partitions Map(t2-0 -> (offset=136754, leaderEpoch=5)) (kafka.server.ReplicaFetcherManager)
[2020-10-26 20:47:16,977] INFO [ReplicaFetcher replicaId=3, leaderId=6, fetcherId=0] Starting (kafka.server.ReplicaFetcherThread)
[2020-10-26 20:47:17,026] INFO [ReplicaFetcher replicaId=3, leaderId=6, fetcherId=0] Retrying leaderEpoch request for partition t2-0 as the leader reported an error: UNKNOWN_LEADER_EPOCH (kafka.server.ReplicaFetcherThread)
[2020-10-26 20:47:17,031] INFO [ReplicaFetcherManager on broker 3] Removed fetcher for partitions Set(t2_filtered-0, t4_warnings-0) (kafka.server.ReplicaFetcherManager)
[2020-10-26 20:47:17,032] INFO [Partition t2_filtered-0 broker=3] t2_filtered-0 starts at leader epoch 4 from offset 136568 with high watermark 136568. Previous leader epoch was 3. (kafka.cluster.Partition)
[2020-10-26 20:47:17,034] INFO [Partition t4_warnings-0 broker=3] t4_warnings-0 starts at leader epoch 4 from offset 2727 with high watermark 2727. Previous leader epoch was 3. (kafka.cluster.Partition)
[2020-10-26 20:47:18,047] INFO [Log partition=t2-0, dir=/var/lib/kafka/data/topics] Truncating to offset 136754 (kafka.log.Log)
[2020-10-26 20:47:18,048] INFO [Log partition=t2-0, dir=/var/lib/kafka/data/topics] Scheduling segments for deletion List() (kafka.log.Log)
[2020-10-26 20:47:18,049] INFO [Log partition=t2-0, dir=/var/lib/kafka/data/topics] Loading producer state till offset 136754 with message format version 2 (kafka.log.Log)
[2020-10-26 20:47:18,050] INFO [ProducerStateManager partition=t2-0] Writing producer snapshot at offset 136754 (kafka.log.ProducerStateManager)
[2020-10-26 20:48:08,050] INFO Unable to read additional data from server sessionid 0x20000291be30002, likely server has closed socket, closing socket connection and attempting reconnect (org.apache.zookeeper.ClientCnxn)
[2020-10-26 20:48:10,170] INFO Opening socket connection to server zookeeper/10.233.57.152:2181. Will not attempt to authenticate using SASL (unknown error) (org.apache.zookeeper.ClientCnxn)
[2020-10-26 20:48:10,185] INFO Socket connection established, initiating session, client: /10.233.122.2:51212, server: zookeeper/10.233.57.152:2181 (org.apache.zookeeper.ClientCnxn)
[2020-10-26 20:48:10,200] INFO Session establishment complete on server zookeeper/10.233.57.152:2181, sessionid = 0x20000291be30002, negotiated timeout = 3000 (org.apache.zookeeper.ClientCnxn)
[2020-10-26 20:48:12,118] INFO [Log partition=t2_filtered-0, dir=/var/lib/kafka/data/topics] Deleting segments List() (kafka.log.Log)
[2020-10-26 20:48:18,048] INFO [Log partition=t2-0, dir=/var/lib/kafka/data/topics] Deleting segments List() (kafka.log.Log)
[2020-10-26 20:48:38,331] INFO Unable to read additional data from server sessionid 0x20000291be30002, likely server has closed socket, closing socket connection and attempting reconnect (org.apache.zookeeper.ClientCnxn)
[2020-10-26 20:48:39,794] INFO Opening socket connection to server zookeeper/10.233.57.152:2181. Will not attempt to authenticate using SASL (unknown error) (org.apache.zookeeper.ClientCnxn)
[2020-10-26 20:48:39,808] INFO Socket connection established, initiating session, client: /10.233.122.2:51400, server: zookeeper/10.233.57.152:2181 (org.apache.zookeeper.ClientCnxn)
[2020-10-26 20:48:39,827] INFO Unable to read additional data from server sessionid 0x20000291be30002, likely server has closed socket, closing socket connection and attempting reconnect (org.apache.zookeeper.ClientCnxn)
[2020-10-26 20:48:41,349] INFO Opening socket connection to server zookeeper/10.233.57.152:2181. Will not attempt to authenticate using SASL (unknown error) (org.apache.zookeeper.ClientCnxn)
[2020-10-26 20:48:41,363] INFO Socket connection established, initiating session, client: /10.233.122.2:51406, server: zookeeper/10.233.57.152:2181 (org.apache.zookeeper.ClientCnxn)
[2020-10-26 20:48:41,378] INFO Unable to read additional data from server sessionid 0x20000291be30002, likely server has closed socket, closing socket connection and attempting reconnect (org.apache.zookeeper.ClientCnxn)
[2020-10-26 20:48:43,174] INFO Opening socket connection to server zookeeper/10.233.57.152:2181. Will not attempt to authenticate using SASL (unknown error) (org.apache.zookeeper.ClientCnxn)
[2020-10-26 20:48:43,189] INFO Socket connection established, initiating session, client: /10.233.122.2:51414, server: zookeeper/10.233.57.152:2181 (org.apache.zookeeper.ClientCnxn)
[2020-10-26 20:48:43,204] INFO Unable to read additional data from server sessionid 0x20000291be30002, likely server has closed socket, closing socket connection and attempting reconnect (org.apache.zookeeper.ClientCnxn)
[2020-10-26 20:48:44,358] INFO Opening socket connection to server zookeeper/10.233.57.152:2181. Will not attempt to authenticate using SASL (unknown error) (org.apache.zookeeper.ClientCnxn)
[2020-10-26 20:48:44,374] INFO Socket connection established, initiating session, client: /10.233.122.2:51420, server: zookeeper/10.233.57.152:2181 (org.apache.zookeeper.ClientCnxn)
[2020-10-26 20:48:44,391] INFO Unable to read additional data from server sessionid 0x20000291be30002, likely server has closed socket, closing socket connection and attempting reconnect (org.apache.zookeeper.ClientCnxn)
[2020-10-26 20:48:45,833] INFO Opening socket connection to server zookeeper/10.233.57.152:2181. Will not attempt to authenticate using SASL (unknown error) (org.apache.zookeeper.ClientCnxn)
[2020-10-26 20:48:45,848] INFO Socket connection established, initiating session, client: /10.233.122.2:51434, server: zookeeper/10.233.57.152:2181 (org.apache.zookeeper.ClientCnxn)
[2020-10-26 20:48:45,863] INFO Unable to read additional data from server sessionid 0x20000291be30002, likely server has closed socket, closing socket connection and attempting reconnect (org.apache.zookeeper.ClientCnxn)
[2020-10-26 20:48:47,876] INFO Opening socket connection to server zookeeper/10.233.57.152:2181. Will not attempt to authenticate using SASL (unknown error) (org.apache.zookeeper.ClientCnxn)
[2020-10-26 20:48:47,890] INFO Socket connection established, initiating session, client: /10.233.122.2:51472, server: zookeeper/10.233.57.152:2181 (org.apache.zookeeper.ClientCnxn)
[2020-10-26 20:48:47,906] INFO Session establishment complete on server zookeeper/10.233.57.152:2181, sessionid = 0x20000291be30002, negotiated timeout = 3000 (org.apache.zookeeper.ClientCnxn)
[2020-10-26 20:48:50,574] INFO [ReplicaFetcherManager on broker 3] Removed fetcher for partitions Set(t6_warnings-0, t2_warnings-0) (kafka.server.ReplicaFetcherManager)
[2020-10-26 20:48:50,574] INFO [Partition t6_warnings-0 broker=3] t6_warnings-0 starts at leader epoch 6 from offset 3076 with high watermark 3031. Previous leader epoch was 5. (kafka.cluster.Partition)
[2020-10-26 20:48:50,577] INFO [Partition t2_warnings-0 broker=3] t2_warnings-0 starts at leader epoch 6 from offset 3030 with high watermark 3030. Previous leader epoch was 5. (kafka.cluster.Partition)
[2020-10-26 20:48:50,579] INFO [ReplicaFetcher replicaId=3, leaderId=1, fetcherId=0] Shutting down (kafka.server.ReplicaFetcherThread)
[2020-10-26 20:48:50,580] INFO [ReplicaFetcher replicaId=3, leaderId=1, fetcherId=0] Error sending fetch request (sessionId=54047156, epoch=205) to node 1: {}. (org.apache.kafka.clients.FetchSessionHandler)
java.io.IOException: Client was shutdown before response was read
	at org.apache.kafka.clients.NetworkClientUtils.sendAndReceive(NetworkClientUtils.java:109)
	at kafka.server.ReplicaFetcherBlockingSend.sendRequest(ReplicaFetcherBlockingSend.scala:108)
	at kafka.server.ReplicaFetcherThread.fetchFromLeader(ReplicaFetcherThread.scala:206)
	at kafka.server.AbstractFetcherThread.processFetchRequest(AbstractFetcherThread.scala:300)
	at kafka.server.AbstractFetcherThread.$anonfun$maybeFetch$3(AbstractFetcherThread.scala:135)
	at kafka.server.AbstractFetcherThread.maybeFetch(AbstractFetcherThread.scala:134)
	at kafka.server.AbstractFetcherThread.doWork(AbstractFetcherThread.scala:117)
	at kafka.utils.ShutdownableThread.run(ShutdownableThread.scala:96)
[2020-10-26 20:48:50,582] INFO [ReplicaFetcher replicaId=3, leaderId=1, fetcherId=0] Stopped (kafka.server.ReplicaFetcherThread)
[2020-10-26 20:48:50,585] INFO [ReplicaFetcher replicaId=3, leaderId=1, fetcherId=0] Shutdown completed (kafka.server.ReplicaFetcherThread)
[2020-10-26 20:48:50,638] INFO [ReplicaFetcherManager on broker 3] Removed fetcher for partitions Set(t4_warnings-0) (kafka.server.ReplicaFetcherManager)
[2020-10-26 20:48:50,639] INFO [Partition t4_warnings-0 broker=3] t4_warnings-0 starts at leader epoch 5 from offset 3121 with high watermark 3036. Previous leader epoch was 4. (kafka.cluster.Partition)
[2020-10-26 20:48:51,152] INFO [Partition t6_warnings-0 broker=3] Expanding ISR from 3,0 to 3,0,1 (kafka.cluster.Partition)
[2020-10-26 20:48:51,185] INFO [Partition t6_warnings-0 broker=3] ISR updated to [3,0,1] and zkVersion updated to [9] (kafka.cluster.Partition)
[2020-10-26 20:48:51,185] INFO [Partition t4_warnings-0 broker=3] Expanding ISR from 4,3 to 4,3,1 (kafka.cluster.Partition)
[2020-10-26 20:48:51,209] INFO [Partition t4_warnings-0 broker=3] ISR updated to [4,3,1] and zkVersion updated to [8] (kafka.cluster.Partition)
[2020-10-26 20:48:51,210] INFO [Partition t2_warnings-0 broker=3] Expanding ISR from 3,0 to 3,0,1 (kafka.cluster.Partition)
[2020-10-26 20:48:51,236] INFO [Partition t2_warnings-0 broker=3] ISR updated to [3,0,1] and zkVersion updated to [9] (kafka.cluster.Partition)
[2020-10-26 20:48:53,787] INFO Unable to read additional data from server sessionid 0x20000291be30002, likely server has closed socket, closing socket connection and attempting reconnect (org.apache.zookeeper.ClientCnxn)
[2020-10-26 20:48:53,889] INFO [ZooKeeperClient Kafka server] Waiting until connected. (kafka.zookeeper.ZooKeeperClient)
[2020-10-26 20:48:53,889] INFO [ZooKeeperClient Kafka server] Connected. (kafka.zookeeper.ZooKeeperClient)
[2020-10-26 20:48:54,997] INFO Opening socket connection to server zookeeper/10.233.57.152:2181. Will not attempt to authenticate using SASL (unknown error) (org.apache.zookeeper.ClientCnxn)
[2020-10-26 20:48:55,011] INFO Socket connection established, initiating session, client: /10.233.122.2:51510, server: zookeeper/10.233.57.152:2181 (org.apache.zookeeper.ClientCnxn)
[2020-10-26 20:48:55,035] INFO Session establishment complete on server zookeeper/10.233.57.152:2181, sessionid = 0x20000291be30002, negotiated timeout = 3000 (org.apache.zookeeper.ClientCnxn)
[2020-10-26 20:49:14,265] INFO Unable to read additional data from server sessionid 0x20000291be30002, likely server has closed socket, closing socket connection and attempting reconnect (org.apache.zookeeper.ClientCnxn)
[2020-10-26 20:49:16,599] INFO Opening socket connection to server zookeeper/10.233.57.152:2181. Will not attempt to authenticate using SASL (unknown error) (org.apache.zookeeper.ClientCnxn)
[2020-10-26 20:49:16,614] INFO Socket connection established, initiating session, client: /10.233.122.2:51668, server: zookeeper/10.233.57.152:2181 (org.apache.zookeeper.ClientCnxn)
[2020-10-26 20:49:16,855] INFO Session establishment complete on server zookeeper/10.233.57.152:2181, sessionid = 0x20000291be30002, negotiated timeout = 3000 (org.apache.zookeeper.ClientCnxn)
[2020-10-26 20:51:11,547] INFO [GroupMetadataManager brokerId=3] Removed 0 expired offsets in 0 milliseconds. (kafka.coordinator.group.GroupMetadataManager)
[2020-10-26 20:51:46,906] INFO [Partition t3_filtered-0 broker=3] Expanding ISR from 3,0 to 3,0,2 (kafka.cluster.Partition)
[2020-10-26 20:51:46,925] INFO [Partition t3_filtered-0 broker=3] ISR updated to [3,0,2] and zkVersion updated to [6] (kafka.cluster.Partition)
[2020-10-26 20:52:17,093] INFO [ReplicaFetcherManager on broker 3] Removed fetcher for partitions Set(t6_warnings-0, t2_warnings-0) (kafka.server.ReplicaFetcherManager)
[2020-10-26 20:52:17,096] INFO [ReplicaFetcherManager on broker 3] Added fetcher to broker 1 for partitions Map(t6_warnings-0 -> (offset=4002, leaderEpoch=7), t2_warnings-0 -> (offset=4021, leaderEpoch=7)) (kafka.server.ReplicaFetcherManager)
[2020-10-26 20:52:17,097] INFO [ReplicaFetcher replicaId=3, leaderId=1, fetcherId=0] Starting (kafka.server.ReplicaFetcherThread)
[2020-10-26 20:52:17,124] INFO [Log partition=t6_warnings-0, dir=/var/lib/kafka/data/topics] Truncating to 4002 has no effect as the largest offset in the log is 4001 (kafka.log.Log)
[2020-10-26 20:52:17,125] INFO [Log partition=t2_warnings-0, dir=/var/lib/kafka/data/topics] Truncating to 4021 has no effect as the largest offset in the log is 4020 (kafka.log.Log)
[2020-10-26 20:56:08,663] INFO Unable to read additional data from server sessionid 0x20000291be30002, likely server has closed socket, closing socket connection and attempting reconnect (org.apache.zookeeper.ClientCnxn)
[2020-10-26 20:56:09,811] INFO Opening socket connection to server zookeeper/10.233.57.152:2181. Will not attempt to authenticate using SASL (unknown error) (org.apache.zookeeper.ClientCnxn)
[2020-10-26 20:56:09,820] INFO Socket connection established, initiating session, client: /10.233.122.2:53728, server: zookeeper/10.233.57.152:2181 (org.apache.zookeeper.ClientCnxn)
[2020-10-26 20:56:09,831] INFO Unable to read additional data from server sessionid 0x20000291be30002, likely server has closed socket, closing socket connection and attempting reconnect (org.apache.zookeeper.ClientCnxn)
[2020-10-26 20:56:11,827] INFO Opening socket connection to server zookeeper/10.233.57.152:2181. Will not attempt to authenticate using SASL (unknown error) (org.apache.zookeeper.ClientCnxn)
[2020-10-26 20:56:11,831] INFO Socket connection established, initiating session, client: /10.233.122.2:53734, server: zookeeper/10.233.57.152:2181 (org.apache.zookeeper.ClientCnxn)
[2020-10-26 20:56:11,836] INFO Unable to read additional data from server sessionid 0x20000291be30002, likely server has closed socket, closing socket connection and attempting reconnect (org.apache.zookeeper.ClientCnxn)
[2020-10-26 20:56:13,712] INFO Opening socket connection to server zookeeper/10.233.57.152:2181. Will not attempt to authenticate using SASL (unknown error) (org.apache.zookeeper.ClientCnxn)
[2020-10-26 20:56:13,724] INFO Socket connection established, initiating session, client: /10.233.122.2:53742, server: zookeeper/10.233.57.152:2181 (org.apache.zookeeper.ClientCnxn)
[2020-10-26 20:56:13,736] INFO Unable to read additional data from server sessionid 0x20000291be30002, likely server has closed socket, closing socket connection and attempting reconnect (org.apache.zookeeper.ClientCnxn)
[2020-10-26 20:56:15,459] INFO Opening socket connection to server zookeeper/10.233.57.152:2181. Will not attempt to authenticate using SASL (unknown error) (org.apache.zookeeper.ClientCnxn)
[2020-10-26 20:56:15,464] INFO Socket connection established, initiating session, client: /10.233.122.2:53748, server: zookeeper/10.233.57.152:2181 (org.apache.zookeeper.ClientCnxn)
[2020-10-26 20:56:15,472] INFO Unable to read additional data from server sessionid 0x20000291be30002, likely server has closed socket, closing socket connection and attempting reconnect (org.apache.zookeeper.ClientCnxn)
[2020-10-26 20:56:17,427] INFO Opening socket connection to server zookeeper/10.233.57.152:2181. Will not attempt to authenticate using SASL (unknown error) (org.apache.zookeeper.ClientCnxn)
[2020-10-26 20:56:17,435] INFO Socket connection established, initiating session, client: /10.233.122.2:53760, server: zookeeper/10.233.57.152:2181 (org.apache.zookeeper.ClientCnxn)
[2020-10-26 20:56:17,453] INFO Session establishment complete on server zookeeper/10.233.57.152:2181, sessionid = 0x20000291be30002, negotiated timeout = 3000 (org.apache.zookeeper.ClientCnxn)
[2020-10-26 20:57:19,600] INFO Unable to read additional data from server sessionid 0x20000291be30002, likely server has closed socket, closing socket connection and attempting reconnect (org.apache.zookeeper.ClientCnxn)
[2020-10-26 20:57:21,133] INFO Opening socket connection to server zookeeper/10.233.57.152:2181. Will not attempt to authenticate using SASL (unknown error) (org.apache.zookeeper.ClientCnxn)
[2020-10-26 20:57:21,141] INFO Socket connection established, initiating session, client: /10.233.122.2:54002, server: zookeeper/10.233.57.152:2181 (org.apache.zookeeper.ClientCnxn)
[2020-10-26 20:57:21,372] INFO Session establishment complete on server zookeeper/10.233.57.152:2181, sessionid = 0x20000291be30002, negotiated timeout = 3000 (org.apache.zookeeper.ClientCnxn)
[2020-10-26 20:57:21,697] INFO [ReplicaFetcherManager on broker 3] Removed fetcher for partitions Set(t6_warnings-0, t2_warnings-0) (kafka.server.ReplicaFetcherManager)
[2020-10-26 20:57:21,697] INFO [Partition t6_warnings-0 broker=3] t6_warnings-0 starts at leader epoch 8 from offset 4810 with high watermark 4810. Previous leader epoch was 7. (kafka.cluster.Partition)
[2020-10-26 20:57:21,706] INFO [Partition t2_warnings-0 broker=3] t2_warnings-0 starts at leader epoch 8 from offset 4829 with high watermark 4829. Previous leader epoch was 7. (kafka.cluster.Partition)
[2020-10-26 20:57:21,708] INFO [ReplicaFetcher replicaId=3, leaderId=1, fetcherId=0] Shutting down (kafka.server.ReplicaFetcherThread)
[2020-10-26 20:57:21,710] INFO [ReplicaFetcher replicaId=3, leaderId=1, fetcherId=0] Error sending fetch request (sessionId=179521161, epoch=791) to node 1: {}. (org.apache.kafka.clients.FetchSessionHandler)
java.io.IOException: Client was shutdown before response was read
	at org.apache.kafka.clients.NetworkClientUtils.sendAndReceive(NetworkClientUtils.java:109)
	at kafka.server.ReplicaFetcherBlockingSend.sendRequest(ReplicaFetcherBlockingSend.scala:108)
	at kafka.server.ReplicaFetcherThread.fetchFromLeader(ReplicaFetcherThread.scala:206)
	at kafka.server.AbstractFetcherThread.processFetchRequest(AbstractFetcherThread.scala:300)
	at kafka.server.AbstractFetcherThread.$anonfun$maybeFetch$3(AbstractFetcherThread.scala:135)
	at kafka.server.AbstractFetcherThread.maybeFetch(AbstractFetcherThread.scala:134)
	at kafka.server.AbstractFetcherThread.doWork(AbstractFetcherThread.scala:117)
	at kafka.utils.ShutdownableThread.run(ShutdownableThread.scala:96)
[2020-10-26 20:57:21,710] INFO [ReplicaFetcher replicaId=3, leaderId=1, fetcherId=0] Stopped (kafka.server.ReplicaFetcherThread)
[2020-10-26 20:57:21,711] INFO [ReplicaFetcher replicaId=3, leaderId=1, fetcherId=0] Shutdown completed (kafka.server.ReplicaFetcherThread)
[2020-10-26 20:57:21,781] INFO [ReplicaFetcherManager on broker 3] Removed fetcher for partitions Set(t4_warnings-0) (kafka.server.ReplicaFetcherManager)
[2020-10-26 20:57:21,781] INFO [Partition t4_warnings-0 broker=3] t4_warnings-0 starts at leader epoch 6 from offset 4780 with high watermark 4780. Previous leader epoch was 5. (kafka.cluster.Partition)
[2020-10-26 20:57:21,879] INFO [Partition t6_warnings-0 broker=3] Expanding ISR from 3,0 to 3,0,1 (kafka.cluster.Partition)
[2020-10-26 20:57:21,903] INFO [Partition t6_warnings-0 broker=3] ISR updated to [3,0,1] and zkVersion updated to [12] (kafka.cluster.Partition)
[2020-10-26 20:57:21,903] INFO [Partition t4_warnings-0 broker=3] Expanding ISR from 4,3 to 4,3,1 (kafka.cluster.Partition)
[2020-10-26 20:57:21,921] INFO [Partition t4_warnings-0 broker=3] ISR updated to [4,3,1] and zkVersion updated to [10] (kafka.cluster.Partition)
[2020-10-26 20:57:21,921] INFO [Partition t2_warnings-0 broker=3] Expanding ISR from 3,0 to 3,0,1 (kafka.cluster.Partition)
[2020-10-26 20:57:21,941] INFO [Partition t2_warnings-0 broker=3] ISR updated to [3,0,1] and zkVersion updated to [12] (kafka.cluster.Partition)
[2020-10-26 21:01:11,547] INFO [GroupMetadataManager brokerId=3] Removed 0 expired offsets in 0 milliseconds. (kafka.coordinator.group.GroupMetadataManager)
