[2020-10-27 09:09:08,828] INFO Reading configuration from: /etc/kafka/zookeeper.properties.scale-3.zoo-2 (org.apache.zookeeper.server.quorum.QuorumPeerConfig)
[2020-10-27 09:09:08,886] INFO clientPortAddress is 0.0.0.0:2181 (org.apache.zookeeper.server.quorum.QuorumPeerConfig)
[2020-10-27 09:09:08,886] INFO secureClientPort is not set (org.apache.zookeeper.server.quorum.QuorumPeerConfig)
[2020-10-27 09:09:09,048] INFO autopurge.snapRetainCount set to 3 (org.apache.zookeeper.server.DatadirCleanupManager)
[2020-10-27 09:09:09,048] INFO autopurge.purgeInterval set to 0 (org.apache.zookeeper.server.DatadirCleanupManager)
[2020-10-27 09:09:09,048] INFO Purge task is not scheduled. (org.apache.zookeeper.server.DatadirCleanupManager)
[2020-10-27 09:09:09,064] INFO Log4j 1.2 jmx support found and enabled. (org.apache.zookeeper.jmx.ManagedUtil)
[2020-10-27 09:09:09,300] INFO Starting quorum peer (org.apache.zookeeper.server.quorum.QuorumPeerMain)
[2020-10-27 09:09:09,312] INFO Using org.apache.zookeeper.server.NIOServerCnxnFactory as server connection factory (org.apache.zookeeper.server.ServerCnxnFactory)
[2020-10-27 09:09:09,315] INFO Configuring NIO connection handler with 10s sessionless connection timeout, 1 selector thread(s), 2 worker threads, and 64 kB direct buffers. (org.apache.zookeeper.server.NIOServerCnxnFactory)
[2020-10-27 09:09:09,323] INFO binding to port 0.0.0.0/0.0.0.0:2181 (org.apache.zookeeper.server.NIOServerCnxnFactory)
[2020-10-27 09:09:09,356] INFO Logging initialized @1281ms to org.eclipse.jetty.util.log.Slf4jLog (org.eclipse.jetty.util.log)
[2020-10-27 09:09:09,482] WARN o.e.j.s.ServletContextHandler@4efac082{/,null,UNAVAILABLE} contextPath ends with /* (org.eclipse.jetty.server.handler.ContextHandler)
[2020-10-27 09:09:09,482] WARN Empty contextPath (org.eclipse.jetty.server.handler.ContextHandler)
[2020-10-27 09:09:09,515] INFO Setting -D jdk.tls.rejectClientInitiatedRenegotiation=true to disable client-initiated TLS renegotiation (org.apache.zookeeper.common.X509Util)
[2020-10-27 09:09:09,517] INFO zookeeper.snapshot.trust.empty : false (org.apache.zookeeper.server.persistence.FileTxnSnapLog)
[2020-10-27 09:09:09,521] INFO Local sessions disabled (org.apache.zookeeper.server.quorum.QuorumPeer)
[2020-10-27 09:09:09,521] INFO Local session upgrading disabled (org.apache.zookeeper.server.quorum.QuorumPeer)
[2020-10-27 09:09:09,521] INFO tickTime set to 130 (org.apache.zookeeper.server.quorum.QuorumPeer)
[2020-10-27 09:09:09,521] INFO minSessionTimeout set to 260 (org.apache.zookeeper.server.quorum.QuorumPeer)
[2020-10-27 09:09:09,521] INFO maxSessionTimeout set to 3000 (org.apache.zookeeper.server.quorum.QuorumPeer)
[2020-10-27 09:09:09,521] INFO initLimit set to 5 (org.apache.zookeeper.server.quorum.QuorumPeer)
[2020-10-27 09:09:09,534] INFO zookeeper.snapshotSizeFactor = 0.33 (org.apache.zookeeper.server.ZKDatabase)
[2020-10-27 09:09:09,536] INFO Using insecure (non-TLS) quorum communication (org.apache.zookeeper.server.quorum.QuorumPeer)
[2020-10-27 09:09:09,536] INFO Port unification disabled (org.apache.zookeeper.server.quorum.QuorumPeer)
[2020-10-27 09:09:09,536] INFO QuorumPeer communication is not secured! (SASL auth disabled) (org.apache.zookeeper.server.quorum.QuorumPeer)
[2020-10-27 09:09:09,536] INFO quorum.cnxn.threads.size set to 20 (org.apache.zookeeper.server.quorum.QuorumPeer)
[2020-10-27 09:09:09,542] INFO Snapshotting: 0x0 to /var/lib/zookeeper/data/version-2/snapshot.0 (org.apache.zookeeper.server.persistence.FileTxnSnapLog)
[2020-10-27 09:09:09,547] INFO currentEpoch not found! Creating with a reasonable default of 0. This should only happen when you are upgrading your installation (org.apache.zookeeper.server.quorum.QuorumPeer)
[2020-10-27 09:09:09,552] INFO acceptedEpoch not found! Creating with a reasonable default of 0. This should only happen when you are upgrading your installation (org.apache.zookeeper.server.quorum.QuorumPeer)
[2020-10-27 09:09:09,558] INFO jetty-9.4.24.v20191120; built: 2019-11-20T21:37:49.771Z; git: 363d5f2df3a8a28de40604320230664b9c793c16; jvm 11.0.7+10 (org.eclipse.jetty.server.Server)
[2020-10-27 09:09:09,617] INFO DefaultSessionIdManager workerName=node0 (org.eclipse.jetty.server.session)
[2020-10-27 09:09:09,617] INFO No SessionScavenger set, using defaults (org.eclipse.jetty.server.session)
[2020-10-27 09:09:09,619] INFO node0 Scavenging every 660000ms (org.eclipse.jetty.server.session)
[2020-10-27 09:09:09,628] INFO Started o.e.j.s.ServletContextHandler@4efac082{/,null,AVAILABLE} (org.eclipse.jetty.server.handler.ContextHandler)
[2020-10-27 09:09:09,652] INFO Started ServerConnector@2053d869{HTTP/1.1,[http/1.1]}{0.0.0.0:8080} (org.eclipse.jetty.server.AbstractConnector)
[2020-10-27 09:09:09,653] INFO Started @1577ms (org.eclipse.jetty.server.Server)
[2020-10-27 09:09:09,653] INFO Started AdminServer on address 0.0.0.0, port 8080 and command URL /commands (org.apache.zookeeper.server.admin.JettyAdminServer)
[2020-10-27 09:09:09,665] INFO Election port bind maximum retries is infinite (org.apache.zookeeper.server.quorum.QuorumCnxManager)
[2020-10-27 09:09:09,671] INFO 3 is accepting connections now, my election bind port: zoo-2.zoo.kafka.svc.cluster.local/10.233.113.3:3888 (org.apache.zookeeper.server.quorum.QuorumCnxManager)
[2020-10-27 09:09:09,697] INFO LOOKING (org.apache.zookeeper.server.quorum.QuorumPeer)
[2020-10-27 09:09:09,698] INFO New election. My id =  3, proposed zxid=0x0 (org.apache.zookeeper.server.quorum.FastLeaderElection)
[2020-10-27 09:09:09,701] WARN Failed to resolve address: zoo-0.zoo.kafka.svc.cluster.local (org.apache.zookeeper.server.quorum.QuorumPeer)
java.net.UnknownHostException: zoo-0.zoo.kafka.svc.cluster.local
	at java.base/java.net.InetAddress$CachedAddresses.get(Unknown Source)
	at java.base/java.net.InetAddress.getAllByName0(Unknown Source)
	at java.base/java.net.InetAddress.getAllByName(Unknown Source)
	at java.base/java.net.InetAddress.getAllByName(Unknown Source)
	at java.base/java.net.InetAddress.getByName(Unknown Source)
	at org.apache.zookeeper.server.quorum.QuorumPeer$QuorumServer.recreateSocketAddresses(QuorumPeer.java:197)
	at org.apache.zookeeper.server.quorum.QuorumPeer.recreateSocketAddresses(QuorumPeer.java:746)
	at org.apache.zookeeper.server.quorum.QuorumCnxManager.connectOne(QuorumCnxManager.java:715)
	at org.apache.zookeeper.server.quorum.QuorumCnxManager.toSend(QuorumCnxManager.java:676)
	at org.apache.zookeeper.server.quorum.FastLeaderElection$Messenger$WorkerSender.process(FastLeaderElection.java:495)
	at org.apache.zookeeper.server.quorum.FastLeaderElection$Messenger$WorkerSender.run(FastLeaderElection.java:474)
	at java.base/java.lang.Thread.run(Unknown Source)
[2020-10-27 09:09:09,706] WARN Failed to resolve address: zoo-0.zoo.kafka.svc.cluster.local (org.apache.zookeeper.server.quorum.QuorumPeer)
java.net.UnknownHostException: zoo-0.zoo.kafka.svc.cluster.local
	at java.base/java.net.InetAddress$CachedAddresses.get(Unknown Source)
	at java.base/java.net.InetAddress.getAllByName0(Unknown Source)
	at java.base/java.net.InetAddress.getAllByName(Unknown Source)
	at java.base/java.net.InetAddress.getAllByName(Unknown Source)
	at java.base/java.net.InetAddress.getByName(Unknown Source)
	at org.apache.zookeeper.server.quorum.QuorumPeer$QuorumServer.recreateSocketAddresses(QuorumPeer.java:197)
	at org.apache.zookeeper.server.quorum.QuorumPeer.recreateSocketAddresses(QuorumPeer.java:756)
	at org.apache.zookeeper.server.quorum.QuorumCnxManager.connectOne(QuorumCnxManager.java:715)
	at org.apache.zookeeper.server.quorum.QuorumCnxManager.toSend(QuorumCnxManager.java:676)
	at org.apache.zookeeper.server.quorum.FastLeaderElection$Messenger$WorkerSender.process(FastLeaderElection.java:495)
	at org.apache.zookeeper.server.quorum.FastLeaderElection$Messenger$WorkerSender.run(FastLeaderElection.java:474)
	at java.base/java.lang.Thread.run(Unknown Source)
[2020-10-27 09:09:09,709] WARN Failed to resolve address: zoo-1.zoo.kafka.svc.cluster.local (org.apache.zookeeper.server.quorum.QuorumPeer)
java.net.UnknownHostException: zoo-1.zoo.kafka.svc.cluster.local
	at java.base/java.net.InetAddress$CachedAddresses.get(Unknown Source)
	at java.base/java.net.InetAddress.getAllByName0(Unknown Source)
	at java.base/java.net.InetAddress.getAllByName(Unknown Source)
	at java.base/java.net.InetAddress.getAllByName(Unknown Source)
	at java.base/java.net.InetAddress.getByName(Unknown Source)
	at org.apache.zookeeper.server.quorum.QuorumPeer$QuorumServer.recreateSocketAddresses(QuorumPeer.java:197)
	at org.apache.zookeeper.server.quorum.QuorumPeer.recreateSocketAddresses(QuorumPeer.java:746)
	at org.apache.zookeeper.server.quorum.QuorumCnxManager.connectOne(QuorumCnxManager.java:715)
	at org.apache.zookeeper.server.quorum.QuorumCnxManager.toSend(QuorumCnxManager.java:676)
	at org.apache.zookeeper.server.quorum.FastLeaderElection$Messenger$WorkerSender.process(FastLeaderElection.java:495)
	at org.apache.zookeeper.server.quorum.FastLeaderElection$Messenger$WorkerSender.run(FastLeaderElection.java:474)
	at java.base/java.lang.Thread.run(Unknown Source)
[2020-10-27 09:09:09,710] WARN Failed to resolve address: zoo-1.zoo.kafka.svc.cluster.local (org.apache.zookeeper.server.quorum.QuorumPeer)
java.net.UnknownHostException: zoo-1.zoo.kafka.svc.cluster.local
	at java.base/java.net.InetAddress$CachedAddresses.get(Unknown Source)
	at java.base/java.net.InetAddress.getAllByName0(Unknown Source)
	at java.base/java.net.InetAddress.getAllByName(Unknown Source)
	at java.base/java.net.InetAddress.getAllByName(Unknown Source)
	at java.base/java.net.InetAddress.getByName(Unknown Source)
	at org.apache.zookeeper.server.quorum.QuorumPeer$QuorumServer.recreateSocketAddresses(QuorumPeer.java:197)
	at org.apache.zookeeper.server.quorum.QuorumPeer.recreateSocketAddresses(QuorumPeer.java:756)
	at org.apache.zookeeper.server.quorum.QuorumCnxManager.connectOne(QuorumCnxManager.java:715)
	at org.apache.zookeeper.server.quorum.QuorumCnxManager.toSend(QuorumCnxManager.java:676)
	at org.apache.zookeeper.server.quorum.FastLeaderElection$Messenger$WorkerSender.process(FastLeaderElection.java:495)
	at org.apache.zookeeper.server.quorum.FastLeaderElection$Messenger$WorkerSender.run(FastLeaderElection.java:474)
	at java.base/java.lang.Thread.run(Unknown Source)
[2020-10-27 09:09:09,713] WARN Cannot open channel to 1 at election address zoo-0.zoo.kafka.svc.cluster.local:3888 (org.apache.zookeeper.server.quorum.QuorumCnxManager)
java.net.UnknownHostException: zoo-0.zoo.kafka.svc.cluster.local
	at java.base/java.net.AbstractPlainSocketImpl.connect(Unknown Source)
	at java.base/java.net.SocksSocketImpl.connect(Unknown Source)
	at java.base/java.net.Socket.connect(Unknown Source)
	at org.apache.zookeeper.server.quorum.QuorumCnxManager.initiateConnection(QuorumCnxManager.java:373)
	at org.apache.zookeeper.server.quorum.QuorumCnxManager$QuorumConnectionReqThread.run(QuorumCnxManager.java:436)
	at java.base/java.util.concurrent.ThreadPoolExecutor.runWorker(Unknown Source)
	at java.base/java.util.concurrent.ThreadPoolExecutor$Worker.run(Unknown Source)
	at java.base/java.lang.Thread.run(Unknown Source)
[2020-10-27 09:09:09,715] WARN Cannot open channel to 2 at election address zoo-1.zoo.kafka.svc.cluster.local:3888 (org.apache.zookeeper.server.quorum.QuorumCnxManager)
java.net.UnknownHostException: zoo-1.zoo.kafka.svc.cluster.local
	at java.base/java.net.AbstractPlainSocketImpl.connect(Unknown Source)
	at java.base/java.net.SocksSocketImpl.connect(Unknown Source)
	at java.base/java.net.Socket.connect(Unknown Source)
	at org.apache.zookeeper.server.quorum.QuorumCnxManager.initiateConnection(QuorumCnxManager.java:373)
	at org.apache.zookeeper.server.quorum.QuorumCnxManager$QuorumConnectionReqThread.run(QuorumCnxManager.java:436)
	at java.base/java.util.concurrent.ThreadPoolExecutor.runWorker(Unknown Source)
	at java.base/java.util.concurrent.ThreadPoolExecutor$Worker.run(Unknown Source)
	at java.base/java.lang.Thread.run(Unknown Source)
[2020-10-27 09:09:09,720] INFO Notification: 2 (message format version), 3 (n.leader), 0x0 (n.zxid), 0x1 (n.round), LOOKING (n.state), 3 (n.sid), 0x0 (n.peerEPoch), LOOKING (my state)0 (n.config version) (org.apache.zookeeper.server.quorum.FastLeaderElection)
[2020-10-27 09:09:09,922] WARN Failed to resolve address: zoo-0.zoo.kafka.svc.cluster.local (org.apache.zookeeper.server.quorum.QuorumPeer)
java.net.UnknownHostException: zoo-0.zoo.kafka.svc.cluster.local
	at java.base/java.net.InetAddress$CachedAddresses.get(Unknown Source)
	at java.base/java.net.InetAddress.getAllByName0(Unknown Source)
	at java.base/java.net.InetAddress.getAllByName(Unknown Source)
	at java.base/java.net.InetAddress.getAllByName(Unknown Source)
	at java.base/java.net.InetAddress.getByName(Unknown Source)
	at org.apache.zookeeper.server.quorum.QuorumPeer$QuorumServer.recreateSocketAddresses(QuorumPeer.java:197)
	at org.apache.zookeeper.server.quorum.QuorumPeer.recreateSocketAddresses(QuorumPeer.java:746)
	at org.apache.zookeeper.server.quorum.QuorumCnxManager.connectOne(QuorumCnxManager.java:715)
	at org.apache.zookeeper.server.quorum.QuorumCnxManager.connectAll(QuorumCnxManager.java:751)
	at org.apache.zookeeper.server.quorum.FastLeaderElection.lookForLeader(FastLeaderElection.java:928)
	at org.apache.zookeeper.server.quorum.QuorumPeer.run(QuorumPeer.java:1229)
[2020-10-27 09:09:09,923] WARN Failed to resolve address: zoo-0.zoo.kafka.svc.cluster.local (org.apache.zookeeper.server.quorum.QuorumPeer)
java.net.UnknownHostException: zoo-0.zoo.kafka.svc.cluster.local
	at java.base/java.net.InetAddress$CachedAddresses.get(Unknown Source)
	at java.base/java.net.InetAddress.getAllByName0(Unknown Source)
	at java.base/java.net.InetAddress.getAllByName(Unknown Source)
	at java.base/java.net.InetAddress.getAllByName(Unknown Source)
	at java.base/java.net.InetAddress.getByName(Unknown Source)
	at org.apache.zookeeper.server.quorum.QuorumPeer$QuorumServer.recreateSocketAddresses(QuorumPeer.java:197)
	at org.apache.zookeeper.server.quorum.QuorumPeer.recreateSocketAddresses(QuorumPeer.java:756)
	at org.apache.zookeeper.server.quorum.QuorumCnxManager.connectOne(QuorumCnxManager.java:715)
	at org.apache.zookeeper.server.quorum.QuorumCnxManager.connectAll(QuorumCnxManager.java:751)
	at org.apache.zookeeper.server.quorum.FastLeaderElection.lookForLeader(FastLeaderElection.java:928)
	at org.apache.zookeeper.server.quorum.QuorumPeer.run(QuorumPeer.java:1229)
[2020-10-27 09:09:09,923] WARN Failed to resolve address: zoo-1.zoo.kafka.svc.cluster.local (org.apache.zookeeper.server.quorum.QuorumPeer)
java.net.UnknownHostException: zoo-1.zoo.kafka.svc.cluster.local
	at java.base/java.net.InetAddress$CachedAddresses.get(Unknown Source)
	at java.base/java.net.InetAddress.getAllByName0(Unknown Source)
	at java.base/java.net.InetAddress.getAllByName(Unknown Source)
	at java.base/java.net.InetAddress.getAllByName(Unknown Source)
	at java.base/java.net.InetAddress.getByName(Unknown Source)
	at org.apache.zookeeper.server.quorum.QuorumPeer$QuorumServer.recreateSocketAddresses(QuorumPeer.java:197)
	at org.apache.zookeeper.server.quorum.QuorumPeer.recreateSocketAddresses(QuorumPeer.java:746)
	at org.apache.zookeeper.server.quorum.QuorumCnxManager.connectOne(QuorumCnxManager.java:715)
	at org.apache.zookeeper.server.quorum.QuorumCnxManager.connectAll(QuorumCnxManager.java:751)
	at org.apache.zookeeper.server.quorum.FastLeaderElection.lookForLeader(FastLeaderElection.java:928)
	at org.apache.zookeeper.server.quorum.QuorumPeer.run(QuorumPeer.java:1229)
[2020-10-27 09:09:09,924] WARN Failed to resolve address: zoo-1.zoo.kafka.svc.cluster.local (org.apache.zookeeper.server.quorum.QuorumPeer)
java.net.UnknownHostException: zoo-1.zoo.kafka.svc.cluster.local
	at java.base/java.net.InetAddress$CachedAddresses.get(Unknown Source)
	at java.base/java.net.InetAddress.getAllByName0(Unknown Source)
	at java.base/java.net.InetAddress.getAllByName(Unknown Source)
	at java.base/java.net.InetAddress.getAllByName(Unknown Source)
	at java.base/java.net.InetAddress.getByName(Unknown Source)
	at org.apache.zookeeper.server.quorum.QuorumPeer$QuorumServer.recreateSocketAddresses(QuorumPeer.java:197)
	at org.apache.zookeeper.server.quorum.QuorumPeer.recreateSocketAddresses(QuorumPeer.java:756)
	at org.apache.zookeeper.server.quorum.QuorumCnxManager.connectOne(QuorumCnxManager.java:715)
	at org.apache.zookeeper.server.quorum.QuorumCnxManager.connectAll(QuorumCnxManager.java:751)
	at org.apache.zookeeper.server.quorum.FastLeaderElection.lookForLeader(FastLeaderElection.java:928)
	at org.apache.zookeeper.server.quorum.QuorumPeer.run(QuorumPeer.java:1229)
[2020-10-27 09:09:09,924] INFO Notification time out: 400 (org.apache.zookeeper.server.quorum.FastLeaderElection)
[2020-10-27 09:09:09,925] WARN Cannot open channel to 2 at election address zoo-1.zoo.kafka.svc.cluster.local:3888 (org.apache.zookeeper.server.quorum.QuorumCnxManager)
java.net.UnknownHostException: zoo-1.zoo.kafka.svc.cluster.local
	at java.base/java.net.AbstractPlainSocketImpl.connect(Unknown Source)
	at java.base/java.net.SocksSocketImpl.connect(Unknown Source)
	at java.base/java.net.Socket.connect(Unknown Source)
	at org.apache.zookeeper.server.quorum.QuorumCnxManager.initiateConnection(QuorumCnxManager.java:373)
	at org.apache.zookeeper.server.quorum.QuorumCnxManager$QuorumConnectionReqThread.run(QuorumCnxManager.java:436)
	at java.base/java.util.concurrent.ThreadPoolExecutor.runWorker(Unknown Source)
	at java.base/java.util.concurrent.ThreadPoolExecutor$Worker.run(Unknown Source)
	at java.base/java.lang.Thread.run(Unknown Source)
[2020-10-27 09:09:09,926] WARN Cannot open channel to 1 at election address zoo-0.zoo.kafka.svc.cluster.local:3888 (org.apache.zookeeper.server.quorum.QuorumCnxManager)
java.net.UnknownHostException: zoo-0.zoo.kafka.svc.cluster.local
	at java.base/java.net.AbstractPlainSocketImpl.connect(Unknown Source)
	at java.base/java.net.SocksSocketImpl.connect(Unknown Source)
	at java.base/java.net.Socket.connect(Unknown Source)
	at org.apache.zookeeper.server.quorum.QuorumCnxManager.initiateConnection(QuorumCnxManager.java:373)
	at org.apache.zookeeper.server.quorum.QuorumCnxManager$QuorumConnectionReqThread.run(QuorumCnxManager.java:436)
	at java.base/java.util.concurrent.ThreadPoolExecutor.runWorker(Unknown Source)
	at java.base/java.util.concurrent.ThreadPoolExecutor$Worker.run(Unknown Source)
	at java.base/java.lang.Thread.run(Unknown Source)
[2020-10-27 09:09:10,325] WARN Failed to resolve address: zoo-0.zoo.kafka.svc.cluster.local (org.apache.zookeeper.server.quorum.QuorumPeer)
java.net.UnknownHostException: zoo-0.zoo.kafka.svc.cluster.local
	at java.base/java.net.InetAddress$CachedAddresses.get(Unknown Source)
	at java.base/java.net.InetAddress.getAllByName0(Unknown Source)
	at java.base/java.net.InetAddress.getAllByName(Unknown Source)
	at java.base/java.net.InetAddress.getAllByName(Unknown Source)
	at java.base/java.net.InetAddress.getByName(Unknown Source)
	at org.apache.zookeeper.server.quorum.QuorumPeer$QuorumServer.recreateSocketAddresses(QuorumPeer.java:197)
	at org.apache.zookeeper.server.quorum.QuorumPeer.recreateSocketAddresses(QuorumPeer.java:746)
	at org.apache.zookeeper.server.quorum.QuorumCnxManager.connectOne(QuorumCnxManager.java:715)
	at org.apache.zookeeper.server.quorum.QuorumCnxManager.connectAll(QuorumCnxManager.java:751)
	at org.apache.zookeeper.server.quorum.FastLeaderElection.lookForLeader(FastLeaderElection.java:928)
	at org.apache.zookeeper.server.quorum.QuorumPeer.run(QuorumPeer.java:1229)
[2020-10-27 09:09:10,325] WARN Failed to resolve address: zoo-0.zoo.kafka.svc.cluster.local (org.apache.zookeeper.server.quorum.QuorumPeer)
java.net.UnknownHostException: zoo-0.zoo.kafka.svc.cluster.local
	at java.base/java.net.InetAddress$CachedAddresses.get(Unknown Source)
	at java.base/java.net.InetAddress.getAllByName0(Unknown Source)
	at java.base/java.net.InetAddress.getAllByName(Unknown Source)
	at java.base/java.net.InetAddress.getAllByName(Unknown Source)
	at java.base/java.net.InetAddress.getByName(Unknown Source)
	at org.apache.zookeeper.server.quorum.QuorumPeer$QuorumServer.recreateSocketAddresses(QuorumPeer.java:197)
	at org.apache.zookeeper.server.quorum.QuorumPeer.recreateSocketAddresses(QuorumPeer.java:756)
	at org.apache.zookeeper.server.quorum.QuorumCnxManager.connectOne(QuorumCnxManager.java:715)
	at org.apache.zookeeper.server.quorum.QuorumCnxManager.connectAll(QuorumCnxManager.java:751)
	at org.apache.zookeeper.server.quorum.FastLeaderElection.lookForLeader(FastLeaderElection.java:928)
	at org.apache.zookeeper.server.quorum.QuorumPeer.run(QuorumPeer.java:1229)
[2020-10-27 09:09:10,326] WARN Failed to resolve address: zoo-1.zoo.kafka.svc.cluster.local (org.apache.zookeeper.server.quorum.QuorumPeer)
java.net.UnknownHostException: zoo-1.zoo.kafka.svc.cluster.local
	at java.base/java.net.InetAddress$CachedAddresses.get(Unknown Source)
	at java.base/java.net.InetAddress.getAllByName0(Unknown Source)
	at java.base/java.net.InetAddress.getAllByName(Unknown Source)
	at java.base/java.net.InetAddress.getAllByName(Unknown Source)
	at java.base/java.net.InetAddress.getByName(Unknown Source)
	at org.apache.zookeeper.server.quorum.QuorumPeer$QuorumServer.recreateSocketAddresses(QuorumPeer.java:197)
	at org.apache.zookeeper.server.quorum.QuorumPeer.recreateSocketAddresses(QuorumPeer.java:746)
	at org.apache.zookeeper.server.quorum.QuorumCnxManager.connectOne(QuorumCnxManager.java:715)
	at org.apache.zookeeper.server.quorum.QuorumCnxManager.connectAll(QuorumCnxManager.java:751)
	at org.apache.zookeeper.server.quorum.FastLeaderElection.lookForLeader(FastLeaderElection.java:928)
	at org.apache.zookeeper.server.quorum.QuorumPeer.run(QuorumPeer.java:1229)
[2020-10-27 09:09:10,326] WARN Failed to resolve address: zoo-1.zoo.kafka.svc.cluster.local (org.apache.zookeeper.server.quorum.QuorumPeer)
java.net.UnknownHostException: zoo-1.zoo.kafka.svc.cluster.local
	at java.base/java.net.InetAddress$CachedAddresses.get(Unknown Source)
	at java.base/java.net.InetAddress.getAllByName0(Unknown Source)
	at java.base/java.net.InetAddress.getAllByName(Unknown Source)
	at java.base/java.net.InetAddress.getAllByName(Unknown Source)
	at java.base/java.net.InetAddress.getByName(Unknown Source)
	at org.apache.zookeeper.server.quorum.QuorumPeer$QuorumServer.recreateSocketAddresses(QuorumPeer.java:197)
	at org.apache.zookeeper.server.quorum.QuorumPeer.recreateSocketAddresses(QuorumPeer.java:756)
	at org.apache.zookeeper.server.quorum.QuorumCnxManager.connectOne(QuorumCnxManager.java:715)
	at org.apache.zookeeper.server.quorum.QuorumCnxManager.connectAll(QuorumCnxManager.java:751)
	at org.apache.zookeeper.server.quorum.FastLeaderElection.lookForLeader(FastLeaderElection.java:928)
	at org.apache.zookeeper.server.quorum.QuorumPeer.run(QuorumPeer.java:1229)
[2020-10-27 09:09:10,326] INFO Notification time out: 800 (org.apache.zookeeper.server.quorum.FastLeaderElection)
[2020-10-27 09:09:10,327] WARN Cannot open channel to 2 at election address zoo-1.zoo.kafka.svc.cluster.local:3888 (org.apache.zookeeper.server.quorum.QuorumCnxManager)
java.net.UnknownHostException: zoo-1.zoo.kafka.svc.cluster.local
	at java.base/java.net.AbstractPlainSocketImpl.connect(Unknown Source)
	at java.base/java.net.SocksSocketImpl.connect(Unknown Source)
	at java.base/java.net.Socket.connect(Unknown Source)
	at org.apache.zookeeper.server.quorum.QuorumCnxManager.initiateConnection(QuorumCnxManager.java:373)
	at org.apache.zookeeper.server.quorum.QuorumCnxManager$QuorumConnectionReqThread.run(QuorumCnxManager.java:436)
	at java.base/java.util.concurrent.ThreadPoolExecutor.runWorker(Unknown Source)
	at java.base/java.util.concurrent.ThreadPoolExecutor$Worker.run(Unknown Source)
	at java.base/java.lang.Thread.run(Unknown Source)
[2020-10-27 09:09:10,327] WARN Cannot open channel to 1 at election address zoo-0.zoo.kafka.svc.cluster.local:3888 (org.apache.zookeeper.server.quorum.QuorumCnxManager)
java.net.UnknownHostException: zoo-0.zoo.kafka.svc.cluster.local
	at java.base/java.net.AbstractPlainSocketImpl.connect(Unknown Source)
	at java.base/java.net.SocksSocketImpl.connect(Unknown Source)
	at java.base/java.net.Socket.connect(Unknown Source)
	at org.apache.zookeeper.server.quorum.QuorumCnxManager.initiateConnection(QuorumCnxManager.java:373)
	at org.apache.zookeeper.server.quorum.QuorumCnxManager$QuorumConnectionReqThread.run(QuorumCnxManager.java:436)
	at java.base/java.util.concurrent.ThreadPoolExecutor.runWorker(Unknown Source)
	at java.base/java.util.concurrent.ThreadPoolExecutor$Worker.run(Unknown Source)
	at java.base/java.lang.Thread.run(Unknown Source)
[2020-10-27 09:09:11,127] WARN Failed to resolve address: zoo-0.zoo.kafka.svc.cluster.local (org.apache.zookeeper.server.quorum.QuorumPeer)
java.net.UnknownHostException: zoo-0.zoo.kafka.svc.cluster.local
	at java.base/java.net.InetAddress$CachedAddresses.get(Unknown Source)
	at java.base/java.net.InetAddress.getAllByName0(Unknown Source)
	at java.base/java.net.InetAddress.getAllByName(Unknown Source)
	at java.base/java.net.InetAddress.getAllByName(Unknown Source)
	at java.base/java.net.InetAddress.getByName(Unknown Source)
	at org.apache.zookeeper.server.quorum.QuorumPeer$QuorumServer.recreateSocketAddresses(QuorumPeer.java:197)
	at org.apache.zookeeper.server.quorum.QuorumPeer.recreateSocketAddresses(QuorumPeer.java:746)
	at org.apache.zookeeper.server.quorum.QuorumCnxManager.connectOne(QuorumCnxManager.java:715)
	at org.apache.zookeeper.server.quorum.QuorumCnxManager.connectAll(QuorumCnxManager.java:751)
	at org.apache.zookeeper.server.quorum.FastLeaderElection.lookForLeader(FastLeaderElection.java:928)
	at org.apache.zookeeper.server.quorum.QuorumPeer.run(QuorumPeer.java:1229)
[2020-10-27 09:09:11,128] WARN Failed to resolve address: zoo-0.zoo.kafka.svc.cluster.local (org.apache.zookeeper.server.quorum.QuorumPeer)
java.net.UnknownHostException: zoo-0.zoo.kafka.svc.cluster.local
	at java.base/java.net.InetAddress$CachedAddresses.get(Unknown Source)
	at java.base/java.net.InetAddress.getAllByName0(Unknown Source)
	at java.base/java.net.InetAddress.getAllByName(Unknown Source)
	at java.base/java.net.InetAddress.getAllByName(Unknown Source)
	at java.base/java.net.InetAddress.getByName(Unknown Source)
	at org.apache.zookeeper.server.quorum.QuorumPeer$QuorumServer.recreateSocketAddresses(QuorumPeer.java:197)
	at org.apache.zookeeper.server.quorum.QuorumPeer.recreateSocketAddresses(QuorumPeer.java:756)
	at org.apache.zookeeper.server.quorum.QuorumCnxManager.connectOne(QuorumCnxManager.java:715)
	at org.apache.zookeeper.server.quorum.QuorumCnxManager.connectAll(QuorumCnxManager.java:751)
	at org.apache.zookeeper.server.quorum.FastLeaderElection.lookForLeader(FastLeaderElection.java:928)
	at org.apache.zookeeper.server.quorum.QuorumPeer.run(QuorumPeer.java:1229)
[2020-10-27 09:09:11,129] WARN Failed to resolve address: zoo-1.zoo.kafka.svc.cluster.local (org.apache.zookeeper.server.quorum.QuorumPeer)
java.net.UnknownHostException: zoo-1.zoo.kafka.svc.cluster.local
	at java.base/java.net.InetAddress$CachedAddresses.get(Unknown Source)
	at java.base/java.net.InetAddress.getAllByName0(Unknown Source)
	at java.base/java.net.InetAddress.getAllByName(Unknown Source)
	at java.base/java.net.InetAddress.getAllByName(Unknown Source)
	at java.base/java.net.InetAddress.getByName(Unknown Source)
	at org.apache.zookeeper.server.quorum.QuorumPeer$QuorumServer.recreateSocketAddresses(QuorumPeer.java:197)
	at org.apache.zookeeper.server.quorum.QuorumPeer.recreateSocketAddresses(QuorumPeer.java:746)
	at org.apache.zookeeper.server.quorum.QuorumCnxManager.connectOne(QuorumCnxManager.java:715)
	at org.apache.zookeeper.server.quorum.QuorumCnxManager.connectAll(QuorumCnxManager.java:751)
	at org.apache.zookeeper.server.quorum.FastLeaderElection.lookForLeader(FastLeaderElection.java:928)
	at org.apache.zookeeper.server.quorum.QuorumPeer.run(QuorumPeer.java:1229)
[2020-10-27 09:09:11,130] WARN Cannot open channel to 1 at election address zoo-0.zoo.kafka.svc.cluster.local:3888 (org.apache.zookeeper.server.quorum.QuorumCnxManager)
java.net.UnknownHostException: zoo-0.zoo.kafka.svc.cluster.local
	at java.base/java.net.AbstractPlainSocketImpl.connect(Unknown Source)
	at java.base/java.net.SocksSocketImpl.connect(Unknown Source)
	at java.base/java.net.Socket.connect(Unknown Source)
	at org.apache.zookeeper.server.quorum.QuorumCnxManager.initiateConnection(QuorumCnxManager.java:373)
	at org.apache.zookeeper.server.quorum.QuorumCnxManager$QuorumConnectionReqThread.run(QuorumCnxManager.java:436)
	at java.base/java.util.concurrent.ThreadPoolExecutor.runWorker(Unknown Source)
	at java.base/java.util.concurrent.ThreadPoolExecutor$Worker.run(Unknown Source)
	at java.base/java.lang.Thread.run(Unknown Source)
[2020-10-27 09:09:11,130] WARN Failed to resolve address: zoo-1.zoo.kafka.svc.cluster.local (org.apache.zookeeper.server.quorum.QuorumPeer)
java.net.UnknownHostException: zoo-1.zoo.kafka.svc.cluster.local
	at java.base/java.net.InetAddress$CachedAddresses.get(Unknown Source)
	at java.base/java.net.InetAddress.getAllByName0(Unknown Source)
	at java.base/java.net.InetAddress.getAllByName(Unknown Source)
	at java.base/java.net.InetAddress.getAllByName(Unknown Source)
	at java.base/java.net.InetAddress.getByName(Unknown Source)
	at org.apache.zookeeper.server.quorum.QuorumPeer$QuorumServer.recreateSocketAddresses(QuorumPeer.java:197)
	at org.apache.zookeeper.server.quorum.QuorumPeer.recreateSocketAddresses(QuorumPeer.java:756)
	at org.apache.zookeeper.server.quorum.QuorumCnxManager.connectOne(QuorumCnxManager.java:715)
	at org.apache.zookeeper.server.quorum.QuorumCnxManager.connectAll(QuorumCnxManager.java:751)
	at org.apache.zookeeper.server.quorum.FastLeaderElection.lookForLeader(FastLeaderElection.java:928)
	at org.apache.zookeeper.server.quorum.QuorumPeer.run(QuorumPeer.java:1229)
[2020-10-27 09:09:11,131] INFO Notification time out: 1600 (org.apache.zookeeper.server.quorum.FastLeaderElection)
[2020-10-27 09:09:11,131] WARN Cannot open channel to 2 at election address zoo-1.zoo.kafka.svc.cluster.local:3888 (org.apache.zookeeper.server.quorum.QuorumCnxManager)
java.net.UnknownHostException: zoo-1.zoo.kafka.svc.cluster.local
	at java.base/java.net.AbstractPlainSocketImpl.connect(Unknown Source)
	at java.base/java.net.SocksSocketImpl.connect(Unknown Source)
	at java.base/java.net.Socket.connect(Unknown Source)
	at org.apache.zookeeper.server.quorum.QuorumCnxManager.initiateConnection(QuorumCnxManager.java:373)
	at org.apache.zookeeper.server.quorum.QuorumCnxManager$QuorumConnectionReqThread.run(QuorumCnxManager.java:436)
	at java.base/java.util.concurrent.ThreadPoolExecutor.runWorker(Unknown Source)
	at java.base/java.util.concurrent.ThreadPoolExecutor$Worker.run(Unknown Source)
	at java.base/java.lang.Thread.run(Unknown Source)
[2020-10-27 09:09:12,731] WARN Failed to resolve address: zoo-0.zoo.kafka.svc.cluster.local (org.apache.zookeeper.server.quorum.QuorumPeer)
java.net.UnknownHostException: zoo-0.zoo.kafka.svc.cluster.local
	at java.base/java.net.InetAddress$CachedAddresses.get(Unknown Source)
	at java.base/java.net.InetAddress.getAllByName0(Unknown Source)
	at java.base/java.net.InetAddress.getAllByName(Unknown Source)
	at java.base/java.net.InetAddress.getAllByName(Unknown Source)
	at java.base/java.net.InetAddress.getByName(Unknown Source)
	at org.apache.zookeeper.server.quorum.QuorumPeer$QuorumServer.recreateSocketAddresses(QuorumPeer.java:197)
	at org.apache.zookeeper.server.quorum.QuorumPeer.recreateSocketAddresses(QuorumPeer.java:746)
	at org.apache.zookeeper.server.quorum.QuorumCnxManager.connectOne(QuorumCnxManager.java:715)
	at org.apache.zookeeper.server.quorum.QuorumCnxManager.connectAll(QuorumCnxManager.java:751)
	at org.apache.zookeeper.server.quorum.FastLeaderElection.lookForLeader(FastLeaderElection.java:928)
	at org.apache.zookeeper.server.quorum.QuorumPeer.run(QuorumPeer.java:1229)
[2020-10-27 09:09:12,732] WARN Failed to resolve address: zoo-0.zoo.kafka.svc.cluster.local (org.apache.zookeeper.server.quorum.QuorumPeer)
java.net.UnknownHostException: zoo-0.zoo.kafka.svc.cluster.local
	at java.base/java.net.InetAddress$CachedAddresses.get(Unknown Source)
	at java.base/java.net.InetAddress.getAllByName0(Unknown Source)
	at java.base/java.net.InetAddress.getAllByName(Unknown Source)
	at java.base/java.net.InetAddress.getAllByName(Unknown Source)
	at java.base/java.net.InetAddress.getByName(Unknown Source)
	at org.apache.zookeeper.server.quorum.QuorumPeer$QuorumServer.recreateSocketAddresses(QuorumPeer.java:197)
	at org.apache.zookeeper.server.quorum.QuorumPeer.recreateSocketAddresses(QuorumPeer.java:756)
	at org.apache.zookeeper.server.quorum.QuorumCnxManager.connectOne(QuorumCnxManager.java:715)
	at org.apache.zookeeper.server.quorum.QuorumCnxManager.connectAll(QuorumCnxManager.java:751)
	at org.apache.zookeeper.server.quorum.FastLeaderElection.lookForLeader(FastLeaderElection.java:928)
	at org.apache.zookeeper.server.quorum.QuorumPeer.run(QuorumPeer.java:1229)
[2020-10-27 09:09:12,732] WARN Failed to resolve address: zoo-1.zoo.kafka.svc.cluster.local (org.apache.zookeeper.server.quorum.QuorumPeer)
java.net.UnknownHostException: zoo-1.zoo.kafka.svc.cluster.local
	at java.base/java.net.InetAddress$CachedAddresses.get(Unknown Source)
	at java.base/java.net.InetAddress.getAllByName0(Unknown Source)
	at java.base/java.net.InetAddress.getAllByName(Unknown Source)
	at java.base/java.net.InetAddress.getAllByName(Unknown Source)
	at java.base/java.net.InetAddress.getByName(Unknown Source)
	at org.apache.zookeeper.server.quorum.QuorumPeer$QuorumServer.recreateSocketAddresses(QuorumPeer.java:197)
	at org.apache.zookeeper.server.quorum.QuorumPeer.recreateSocketAddresses(QuorumPeer.java:746)
	at org.apache.zookeeper.server.quorum.QuorumCnxManager.connectOne(QuorumCnxManager.java:715)
	at org.apache.zookeeper.server.quorum.QuorumCnxManager.connectAll(QuorumCnxManager.java:751)
	at org.apache.zookeeper.server.quorum.FastLeaderElection.lookForLeader(FastLeaderElection.java:928)
	at org.apache.zookeeper.server.quorum.QuorumPeer.run(QuorumPeer.java:1229)
[2020-10-27 09:09:12,732] WARN Failed to resolve address: zoo-1.zoo.kafka.svc.cluster.local (org.apache.zookeeper.server.quorum.QuorumPeer)
java.net.UnknownHostException: zoo-1.zoo.kafka.svc.cluster.local
	at java.base/java.net.InetAddress$CachedAddresses.get(Unknown Source)
	at java.base/java.net.InetAddress.getAllByName0(Unknown Source)
	at java.base/java.net.InetAddress.getAllByName(Unknown Source)
	at java.base/java.net.InetAddress.getAllByName(Unknown Source)
	at java.base/java.net.InetAddress.getByName(Unknown Source)
	at org.apache.zookeeper.server.quorum.QuorumPeer$QuorumServer.recreateSocketAddresses(QuorumPeer.java:197)
	at org.apache.zookeeper.server.quorum.QuorumPeer.recreateSocketAddresses(QuorumPeer.java:756)
	at org.apache.zookeeper.server.quorum.QuorumCnxManager.connectOne(QuorumCnxManager.java:715)
	at org.apache.zookeeper.server.quorum.QuorumCnxManager.connectAll(QuorumCnxManager.java:751)
	at org.apache.zookeeper.server.quorum.FastLeaderElection.lookForLeader(FastLeaderElection.java:928)
	at org.apache.zookeeper.server.quorum.QuorumPeer.run(QuorumPeer.java:1229)
[2020-10-27 09:09:12,733] INFO Notification time out: 3200 (org.apache.zookeeper.server.quorum.FastLeaderElection)
[2020-10-27 09:09:12,733] WARN Cannot open channel to 1 at election address zoo-0.zoo.kafka.svc.cluster.local:3888 (org.apache.zookeeper.server.quorum.QuorumCnxManager)
java.net.UnknownHostException: zoo-0.zoo.kafka.svc.cluster.local
	at java.base/java.net.AbstractPlainSocketImpl.connect(Unknown Source)
	at java.base/java.net.SocksSocketImpl.connect(Unknown Source)
	at java.base/java.net.Socket.connect(Unknown Source)
	at org.apache.zookeeper.server.quorum.QuorumCnxManager.initiateConnection(QuorumCnxManager.java:373)
	at org.apache.zookeeper.server.quorum.QuorumCnxManager$QuorumConnectionReqThread.run(QuorumCnxManager.java:436)
	at java.base/java.util.concurrent.ThreadPoolExecutor.runWorker(Unknown Source)
	at java.base/java.util.concurrent.ThreadPoolExecutor$Worker.run(Unknown Source)
	at java.base/java.lang.Thread.run(Unknown Source)
[2020-10-27 09:09:12,733] WARN Cannot open channel to 2 at election address zoo-1.zoo.kafka.svc.cluster.local:3888 (org.apache.zookeeper.server.quorum.QuorumCnxManager)
java.net.UnknownHostException: zoo-1.zoo.kafka.svc.cluster.local
	at java.base/java.net.AbstractPlainSocketImpl.connect(Unknown Source)
	at java.base/java.net.SocksSocketImpl.connect(Unknown Source)
	at java.base/java.net.Socket.connect(Unknown Source)
	at org.apache.zookeeper.server.quorum.QuorumCnxManager.initiateConnection(QuorumCnxManager.java:373)
	at org.apache.zookeeper.server.quorum.QuorumCnxManager$QuorumConnectionReqThread.run(QuorumCnxManager.java:436)
	at java.base/java.util.concurrent.ThreadPoolExecutor.runWorker(Unknown Source)
	at java.base/java.util.concurrent.ThreadPoolExecutor$Worker.run(Unknown Source)
	at java.base/java.lang.Thread.run(Unknown Source)
[2020-10-27 09:09:14,532] INFO The list of known four letter word commands is : [{1936881266=srvr, 1937006964=stat, 2003003491=wchc, 1685417328=dump, 1668445044=crst, 1936880500=srst, 1701738089=envi, 1668247142=conf, -720899=telnet close, 2003003507=wchs, 2003003504=wchp, 1684632179=dirs, 1668247155=cons, 1835955314=mntr, 1769173615=isro, 1920298859=ruok, 1735683435=gtmk, 1937010027=stmk}] (org.apache.zookeeper.server.command.FourLetterCommands)
[2020-10-27 09:09:14,532] INFO The list of enabled four letter word commands is : [[ruok, srvr]] (org.apache.zookeeper.server.command.FourLetterCommands)
[2020-10-27 09:09:15,933] WARN Failed to resolve address: zoo-0.zoo.kafka.svc.cluster.local (org.apache.zookeeper.server.quorum.QuorumPeer)
java.net.UnknownHostException: zoo-0.zoo.kafka.svc.cluster.local
	at java.base/java.net.InetAddress$CachedAddresses.get(Unknown Source)
	at java.base/java.net.InetAddress.getAllByName0(Unknown Source)
	at java.base/java.net.InetAddress.getAllByName(Unknown Source)
	at java.base/java.net.InetAddress.getAllByName(Unknown Source)
	at java.base/java.net.InetAddress.getByName(Unknown Source)
	at org.apache.zookeeper.server.quorum.QuorumPeer$QuorumServer.recreateSocketAddresses(QuorumPeer.java:197)
	at org.apache.zookeeper.server.quorum.QuorumPeer.recreateSocketAddresses(QuorumPeer.java:746)
	at org.apache.zookeeper.server.quorum.QuorumCnxManager.connectOne(QuorumCnxManager.java:715)
	at org.apache.zookeeper.server.quorum.QuorumCnxManager.connectAll(QuorumCnxManager.java:751)
	at org.apache.zookeeper.server.quorum.FastLeaderElection.lookForLeader(FastLeaderElection.java:928)
	at org.apache.zookeeper.server.quorum.QuorumPeer.run(QuorumPeer.java:1229)
[2020-10-27 09:09:15,934] WARN Failed to resolve address: zoo-0.zoo.kafka.svc.cluster.local (org.apache.zookeeper.server.quorum.QuorumPeer)
java.net.UnknownHostException: zoo-0.zoo.kafka.svc.cluster.local
	at java.base/java.net.InetAddress$CachedAddresses.get(Unknown Source)
	at java.base/java.net.InetAddress.getAllByName0(Unknown Source)
	at java.base/java.net.InetAddress.getAllByName(Unknown Source)
	at java.base/java.net.InetAddress.getAllByName(Unknown Source)
	at java.base/java.net.InetAddress.getByName(Unknown Source)
	at org.apache.zookeeper.server.quorum.QuorumPeer$QuorumServer.recreateSocketAddresses(QuorumPeer.java:197)
	at org.apache.zookeeper.server.quorum.QuorumPeer.recreateSocketAddresses(QuorumPeer.java:756)
	at org.apache.zookeeper.server.quorum.QuorumCnxManager.connectOne(QuorumCnxManager.java:715)
	at org.apache.zookeeper.server.quorum.QuorumCnxManager.connectAll(QuorumCnxManager.java:751)
	at org.apache.zookeeper.server.quorum.FastLeaderElection.lookForLeader(FastLeaderElection.java:928)
	at org.apache.zookeeper.server.quorum.QuorumPeer.run(QuorumPeer.java:1229)
[2020-10-27 09:09:15,934] WARN Failed to resolve address: zoo-1.zoo.kafka.svc.cluster.local (org.apache.zookeeper.server.quorum.QuorumPeer)
java.net.UnknownHostException: zoo-1.zoo.kafka.svc.cluster.local
	at java.base/java.net.InetAddress$CachedAddresses.get(Unknown Source)
	at java.base/java.net.InetAddress.getAllByName0(Unknown Source)
	at java.base/java.net.InetAddress.getAllByName(Unknown Source)
	at java.base/java.net.InetAddress.getAllByName(Unknown Source)
	at java.base/java.net.InetAddress.getByName(Unknown Source)
	at org.apache.zookeeper.server.quorum.QuorumPeer$QuorumServer.recreateSocketAddresses(QuorumPeer.java:197)
	at org.apache.zookeeper.server.quorum.QuorumPeer.recreateSocketAddresses(QuorumPeer.java:746)
	at org.apache.zookeeper.server.quorum.QuorumCnxManager.connectOne(QuorumCnxManager.java:715)
	at org.apache.zookeeper.server.quorum.QuorumCnxManager.connectAll(QuorumCnxManager.java:751)
	at org.apache.zookeeper.server.quorum.FastLeaderElection.lookForLeader(FastLeaderElection.java:928)
	at org.apache.zookeeper.server.quorum.QuorumPeer.run(QuorumPeer.java:1229)
[2020-10-27 09:09:15,934] WARN Failed to resolve address: zoo-1.zoo.kafka.svc.cluster.local (org.apache.zookeeper.server.quorum.QuorumPeer)
java.net.UnknownHostException: zoo-1.zoo.kafka.svc.cluster.local
	at java.base/java.net.InetAddress$CachedAddresses.get(Unknown Source)
	at java.base/java.net.InetAddress.getAllByName0(Unknown Source)
	at java.base/java.net.InetAddress.getAllByName(Unknown Source)
	at java.base/java.net.InetAddress.getAllByName(Unknown Source)
	at java.base/java.net.InetAddress.getByName(Unknown Source)
	at org.apache.zookeeper.server.quorum.QuorumPeer$QuorumServer.recreateSocketAddresses(QuorumPeer.java:197)
	at org.apache.zookeeper.server.quorum.QuorumPeer.recreateSocketAddresses(QuorumPeer.java:756)
	at org.apache.zookeeper.server.quorum.QuorumCnxManager.connectOne(QuorumCnxManager.java:715)
	at org.apache.zookeeper.server.quorum.QuorumCnxManager.connectAll(QuorumCnxManager.java:751)
	at org.apache.zookeeper.server.quorum.FastLeaderElection.lookForLeader(FastLeaderElection.java:928)
	at org.apache.zookeeper.server.quorum.QuorumPeer.run(QuorumPeer.java:1229)
[2020-10-27 09:09:15,935] WARN Cannot open channel to 1 at election address zoo-0.zoo.kafka.svc.cluster.local:3888 (org.apache.zookeeper.server.quorum.QuorumCnxManager)
java.net.UnknownHostException: zoo-0.zoo.kafka.svc.cluster.local
	at java.base/java.net.AbstractPlainSocketImpl.connect(Unknown Source)
	at java.base/java.net.SocksSocketImpl.connect(Unknown Source)
	at java.base/java.net.Socket.connect(Unknown Source)
	at org.apache.zookeeper.server.quorum.QuorumCnxManager.initiateConnection(QuorumCnxManager.java:373)
	at org.apache.zookeeper.server.quorum.QuorumCnxManager$QuorumConnectionReqThread.run(QuorumCnxManager.java:436)
	at java.base/java.util.concurrent.ThreadPoolExecutor.runWorker(Unknown Source)
	at java.base/java.util.concurrent.ThreadPoolExecutor$Worker.run(Unknown Source)
	at java.base/java.lang.Thread.run(Unknown Source)
[2020-10-27 09:09:15,935] INFO Notification time out: 6400 (org.apache.zookeeper.server.quorum.FastLeaderElection)
[2020-10-27 09:09:15,936] WARN Cannot open channel to 2 at election address zoo-1.zoo.kafka.svc.cluster.local:3888 (org.apache.zookeeper.server.quorum.QuorumCnxManager)
java.net.UnknownHostException: zoo-1.zoo.kafka.svc.cluster.local
	at java.base/java.net.AbstractPlainSocketImpl.connect(Unknown Source)
	at java.base/java.net.SocksSocketImpl.connect(Unknown Source)
	at java.base/java.net.Socket.connect(Unknown Source)
	at org.apache.zookeeper.server.quorum.QuorumCnxManager.initiateConnection(QuorumCnxManager.java:373)
	at org.apache.zookeeper.server.quorum.QuorumCnxManager$QuorumConnectionReqThread.run(QuorumCnxManager.java:436)
	at java.base/java.util.concurrent.ThreadPoolExecutor.runWorker(Unknown Source)
	at java.base/java.util.concurrent.ThreadPoolExecutor$Worker.run(Unknown Source)
	at java.base/java.lang.Thread.run(Unknown Source)
[2020-10-27 09:09:16,021] WARN Exception causing close of session 0x0: ZooKeeperServer not running (org.apache.zookeeper.server.NIOServerCnxn)
[2020-10-27 09:09:19,711] WARN Exception causing close of session 0x0: ZooKeeperServer not running (org.apache.zookeeper.server.NIOServerCnxn)
[2020-10-27 09:09:22,340] INFO Notification time out: 12800 (org.apache.zookeeper.server.quorum.FastLeaderElection)
[2020-10-27 09:09:22,353] INFO Notification: 2 (message format version), 2 (n.leader), 0x0 (n.zxid), 0x5 (n.round), LOOKING (n.state), 2 (n.sid), 0x0 (n.peerEPoch), LOOKING (my state)0 (n.config version) (org.apache.zookeeper.server.quorum.FastLeaderElection)
[2020-10-27 09:09:22,354] INFO Notification: 2 (message format version), 2 (n.leader), 0x0 (n.zxid), 0x5 (n.round), LOOKING (n.state), 1 (n.sid), 0x0 (n.peerEPoch), LOOKING (my state)0 (n.config version) (org.apache.zookeeper.server.quorum.FastLeaderElection)
[2020-10-27 09:09:22,356] INFO Notification: 2 (message format version), 2 (n.leader), 0x0 (n.zxid), 0x5 (n.round), LOOKING (n.state), 2 (n.sid), 0x0 (n.peerEPoch), LOOKING (my state)0 (n.config version) (org.apache.zookeeper.server.quorum.FastLeaderElection)
[2020-10-27 09:09:22,358] INFO Notification: 2 (message format version), 2 (n.leader), 0x0 (n.zxid), 0x5 (n.round), LOOKING (n.state), 1 (n.sid), 0x0 (n.peerEPoch), LOOKING (my state)0 (n.config version) (org.apache.zookeeper.server.quorum.FastLeaderElection)
[2020-10-27 09:09:22,361] INFO Notification: 2 (message format version), 3 (n.leader), 0x0 (n.zxid), 0x5 (n.round), LOOKING (n.state), 3 (n.sid), 0x0 (n.peerEPoch), LOOKING (my state)0 (n.config version) (org.apache.zookeeper.server.quorum.FastLeaderElection)
[2020-10-27 09:09:22,366] INFO Notification: 2 (message format version), 3 (n.leader), 0x0 (n.zxid), 0x5 (n.round), LOOKING (n.state), 1 (n.sid), 0x0 (n.peerEPoch), LOOKING (my state)0 (n.config version) (org.apache.zookeeper.server.quorum.FastLeaderElection)
[2020-10-27 09:09:22,368] INFO Notification: 2 (message format version), 3 (n.leader), 0x0 (n.zxid), 0x5 (n.round), LOOKING (n.state), 2 (n.sid), 0x0 (n.peerEPoch), LOOKING (my state)0 (n.config version) (org.apache.zookeeper.server.quorum.FastLeaderElection)
[2020-10-27 09:09:22,448] WARN Exception causing close of session 0x0: ZooKeeperServer not running (org.apache.zookeeper.server.NIOServerCnxn)
[2020-10-27 09:09:22,569] INFO LEADING (org.apache.zookeeper.server.quorum.QuorumPeer)
[2020-10-27 09:09:22,573] INFO TCP NoDelay set to: true (org.apache.zookeeper.server.quorum.Leader)
[2020-10-27 09:09:22,573] INFO zookeeper.leader.maxConcurrentSnapshots = 10 (org.apache.zookeeper.server.quorum.Leader)
[2020-10-27 09:09:22,573] INFO zookeeper.leader.maxConcurrentSnapshotTimeout = 5 (org.apache.zookeeper.server.quorum.Leader)
[2020-10-27 09:09:22,574] INFO Notification: 2 (message format version), 1 (n.leader), 0x0 (n.zxid), 0x6 (n.round), LOOKING (n.state), 1 (n.sid), 0x0 (n.peerEPoch), LEADING (my state)0 (n.config version) (org.apache.zookeeper.server.quorum.FastLeaderElection)
[2020-10-27 09:09:22,581] INFO Server environment:zookeeper.version=3.5.8-f439ca583e70862c3068a1f2a7d4d068eec33315, built on 05/04/2020 15:53 GMT (org.apache.zookeeper.server.ZooKeeperServer)
[2020-10-27 09:09:22,581] INFO Server environment:host.name=zoo-2.zoo.kafka.svc.cluster.local (org.apache.zookeeper.server.ZooKeeperServer)
[2020-10-27 09:09:22,581] INFO Server environment:java.version=11.0.7 (org.apache.zookeeper.server.ZooKeeperServer)
[2020-10-27 09:09:22,581] INFO Server environment:java.vendor=AdoptOpenJDK (org.apache.zookeeper.server.ZooKeeperServer)
[2020-10-27 09:09:22,581] INFO Server environment:java.home=/opt/java/openjdk (org.apache.zookeeper.server.ZooKeeperServer)
[2020-10-27 09:09:22,581] INFO Server environment:java.class.path=/opt/kafka/libs/extensions/*:/opt/kafka/libs/activation-1.1.1.jar:/opt/kafka/libs/aopalliance-repackaged-2.5.0.jar:/opt/kafka/libs/argparse4j-0.7.0.jar:/opt/kafka/libs/audience-annotations-0.5.0.jar:/opt/kafka/libs/commons-cli-1.4.jar:/opt/kafka/libs/commons-lang3-3.8.1.jar:/opt/kafka/libs/connect-api-2.5.0.jar:/opt/kafka/libs/connect-basic-auth-extension-2.5.0.jar:/opt/kafka/libs/connect-file-2.5.0.jar:/opt/kafka/libs/connect-json-2.5.0.jar:/opt/kafka/libs/connect-mirror-2.5.0.jar:/opt/kafka/libs/connect-mirror-client-2.5.0.jar:/opt/kafka/libs/connect-runtime-2.5.0.jar:/opt/kafka/libs/connect-transforms-2.5.0.jar:/opt/kafka/libs/hk2-api-2.5.0.jar:/opt/kafka/libs/hk2-locator-2.5.0.jar:/opt/kafka/libs/hk2-utils-2.5.0.jar:/opt/kafka/libs/jackson-annotations-2.10.2.jar:/opt/kafka/libs/jackson-core-2.10.2.jar:/opt/kafka/libs/jackson-databind-2.10.2.jar:/opt/kafka/libs/jackson-dataformat-csv-2.10.2.jar:/opt/kafka/libs/jackson-datatype-jdk8-2.10.2.jar:/opt/kafka/libs/jackson-jaxrs-base-2.10.2.jar:/opt/kafka/libs/jackson-jaxrs-json-provider-2.10.2.jar:/opt/kafka/libs/jackson-module-jaxb-annotations-2.10.2.jar:/opt/kafka/libs/jackson-module-paranamer-2.10.2.jar:/opt/kafka/libs/jackson-module-scala_2.12-2.10.2.jar:/opt/kafka/libs/jakarta.activation-api-1.2.1.jar:/opt/kafka/libs/jakarta.annotation-api-1.3.4.jar:/opt/kafka/libs/jakarta.inject-2.5.0.jar:/opt/kafka/libs/jakarta.ws.rs-api-2.1.5.jar:/opt/kafka/libs/jakarta.xml.bind-api-2.3.2.jar:/opt/kafka/libs/javassist-3.22.0-CR2.jar:/opt/kafka/libs/javassist-3.26.0-GA.jar:/opt/kafka/libs/javax.servlet-api-3.1.0.jar:/opt/kafka/libs/javax.ws.rs-api-2.1.1.jar:/opt/kafka/libs/jaxb-api-2.3.0.jar:/opt/kafka/libs/jersey-client-2.28.jar:/opt/kafka/libs/jersey-common-2.28.jar:/opt/kafka/libs/jersey-container-servlet-2.28.jar:/opt/kafka/libs/jersey-container-servlet-core-2.28.jar:/opt/kafka/libs/jersey-hk2-2.28.jar:/opt/kafka/libs/jersey-media-jaxb-2.28.jar:/opt/kafka/libs/jersey-server-2.28.jar:/opt/kafka/libs/jetty-client-9.4.24.v20191120.jar:/opt/kafka/libs/jetty-continuation-9.4.24.v20191120.jar:/opt/kafka/libs/jetty-http-9.4.24.v20191120.jar:/opt/kafka/libs/jetty-io-9.4.24.v20191120.jar:/opt/kafka/libs/jetty-security-9.4.24.v20191120.jar:/opt/kafka/libs/jetty-server-9.4.24.v20191120.jar:/opt/kafka/libs/jetty-servlet-9.4.24.v20191120.jar:/opt/kafka/libs/jetty-servlets-9.4.24.v20191120.jar:/opt/kafka/libs/jetty-util-9.4.24.v20191120.jar:/opt/kafka/libs/jopt-simple-5.0.4.jar:/opt/kafka/libs/kafka-clients-2.5.0.jar:/opt/kafka/libs/kafka-log4j-appender-2.5.0.jar:/opt/kafka/libs/kafka-streams-2.5.0.jar:/opt/kafka/libs/kafka-streams-examples-2.5.0.jar:/opt/kafka/libs/kafka-streams-scala_2.12-2.5.0.jar:/opt/kafka/libs/kafka-streams-test-utils-2.5.0.jar:/opt/kafka/libs/kafka-tools-2.5.0.jar:/opt/kafka/libs/kafka_2.12-2.5.0-javadoc.jar:/opt/kafka/libs/kafka_2.12-2.5.0-scaladoc.jar:/opt/kafka/libs/kafka_2.12-2.5.0-sources.jar:/opt/kafka/libs/kafka_2.12-2.5.0-test-sources.jar:/opt/kafka/libs/kafka_2.12-2.5.0-test.jar:/opt/kafka/libs/kafka_2.12-2.5.0.jar:/opt/kafka/libs/log4j-1.2.17.jar:/opt/kafka/libs/lz4-java-1.7.1.jar:/opt/kafka/libs/maven-artifact-3.6.3.jar:/opt/kafka/libs/metrics-core-2.2.0.jar:/opt/kafka/libs/netty-buffer-4.1.45.Final.jar:/opt/kafka/libs/netty-codec-4.1.45.Final.jar:/opt/kafka/libs/netty-common-4.1.45.Final.jar:/opt/kafka/libs/netty-handler-4.1.45.Final.jar:/opt/kafka/libs/netty-resolver-4.1.45.Final.jar:/opt/kafka/libs/netty-transport-4.1.45.Final.jar:/opt/kafka/libs/netty-transport-native-epoll-4.1.45.Final.jar:/opt/kafka/libs/netty-transport-native-unix-common-4.1.45.Final.jar:/opt/kafka/libs/osgi-resource-locator-1.0.1.jar:/opt/kafka/libs/paranamer-2.8.jar:/opt/kafka/libs/plexus-utils-3.2.1.jar:/opt/kafka/libs/reflections-0.9.12.jar:/opt/kafka/libs/rocksdbjni-5.18.3.jar:/opt/kafka/libs/scala-java8-compat_2.12-0.9.0.jar:/opt/kafka/libs/scala-collection-compat_2.12-2.1.3.jar:/opt/kafka/libs/scala-library-2.12.10.jar:/opt/kafka/libs/scala-logging_2.12-3.9.2.jar:/opt/kafka/libs/scala-reflect-2.12.10.jar:/opt/kafka/libs/slf4j-api-1.7.30.jar:/opt/kafka/libs/slf4j-log4j12-1.7.30.jar:/opt/kafka/libs/snappy-java-1.1.7.3.jar:/opt/kafka/libs/validation-api-2.0.1.Final.jar:/opt/kafka/libs/zookeeper-3.5.7.jar:/opt/kafka/libs/zookeeper-jute-3.5.7.jar:/opt/kafka/libs/zstd-jni-1.4.4-7.jar (org.apache.zookeeper.server.ZooKeeperServer)
[2020-10-27 09:09:22,581] INFO Server environment:java.library.path=/usr/java/packages/lib:/usr/lib64:/lib64:/lib:/usr/lib (org.apache.zookeeper.server.ZooKeeperServer)
[2020-10-27 09:09:22,581] INFO Server environment:java.io.tmpdir=/tmp (org.apache.zookeeper.server.ZooKeeperServer)
[2020-10-27 09:09:22,581] INFO Server environment:java.compiler=<NA> (org.apache.zookeeper.server.ZooKeeperServer)
[2020-10-27 09:09:22,581] INFO Server environment:os.name=Linux (org.apache.zookeeper.server.ZooKeeperServer)
[2020-10-27 09:09:22,581] INFO Server environment:os.arch=amd64 (org.apache.zookeeper.server.ZooKeeperServer)
[2020-10-27 09:09:22,581] INFO Server environment:os.version=4.14.193-149.317.amzn2.x86_64 (org.apache.zookeeper.server.ZooKeeperServer)
[2020-10-27 09:09:22,582] INFO Server environment:user.name=nonroot (org.apache.zookeeper.server.ZooKeeperServer)
[2020-10-27 09:09:22,582] INFO Server environment:user.home=/home/nonroot (org.apache.zookeeper.server.ZooKeeperServer)
[2020-10-27 09:09:22,582] INFO Server environment:user.dir=/opt/kafka (org.apache.zookeeper.server.ZooKeeperServer)
[2020-10-27 09:09:22,582] INFO Server environment:os.memory.free=497MB (org.apache.zookeeper.server.ZooKeeperServer)
[2020-10-27 09:09:22,582] INFO Server environment:os.memory.max=512MB (org.apache.zookeeper.server.ZooKeeperServer)
[2020-10-27 09:09:22,582] INFO Server environment:os.memory.total=512MB (org.apache.zookeeper.server.ZooKeeperServer)
[2020-10-27 09:09:22,583] INFO minSessionTimeout set to 260 (org.apache.zookeeper.server.ZooKeeperServer)
[2020-10-27 09:09:22,583] INFO maxSessionTimeout set to 3000 (org.apache.zookeeper.server.ZooKeeperServer)
[2020-10-27 09:09:22,584] INFO Notification: 2 (message format version), 2 (n.leader), 0x0 (n.zxid), 0x6 (n.round), LOOKING (n.state), 2 (n.sid), 0x0 (n.peerEPoch), LEADING (my state)0 (n.config version) (org.apache.zookeeper.server.quorum.FastLeaderElection)
[2020-10-27 09:09:22,584] INFO Created server with tickTime 130 minSessionTimeout 260 maxSessionTimeout 3000 datadir /var/lib/zookeeper/log/version-2 snapdir /var/lib/zookeeper/data/version-2 (org.apache.zookeeper.server.ZooKeeperServer)
[2020-10-27 09:09:22,585] INFO LEADING - LEADER ELECTION TOOK - 16 MS (org.apache.zookeeper.server.quorum.Leader)
[2020-10-27 09:09:22,588] INFO Notification: 2 (message format version), 2 (n.leader), 0x0 (n.zxid), 0x6 (n.round), LOOKING (n.state), 1 (n.sid), 0x0 (n.peerEPoch), LEADING (my state)0 (n.config version) (org.apache.zookeeper.server.quorum.FastLeaderElection)
[2020-10-27 09:09:22,589] INFO Snapshotting: 0x0 to /var/lib/zookeeper/data/version-2/snapshot.0 (org.apache.zookeeper.server.persistence.FileTxnSnapLog)
[2020-10-27 09:09:22,796] INFO Notification: 2 (message format version), 2 (n.leader), 0x0 (n.zxid), 0x6 (n.round), LOOKING (n.state), 1 (n.sid), 0x0 (n.peerEPoch), LEADING (my state)0 (n.config version) (org.apache.zookeeper.server.quorum.FastLeaderElection)
[2020-10-27 09:09:23,203] INFO Notification: 2 (message format version), 2 (n.leader), 0x0 (n.zxid), 0x6 (n.round), LOOKING (n.state), 1 (n.sid), 0x0 (n.peerEPoch), LEADING (my state)0 (n.config version) (org.apache.zookeeper.server.quorum.FastLeaderElection)
[2020-10-27 09:09:23,215] INFO Notification: 2 (message format version), 1 (n.leader), 0x0 (n.zxid), 0x7 (n.round), LOOKING (n.state), 1 (n.sid), 0x0 (n.peerEPoch), LEADING (my state)0 (n.config version) (org.apache.zookeeper.server.quorum.FastLeaderElection)
[2020-10-27 09:09:23,242] WARN Unexpected exception (org.apache.zookeeper.server.quorum.QuorumPeer)
java.lang.InterruptedException: Timeout while waiting for epoch from quorum
	at org.apache.zookeeper.server.quorum.Leader.getEpochToPropose(Leader.java:1227)
	at org.apache.zookeeper.server.quorum.Leader.lead(Leader.java:482)
	at org.apache.zookeeper.server.quorum.QuorumPeer.run(QuorumPeer.java:1266)
[2020-10-27 09:09:23,243] INFO Shutting down (org.apache.zookeeper.server.quorum.Leader)
[2020-10-27 09:09:23,243] INFO Shutdown called (org.apache.zookeeper.server.quorum.Leader)
java.lang.Exception: shutdown Leader! reason: Forcing shutdown
	at org.apache.zookeeper.server.quorum.Leader.shutdown(Leader.java:682)
	at org.apache.zookeeper.server.quorum.QuorumPeer.run(QuorumPeer.java:1272)
[2020-10-27 09:09:23,243] WARN PeerState set to LOOKING (org.apache.zookeeper.server.quorum.QuorumPeer)
[2020-10-27 09:09:23,243] INFO LOOKING (org.apache.zookeeper.server.quorum.QuorumPeer)
[2020-10-27 09:09:23,243] INFO exception while shutting down acceptor: java.net.SocketException: Socket closed (org.apache.zookeeper.server.quorum.Leader)
[2020-10-27 09:09:23,244] INFO New election. My id =  3, proposed zxid=0x0 (org.apache.zookeeper.server.quorum.FastLeaderElection)
[2020-10-27 09:09:23,245] INFO Notification: 2 (message format version), 3 (n.leader), 0x0 (n.zxid), 0x6 (n.round), LOOKING (n.state), 3 (n.sid), 0x0 (n.peerEPoch), LOOKING (my state)0 (n.config version) (org.apache.zookeeper.server.quorum.FastLeaderElection)
[2020-10-27 09:09:23,247] INFO Notification: 2 (message format version), 2 (n.leader), 0x0 (n.zxid), 0x6 (n.round), LEADING (n.state), 2 (n.sid), 0x0 (n.peerEPoch), LOOKING (my state)0 (n.config version) (org.apache.zookeeper.server.quorum.FastLeaderElection)
[2020-10-27 09:09:23,250] INFO Notification: 2 (message format version), 1 (n.leader), 0x0 (n.zxid), 0x7 (n.round), LOOKING (n.state), 1 (n.sid), 0x0 (n.peerEPoch), LOOKING (my state)0 (n.config version) (org.apache.zookeeper.server.quorum.FastLeaderElection)
[2020-10-27 09:09:23,251] INFO Notification: 2 (message format version), 3 (n.leader), 0x0 (n.zxid), 0x7 (n.round), LOOKING (n.state), 3 (n.sid), 0x0 (n.peerEPoch), LOOKING (my state)0 (n.config version) (org.apache.zookeeper.server.quorum.FastLeaderElection)
[2020-10-27 09:09:23,252] INFO Notification: 2 (message format version), 2 (n.leader), 0x0 (n.zxid), 0x6 (n.round), LEADING (n.state), 2 (n.sid), 0x0 (n.peerEPoch), LOOKING (my state)0 (n.config version) (org.apache.zookeeper.server.quorum.FastLeaderElection)
[2020-10-27 09:09:23,256] INFO Notification: 2 (message format version), 3 (n.leader), 0x0 (n.zxid), 0x7 (n.round), LOOKING (n.state), 1 (n.sid), 0x0 (n.peerEPoch), LOOKING (my state)0 (n.config version) (org.apache.zookeeper.server.quorum.FastLeaderElection)
[2020-10-27 09:09:23,262] WARN Exception causing close of session 0x0: ZooKeeperServer not running (org.apache.zookeeper.server.NIOServerCnxn)
[2020-10-27 09:09:23,445] INFO Notification: 2 (message format version), 2 (n.leader), 0x0 (n.zxid), 0x7 (n.round), LOOKING (n.state), 2 (n.sid), 0x0 (n.peerEPoch), LOOKING (my state)0 (n.config version) (org.apache.zookeeper.server.quorum.FastLeaderElection)
[2020-10-27 09:09:23,507] WARN Exception causing close of session 0x0: ZooKeeperServer not running (org.apache.zookeeper.server.NIOServerCnxn)
[2020-10-27 09:09:23,645] INFO LEADING (org.apache.zookeeper.server.quorum.QuorumPeer)
[2020-10-27 09:09:23,645] INFO minSessionTimeout set to 260 (org.apache.zookeeper.server.ZooKeeperServer)
[2020-10-27 09:09:23,645] INFO maxSessionTimeout set to 3000 (org.apache.zookeeper.server.ZooKeeperServer)
[2020-10-27 09:09:23,645] INFO Created server with tickTime 130 minSessionTimeout 260 maxSessionTimeout 3000 datadir /var/lib/zookeeper/log/version-2 snapdir /var/lib/zookeeper/data/version-2 (org.apache.zookeeper.server.ZooKeeperServer)
[2020-10-27 09:09:23,646] INFO LEADING - LEADER ELECTION TOOK - 1 MS (org.apache.zookeeper.server.quorum.Leader)
[2020-10-27 09:09:23,646] INFO Snapshotting: 0x0 to /var/lib/zookeeper/data/version-2/snapshot.0 (org.apache.zookeeper.server.persistence.FileTxnSnapLog)
[2020-10-27 09:09:23,649] INFO Notification: 2 (message format version), 2 (n.leader), 0x0 (n.zxid), 0x7 (n.round), LOOKING (n.state), 2 (n.sid), 0x0 (n.peerEPoch), LEADING (my state)0 (n.config version) (org.apache.zookeeper.server.quorum.FastLeaderElection)
[2020-10-27 09:09:23,658] INFO Notification: 2 (message format version), 1 (n.leader), 0x0 (n.zxid), 0x8 (n.round), LOOKING (n.state), 1 (n.sid), 0x0 (n.peerEPoch), LEADING (my state)0 (n.config version) (org.apache.zookeeper.server.quorum.FastLeaderElection)
[2020-10-27 09:09:23,660] INFO Notification: 2 (message format version), 2 (n.leader), 0x0 (n.zxid), 0x8 (n.round), LOOKING (n.state), 2 (n.sid), 0x0 (n.peerEPoch), LEADING (my state)0 (n.config version) (org.apache.zookeeper.server.quorum.FastLeaderElection)
[2020-10-27 09:09:23,868] INFO Notification: 2 (message format version), 1 (n.leader), 0x0 (n.zxid), 0x8 (n.round), LOOKING (n.state), 1 (n.sid), 0x0 (n.peerEPoch), LEADING (my state)0 (n.config version) (org.apache.zookeeper.server.quorum.FastLeaderElection)
[2020-10-27 09:09:23,877] INFO Notification: 2 (message format version), 2 (n.leader), 0x0 (n.zxid), 0x8 (n.round), LOOKING (n.state), 1 (n.sid), 0x0 (n.peerEPoch), LEADING (my state)0 (n.config version) (org.apache.zookeeper.server.quorum.FastLeaderElection)
[2020-10-27 09:09:24,284] INFO Notification: 2 (message format version), 2 (n.leader), 0x0 (n.zxid), 0x8 (n.round), LOOKING (n.state), 1 (n.sid), 0x0 (n.peerEPoch), LEADING (my state)0 (n.config version) (org.apache.zookeeper.server.quorum.FastLeaderElection)
[2020-10-27 09:09:24,297] WARN Unexpected exception (org.apache.zookeeper.server.quorum.QuorumPeer)
java.lang.InterruptedException: Timeout while waiting for epoch from quorum
	at org.apache.zookeeper.server.quorum.Leader.getEpochToPropose(Leader.java:1227)
	at org.apache.zookeeper.server.quorum.Leader.lead(Leader.java:482)
	at org.apache.zookeeper.server.quorum.QuorumPeer.run(QuorumPeer.java:1266)
[2020-10-27 09:09:24,297] INFO Shutting down (org.apache.zookeeper.server.quorum.Leader)
[2020-10-27 09:09:24,297] INFO Shutdown called (org.apache.zookeeper.server.quorum.Leader)
java.lang.Exception: shutdown Leader! reason: Forcing shutdown
	at org.apache.zookeeper.server.quorum.Leader.shutdown(Leader.java:682)
	at org.apache.zookeeper.server.quorum.QuorumPeer.run(QuorumPeer.java:1272)
[2020-10-27 09:09:24,297] WARN PeerState set to LOOKING (org.apache.zookeeper.server.quorum.QuorumPeer)
[2020-10-27 09:09:24,297] INFO LOOKING (org.apache.zookeeper.server.quorum.QuorumPeer)
[2020-10-27 09:09:24,298] INFO exception while shutting down acceptor: java.net.SocketException: Socket closed (org.apache.zookeeper.server.quorum.Leader)
[2020-10-27 09:09:24,298] INFO New election. My id =  3, proposed zxid=0x0 (org.apache.zookeeper.server.quorum.FastLeaderElection)
[2020-10-27 09:09:24,299] INFO Notification: 2 (message format version), 3 (n.leader), 0x0 (n.zxid), 0x8 (n.round), LOOKING (n.state), 3 (n.sid), 0x0 (n.peerEPoch), LOOKING (my state)0 (n.config version) (org.apache.zookeeper.server.quorum.FastLeaderElection)
[2020-10-27 09:09:24,300] INFO Notification: 2 (message format version), 2 (n.leader), 0x0 (n.zxid), 0x8 (n.round), LEADING (n.state), 2 (n.sid), 0x0 (n.peerEPoch), LOOKING (my state)0 (n.config version) (org.apache.zookeeper.server.quorum.FastLeaderElection)
[2020-10-27 09:09:24,304] INFO Notification: 2 (message format version), 3 (n.leader), 0x0 (n.zxid), 0x8 (n.round), LOOKING (n.state), 1 (n.sid), 0x0 (n.peerEPoch), LOOKING (my state)0 (n.config version) (org.apache.zookeeper.server.quorum.FastLeaderElection)
[2020-10-27 09:09:24,505] INFO LEADING (org.apache.zookeeper.server.quorum.QuorumPeer)
[2020-10-27 09:09:24,505] INFO minSessionTimeout set to 260 (org.apache.zookeeper.server.ZooKeeperServer)
[2020-10-27 09:09:24,505] INFO maxSessionTimeout set to 3000 (org.apache.zookeeper.server.ZooKeeperServer)
[2020-10-27 09:09:24,505] INFO Created server with tickTime 130 minSessionTimeout 260 maxSessionTimeout 3000 datadir /var/lib/zookeeper/log/version-2 snapdir /var/lib/zookeeper/data/version-2 (org.apache.zookeeper.server.ZooKeeperServer)
[2020-10-27 09:09:24,505] INFO LEADING - LEADER ELECTION TOOK - 0 MS (org.apache.zookeeper.server.quorum.Leader)
[2020-10-27 09:09:24,506] INFO Snapshotting: 0x0 to /var/lib/zookeeper/data/version-2/snapshot.0 (org.apache.zookeeper.server.persistence.FileTxnSnapLog)
[2020-10-27 09:09:24,513] INFO Notification: 2 (message format version), 1 (n.leader), 0x0 (n.zxid), 0x9 (n.round), LOOKING (n.state), 1 (n.sid), 0x0 (n.peerEPoch), LEADING (my state)0 (n.config version) (org.apache.zookeeper.server.quorum.FastLeaderElection)
[2020-10-27 09:09:24,726] INFO Notification: 2 (message format version), 1 (n.leader), 0x0 (n.zxid), 0x9 (n.round), LOOKING (n.state), 1 (n.sid), 0x0 (n.peerEPoch), LEADING (my state)0 (n.config version) (org.apache.zookeeper.server.quorum.FastLeaderElection)
[2020-10-27 09:09:24,732] INFO Notification: 2 (message format version), 2 (n.leader), 0x0 (n.zxid), 0x9 (n.round), LOOKING (n.state), 2 (n.sid), 0x0 (n.peerEPoch), LEADING (my state)0 (n.config version) (org.apache.zookeeper.server.quorum.FastLeaderElection)
[2020-10-27 09:09:24,740] INFO Notification: 2 (message format version), 2 (n.leader), 0x0 (n.zxid), 0x9 (n.round), LOOKING (n.state), 1 (n.sid), 0x0 (n.peerEPoch), LEADING (my state)0 (n.config version) (org.apache.zookeeper.server.quorum.FastLeaderElection)
[2020-10-27 09:09:25,146] INFO Notification: 2 (message format version), 2 (n.leader), 0x0 (n.zxid), 0x9 (n.round), LOOKING (n.state), 1 (n.sid), 0x0 (n.peerEPoch), LEADING (my state)0 (n.config version) (org.apache.zookeeper.server.quorum.FastLeaderElection)
[2020-10-27 09:09:25,157] WARN Unexpected exception (org.apache.zookeeper.server.quorum.QuorumPeer)
java.lang.InterruptedException: Timeout while waiting for epoch from quorum
	at org.apache.zookeeper.server.quorum.Leader.getEpochToPropose(Leader.java:1227)
	at org.apache.zookeeper.server.quorum.Leader.lead(Leader.java:482)
	at org.apache.zookeeper.server.quorum.QuorumPeer.run(QuorumPeer.java:1266)
[2020-10-27 09:09:25,158] INFO Shutting down (org.apache.zookeeper.server.quorum.Leader)
[2020-10-27 09:09:25,158] INFO Shutdown called (org.apache.zookeeper.server.quorum.Leader)
java.lang.Exception: shutdown Leader! reason: Forcing shutdown
	at org.apache.zookeeper.server.quorum.Leader.shutdown(Leader.java:682)
	at org.apache.zookeeper.server.quorum.QuorumPeer.run(QuorumPeer.java:1272)
[2020-10-27 09:09:25,158] WARN PeerState set to LOOKING (org.apache.zookeeper.server.quorum.QuorumPeer)
[2020-10-27 09:09:25,159] INFO LOOKING (org.apache.zookeeper.server.quorum.QuorumPeer)
[2020-10-27 09:09:25,160] INFO New election. My id =  3, proposed zxid=0x0 (org.apache.zookeeper.server.quorum.FastLeaderElection)
[2020-10-27 09:09:25,159] INFO exception while shutting down acceptor: java.net.SocketException: Socket closed (org.apache.zookeeper.server.quorum.Leader)
[2020-10-27 09:09:25,161] INFO Notification: 2 (message format version), 3 (n.leader), 0x0 (n.zxid), 0x9 (n.round), LOOKING (n.state), 3 (n.sid), 0x0 (n.peerEPoch), LOOKING (my state)0 (n.config version) (org.apache.zookeeper.server.quorum.FastLeaderElection)
[2020-10-27 09:09:25,162] INFO Notification: 2 (message format version), 2 (n.leader), 0x0 (n.zxid), 0x9 (n.round), LEADING (n.state), 2 (n.sid), 0x0 (n.peerEPoch), LOOKING (my state)0 (n.config version) (org.apache.zookeeper.server.quorum.FastLeaderElection)
[2020-10-27 09:09:25,165] INFO Notification: 2 (message format version), 2 (n.leader), 0x0 (n.zxid), 0x9 (n.round), FOLLOWING (n.state), 1 (n.sid), 0x0 (n.peerEPoch), LOOKING (my state)0 (n.config version) (org.apache.zookeeper.server.quorum.FastLeaderElection)
[2020-10-27 09:09:25,166] INFO FOLLOWING (org.apache.zookeeper.server.quorum.QuorumPeer)
[2020-10-27 09:09:25,171] INFO TCP NoDelay set to: true (org.apache.zookeeper.server.quorum.Learner)
[2020-10-27 09:09:25,172] INFO minSessionTimeout set to 260 (org.apache.zookeeper.server.ZooKeeperServer)
[2020-10-27 09:09:25,172] INFO maxSessionTimeout set to 3000 (org.apache.zookeeper.server.ZooKeeperServer)
[2020-10-27 09:09:25,172] INFO Created server with tickTime 130 minSessionTimeout 260 maxSessionTimeout 3000 datadir /var/lib/zookeeper/log/version-2 snapdir /var/lib/zookeeper/data/version-2 (org.apache.zookeeper.server.ZooKeeperServer)
[2020-10-27 09:09:25,172] INFO FOLLOWING - LEADER ELECTION TOOK - 6 MS (org.apache.zookeeper.server.quorum.Learner)
[2020-10-27 09:09:25,186] INFO Getting a diff from the leader 0x0 (org.apache.zookeeper.server.quorum.Learner)
[2020-10-27 09:09:25,190] INFO Learner received NEWLEADER message (org.apache.zookeeper.server.quorum.Learner)
[2020-10-27 09:09:25,216] INFO Learner received UPTODATE message (org.apache.zookeeper.server.quorum.Learner)
[2020-10-27 09:09:25,221] INFO Configuring CommitProcessor with 1 worker threads. (org.apache.zookeeper.server.quorum.CommitProcessor)
[2020-10-27 09:09:26,693] WARN Got zxid 0x100000001 expected 0x1 (org.apache.zookeeper.server.quorum.Learner)
[2020-10-27 09:09:26,694] INFO Creating new log file: log.100000001 (org.apache.zookeeper.server.persistence.FileTxnLog)
[2020-10-27 09:16:27,886] INFO Notification: 2 (message format version), 1 (n.leader), 0x1000000fa (n.zxid), 0xa (n.round), LOOKING (n.state), 1 (n.sid), 0x1 (n.peerEPoch), FOLLOWING (my state)0 (n.config version) (org.apache.zookeeper.server.quorum.FastLeaderElection)
[2020-10-27 09:18:39,109] INFO Notification: 2 (message format version), 1 (n.leader), 0x1000000fa (n.zxid), 0xa (n.round), LOOKING (n.state), 1 (n.sid), 0x1 (n.peerEPoch), FOLLOWING (my state)0 (n.config version) (org.apache.zookeeper.server.quorum.FastLeaderElection)
[2020-10-27 09:19:43,690] INFO Notification: 2 (message format version), 1 (n.leader), 0x1000000fa (n.zxid), 0xa (n.round), LOOKING (n.state), 1 (n.sid), 0x1 (n.peerEPoch), FOLLOWING (my state)0 (n.config version) (org.apache.zookeeper.server.quorum.FastLeaderElection)
[2020-10-27 09:23:00,799] INFO Notification: 2 (message format version), 1 (n.leader), 0x1000000fa (n.zxid), 0xa (n.round), LOOKING (n.state), 1 (n.sid), 0x1 (n.peerEPoch), FOLLOWING (my state)0 (n.config version) (org.apache.zookeeper.server.quorum.FastLeaderElection)
[2020-10-27 09:29:46,411] INFO Notification: 2 (message format version), 1 (n.leader), 0x1000000fa (n.zxid), 0xa (n.round), LOOKING (n.state), 1 (n.sid), 0x1 (n.peerEPoch), FOLLOWING (my state)0 (n.config version) (org.apache.zookeeper.server.quorum.FastLeaderElection)
[2020-10-27 09:37:06,299] INFO Notification: 2 (message format version), 1 (n.leader), 0x1000000fa (n.zxid), 0xa (n.round), LOOKING (n.state), 1 (n.sid), 0x1 (n.peerEPoch), FOLLOWING (my state)0 (n.config version) (org.apache.zookeeper.server.quorum.FastLeaderElection)
