[2020-10-26 19:29:23,699] INFO Registered kafka:type=kafka.Log4jController MBean (kafka.utils.Log4jControllerRegistration$)
[2020-10-26 19:29:24,366] INFO Setting -D jdk.tls.rejectClientInitiatedRenegotiation=true to disable client-initiated TLS renegotiation (org.apache.zookeeper.common.X509Util)
[2020-10-26 19:29:24,420] INFO Registered signal handlers for TERM, INT, HUP (org.apache.kafka.common.utils.LoggingSignalHandler)
[2020-10-26 19:29:24,425] INFO starting (kafka.server.KafkaServer)
[2020-10-26 19:29:24,426] INFO Connecting to zookeeper on zookeeper:2181 (kafka.server.KafkaServer)
[2020-10-26 19:29:24,450] INFO [ZooKeeperClient Kafka server] Initializing a new session to zookeeper:2181. (kafka.zookeeper.ZooKeeperClient)
[2020-10-26 19:29:24,463] INFO Client environment:zookeeper.version=3.5.7-f0fdd52973d373ffd9c86b81d99842dc2c7f660e, built on 02/10/2020 11:30 GMT (org.apache.zookeeper.ZooKeeper)
[2020-10-26 19:29:24,463] INFO Client environment:host.name=kafka-4.kafka.kafka.svc.cluster.local (org.apache.zookeeper.ZooKeeper)
[2020-10-26 19:29:24,463] INFO Client environment:java.version=11.0.7 (org.apache.zookeeper.ZooKeeper)
[2020-10-26 19:29:24,463] INFO Client environment:java.vendor=AdoptOpenJDK (org.apache.zookeeper.ZooKeeper)
[2020-10-26 19:29:24,463] INFO Client environment:java.home=/opt/java/openjdk (org.apache.zookeeper.ZooKeeper)
[2020-10-26 19:29:24,463] INFO Client environment:java.class.path=/opt/kafka/libs/extensions/*:/opt/kafka/libs/activation-1.1.1.jar:/opt/kafka/libs/aopalliance-repackaged-2.5.0.jar:/opt/kafka/libs/argparse4j-0.7.0.jar:/opt/kafka/libs/audience-annotations-0.5.0.jar:/opt/kafka/libs/commons-cli-1.4.jar:/opt/kafka/libs/commons-lang3-3.8.1.jar:/opt/kafka/libs/connect-api-2.5.0.jar:/opt/kafka/libs/connect-basic-auth-extension-2.5.0.jar:/opt/kafka/libs/connect-file-2.5.0.jar:/opt/kafka/libs/connect-json-2.5.0.jar:/opt/kafka/libs/connect-mirror-2.5.0.jar:/opt/kafka/libs/connect-mirror-client-2.5.0.jar:/opt/kafka/libs/connect-runtime-2.5.0.jar:/opt/kafka/libs/connect-transforms-2.5.0.jar:/opt/kafka/libs/hk2-api-2.5.0.jar:/opt/kafka/libs/hk2-locator-2.5.0.jar:/opt/kafka/libs/hk2-utils-2.5.0.jar:/opt/kafka/libs/jackson-annotations-2.10.2.jar:/opt/kafka/libs/jackson-core-2.10.2.jar:/opt/kafka/libs/jackson-databind-2.10.2.jar:/opt/kafka/libs/jackson-dataformat-csv-2.10.2.jar:/opt/kafka/libs/jackson-datatype-jdk8-2.10.2.jar:/opt/kafka/libs/jackson-jaxrs-base-2.10.2.jar:/opt/kafka/libs/jackson-jaxrs-json-provider-2.10.2.jar:/opt/kafka/libs/jackson-module-jaxb-annotations-2.10.2.jar:/opt/kafka/libs/jackson-module-paranamer-2.10.2.jar:/opt/kafka/libs/jackson-module-scala_2.12-2.10.2.jar:/opt/kafka/libs/jakarta.activation-api-1.2.1.jar:/opt/kafka/libs/jakarta.annotation-api-1.3.4.jar:/opt/kafka/libs/jakarta.inject-2.5.0.jar:/opt/kafka/libs/jakarta.ws.rs-api-2.1.5.jar:/opt/kafka/libs/jakarta.xml.bind-api-2.3.2.jar:/opt/kafka/libs/javassist-3.22.0-CR2.jar:/opt/kafka/libs/javassist-3.26.0-GA.jar:/opt/kafka/libs/javax.servlet-api-3.1.0.jar:/opt/kafka/libs/javax.ws.rs-api-2.1.1.jar:/opt/kafka/libs/jaxb-api-2.3.0.jar:/opt/kafka/libs/jersey-client-2.28.jar:/opt/kafka/libs/jersey-common-2.28.jar:/opt/kafka/libs/jersey-container-servlet-2.28.jar:/opt/kafka/libs/jersey-container-servlet-core-2.28.jar:/opt/kafka/libs/jersey-hk2-2.28.jar:/opt/kafka/libs/jersey-media-jaxb-2.28.jar:/opt/kafka/libs/jersey-server-2.28.jar:/opt/kafka/libs/jetty-client-9.4.24.v20191120.jar:/opt/kafka/libs/jetty-continuation-9.4.24.v20191120.jar:/opt/kafka/libs/jetty-http-9.4.24.v20191120.jar:/opt/kafka/libs/jetty-io-9.4.24.v20191120.jar:/opt/kafka/libs/jetty-security-9.4.24.v20191120.jar:/opt/kafka/libs/jetty-server-9.4.24.v20191120.jar:/opt/kafka/libs/jetty-servlet-9.4.24.v20191120.jar:/opt/kafka/libs/jetty-servlets-9.4.24.v20191120.jar:/opt/kafka/libs/jetty-util-9.4.24.v20191120.jar:/opt/kafka/libs/jopt-simple-5.0.4.jar:/opt/kafka/libs/kafka-clients-2.5.0.jar:/opt/kafka/libs/kafka-log4j-appender-2.5.0.jar:/opt/kafka/libs/kafka-streams-2.5.0.jar:/opt/kafka/libs/kafka-streams-examples-2.5.0.jar:/opt/kafka/libs/kafka-streams-scala_2.12-2.5.0.jar:/opt/kafka/libs/kafka-streams-test-utils-2.5.0.jar:/opt/kafka/libs/kafka-tools-2.5.0.jar:/opt/kafka/libs/kafka_2.12-2.5.0-javadoc.jar:/opt/kafka/libs/kafka_2.12-2.5.0-scaladoc.jar:/opt/kafka/libs/kafka_2.12-2.5.0-sources.jar:/opt/kafka/libs/kafka_2.12-2.5.0-test-sources.jar:/opt/kafka/libs/kafka_2.12-2.5.0-test.jar:/opt/kafka/libs/kafka_2.12-2.5.0.jar:/opt/kafka/libs/log4j-1.2.17.jar:/opt/kafka/libs/lz4-java-1.7.1.jar:/opt/kafka/libs/maven-artifact-3.6.3.jar:/opt/kafka/libs/metrics-core-2.2.0.jar:/opt/kafka/libs/netty-buffer-4.1.45.Final.jar:/opt/kafka/libs/netty-codec-4.1.45.Final.jar:/opt/kafka/libs/netty-common-4.1.45.Final.jar:/opt/kafka/libs/netty-handler-4.1.45.Final.jar:/opt/kafka/libs/netty-resolver-4.1.45.Final.jar:/opt/kafka/libs/netty-transport-4.1.45.Final.jar:/opt/kafka/libs/netty-transport-native-epoll-4.1.45.Final.jar:/opt/kafka/libs/netty-transport-native-unix-common-4.1.45.Final.jar:/opt/kafka/libs/osgi-resource-locator-1.0.1.jar:/opt/kafka/libs/paranamer-2.8.jar:/opt/kafka/libs/plexus-utils-3.2.1.jar:/opt/kafka/libs/reflections-0.9.12.jar:/opt/kafka/libs/rocksdbjni-5.18.3.jar:/opt/kafka/libs/scala-java8-compat_2.12-0.9.0.jar:/opt/kafka/libs/scala-collection-compat_2.12-2.1.3.jar:/opt/kafka/libs/scala-library-2.12.10.jar:/opt/kafka/libs/scala-logging_2.12-3.9.2.jar:/opt/kafka/libs/scala-reflect-2.12.10.jar:/opt/kafka/libs/slf4j-api-1.7.30.jar:/opt/kafka/libs/slf4j-log4j12-1.7.30.jar:/opt/kafka/libs/snappy-java-1.1.7.3.jar:/opt/kafka/libs/validation-api-2.0.1.Final.jar:/opt/kafka/libs/zookeeper-3.5.7.jar:/opt/kafka/libs/zookeeper-jute-3.5.7.jar:/opt/kafka/libs/zstd-jni-1.4.4-7.jar (org.apache.zookeeper.ZooKeeper)
[2020-10-26 19:29:24,463] INFO Client environment:java.library.path=/usr/java/packages/lib:/usr/lib64:/lib64:/lib:/usr/lib (org.apache.zookeeper.ZooKeeper)
[2020-10-26 19:29:24,463] INFO Client environment:java.io.tmpdir=/tmp (org.apache.zookeeper.ZooKeeper)
[2020-10-26 19:29:24,463] INFO Client environment:java.compiler=<NA> (org.apache.zookeeper.ZooKeeper)
[2020-10-26 19:29:24,463] INFO Client environment:os.name=Linux (org.apache.zookeeper.ZooKeeper)
[2020-10-26 19:29:24,463] INFO Client environment:os.arch=amd64 (org.apache.zookeeper.ZooKeeper)
[2020-10-26 19:29:24,463] INFO Client environment:os.version=4.14.193-149.317.amzn2.x86_64 (org.apache.zookeeper.ZooKeeper)
[2020-10-26 19:29:24,463] INFO Client environment:user.name=nonroot (org.apache.zookeeper.ZooKeeper)
[2020-10-26 19:29:24,463] INFO Client environment:user.home=/home/nonroot (org.apache.zookeeper.ZooKeeper)
[2020-10-26 19:29:24,464] INFO Client environment:user.dir=/opt/kafka (org.apache.zookeeper.ZooKeeper)
[2020-10-26 19:29:24,464] INFO Client environment:os.memory.free=983MB (org.apache.zookeeper.ZooKeeper)
[2020-10-26 19:29:24,464] INFO Client environment:os.memory.max=1024MB (org.apache.zookeeper.ZooKeeper)
[2020-10-26 19:29:24,464] INFO Client environment:os.memory.total=1024MB (org.apache.zookeeper.ZooKeeper)
[2020-10-26 19:29:24,474] INFO Initiating client connection, connectString=zookeeper:2181 sessionTimeout=5000 watcher=kafka.zookeeper.ZooKeeperClient$ZooKeeperClientWatcher$@2fd953a6 (org.apache.zookeeper.ZooKeeper)
[2020-10-26 19:29:24,481] INFO jute.maxbuffer value is 4194304 Bytes (org.apache.zookeeper.ClientCnxnSocket)
[2020-10-26 19:29:24,489] INFO zookeeper.request.timeout value is 0. feature enabled= (org.apache.zookeeper.ClientCnxn)
[2020-10-26 19:29:24,491] INFO [ZooKeeperClient Kafka server] Waiting until connected. (kafka.zookeeper.ZooKeeperClient)
[2020-10-26 19:29:24,547] INFO Opening socket connection to server zookeeper/10.233.8.197:2181. Will not attempt to authenticate using SASL (unknown error) (org.apache.zookeeper.ClientCnxn)
[2020-10-26 19:29:24,564] INFO Socket connection established, initiating session, client: /10.233.121.3:58384, server: zookeeper/10.233.8.197:2181 (org.apache.zookeeper.ClientCnxn)
[2020-10-26 19:29:24,599] INFO Session establishment complete on server zookeeper/10.233.8.197:2181, sessionid = 0x100001859aa0001, negotiated timeout = 3000 (org.apache.zookeeper.ClientCnxn)
[2020-10-26 19:29:24,605] INFO [ZooKeeperClient Kafka server] Connected. (kafka.zookeeper.ZooKeeperClient)
[2020-10-26 19:29:25,639] INFO Cluster ID = pqIPetu_T4C_z1bFG8Bddg (kafka.server.KafkaServer)
[2020-10-26 19:29:25,645] WARN No meta.properties file under dir /var/lib/kafka/data/topics/meta.properties (kafka.server.BrokerMetadataCheckpoint)
[2020-10-26 19:29:25,756] INFO KafkaConfig values: 
	advertised.host.name = null
	advertised.listeners = PLAINTEXT://:9092,OUTSIDE://10.0.2.149:32404
	advertised.port = null
	alter.config.policy.class.name = null
	alter.log.dirs.replication.quota.window.num = 11
	alter.log.dirs.replication.quota.window.size.seconds = 1
	authorizer.class.name = 
	auto.create.topics.enable = false
	auto.leader.rebalance.enable = true
	background.threads = 10
	broker.id = 4
	broker.id.generation.enable = true
	broker.rack = null
	client.quota.callback.class = null
	compression.type = producer
	connection.failed.authentication.delay.ms = 100
	connections.max.idle.ms = 600000
	connections.max.reauth.ms = 0
	control.plane.listener.name = null
	controlled.shutdown.enable = true
	controlled.shutdown.max.retries = 3
	controlled.shutdown.retry.backoff.ms = 5000
	controller.socket.timeout.ms = 5000
	create.topic.policy.class.name = null
	default.replication.factor = 3
	delegation.token.expiry.check.interval.ms = 3600000
	delegation.token.expiry.time.ms = 86400000
	delegation.token.master.key = null
	delegation.token.max.lifetime.ms = 604800000
	delete.records.purgatory.purge.interval.requests = 1
	delete.topic.enable = true
	fetch.max.bytes = 57671680
	fetch.purgatory.purge.interval.requests = 1000
	group.initial.rebalance.delay.ms = 0
	group.max.session.timeout.ms = 2000
	group.max.size = 2147483647
	group.min.session.timeout.ms = 0
	host.name = 
	inter.broker.listener.name = PLAINTEXT
	inter.broker.protocol.version = 2.5-IV0
	kafka.metrics.polling.interval.secs = 10
	kafka.metrics.reporters = []
	leader.imbalance.check.interval.seconds = 300
	leader.imbalance.per.broker.percentage = 10
	listener.security.protocol.map = PLAINTEXT:PLAINTEXT,SSL:SSL,SASL_PLAINTEXT:SASL_PLAINTEXT,SASL_SSL:SASL_SSL,OUTSIDE:PLAINTEXT
	listeners = PLAINTEXT://:9092,OUTSIDE://:9094
	log.cleaner.backoff.ms = 15000
	log.cleaner.dedupe.buffer.size = 134217728
	log.cleaner.delete.retention.ms = 86400000
	log.cleaner.enable = true
	log.cleaner.io.buffer.load.factor = 0.9
	log.cleaner.io.buffer.size = 524288
	log.cleaner.io.max.bytes.per.second = 1.7976931348623157E308
	log.cleaner.max.compaction.lag.ms = 9223372036854775807
	log.cleaner.min.cleanable.ratio = 0.5
	log.cleaner.min.compaction.lag.ms = 0
	log.cleaner.threads = 1
	log.cleanup.policy = [delete]
	log.dir = /tmp/kafka-logs
	log.dirs = /var/lib/kafka/data/topics
	log.flush.interval.messages = 9223372036854775807
	log.flush.interval.ms = null
	log.flush.offset.checkpoint.interval.ms = 60000
	log.flush.scheduler.interval.ms = 9223372036854775807
	log.flush.start.offset.checkpoint.interval.ms = 60000
	log.index.interval.bytes = 4096
	log.index.size.max.bytes = 10485760
	log.message.downconversion.enable = true
	log.message.format.version = 2.5-IV0
	log.message.timestamp.difference.max.ms = 9223372036854775807
	log.message.timestamp.type = CreateTime
	log.preallocate = false
	log.retention.bytes = -1
	log.retention.check.interval.ms = 300000
	log.retention.hours = -1
	log.retention.minutes = null
	log.retention.ms = null
	log.roll.hours = 168
	log.roll.jitter.hours = 0
	log.roll.jitter.ms = null
	log.roll.ms = null
	log.segment.bytes = 1073741824
	log.segment.delete.delay.ms = 60000
	max.connections = 2147483647
	max.connections.per.ip = 2147483647
	max.connections.per.ip.overrides = 
	max.incremental.fetch.session.cache.slots = 1000
	message.max.bytes = 1048588
	metric.reporters = []
	metrics.num.samples = 2
	metrics.recording.level = INFO
	metrics.sample.window.ms = 30000
	min.insync.replicas = 2
	num.io.threads = 8
	num.network.threads = 3
	num.partitions = 1
	num.recovery.threads.per.data.dir = 1
	num.replica.alter.log.dirs.threads = null
	num.replica.fetchers = 2
	offset.metadata.max.bytes = 4096
	offsets.commit.required.acks = -1
	offsets.commit.timeout.ms = 5000
	offsets.load.buffer.size = 5242880
	offsets.retention.check.interval.ms = 600000
	offsets.retention.minutes = 10080
	offsets.topic.compression.codec = 0
	offsets.topic.num.partitions = 2
	offsets.topic.replication.factor = 5
	offsets.topic.segment.bytes = 104857600
	password.encoder.cipher.algorithm = AES/CBC/PKCS5Padding
	password.encoder.iterations = 4096
	password.encoder.key.length = 128
	password.encoder.keyfactory.algorithm = null
	password.encoder.old.secret = null
	password.encoder.secret = null
	port = 9092
	principal.builder.class = null
	producer.purgatory.purge.interval.requests = 1000
	queued.max.request.bytes = -1
	queued.max.requests = 500
	quota.consumer.default = 9223372036854775807
	quota.producer.default = 9223372036854775807
	quota.window.num = 11
	quota.window.size.seconds = 1
	replica.fetch.backoff.ms = 1000
	replica.fetch.max.bytes = 1048576
	replica.fetch.min.bytes = 1
	replica.fetch.response.max.bytes = 10485760
	replica.fetch.wait.max.ms = 500
	replica.high.watermark.checkpoint.interval.ms = 5000
	replica.lag.time.max.ms = 5000
	replica.selector.class = null
	replica.socket.receive.buffer.bytes = 65536
	replica.socket.timeout.ms = 3000
	replication.quota.window.num = 11
	replication.quota.window.size.seconds = 1
	request.timeout.ms = 2000
	reserved.broker.max.id = 1000
	sasl.client.callback.handler.class = null
	sasl.enabled.mechanisms = [GSSAPI]
	sasl.jaas.config = null
	sasl.kerberos.kinit.cmd = /usr/bin/kinit
	sasl.kerberos.min.time.before.relogin = 60000
	sasl.kerberos.principal.to.local.rules = [DEFAULT]
	sasl.kerberos.service.name = null
	sasl.kerberos.ticket.renew.jitter = 0.05
	sasl.kerberos.ticket.renew.window.factor = 0.8
	sasl.login.callback.handler.class = null
	sasl.login.class = null
	sasl.login.refresh.buffer.seconds = 300
	sasl.login.refresh.min.period.seconds = 60
	sasl.login.refresh.window.factor = 0.8
	sasl.login.refresh.window.jitter = 0.05
	sasl.mechanism.inter.broker.protocol = GSSAPI
	sasl.server.callback.handler.class = null
	security.inter.broker.protocol = PLAINTEXT
	security.providers = null
	socket.receive.buffer.bytes = 102400
	socket.request.max.bytes = 104857600
	socket.send.buffer.bytes = 102400
	ssl.cipher.suites = []
	ssl.client.auth = none
	ssl.enabled.protocols = [TLSv1.2]
	ssl.endpoint.identification.algorithm = https
	ssl.key.password = null
	ssl.keymanager.algorithm = SunX509
	ssl.keystore.location = null
	ssl.keystore.password = null
	ssl.keystore.type = JKS
	ssl.principal.mapping.rules = DEFAULT
	ssl.protocol = TLSv1.2
	ssl.provider = null
	ssl.secure.random.implementation = null
	ssl.trustmanager.algorithm = PKIX
	ssl.truststore.location = null
	ssl.truststore.password = null
	ssl.truststore.type = JKS
	transaction.abort.timed.out.transaction.cleanup.interval.ms = 10000
	transaction.max.timeout.ms = 3000
	transaction.remove.expired.transaction.cleanup.interval.ms = 3600000
	transaction.state.log.load.buffer.size = 5242880
	transaction.state.log.min.isr = 2
	transaction.state.log.num.partitions = 50
	transaction.state.log.replication.factor = 3
	transaction.state.log.segment.bytes = 104857600
	transactional.id.expiration.ms = 604800000
	unclean.leader.election.enable = false
	zookeeper.clientCnxnSocket = null
	zookeeper.connect = zookeeper:2181
	zookeeper.connection.timeout.ms = 3000
	zookeeper.max.in.flight.requests = 10
	zookeeper.session.timeout.ms = 5000
	zookeeper.set.acl = false
	zookeeper.ssl.cipher.suites = null
	zookeeper.ssl.client.enable = false
	zookeeper.ssl.crl.enable = false
	zookeeper.ssl.enabled.protocols = null
	zookeeper.ssl.endpoint.identification.algorithm = HTTPS
	zookeeper.ssl.keystore.location = null
	zookeeper.ssl.keystore.password = null
	zookeeper.ssl.keystore.type = null
	zookeeper.ssl.ocsp.enable = false
	zookeeper.ssl.protocol = TLSv1.2
	zookeeper.ssl.truststore.location = null
	zookeeper.ssl.truststore.password = null
	zookeeper.ssl.truststore.type = null
	zookeeper.sync.time.ms = 2000
 (kafka.server.KafkaConfig)
[2020-10-26 19:29:25,776] INFO KafkaConfig values: 
	advertised.host.name = null
	advertised.listeners = PLAINTEXT://:9092,OUTSIDE://10.0.2.149:32404
	advertised.port = null
	alter.config.policy.class.name = null
	alter.log.dirs.replication.quota.window.num = 11
	alter.log.dirs.replication.quota.window.size.seconds = 1
	authorizer.class.name = 
	auto.create.topics.enable = false
	auto.leader.rebalance.enable = true
	background.threads = 10
	broker.id = 4
	broker.id.generation.enable = true
	broker.rack = null
	client.quota.callback.class = null
	compression.type = producer
	connection.failed.authentication.delay.ms = 100
	connections.max.idle.ms = 600000
	connections.max.reauth.ms = 0
	control.plane.listener.name = null
	controlled.shutdown.enable = true
	controlled.shutdown.max.retries = 3
	controlled.shutdown.retry.backoff.ms = 5000
	controller.socket.timeout.ms = 5000
	create.topic.policy.class.name = null
	default.replication.factor = 3
	delegation.token.expiry.check.interval.ms = 3600000
	delegation.token.expiry.time.ms = 86400000
	delegation.token.master.key = null
	delegation.token.max.lifetime.ms = 604800000
	delete.records.purgatory.purge.interval.requests = 1
	delete.topic.enable = true
	fetch.max.bytes = 57671680
	fetch.purgatory.purge.interval.requests = 1000
	group.initial.rebalance.delay.ms = 0
	group.max.session.timeout.ms = 2000
	group.max.size = 2147483647
	group.min.session.timeout.ms = 0
	host.name = 
	inter.broker.listener.name = PLAINTEXT
	inter.broker.protocol.version = 2.5-IV0
	kafka.metrics.polling.interval.secs = 10
	kafka.metrics.reporters = []
	leader.imbalance.check.interval.seconds = 300
	leader.imbalance.per.broker.percentage = 10
	listener.security.protocol.map = PLAINTEXT:PLAINTEXT,SSL:SSL,SASL_PLAINTEXT:SASL_PLAINTEXT,SASL_SSL:SASL_SSL,OUTSIDE:PLAINTEXT
	listeners = PLAINTEXT://:9092,OUTSIDE://:9094
	log.cleaner.backoff.ms = 15000
	log.cleaner.dedupe.buffer.size = 134217728
	log.cleaner.delete.retention.ms = 86400000
	log.cleaner.enable = true
	log.cleaner.io.buffer.load.factor = 0.9
	log.cleaner.io.buffer.size = 524288
	log.cleaner.io.max.bytes.per.second = 1.7976931348623157E308
	log.cleaner.max.compaction.lag.ms = 9223372036854775807
	log.cleaner.min.cleanable.ratio = 0.5
	log.cleaner.min.compaction.lag.ms = 0
	log.cleaner.threads = 1
	log.cleanup.policy = [delete]
	log.dir = /tmp/kafka-logs
	log.dirs = /var/lib/kafka/data/topics
	log.flush.interval.messages = 9223372036854775807
	log.flush.interval.ms = null
	log.flush.offset.checkpoint.interval.ms = 60000
	log.flush.scheduler.interval.ms = 9223372036854775807
	log.flush.start.offset.checkpoint.interval.ms = 60000
	log.index.interval.bytes = 4096
	log.index.size.max.bytes = 10485760
	log.message.downconversion.enable = true
	log.message.format.version = 2.5-IV0
	log.message.timestamp.difference.max.ms = 9223372036854775807
	log.message.timestamp.type = CreateTime
	log.preallocate = false
	log.retention.bytes = -1
	log.retention.check.interval.ms = 300000
	log.retention.hours = -1
	log.retention.minutes = null
	log.retention.ms = null
	log.roll.hours = 168
	log.roll.jitter.hours = 0
	log.roll.jitter.ms = null
	log.roll.ms = null
	log.segment.bytes = 1073741824
	log.segment.delete.delay.ms = 60000
	max.connections = 2147483647
	max.connections.per.ip = 2147483647
	max.connections.per.ip.overrides = 
	max.incremental.fetch.session.cache.slots = 1000
	message.max.bytes = 1048588
	metric.reporters = []
	metrics.num.samples = 2
	metrics.recording.level = INFO
	metrics.sample.window.ms = 30000
	min.insync.replicas = 2
	num.io.threads = 8
	num.network.threads = 3
	num.partitions = 1
	num.recovery.threads.per.data.dir = 1
	num.replica.alter.log.dirs.threads = null
	num.replica.fetchers = 2
	offset.metadata.max.bytes = 4096
	offsets.commit.required.acks = -1
	offsets.commit.timeout.ms = 5000
	offsets.load.buffer.size = 5242880
	offsets.retention.check.interval.ms = 600000
	offsets.retention.minutes = 10080
	offsets.topic.compression.codec = 0
	offsets.topic.num.partitions = 2
	offsets.topic.replication.factor = 5
	offsets.topic.segment.bytes = 104857600
	password.encoder.cipher.algorithm = AES/CBC/PKCS5Padding
	password.encoder.iterations = 4096
	password.encoder.key.length = 128
	password.encoder.keyfactory.algorithm = null
	password.encoder.old.secret = null
	password.encoder.secret = null
	port = 9092
	principal.builder.class = null
	producer.purgatory.purge.interval.requests = 1000
	queued.max.request.bytes = -1
	queued.max.requests = 500
	quota.consumer.default = 9223372036854775807
	quota.producer.default = 9223372036854775807
	quota.window.num = 11
	quota.window.size.seconds = 1
	replica.fetch.backoff.ms = 1000
	replica.fetch.max.bytes = 1048576
	replica.fetch.min.bytes = 1
	replica.fetch.response.max.bytes = 10485760
	replica.fetch.wait.max.ms = 500
	replica.high.watermark.checkpoint.interval.ms = 5000
	replica.lag.time.max.ms = 5000
	replica.selector.class = null
	replica.socket.receive.buffer.bytes = 65536
	replica.socket.timeout.ms = 3000
	replication.quota.window.num = 11
	replication.quota.window.size.seconds = 1
	request.timeout.ms = 2000
	reserved.broker.max.id = 1000
	sasl.client.callback.handler.class = null
	sasl.enabled.mechanisms = [GSSAPI]
	sasl.jaas.config = null
	sasl.kerberos.kinit.cmd = /usr/bin/kinit
	sasl.kerberos.min.time.before.relogin = 60000
	sasl.kerberos.principal.to.local.rules = [DEFAULT]
	sasl.kerberos.service.name = null
	sasl.kerberos.ticket.renew.jitter = 0.05
	sasl.kerberos.ticket.renew.window.factor = 0.8
	sasl.login.callback.handler.class = null
	sasl.login.class = null
	sasl.login.refresh.buffer.seconds = 300
	sasl.login.refresh.min.period.seconds = 60
	sasl.login.refresh.window.factor = 0.8
	sasl.login.refresh.window.jitter = 0.05
	sasl.mechanism.inter.broker.protocol = GSSAPI
	sasl.server.callback.handler.class = null
	security.inter.broker.protocol = PLAINTEXT
	security.providers = null
	socket.receive.buffer.bytes = 102400
	socket.request.max.bytes = 104857600
	socket.send.buffer.bytes = 102400
	ssl.cipher.suites = []
	ssl.client.auth = none
	ssl.enabled.protocols = [TLSv1.2]
	ssl.endpoint.identification.algorithm = https
	ssl.key.password = null
	ssl.keymanager.algorithm = SunX509
	ssl.keystore.location = null
	ssl.keystore.password = null
	ssl.keystore.type = JKS
	ssl.principal.mapping.rules = DEFAULT
	ssl.protocol = TLSv1.2
	ssl.provider = null
	ssl.secure.random.implementation = null
	ssl.trustmanager.algorithm = PKIX
	ssl.truststore.location = null
	ssl.truststore.password = null
	ssl.truststore.type = JKS
	transaction.abort.timed.out.transaction.cleanup.interval.ms = 10000
	transaction.max.timeout.ms = 3000
	transaction.remove.expired.transaction.cleanup.interval.ms = 3600000
	transaction.state.log.load.buffer.size = 5242880
	transaction.state.log.min.isr = 2
	transaction.state.log.num.partitions = 50
	transaction.state.log.replication.factor = 3
	transaction.state.log.segment.bytes = 104857600
	transactional.id.expiration.ms = 604800000
	unclean.leader.election.enable = false
	zookeeper.clientCnxnSocket = null
	zookeeper.connect = zookeeper:2181
	zookeeper.connection.timeout.ms = 3000
	zookeeper.max.in.flight.requests = 10
	zookeeper.session.timeout.ms = 5000
	zookeeper.set.acl = false
	zookeeper.ssl.cipher.suites = null
	zookeeper.ssl.client.enable = false
	zookeeper.ssl.crl.enable = false
	zookeeper.ssl.enabled.protocols = null
	zookeeper.ssl.endpoint.identification.algorithm = HTTPS
	zookeeper.ssl.keystore.location = null
	zookeeper.ssl.keystore.password = null
	zookeeper.ssl.keystore.type = null
	zookeeper.ssl.ocsp.enable = false
	zookeeper.ssl.protocol = TLSv1.2
	zookeeper.ssl.truststore.location = null
	zookeeper.ssl.truststore.password = null
	zookeeper.ssl.truststore.type = null
	zookeeper.sync.time.ms = 2000
 (kafka.server.KafkaConfig)
[2020-10-26 19:29:25,821] INFO [ThrottledChannelReaper-Fetch]: Starting (kafka.server.ClientQuotaManager$ThrottledChannelReaper)
[2020-10-26 19:29:25,821] INFO [ThrottledChannelReaper-Request]: Starting (kafka.server.ClientQuotaManager$ThrottledChannelReaper)
[2020-10-26 19:29:25,821] INFO [ThrottledChannelReaper-Produce]: Starting (kafka.server.ClientQuotaManager$ThrottledChannelReaper)
[2020-10-26 19:29:25,849] INFO Log directory /var/lib/kafka/data/topics not found, creating it. (kafka.log.LogManager)
[2020-10-26 19:29:25,862] INFO Loading logs. (kafka.log.LogManager)
[2020-10-26 19:29:25,874] INFO Logs loading complete in 11 ms. (kafka.log.LogManager)
[2020-10-26 19:29:25,892] INFO Starting log cleanup with a period of 300000 ms. (kafka.log.LogManager)
[2020-10-26 19:29:25,895] INFO Starting log flusher with a default period of 9223372036854775807 ms. (kafka.log.LogManager)
[2020-10-26 19:29:26,496] INFO Awaiting socket connections on 0.0.0.0:9092. (kafka.network.Acceptor)
[2020-10-26 19:29:26,582] INFO [SocketServer brokerId=4] Created data-plane acceptor and processors for endpoint : EndPoint(null,9092,ListenerName(PLAINTEXT),PLAINTEXT) (kafka.network.SocketServer)
[2020-10-26 19:29:26,604] INFO Awaiting socket connections on 0.0.0.0:9094. (kafka.network.Acceptor)
[2020-10-26 19:29:26,624] INFO [SocketServer brokerId=4] Created data-plane acceptor and processors for endpoint : EndPoint(null,9094,ListenerName(OUTSIDE),PLAINTEXT) (kafka.network.SocketServer)
[2020-10-26 19:29:26,626] INFO [SocketServer brokerId=4] Started 2 acceptor threads for data-plane (kafka.network.SocketServer)
[2020-10-26 19:29:26,649] INFO [ExpirationReaper-4-Produce]: Starting (kafka.server.DelayedOperationPurgatory$ExpiredOperationReaper)
[2020-10-26 19:29:26,656] INFO [ExpirationReaper-4-DeleteRecords]: Starting (kafka.server.DelayedOperationPurgatory$ExpiredOperationReaper)
[2020-10-26 19:29:26,657] INFO [ExpirationReaper-4-Fetch]: Starting (kafka.server.DelayedOperationPurgatory$ExpiredOperationReaper)
[2020-10-26 19:29:26,657] INFO [ExpirationReaper-4-ElectLeader]: Starting (kafka.server.DelayedOperationPurgatory$ExpiredOperationReaper)
[2020-10-26 19:29:26,684] INFO [LogDirFailureHandler]: Starting (kafka.server.ReplicaManager$LogDirFailureHandler)
[2020-10-26 19:29:26,760] INFO Creating /brokers/ids/4 (is it secure? false) (kafka.zk.KafkaZkClient)
[2020-10-26 19:29:26,802] INFO Stat of the created znode at /brokers/ids/4 is: 4294967401,4294967401,1603740566780,1603740566780,1,0,0,72057698621456385,295,0,4294967401
 (kafka.zk.KafkaZkClient)
[2020-10-26 19:29:26,803] INFO Registered broker 4 at path /brokers/ids/4 with addresses: ArrayBuffer(EndPoint(kafka-4.kafka.kafka.svc.cluster.local,9092,ListenerName(PLAINTEXT),PLAINTEXT), EndPoint(10.0.2.149,32404,ListenerName(OUTSIDE),PLAINTEXT)), czxid (broker epoch): 4294967401 (kafka.zk.KafkaZkClient)
[2020-10-26 19:29:26,900] INFO [ExpirationReaper-4-topic]: Starting (kafka.server.DelayedOperationPurgatory$ExpiredOperationReaper)
[2020-10-26 19:29:26,920] INFO [ExpirationReaper-4-Heartbeat]: Starting (kafka.server.DelayedOperationPurgatory$ExpiredOperationReaper)
[2020-10-26 19:29:26,923] INFO [ExpirationReaper-4-Rebalance]: Starting (kafka.server.DelayedOperationPurgatory$ExpiredOperationReaper)
[2020-10-26 19:29:26,976] INFO [GroupCoordinator 4]: Starting up. (kafka.coordinator.group.GroupCoordinator)
[2020-10-26 19:29:26,977] INFO [GroupCoordinator 4]: Startup complete. (kafka.coordinator.group.GroupCoordinator)
[2020-10-26 19:29:26,986] INFO [GroupMetadataManager brokerId=4] Removed 0 expired offsets in 9 milliseconds. (kafka.coordinator.group.GroupMetadataManager)
[2020-10-26 19:29:27,028] INFO [ProducerId Manager 4]: Acquired new producerId block (brokerId:4,blockStartProducerId:4000,blockEndProducerId:4999) by writing to Zk with path version 5 (kafka.coordinator.transaction.ProducerIdManager)
[2020-10-26 19:29:27,067] INFO [TransactionCoordinator id=4] Starting up. (kafka.coordinator.transaction.TransactionCoordinator)
[2020-10-26 19:29:27,068] INFO [TransactionCoordinator id=4] Startup complete. (kafka.coordinator.transaction.TransactionCoordinator)
[2020-10-26 19:29:27,080] INFO [Transaction Marker Channel Manager 4]: Starting (kafka.coordinator.transaction.TransactionMarkerChannelManager)
[2020-10-26 19:29:27,124] INFO [ExpirationReaper-4-AlterAcls]: Starting (kafka.server.DelayedOperationPurgatory$ExpiredOperationReaper)
[2020-10-26 19:29:27,177] INFO [/config/changes-event-process-thread]: Starting (kafka.common.ZkNodeChangeNotificationListener$ChangeEventProcessThread)
[2020-10-26 19:29:27,261] INFO [SocketServer brokerId=4] Started data-plane processors for 2 acceptors (kafka.network.SocketServer)
[2020-10-26 19:29:27,284] INFO Kafka version: 2.5.0 (org.apache.kafka.common.utils.AppInfoParser)
[2020-10-26 19:29:27,286] INFO Kafka commitId: 66563e712b0b9f84 (org.apache.kafka.common.utils.AppInfoParser)
[2020-10-26 19:29:27,287] INFO Kafka startTimeMs: 1603740567274 (org.apache.kafka.common.utils.AppInfoParser)
[2020-10-26 19:29:27,292] INFO [KafkaServer id=4] started (kafka.server.KafkaServer)
[2020-10-26 19:31:40,219] INFO Unable to read additional data from server sessionid 0x100001859aa0001, likely server has closed socket, closing socket connection and attempting reconnect (org.apache.zookeeper.ClientCnxn)
[2020-10-26 19:31:41,550] INFO Opening socket connection to server zookeeper/10.233.8.197:2181. Will not attempt to authenticate using SASL (unknown error) (org.apache.zookeeper.ClientCnxn)
[2020-10-26 19:31:41,551] INFO Socket connection established, initiating session, client: /10.233.121.3:59168, server: zookeeper/10.233.8.197:2181 (org.apache.zookeeper.ClientCnxn)
[2020-10-26 19:31:41,553] INFO Session establishment complete on server zookeeper/10.233.8.197:2181, sessionid = 0x100001859aa0001, negotiated timeout = 3000 (org.apache.zookeeper.ClientCnxn)
[2020-10-26 19:31:59,615] INFO [Log partition=t2_warnings-0, dir=/var/lib/kafka/data/topics] Loading producer state till offset 0 with message format version 2 (kafka.log.Log)
[2020-10-26 19:31:59,621] INFO [Log partition=t2_warnings-0, dir=/var/lib/kafka/data/topics] Completed load of log with 1 segments, log start offset 0 and log end offset 0 in 51 ms (kafka.log.Log)
[2020-10-26 19:31:59,624] INFO Created log for partition t2_warnings-0 in /var/lib/kafka/data/topics/t2_warnings-0 with properties {compression.type -> producer, min.insync.replicas -> 2, message.downconversion.enable -> true, segment.jitter.ms -> 0, cleanup.policy -> [delete], flush.ms -> 9223372036854775807, retention.ms -> -1, segment.bytes -> 1073741824, flush.messages -> 9223372036854775807, message.format.version -> 2.5-IV0, max.compaction.lag.ms -> 9223372036854775807, file.delete.delay.ms -> 60000, max.message.bytes -> 1048588, min.compaction.lag.ms -> 0, message.timestamp.type -> CreateTime, preallocate -> false, index.interval.bytes -> 4096, min.cleanable.dirty.ratio -> 0.5, unclean.leader.election.enable -> false, retention.bytes -> -1, delete.retention.ms -> 86400000, segment.ms -> 604800000, message.timestamp.difference.max.ms -> 9223372036854775807, segment.index.bytes -> 10485760}. (kafka.log.LogManager)
[2020-10-26 19:31:59,625] INFO [Partition t2_warnings-0 broker=4] No checkpointed highwatermark is found for partition t2_warnings-0 (kafka.cluster.Partition)
[2020-10-26 19:31:59,625] INFO [Partition t2_warnings-0 broker=4] Log loaded for partition t2_warnings-0 with initial high watermark 0 (kafka.cluster.Partition)
[2020-10-26 19:31:59,627] INFO [ReplicaFetcherManager on broker 4] Removed fetcher for partitions Set(t2_warnings-0) (kafka.server.ReplicaFetcherManager)
[2020-10-26 19:31:59,663] INFO [ReplicaFetcher replicaId=4, leaderId=3, fetcherId=0] Starting (kafka.server.ReplicaFetcherThread)
[2020-10-26 19:31:59,666] INFO [ReplicaFetcher replicaId=4, leaderId=3, fetcherId=0] Truncating partition t2_warnings-0 to local high watermark 0 (kafka.server.ReplicaFetcherThread)
[2020-10-26 19:31:59,668] INFO [ReplicaFetcherManager on broker 4] Added fetcher to broker 3 for partitions Map(t2_warnings-0 -> (offset=0, leaderEpoch=0)) (kafka.server.ReplicaFetcherManager)
[2020-10-26 19:31:59,667] INFO [Log partition=t2_warnings-0, dir=/var/lib/kafka/data/topics] Truncating to 0 has no effect as the largest offset in the log is -1 (kafka.log.Log)
[2020-10-26 19:32:01,325] INFO [ReplicaFetcherManager on broker 4] Removed fetcher for partitions Set(t2_filtered-0) (kafka.server.ReplicaFetcherManager)
[2020-10-26 19:32:01,331] INFO [Log partition=t2_filtered-0, dir=/var/lib/kafka/data/topics] Loading producer state till offset 0 with message format version 2 (kafka.log.Log)
[2020-10-26 19:32:01,332] INFO [Log partition=t2_filtered-0, dir=/var/lib/kafka/data/topics] Completed load of log with 1 segments, log start offset 0 and log end offset 0 in 2 ms (kafka.log.Log)
[2020-10-26 19:32:01,333] INFO Created log for partition t2_filtered-0 in /var/lib/kafka/data/topics/t2_filtered-0 with properties {compression.type -> producer, min.insync.replicas -> 2, message.downconversion.enable -> true, segment.jitter.ms -> 0, cleanup.policy -> [delete], flush.ms -> 9223372036854775807, retention.ms -> -1, segment.bytes -> 1073741824, flush.messages -> 9223372036854775807, message.format.version -> 2.5-IV0, max.compaction.lag.ms -> 9223372036854775807, file.delete.delay.ms -> 60000, max.message.bytes -> 1048588, min.compaction.lag.ms -> 0, message.timestamp.type -> CreateTime, preallocate -> false, index.interval.bytes -> 4096, min.cleanable.dirty.ratio -> 0.5, unclean.leader.election.enable -> false, retention.bytes -> -1, delete.retention.ms -> 86400000, segment.ms -> 604800000, message.timestamp.difference.max.ms -> 9223372036854775807, segment.index.bytes -> 10485760}. (kafka.log.LogManager)
[2020-10-26 19:32:01,334] INFO [Partition t2_filtered-0 broker=4] No checkpointed highwatermark is found for partition t2_filtered-0 (kafka.cluster.Partition)
[2020-10-26 19:32:01,334] INFO [Partition t2_filtered-0 broker=4] Log loaded for partition t2_filtered-0 with initial high watermark 0 (kafka.cluster.Partition)
[2020-10-26 19:32:01,337] INFO [Partition t2_filtered-0 broker=4] t2_filtered-0 starts at leader epoch 0 from offset 0 with high watermark 0. Previous leader epoch was -1. (kafka.cluster.Partition)
[2020-10-26 19:32:03,468] INFO [ReplicaFetcherManager on broker 4] Removed fetcher for partitions Set(t3_filtered-0) (kafka.server.ReplicaFetcherManager)
[2020-10-26 19:32:03,472] INFO [Log partition=t3_filtered-0, dir=/var/lib/kafka/data/topics] Loading producer state till offset 0 with message format version 2 (kafka.log.Log)
[2020-10-26 19:32:03,473] INFO [Log partition=t3_filtered-0, dir=/var/lib/kafka/data/topics] Completed load of log with 1 segments, log start offset 0 and log end offset 0 in 2 ms (kafka.log.Log)
[2020-10-26 19:32:03,477] INFO Created log for partition t3_filtered-0 in /var/lib/kafka/data/topics/t3_filtered-0 with properties {compression.type -> producer, min.insync.replicas -> 2, message.downconversion.enable -> true, segment.jitter.ms -> 0, cleanup.policy -> [delete], flush.ms -> 9223372036854775807, retention.ms -> -1, segment.bytes -> 1073741824, flush.messages -> 9223372036854775807, message.format.version -> 2.5-IV0, max.compaction.lag.ms -> 9223372036854775807, file.delete.delay.ms -> 60000, max.message.bytes -> 1048588, min.compaction.lag.ms -> 0, message.timestamp.type -> CreateTime, preallocate -> false, index.interval.bytes -> 4096, min.cleanable.dirty.ratio -> 0.5, unclean.leader.election.enable -> false, retention.bytes -> -1, delete.retention.ms -> 86400000, segment.ms -> 604800000, message.timestamp.difference.max.ms -> 9223372036854775807, segment.index.bytes -> 10485760}. (kafka.log.LogManager)
[2020-10-26 19:32:03,477] INFO [Partition t3_filtered-0 broker=4] No checkpointed highwatermark is found for partition t3_filtered-0 (kafka.cluster.Partition)
[2020-10-26 19:32:03,477] INFO [Partition t3_filtered-0 broker=4] Log loaded for partition t3_filtered-0 with initial high watermark 0 (kafka.cluster.Partition)
[2020-10-26 19:32:03,478] INFO [Partition t3_filtered-0 broker=4] t3_filtered-0 starts at leader epoch 0 from offset 0 with high watermark 0. Previous leader epoch was -1. (kafka.cluster.Partition)
[2020-10-26 19:32:05,110] INFO [ReplicaFetcherManager on broker 4] Removed fetcher for partitions Set(t4_warnings-0) (kafka.server.ReplicaFetcherManager)
[2020-10-26 19:32:05,130] INFO [Log partition=t4_warnings-0, dir=/var/lib/kafka/data/topics] Loading producer state till offset 0 with message format version 2 (kafka.log.Log)
[2020-10-26 19:32:05,131] INFO [Log partition=t4_warnings-0, dir=/var/lib/kafka/data/topics] Completed load of log with 1 segments, log start offset 0 and log end offset 0 in 2 ms (kafka.log.Log)
[2020-10-26 19:32:05,134] INFO Created log for partition t4_warnings-0 in /var/lib/kafka/data/topics/t4_warnings-0 with properties {compression.type -> producer, min.insync.replicas -> 2, message.downconversion.enable -> true, segment.jitter.ms -> 0, cleanup.policy -> [delete], flush.ms -> 9223372036854775807, retention.ms -> -1, segment.bytes -> 1073741824, flush.messages -> 9223372036854775807, message.format.version -> 2.5-IV0, max.compaction.lag.ms -> 9223372036854775807, file.delete.delay.ms -> 60000, max.message.bytes -> 1048588, min.compaction.lag.ms -> 0, message.timestamp.type -> CreateTime, preallocate -> false, index.interval.bytes -> 4096, min.cleanable.dirty.ratio -> 0.5, unclean.leader.election.enable -> false, retention.bytes -> -1, delete.retention.ms -> 86400000, segment.ms -> 604800000, message.timestamp.difference.max.ms -> 9223372036854775807, segment.index.bytes -> 10485760}. (kafka.log.LogManager)
[2020-10-26 19:32:05,136] INFO [Partition t4_warnings-0 broker=4] No checkpointed highwatermark is found for partition t4_warnings-0 (kafka.cluster.Partition)
[2020-10-26 19:32:05,136] INFO [Partition t4_warnings-0 broker=4] Log loaded for partition t4_warnings-0 with initial high watermark 0 (kafka.cluster.Partition)
[2020-10-26 19:32:05,136] INFO [Partition t4_warnings-0 broker=4] t4_warnings-0 starts at leader epoch 0 from offset 0 with high watermark 0. Previous leader epoch was -1. (kafka.cluster.Partition)
[2020-10-26 19:32:06,348] INFO [Log partition=t4_filtered-0, dir=/var/lib/kafka/data/topics] Loading producer state till offset 0 with message format version 2 (kafka.log.Log)
[2020-10-26 19:32:06,348] INFO [Log partition=t4_filtered-0, dir=/var/lib/kafka/data/topics] Completed load of log with 1 segments, log start offset 0 and log end offset 0 in 2 ms (kafka.log.Log)
[2020-10-26 19:32:06,349] INFO Created log for partition t4_filtered-0 in /var/lib/kafka/data/topics/t4_filtered-0 with properties {compression.type -> producer, min.insync.replicas -> 2, message.downconversion.enable -> true, segment.jitter.ms -> 0, cleanup.policy -> [delete], flush.ms -> 9223372036854775807, retention.ms -> -1, segment.bytes -> 1073741824, flush.messages -> 9223372036854775807, message.format.version -> 2.5-IV0, max.compaction.lag.ms -> 9223372036854775807, file.delete.delay.ms -> 60000, max.message.bytes -> 1048588, min.compaction.lag.ms -> 0, message.timestamp.type -> CreateTime, preallocate -> false, index.interval.bytes -> 4096, min.cleanable.dirty.ratio -> 0.5, unclean.leader.election.enable -> false, retention.bytes -> -1, delete.retention.ms -> 86400000, segment.ms -> 604800000, message.timestamp.difference.max.ms -> 9223372036854775807, segment.index.bytes -> 10485760}. (kafka.log.LogManager)
[2020-10-26 19:32:06,350] INFO [Partition t4_filtered-0 broker=4] No checkpointed highwatermark is found for partition t4_filtered-0 (kafka.cluster.Partition)
[2020-10-26 19:32:06,350] INFO [Partition t4_filtered-0 broker=4] Log loaded for partition t4_filtered-0 with initial high watermark 0 (kafka.cluster.Partition)
[2020-10-26 19:32:06,350] INFO [ReplicaFetcherManager on broker 4] Removed fetcher for partitions Set(t4_filtered-0) (kafka.server.ReplicaFetcherManager)
[2020-10-26 19:32:06,354] INFO [ReplicaFetcherManager on broker 4] Added fetcher to broker 1 for partitions Map(t4_filtered-0 -> (offset=0, leaderEpoch=0)) (kafka.server.ReplicaFetcherManager)
[2020-10-26 19:32:06,356] INFO [ReplicaFetcher replicaId=4, leaderId=1, fetcherId=0] Starting (kafka.server.ReplicaFetcherThread)
[2020-10-26 19:32:06,356] INFO [ReplicaFetcher replicaId=4, leaderId=1, fetcherId=0] Truncating partition t4_filtered-0 to local high watermark 0 (kafka.server.ReplicaFetcherThread)
[2020-10-26 19:32:06,356] INFO [Log partition=t4_filtered-0, dir=/var/lib/kafka/data/topics] Truncating to 0 has no effect as the largest offset in the log is -1 (kafka.log.Log)
[2020-10-26 19:32:06,423] ERROR [ReplicaFetcher replicaId=4, leaderId=1, fetcherId=0] Error for partition t4_filtered-0 at offset 0 (kafka.server.ReplicaFetcherThread)
org.apache.kafka.common.errors.UnknownTopicOrPartitionException: This server does not host this topic-partition.
[2020-10-26 19:32:09,966] INFO [Log partition=t6_warnings-0, dir=/var/lib/kafka/data/topics] Loading producer state till offset 0 with message format version 2 (kafka.log.Log)
[2020-10-26 19:32:09,967] INFO [Log partition=t6_warnings-0, dir=/var/lib/kafka/data/topics] Completed load of log with 1 segments, log start offset 0 and log end offset 0 in 2 ms (kafka.log.Log)
[2020-10-26 19:32:09,968] INFO Created log for partition t6_warnings-0 in /var/lib/kafka/data/topics/t6_warnings-0 with properties {compression.type -> producer, min.insync.replicas -> 2, message.downconversion.enable -> true, segment.jitter.ms -> 0, cleanup.policy -> [delete], flush.ms -> 9223372036854775807, retention.ms -> -1, segment.bytes -> 1073741824, flush.messages -> 9223372036854775807, message.format.version -> 2.5-IV0, max.compaction.lag.ms -> 9223372036854775807, file.delete.delay.ms -> 60000, max.message.bytes -> 1048588, min.compaction.lag.ms -> 0, message.timestamp.type -> CreateTime, preallocate -> false, index.interval.bytes -> 4096, min.cleanable.dirty.ratio -> 0.5, unclean.leader.election.enable -> false, retention.bytes -> -1, delete.retention.ms -> 86400000, segment.ms -> 604800000, message.timestamp.difference.max.ms -> 9223372036854775807, segment.index.bytes -> 10485760}. (kafka.log.LogManager)
[2020-10-26 19:32:09,970] INFO [Partition t6_warnings-0 broker=4] No checkpointed highwatermark is found for partition t6_warnings-0 (kafka.cluster.Partition)
[2020-10-26 19:32:09,970] INFO [Partition t6_warnings-0 broker=4] Log loaded for partition t6_warnings-0 with initial high watermark 0 (kafka.cluster.Partition)
[2020-10-26 19:32:09,970] INFO [ReplicaFetcherManager on broker 4] Removed fetcher for partitions Set(t6_warnings-0) (kafka.server.ReplicaFetcherManager)
[2020-10-26 19:32:09,971] INFO [ReplicaFetcherManager on broker 4] Added fetcher to broker 1 for partitions Map(t6_warnings-0 -> (offset=0, leaderEpoch=0)) (kafka.server.ReplicaFetcherManager)
[2020-10-26 19:32:10,247] INFO [ReplicaFetcher replicaId=4, leaderId=1, fetcherId=0] Truncating partition t6_warnings-0 to local high watermark 0 (kafka.server.ReplicaFetcherThread)
[2020-10-26 19:32:10,248] INFO [Log partition=t6_warnings-0, dir=/var/lib/kafka/data/topics] Truncating to 0 has no effect as the largest offset in the log is -1 (kafka.log.Log)
[2020-10-26 19:33:01,050] INFO [ReplicaFetcherManager on broker 4] Removed fetcher for partitions Set(t3_filtered-0, t4_warnings-0) (kafka.server.ReplicaFetcherManager)
[2020-10-26 19:33:01,052] INFO [Partition t3_filtered-0 broker=4] t3_filtered-0 starts at leader epoch 1 from offset 0 with high watermark 0. Previous leader epoch was 0. (kafka.cluster.Partition)
[2020-10-26 19:33:01,055] INFO [Partition t4_warnings-0 broker=4] t4_warnings-0 starts at leader epoch 1 from offset 0 with high watermark 0. Previous leader epoch was 0. (kafka.cluster.Partition)
[2020-10-26 19:33:02,921] INFO [Partition t3_filtered-0 broker=4] Expanding ISR from 4,1 to 4,1,6 (kafka.cluster.Partition)
[2020-10-26 19:33:02,922] INFO [Partition t4_warnings-0 broker=4] Expanding ISR from 4,2 to 4,2,6 (kafka.cluster.Partition)
[2020-10-26 19:33:02,951] INFO [Partition t4_warnings-0 broker=4] ISR updated to [4,2,6] and zkVersion updated to [2] (kafka.cluster.Partition)
[2020-10-26 19:33:02,951] INFO [Partition t3_filtered-0 broker=4] ISR updated to [4,1,6] and zkVersion updated to [2] (kafka.cluster.Partition)
[2020-10-26 19:33:14,545] INFO [Log partition=t2-0, dir=/var/lib/kafka/data/topics] Loading producer state till offset 0 with message format version 2 (kafka.log.Log)
[2020-10-26 19:33:14,546] INFO [Log partition=t2-0, dir=/var/lib/kafka/data/topics] Completed load of log with 1 segments, log start offset 0 and log end offset 0 in 2 ms (kafka.log.Log)
[2020-10-26 19:33:14,546] INFO Created log for partition t2-0 in /var/lib/kafka/data/topics/t2-0 with properties {compression.type -> producer, min.insync.replicas -> 2, message.downconversion.enable -> true, segment.jitter.ms -> 0, cleanup.policy -> [delete], flush.ms -> 9223372036854775807, retention.ms -> -1, segment.bytes -> 1073741824, flush.messages -> 9223372036854775807, message.format.version -> 2.5-IV0, max.compaction.lag.ms -> 9223372036854775807, file.delete.delay.ms -> 60000, max.message.bytes -> 1048588, min.compaction.lag.ms -> 0, message.timestamp.type -> CreateTime, preallocate -> false, index.interval.bytes -> 4096, min.cleanable.dirty.ratio -> 0.5, unclean.leader.election.enable -> false, retention.bytes -> -1, delete.retention.ms -> 86400000, segment.ms -> 604800000, message.timestamp.difference.max.ms -> 9223372036854775807, segment.index.bytes -> 10485760}. (kafka.log.LogManager)
[2020-10-26 19:33:14,547] INFO [Partition t2-0 broker=4] No checkpointed highwatermark is found for partition t2-0 (kafka.cluster.Partition)
[2020-10-26 19:33:14,547] INFO [Partition t2-0 broker=4] Log loaded for partition t2-0 with initial high watermark 0 (kafka.cluster.Partition)
[2020-10-26 19:33:14,547] INFO [ReplicaFetcherManager on broker 4] Removed fetcher for partitions Set(t2-0) (kafka.server.ReplicaFetcherManager)
[2020-10-26 19:33:14,551] INFO [ReplicaFetcherManager on broker 4] Added fetcher to broker 5 for partitions Map(t2-0 -> (offset=0, leaderEpoch=0)) (kafka.server.ReplicaFetcherManager)
[2020-10-26 19:33:14,553] INFO [ReplicaFetcher replicaId=4, leaderId=5, fetcherId=0] Starting (kafka.server.ReplicaFetcherThread)
[2020-10-26 19:33:14,554] INFO [ReplicaFetcher replicaId=4, leaderId=5, fetcherId=0] Truncating partition t2-0 to local high watermark 0 (kafka.server.ReplicaFetcherThread)
[2020-10-26 19:33:14,555] INFO [Log partition=t2-0, dir=/var/lib/kafka/data/topics] Truncating to 0 has no effect as the largest offset in the log is -1 (kafka.log.Log)
[2020-10-26 19:33:14,627] ERROR [ReplicaFetcher replicaId=4, leaderId=5, fetcherId=0] Error for partition t2-0 at offset 0 (kafka.server.ReplicaFetcherThread)
org.apache.kafka.common.errors.UnknownTopicOrPartitionException: This server does not host this topic-partition.
[2020-10-26 19:33:23,067] INFO [ReplicaFetcherManager on broker 4] Removed fetcher for partitions Set(t6-0) (kafka.server.ReplicaFetcherManager)
[2020-10-26 19:33:23,071] INFO [Log partition=t6-0, dir=/var/lib/kafka/data/topics] Loading producer state till offset 0 with message format version 2 (kafka.log.Log)
[2020-10-26 19:33:23,072] INFO [Log partition=t6-0, dir=/var/lib/kafka/data/topics] Completed load of log with 1 segments, log start offset 0 and log end offset 0 in 3 ms (kafka.log.Log)
[2020-10-26 19:33:23,072] INFO Created log for partition t6-0 in /var/lib/kafka/data/topics/t6-0 with properties {compression.type -> producer, min.insync.replicas -> 2, message.downconversion.enable -> true, segment.jitter.ms -> 0, cleanup.policy -> [delete], flush.ms -> 9223372036854775807, retention.ms -> -1, segment.bytes -> 1073741824, flush.messages -> 9223372036854775807, message.format.version -> 2.5-IV0, max.compaction.lag.ms -> 9223372036854775807, file.delete.delay.ms -> 60000, max.message.bytes -> 1048588, min.compaction.lag.ms -> 0, message.timestamp.type -> CreateTime, preallocate -> false, index.interval.bytes -> 4096, min.cleanable.dirty.ratio -> 0.5, unclean.leader.election.enable -> false, retention.bytes -> -1, delete.retention.ms -> 86400000, segment.ms -> 604800000, message.timestamp.difference.max.ms -> 9223372036854775807, segment.index.bytes -> 10485760}. (kafka.log.LogManager)
[2020-10-26 19:33:23,073] INFO [Partition t6-0 broker=4] No checkpointed highwatermark is found for partition t6-0 (kafka.cluster.Partition)
[2020-10-26 19:33:23,073] INFO [Partition t6-0 broker=4] Log loaded for partition t6-0 with initial high watermark 0 (kafka.cluster.Partition)
[2020-10-26 19:33:23,073] INFO [Partition t6-0 broker=4] t6-0 starts at leader epoch 0 from offset 0 with high watermark 0. Previous leader epoch was -1. (kafka.cluster.Partition)
[2020-10-26 19:39:26,977] INFO [GroupMetadataManager brokerId=4] Removed 0 expired offsets in 0 milliseconds. (kafka.coordinator.group.GroupMetadataManager)
[2020-10-26 19:44:39,040] INFO [ReplicaFetcherManager on broker 4] Removed fetcher for partitions Set(t2-0) (kafka.server.ReplicaFetcherManager)
[2020-10-26 19:44:39,041] INFO [ReplicaFetcherManager on broker 4] Added fetcher to broker 5 for partitions Map(t2-0 -> (offset=124292, leaderEpoch=1)) (kafka.server.ReplicaFetcherManager)
[2020-10-26 19:44:39,232] INFO [ReplicaFetcher replicaId=4, leaderId=5, fetcherId=0] Retrying leaderEpoch request for partition t2-0 as the leader reported an error: UNKNOWN_LEADER_EPOCH (kafka.server.ReplicaFetcherThread)
[2020-10-26 19:44:40,244] INFO [Log partition=t2-0, dir=/var/lib/kafka/data/topics] Truncating to 124292 has no effect as the largest offset in the log is 124291 (kafka.log.Log)
[2020-10-26 19:49:08,553] INFO Unable to read additional data from server sessionid 0x100001859aa0001, likely server has closed socket, closing socket connection and attempting reconnect (org.apache.zookeeper.ClientCnxn)
[2020-10-26 19:49:10,639] INFO Opening socket connection to server zookeeper/10.233.8.197:2181. Will not attempt to authenticate using SASL (unknown error) (org.apache.zookeeper.ClientCnxn)
[2020-10-26 19:49:10,648] INFO Socket connection established, initiating session, client: /10.233.121.3:38980, server: zookeeper/10.233.8.197:2181 (org.apache.zookeeper.ClientCnxn)
[2020-10-26 19:49:10,657] INFO Unable to read additional data from server sessionid 0x100001859aa0001, likely server has closed socket, closing socket connection and attempting reconnect (org.apache.zookeeper.ClientCnxn)
[2020-10-26 19:49:12,399] INFO Opening socket connection to server zookeeper/10.233.8.197:2181. Will not attempt to authenticate using SASL (unknown error) (org.apache.zookeeper.ClientCnxn)
[2020-10-26 19:49:12,407] INFO Socket connection established, initiating session, client: /10.233.121.3:38994, server: zookeeper/10.233.8.197:2181 (org.apache.zookeeper.ClientCnxn)
[2020-10-26 19:49:12,426] INFO Session establishment complete on server zookeeper/10.233.8.197:2181, sessionid = 0x100001859aa0001, negotiated timeout = 3000 (org.apache.zookeeper.ClientCnxn)
[2020-10-26 19:49:26,977] INFO [GroupMetadataManager brokerId=4] Removed 0 expired offsets in 0 milliseconds. (kafka.coordinator.group.GroupMetadataManager)
[2020-10-26 19:51:02,506] INFO Unable to read additional data from server sessionid 0x100001859aa0001, likely server has closed socket, closing socket connection and attempting reconnect (org.apache.zookeeper.ClientCnxn)
[2020-10-26 19:51:03,747] INFO Opening socket connection to server zookeeper/10.233.8.197:2181. Will not attempt to authenticate using SASL (unknown error) (org.apache.zookeeper.ClientCnxn)
[2020-10-26 19:51:03,756] INFO Socket connection established, initiating session, client: /10.233.121.3:39928, server: zookeeper/10.233.8.197:2181 (org.apache.zookeeper.ClientCnxn)
[2020-10-26 19:51:03,767] INFO Session establishment complete on server zookeeper/10.233.8.197:2181, sessionid = 0x100001859aa0001, negotiated timeout = 3000 (org.apache.zookeeper.ClientCnxn)
