[2020-10-26 20:56:11,687] INFO Reading configuration from: /etc/kafka/zookeeper.properties.scale-3.zoo-2 (org.apache.zookeeper.server.quorum.QuorumPeerConfig)
[2020-10-26 20:56:11,750] INFO clientPortAddress is 0.0.0.0:2181 (org.apache.zookeeper.server.quorum.QuorumPeerConfig)
[2020-10-26 20:56:11,750] INFO secureClientPort is not set (org.apache.zookeeper.server.quorum.QuorumPeerConfig)
[2020-10-26 20:56:11,872] INFO autopurge.snapRetainCount set to 3 (org.apache.zookeeper.server.DatadirCleanupManager)
[2020-10-26 20:56:11,874] INFO autopurge.purgeInterval set to 0 (org.apache.zookeeper.server.DatadirCleanupManager)
[2020-10-26 20:56:11,874] INFO Purge task is not scheduled. (org.apache.zookeeper.server.DatadirCleanupManager)
[2020-10-26 20:56:11,891] INFO Log4j 1.2 jmx support found and enabled. (org.apache.zookeeper.jmx.ManagedUtil)
[2020-10-26 20:56:12,435] INFO Starting quorum peer (org.apache.zookeeper.server.quorum.QuorumPeerMain)
[2020-10-26 20:56:12,466] INFO Using org.apache.zookeeper.server.NIOServerCnxnFactory as server connection factory (org.apache.zookeeper.server.ServerCnxnFactory)
[2020-10-26 20:56:12,498] INFO Configuring NIO connection handler with 10s sessionless connection timeout, 1 selector thread(s), 2 worker threads, and 64 kB direct buffers. (org.apache.zookeeper.server.NIOServerCnxnFactory)
[2020-10-26 20:56:12,511] INFO binding to port 0.0.0.0/0.0.0.0:2181 (org.apache.zookeeper.server.NIOServerCnxnFactory)
[2020-10-26 20:56:12,588] INFO Logging initialized @3038ms to org.eclipse.jetty.util.log.Slf4jLog (org.eclipse.jetty.util.log)
[2020-10-26 20:56:12,861] WARN o.e.j.s.ServletContextHandler@4efac082{/,null,UNAVAILABLE} contextPath ends with /* (org.eclipse.jetty.server.handler.ContextHandler)
[2020-10-26 20:56:12,862] WARN Empty contextPath (org.eclipse.jetty.server.handler.ContextHandler)
[2020-10-26 20:56:12,899] INFO Setting -D jdk.tls.rejectClientInitiatedRenegotiation=true to disable client-initiated TLS renegotiation (org.apache.zookeeper.common.X509Util)
[2020-10-26 20:56:12,902] INFO zookeeper.snapshot.trust.empty : false (org.apache.zookeeper.server.persistence.FileTxnSnapLog)
[2020-10-26 20:56:12,910] INFO Local sessions disabled (org.apache.zookeeper.server.quorum.QuorumPeer)
[2020-10-26 20:56:12,911] INFO Local session upgrading disabled (org.apache.zookeeper.server.quorum.QuorumPeer)
[2020-10-26 20:56:12,911] INFO tickTime set to 130 (org.apache.zookeeper.server.quorum.QuorumPeer)
[2020-10-26 20:56:12,911] INFO minSessionTimeout set to 260 (org.apache.zookeeper.server.quorum.QuorumPeer)
[2020-10-26 20:56:12,911] INFO maxSessionTimeout set to 3000 (org.apache.zookeeper.server.quorum.QuorumPeer)
[2020-10-26 20:56:12,911] INFO initLimit set to 5 (org.apache.zookeeper.server.quorum.QuorumPeer)
[2020-10-26 20:56:12,936] INFO zookeeper.snapshotSizeFactor = 0.33 (org.apache.zookeeper.server.ZKDatabase)
[2020-10-26 20:56:12,943] INFO Using insecure (non-TLS) quorum communication (org.apache.zookeeper.server.quorum.QuorumPeer)
[2020-10-26 20:56:12,945] INFO Port unification disabled (org.apache.zookeeper.server.quorum.QuorumPeer)
[2020-10-26 20:56:12,945] INFO QuorumPeer communication is not secured! (SASL auth disabled) (org.apache.zookeeper.server.quorum.QuorumPeer)
[2020-10-26 20:56:12,946] INFO quorum.cnxn.threads.size set to 20 (org.apache.zookeeper.server.quorum.QuorumPeer)
[2020-10-26 20:56:12,965] INFO Reading snapshot /var/lib/zookeeper/data/version-2/snapshot.600000005 (org.apache.zookeeper.server.persistence.FileSnap)
[2020-10-26 20:56:13,074] INFO jetty-9.4.24.v20191120; built: 2019-11-20T21:37:49.771Z; git: 363d5f2df3a8a28de40604320230664b9c793c16; jvm 11.0.7+10 (org.eclipse.jetty.server.Server)
[2020-10-26 20:56:13,287] INFO DefaultSessionIdManager workerName=node0 (org.eclipse.jetty.server.session)
[2020-10-26 20:56:13,296] INFO No SessionScavenger set, using defaults (org.eclipse.jetty.server.session)
[2020-10-26 20:56:13,311] INFO node0 Scavenging every 660000ms (org.eclipse.jetty.server.session)
[2020-10-26 20:56:13,367] INFO Started o.e.j.s.ServletContextHandler@4efac082{/,null,AVAILABLE} (org.eclipse.jetty.server.handler.ContextHandler)
[2020-10-26 20:56:13,404] INFO Started ServerConnector@2053d869{HTTP/1.1,[http/1.1]}{0.0.0.0:8080} (org.eclipse.jetty.server.AbstractConnector)
[2020-10-26 20:56:13,408] INFO Started @3856ms (org.eclipse.jetty.server.Server)
[2020-10-26 20:56:13,408] INFO Started AdminServer on address 0.0.0.0, port 8080 and command URL /commands (org.apache.zookeeper.server.admin.JettyAdminServer)
[2020-10-26 20:56:13,443] INFO Election port bind maximum retries is infinite (org.apache.zookeeper.server.quorum.QuorumCnxManager)
[2020-10-26 20:56:13,536] INFO 3 is accepting connections now, my election bind port: zoo-2.zoo.kafka.svc.cluster.local/10.233.119.4:3888 (org.apache.zookeeper.server.quorum.QuorumCnxManager)
[2020-10-26 20:56:13,629] INFO Received connection request from /10.233.120.3:58746 (org.apache.zookeeper.server.quorum.QuorumCnxManager)
[2020-10-26 20:56:13,714] INFO LOOKING (org.apache.zookeeper.server.quorum.QuorumPeer)
[2020-10-26 20:56:13,763] INFO New election. My id =  3, proposed zxid=0x70000001e (org.apache.zookeeper.server.quorum.FastLeaderElection)
[2020-10-26 20:56:13,872] INFO Notification: 2 (message format version), 3 (n.leader), 0x70000001e (n.zxid), 0x1 (n.round), LOOKING (n.state), 3 (n.sid), 0x7 (n.peerEPoch), LOOKING (my state)0 (n.config version) (org.apache.zookeeper.server.quorum.FastLeaderElection)
[2020-10-26 20:56:13,877] INFO Notification: 2 (message format version), 1 (n.leader), 0x70000001e (n.zxid), 0x1a (n.round), LOOKING (n.state), 1 (n.sid), 0x7 (n.peerEPoch), LOOKING (my state)0 (n.config version) (org.apache.zookeeper.server.quorum.FastLeaderElection)
[2020-10-26 20:56:13,877] INFO Notification: 2 (message format version), 1 (n.leader), 0x70000001e (n.zxid), 0x1a (n.round), LOOKING (n.state), 1 (n.sid), 0x7 (n.peerEPoch), LOOKING (my state)0 (n.config version) (org.apache.zookeeper.server.quorum.FastLeaderElection)
[2020-10-26 20:56:13,880] INFO Notification: 2 (message format version), 3 (n.leader), 0x70000001e (n.zxid), 0x1a (n.round), LOOKING (n.state), 3 (n.sid), 0x7 (n.peerEPoch), LOOKING (my state)0 (n.config version) (org.apache.zookeeper.server.quorum.FastLeaderElection)
[2020-10-26 20:56:13,887] INFO Notification: 2 (message format version), 2 (n.leader), 0x70000001e (n.zxid), 0x19 (n.round), LOOKING (n.state), 2 (n.sid), 0x7 (n.peerEPoch), LOOKING (my state)0 (n.config version) (org.apache.zookeeper.server.quorum.FastLeaderElection)
[2020-10-26 20:56:13,891] INFO Notification: 2 (message format version), 3 (n.leader), 0x70000001e (n.zxid), 0x1a (n.round), LOOKING (n.state), 1 (n.sid), 0x7 (n.peerEPoch), LOOKING (my state)0 (n.config version) (org.apache.zookeeper.server.quorum.FastLeaderElection)
[2020-10-26 20:56:13,901] INFO Notification: 2 (message format version), 2 (n.leader), 0x70000001e (n.zxid), 0x19 (n.round), LEADING (n.state), 2 (n.sid), 0x7 (n.peerEPoch), LOOKING (my state)0 (n.config version) (org.apache.zookeeper.server.quorum.FastLeaderElection)
[2020-10-26 20:56:13,904] INFO Notification: 2 (message format version), 2 (n.leader), 0x70000001e (n.zxid), 0x19 (n.round), LEADING (n.state), 2 (n.sid), 0x7 (n.peerEPoch), LOOKING (my state)0 (n.config version) (org.apache.zookeeper.server.quorum.FastLeaderElection)
[2020-10-26 20:56:14,086] INFO Notification: 2 (message format version), 2 (n.leader), 0x70000001e (n.zxid), 0x1a (n.round), LOOKING (n.state), 2 (n.sid), 0x7 (n.peerEPoch), LOOKING (my state)0 (n.config version) (org.apache.zookeeper.server.quorum.FastLeaderElection)
[2020-10-26 20:56:14,286] INFO Notification: 2 (message format version), 2 (n.leader), 0x70000001e (n.zxid), 0x1a (n.round), LOOKING (n.state), 2 (n.sid), 0x7 (n.peerEPoch), LOOKING (my state)0 (n.config version) (org.apache.zookeeper.server.quorum.FastLeaderElection)
[2020-10-26 20:56:14,294] INFO Notification: 2 (message format version), 1 (n.leader), 0x70000001e (n.zxid), 0x1b (n.round), LOOKING (n.state), 1 (n.sid), 0x7 (n.peerEPoch), LOOKING (my state)0 (n.config version) (org.apache.zookeeper.server.quorum.FastLeaderElection)
[2020-10-26 20:56:14,326] INFO Notification: 2 (message format version), 2 (n.leader), 0x70000001e (n.zxid), 0x1b (n.round), LOOKING (n.state), 2 (n.sid), 0x7 (n.peerEPoch), LOOKING (my state)0 (n.config version) (org.apache.zookeeper.server.quorum.FastLeaderElection)
[2020-10-26 20:56:14,340] INFO Notification: 2 (message format version), 2 (n.leader), 0x70000001e (n.zxid), 0x1b (n.round), LOOKING (n.state), 1 (n.sid), 0x7 (n.peerEPoch), LOOKING (my state)0 (n.config version) (org.apache.zookeeper.server.quorum.FastLeaderElection)
[2020-10-26 20:56:14,506] INFO Notification: 2 (message format version), 1 (n.leader), 0x70000001e (n.zxid), 0x1c (n.round), LOOKING (n.state), 1 (n.sid), 0x7 (n.peerEPoch), LOOKING (my state)0 (n.config version) (org.apache.zookeeper.server.quorum.FastLeaderElection)
[2020-10-26 20:56:14,710] INFO Notification: 2 (message format version), 1 (n.leader), 0x70000001e (n.zxid), 0x1c (n.round), LOOKING (n.state), 1 (n.sid), 0x7 (n.peerEPoch), LOOKING (my state)0 (n.config version) (org.apache.zookeeper.server.quorum.FastLeaderElection)
[2020-10-26 20:56:14,918] INFO LEADING (org.apache.zookeeper.server.quorum.QuorumPeer)
[2020-10-26 20:56:14,938] INFO TCP NoDelay set to: true (org.apache.zookeeper.server.quorum.Leader)
[2020-10-26 20:56:14,938] INFO zookeeper.leader.maxConcurrentSnapshots = 10 (org.apache.zookeeper.server.quorum.Leader)
[2020-10-26 20:56:14,938] INFO zookeeper.leader.maxConcurrentSnapshotTimeout = 5 (org.apache.zookeeper.server.quorum.Leader)
[2020-10-26 20:56:15,004] INFO Server environment:zookeeper.version=3.5.8-f439ca583e70862c3068a1f2a7d4d068eec33315, built on 05/04/2020 15:53 GMT (org.apache.zookeeper.server.ZooKeeperServer)
[2020-10-26 20:56:15,006] INFO Server environment:host.name=zoo-2.zoo.kafka.svc.cluster.local (org.apache.zookeeper.server.ZooKeeperServer)
[2020-10-26 20:56:15,006] INFO Server environment:java.version=11.0.7 (org.apache.zookeeper.server.ZooKeeperServer)
[2020-10-26 20:56:15,011] INFO Server environment:java.vendor=AdoptOpenJDK (org.apache.zookeeper.server.ZooKeeperServer)
[2020-10-26 20:56:15,013] INFO Server environment:java.home=/opt/java/openjdk (org.apache.zookeeper.server.ZooKeeperServer)
[2020-10-26 20:56:15,017] INFO Server environment:java.class.path=/opt/kafka/libs/extensions/*:/opt/kafka/libs/activation-1.1.1.jar:/opt/kafka/libs/aopalliance-repackaged-2.5.0.jar:/opt/kafka/libs/argparse4j-0.7.0.jar:/opt/kafka/libs/audience-annotations-0.5.0.jar:/opt/kafka/libs/commons-cli-1.4.jar:/opt/kafka/libs/commons-lang3-3.8.1.jar:/opt/kafka/libs/connect-api-2.5.0.jar:/opt/kafka/libs/connect-basic-auth-extension-2.5.0.jar:/opt/kafka/libs/connect-file-2.5.0.jar:/opt/kafka/libs/connect-json-2.5.0.jar:/opt/kafka/libs/connect-mirror-2.5.0.jar:/opt/kafka/libs/connect-mirror-client-2.5.0.jar:/opt/kafka/libs/connect-runtime-2.5.0.jar:/opt/kafka/libs/connect-transforms-2.5.0.jar:/opt/kafka/libs/hk2-api-2.5.0.jar:/opt/kafka/libs/hk2-locator-2.5.0.jar:/opt/kafka/libs/hk2-utils-2.5.0.jar:/opt/kafka/libs/jackson-annotations-2.10.2.jar:/opt/kafka/libs/jackson-core-2.10.2.jar:/opt/kafka/libs/jackson-databind-2.10.2.jar:/opt/kafka/libs/jackson-dataformat-csv-2.10.2.jar:/opt/kafka/libs/jackson-datatype-jdk8-2.10.2.jar:/opt/kafka/libs/jackson-jaxrs-base-2.10.2.jar:/opt/kafka/libs/jackson-jaxrs-json-provider-2.10.2.jar:/opt/kafka/libs/jackson-module-jaxb-annotations-2.10.2.jar:/opt/kafka/libs/jackson-module-paranamer-2.10.2.jar:/opt/kafka/libs/jackson-module-scala_2.12-2.10.2.jar:/opt/kafka/libs/jakarta.activation-api-1.2.1.jar:/opt/kafka/libs/jakarta.annotation-api-1.3.4.jar:/opt/kafka/libs/jakarta.inject-2.5.0.jar:/opt/kafka/libs/jakarta.ws.rs-api-2.1.5.jar:/opt/kafka/libs/jakarta.xml.bind-api-2.3.2.jar:/opt/kafka/libs/javassist-3.22.0-CR2.jar:/opt/kafka/libs/javassist-3.26.0-GA.jar:/opt/kafka/libs/javax.servlet-api-3.1.0.jar:/opt/kafka/libs/javax.ws.rs-api-2.1.1.jar:/opt/kafka/libs/jaxb-api-2.3.0.jar:/opt/kafka/libs/jersey-client-2.28.jar:/opt/kafka/libs/jersey-common-2.28.jar:/opt/kafka/libs/jersey-container-servlet-2.28.jar:/opt/kafka/libs/jersey-container-servlet-core-2.28.jar:/opt/kafka/libs/jersey-hk2-2.28.jar:/opt/kafka/libs/jersey-media-jaxb-2.28.jar:/opt/kafka/libs/jersey-server-2.28.jar:/opt/kafka/libs/jetty-client-9.4.24.v20191120.jar:/opt/kafka/libs/jetty-continuation-9.4.24.v20191120.jar:/opt/kafka/libs/jetty-http-9.4.24.v20191120.jar:/opt/kafka/libs/jetty-io-9.4.24.v20191120.jar:/opt/kafka/libs/jetty-security-9.4.24.v20191120.jar:/opt/kafka/libs/jetty-server-9.4.24.v20191120.jar:/opt/kafka/libs/jetty-servlet-9.4.24.v20191120.jar:/opt/kafka/libs/jetty-servlets-9.4.24.v20191120.jar:/opt/kafka/libs/jetty-util-9.4.24.v20191120.jar:/opt/kafka/libs/jopt-simple-5.0.4.jar:/opt/kafka/libs/kafka-clients-2.5.0.jar:/opt/kafka/libs/kafka-log4j-appender-2.5.0.jar:/opt/kafka/libs/kafka-streams-2.5.0.jar:/opt/kafka/libs/kafka-streams-examples-2.5.0.jar:/opt/kafka/libs/kafka-streams-scala_2.12-2.5.0.jar:/opt/kafka/libs/kafka-streams-test-utils-2.5.0.jar:/opt/kafka/libs/kafka-tools-2.5.0.jar:/opt/kafka/libs/kafka_2.12-2.5.0-javadoc.jar:/opt/kafka/libs/kafka_2.12-2.5.0-scaladoc.jar:/opt/kafka/libs/kafka_2.12-2.5.0-sources.jar:/opt/kafka/libs/kafka_2.12-2.5.0-test-sources.jar:/opt/kafka/libs/kafka_2.12-2.5.0-test.jar:/opt/kafka/libs/kafka_2.12-2.5.0.jar:/opt/kafka/libs/log4j-1.2.17.jar:/opt/kafka/libs/lz4-java-1.7.1.jar:/opt/kafka/libs/maven-artifact-3.6.3.jar:/opt/kafka/libs/metrics-core-2.2.0.jar:/opt/kafka/libs/netty-buffer-4.1.45.Final.jar:/opt/kafka/libs/netty-codec-4.1.45.Final.jar:/opt/kafka/libs/netty-common-4.1.45.Final.jar:/opt/kafka/libs/netty-handler-4.1.45.Final.jar:/opt/kafka/libs/netty-resolver-4.1.45.Final.jar:/opt/kafka/libs/netty-transport-4.1.45.Final.jar:/opt/kafka/libs/netty-transport-native-epoll-4.1.45.Final.jar:/opt/kafka/libs/netty-transport-native-unix-common-4.1.45.Final.jar:/opt/kafka/libs/osgi-resource-locator-1.0.1.jar:/opt/kafka/libs/paranamer-2.8.jar:/opt/kafka/libs/plexus-utils-3.2.1.jar:/opt/kafka/libs/reflections-0.9.12.jar:/opt/kafka/libs/rocksdbjni-5.18.3.jar:/opt/kafka/libs/scala-java8-compat_2.12-0.9.0.jar:/opt/kafka/libs/scala-collection-compat_2.12-2.1.3.jar:/opt/kafka/libs/scala-library-2.12.10.jar:/opt/kafka/libs/scala-logging_2.12-3.9.2.jar:/opt/kafka/libs/scala-reflect-2.12.10.jar:/opt/kafka/libs/slf4j-api-1.7.30.jar:/opt/kafka/libs/slf4j-log4j12-1.7.30.jar:/opt/kafka/libs/snappy-java-1.1.7.3.jar:/opt/kafka/libs/validation-api-2.0.1.Final.jar:/opt/kafka/libs/zookeeper-3.5.7.jar:/opt/kafka/libs/zookeeper-jute-3.5.7.jar:/opt/kafka/libs/zstd-jni-1.4.4-7.jar (org.apache.zookeeper.server.ZooKeeperServer)
[2020-10-26 20:56:15,018] INFO Server environment:java.library.path=/usr/java/packages/lib:/usr/lib64:/lib64:/lib:/usr/lib (org.apache.zookeeper.server.ZooKeeperServer)
[2020-10-26 20:56:15,018] INFO Server environment:java.io.tmpdir=/tmp (org.apache.zookeeper.server.ZooKeeperServer)
[2020-10-26 20:56:15,018] INFO Server environment:java.compiler=<NA> (org.apache.zookeeper.server.ZooKeeperServer)
[2020-10-26 20:56:15,019] INFO Server environment:os.name=Linux (org.apache.zookeeper.server.ZooKeeperServer)
[2020-10-26 20:56:15,023] INFO Server environment:os.arch=amd64 (org.apache.zookeeper.server.ZooKeeperServer)
[2020-10-26 20:56:15,030] INFO Server environment:os.version=4.14.193-149.317.amzn2.x86_64 (org.apache.zookeeper.server.ZooKeeperServer)
[2020-10-26 20:56:15,030] INFO Server environment:user.name=nonroot (org.apache.zookeeper.server.ZooKeeperServer)
[2020-10-26 20:56:15,030] INFO Server environment:user.home=/home/nonroot (org.apache.zookeeper.server.ZooKeeperServer)
[2020-10-26 20:56:15,031] INFO Server environment:user.dir=/opt/kafka (org.apache.zookeeper.server.ZooKeeperServer)
[2020-10-26 20:56:15,031] INFO Server environment:os.memory.free=498MB (org.apache.zookeeper.server.ZooKeeperServer)
[2020-10-26 20:56:15,032] INFO Server environment:os.memory.max=512MB (org.apache.zookeeper.server.ZooKeeperServer)
[2020-10-26 20:56:15,032] INFO Server environment:os.memory.total=512MB (org.apache.zookeeper.server.ZooKeeperServer)
[2020-10-26 20:56:15,038] INFO minSessionTimeout set to 260 (org.apache.zookeeper.server.ZooKeeperServer)
[2020-10-26 20:56:15,042] INFO maxSessionTimeout set to 3000 (org.apache.zookeeper.server.ZooKeeperServer)
[2020-10-26 20:56:15,043] INFO Created server with tickTime 130 minSessionTimeout 260 maxSessionTimeout 3000 datadir /var/lib/zookeeper/log/version-2 snapdir /var/lib/zookeeper/data/version-2 (org.apache.zookeeper.server.ZooKeeperServer)
[2020-10-26 20:56:15,045] INFO LEADING - LEADER ELECTION TOOK - 128 MS (org.apache.zookeeper.server.quorum.Leader)
[2020-10-26 20:56:15,061] INFO Snapshotting: 0x70000001e to /var/lib/zookeeper/data/version-2/snapshot.70000001e (org.apache.zookeeper.server.persistence.FileTxnSnapLog)
[2020-10-26 20:56:15,111] INFO Notification: 2 (message format version), 1 (n.leader), 0x70000001e (n.zxid), 0x1c (n.round), LOOKING (n.state), 1 (n.sid), 0x7 (n.peerEPoch), LEADING (my state)0 (n.config version) (org.apache.zookeeper.server.quorum.FastLeaderElection)
[2020-10-26 20:56:15,635] INFO Notification: 2 (message format version), 2 (n.leader), 0x70000001e (n.zxid), 0x1c (n.round), LOOKING (n.state), 2 (n.sid), 0x7 (n.peerEPoch), LEADING (my state)0 (n.config version) (org.apache.zookeeper.server.quorum.FastLeaderElection)
[2020-10-26 20:56:15,649] INFO Notification: 2 (message format version), 2 (n.leader), 0x70000001e (n.zxid), 0x1c (n.round), LOOKING (n.state), 1 (n.sid), 0x7 (n.peerEPoch), LEADING (my state)0 (n.config version) (org.apache.zookeeper.server.quorum.FastLeaderElection)
[2020-10-26 20:56:15,785] WARN Unexpected exception (org.apache.zookeeper.server.quorum.QuorumPeer)
java.lang.InterruptedException: Timeout while waiting for epoch from quorum
	at org.apache.zookeeper.server.quorum.Leader.getEpochToPropose(Leader.java:1227)
	at org.apache.zookeeper.server.quorum.Leader.lead(Leader.java:482)
	at org.apache.zookeeper.server.quorum.QuorumPeer.run(QuorumPeer.java:1266)
[2020-10-26 20:56:15,788] INFO Shutting down (org.apache.zookeeper.server.quorum.Leader)
[2020-10-26 20:56:15,788] INFO Shutdown called (org.apache.zookeeper.server.quorum.Leader)
java.lang.Exception: shutdown Leader! reason: Forcing shutdown
	at org.apache.zookeeper.server.quorum.Leader.shutdown(Leader.java:682)
	at org.apache.zookeeper.server.quorum.QuorumPeer.run(QuorumPeer.java:1272)
[2020-10-26 20:56:15,789] INFO exception while shutting down acceptor: java.net.SocketException: Socket closed (org.apache.zookeeper.server.quorum.Leader)
[2020-10-26 20:56:15,789] WARN PeerState set to LOOKING (org.apache.zookeeper.server.quorum.QuorumPeer)
[2020-10-26 20:56:15,789] INFO LOOKING (org.apache.zookeeper.server.quorum.QuorumPeer)
[2020-10-26 20:56:15,790] INFO New election. My id =  3, proposed zxid=0x70000001e (org.apache.zookeeper.server.quorum.FastLeaderElection)
[2020-10-26 20:56:15,792] INFO Notification: 2 (message format version), 3 (n.leader), 0x70000001e (n.zxid), 0x1b (n.round), LOOKING (n.state), 3 (n.sid), 0x7 (n.peerEPoch), LOOKING (my state)0 (n.config version) (org.apache.zookeeper.server.quorum.FastLeaderElection)
[2020-10-26 20:56:15,795] INFO Notification: 2 (message format version), 2 (n.leader), 0x70000001e (n.zxid), 0x1c (n.round), LOOKING (n.state), 1 (n.sid), 0x7 (n.peerEPoch), LOOKING (my state)0 (n.config version) (org.apache.zookeeper.server.quorum.FastLeaderElection)
[2020-10-26 20:56:15,797] INFO Notification: 2 (message format version), 3 (n.leader), 0x70000001e (n.zxid), 0x1c (n.round), LOOKING (n.state), 3 (n.sid), 0x7 (n.peerEPoch), LOOKING (my state)0 (n.config version) (org.apache.zookeeper.server.quorum.FastLeaderElection)
[2020-10-26 20:56:15,802] INFO Notification: 2 (message format version), 3 (n.leader), 0x70000001e (n.zxid), 0x1c (n.round), LOOKING (n.state), 1 (n.sid), 0x7 (n.peerEPoch), LOOKING (my state)0 (n.config version) (org.apache.zookeeper.server.quorum.FastLeaderElection)
[2020-10-26 20:56:15,816] INFO Notification: 2 (message format version), 2 (n.leader), 0x70000001e (n.zxid), 0x1c (n.round), LOOKING (n.state), 2 (n.sid), 0x7 (n.peerEPoch), LOOKING (my state)0 (n.config version) (org.apache.zookeeper.server.quorum.FastLeaderElection)
[2020-10-26 20:56:15,820] INFO Notification: 2 (message format version), 3 (n.leader), 0x70000001e (n.zxid), 0x1c (n.round), LOOKING (n.state), 2 (n.sid), 0x7 (n.peerEPoch), LOOKING (my state)0 (n.config version) (org.apache.zookeeper.server.quorum.FastLeaderElection)
[2020-10-26 20:56:15,996] INFO The list of known four letter word commands is : [{1936881266=srvr, 1937006964=stat, 2003003491=wchc, 1685417328=dump, 1668445044=crst, 1936880500=srst, 1701738089=envi, 1668247142=conf, -720899=telnet close, 2003003507=wchs, 2003003504=wchp, 1684632179=dirs, 1668247155=cons, 1835955314=mntr, 1769173615=isro, 1920298859=ruok, 1735683435=gtmk, 1937010027=stmk}] (org.apache.zookeeper.server.command.FourLetterCommands)
[2020-10-26 20:56:15,996] INFO The list of enabled four letter word commands is : [[ruok, srvr]] (org.apache.zookeeper.server.command.FourLetterCommands)
[2020-10-26 20:56:16,023] INFO LEADING (org.apache.zookeeper.server.quorum.QuorumPeer)
[2020-10-26 20:56:16,023] INFO minSessionTimeout set to 260 (org.apache.zookeeper.server.ZooKeeperServer)
[2020-10-26 20:56:16,023] INFO maxSessionTimeout set to 3000 (org.apache.zookeeper.server.ZooKeeperServer)
[2020-10-26 20:56:16,024] INFO Created server with tickTime 130 minSessionTimeout 260 maxSessionTimeout 3000 datadir /var/lib/zookeeper/log/version-2 snapdir /var/lib/zookeeper/data/version-2 (org.apache.zookeeper.server.ZooKeeperServer)
[2020-10-26 20:56:16,024] INFO LEADING - LEADER ELECTION TOOK - 1 MS (org.apache.zookeeper.server.quorum.Leader)
[2020-10-26 20:56:16,024] INFO Snapshotting: 0x70000001e to /var/lib/zookeeper/data/version-2/snapshot.70000001e (org.apache.zookeeper.server.persistence.FileTxnSnapLog)
[2020-10-26 20:56:16,035] INFO Follower sid: 1 : info : zoo-0.zoo.kafka.svc.cluster.local:2888:3888:participant (org.apache.zookeeper.server.quorum.LearnerHandler)
[2020-10-26 20:56:16,047] INFO On disk txn sync enabled with snapshotSizeFactor 0.33 (org.apache.zookeeper.server.ZKDatabase)
[2020-10-26 20:56:16,047] INFO Synchronizing with Follower sid: 1 maxCommittedLog=0x70000001e minCommittedLog=0x700000001 lastProcessedZxid=0x70000001e peerLastZxid=0x70000001e (org.apache.zookeeper.server.quorum.LearnerHandler)
[2020-10-26 20:56:16,047] INFO Sending DIFF zxid=0x70000001e for peer sid: 1 (org.apache.zookeeper.server.quorum.LearnerHandler)
[2020-10-26 20:56:16,067] INFO Have quorum of supporters, sids: [ [1, 3],[1, 3] ]; starting up and setting last processed zxid: 0x800000000 (org.apache.zookeeper.server.quorum.Leader)
[2020-10-26 20:56:16,099] INFO Follower sid: 2 : info : zoo-1.zoo.kafka.svc.cluster.local:2888:3888:participant (org.apache.zookeeper.server.quorum.LearnerHandler)
[2020-10-26 20:56:16,105] INFO Configuring CommitProcessor with 1 worker threads. (org.apache.zookeeper.server.quorum.CommitProcessor)
[2020-10-26 20:56:16,119] INFO On disk txn sync enabled with snapshotSizeFactor 0.33 (org.apache.zookeeper.server.ZKDatabase)
[2020-10-26 20:56:16,164] INFO Synchronizing with Follower sid: 2 maxCommittedLog=0x70000001e minCommittedLog=0x700000001 lastProcessedZxid=0x70000001e peerLastZxid=0x70000001e (org.apache.zookeeper.server.quorum.LearnerHandler)
[2020-10-26 20:56:16,165] INFO Sending DIFF zxid=0x70000001e for peer sid: 2 (org.apache.zookeeper.server.quorum.LearnerHandler)
[2020-10-26 20:56:16,213] INFO Using checkIntervalMs=60000 maxPerMinute=10000 (org.apache.zookeeper.server.ContainerManager)
[2020-10-26 20:57:19,598] ERROR Unexpected exception causing shutdown while sock still open (org.apache.zookeeper.server.quorum.LearnerHandler)
java.net.SocketTimeoutException: Read timed out
	at java.base/java.net.SocketInputStream.socketRead0(Native Method)
	at java.base/java.net.SocketInputStream.socketRead(Unknown Source)
	at java.base/java.net.SocketInputStream.read(Unknown Source)
	at java.base/java.net.SocketInputStream.read(Unknown Source)
	at java.base/java.io.BufferedInputStream.fill(Unknown Source)
	at java.base/java.io.BufferedInputStream.read(Unknown Source)
	at java.base/java.io.DataInputStream.readInt(Unknown Source)
	at org.apache.jute.BinaryInputArchive.readInt(BinaryInputArchive.java:84)
	at org.apache.zookeeper.server.quorum.QuorumPacket.deserialize(QuorumPacket.java:86)
	at org.apache.jute.BinaryInputArchive.readRecord(BinaryInputArchive.java:118)
	at org.apache.zookeeper.server.quorum.LearnerHandler.run(LearnerHandler.java:539)
[2020-10-26 20:57:19,599] WARN ******* GOODBYE /10.233.121.3:52714 ******** (org.apache.zookeeper.server.quorum.LearnerHandler)
[2020-10-26 20:57:19,635] INFO Notification: 2 (message format version), 2 (n.leader), 0x70000001e (n.zxid), 0x1d (n.round), LOOKING (n.state), 2 (n.sid), 0x8 (n.peerEPoch), LEADING (my state)0 (n.config version) (org.apache.zookeeper.server.quorum.FastLeaderElection)
[2020-10-26 20:57:19,700] INFO Follower sid: 2 : info : zoo-1.zoo.kafka.svc.cluster.local:2888:3888:participant (org.apache.zookeeper.server.quorum.LearnerHandler)
[2020-10-26 20:57:19,709] INFO On disk txn sync enabled with snapshotSizeFactor 0.33 (org.apache.zookeeper.server.ZKDatabase)
[2020-10-26 20:57:19,709] INFO Synchronizing with Follower sid: 2 maxCommittedLog=0x70000001e minCommittedLog=0x700000001 lastProcessedZxid=0x800000000 peerLastZxid=0x70000001e (org.apache.zookeeper.server.quorum.LearnerHandler)
[2020-10-26 20:57:19,709] INFO Using committedLog for peer sid: 2 (org.apache.zookeeper.server.quorum.LearnerHandler)
[2020-10-26 20:57:19,709] INFO Sending DIFF zxid=0x70000001e for peer sid: 2 (org.apache.zookeeper.server.quorum.LearnerHandler)
[2020-10-26 20:57:21,517] INFO Expiring session 0x200002aa9670000, timeout of 3000ms exceeded (org.apache.zookeeper.server.ZooKeeperServer)
[2020-10-26 20:57:21,518] INFO Submitting global closeSession request for session 0x200002aa9670000 (org.apache.zookeeper.server.ZooKeeperServer)
[2020-10-26 20:57:21,520] INFO Creating new log file: log.800000001 (org.apache.zookeeper.server.persistence.FileTxnLog)
[2020-10-26 20:57:21,618] INFO Invalid session 0x200002aa9670000 for client /10.233.82.2:38868, probably expired (org.apache.zookeeper.server.ZooKeeperServer)
[2020-10-26 20:57:29,095] ERROR Unexpected exception causing shutdown while sock still open (org.apache.zookeeper.server.quorum.LearnerHandler)
java.net.SocketTimeoutException: Read timed out
	at java.base/java.net.SocketInputStream.socketRead0(Native Method)
	at java.base/java.net.SocketInputStream.socketRead(Unknown Source)
	at java.base/java.net.SocketInputStream.read(Unknown Source)
	at java.base/java.net.SocketInputStream.read(Unknown Source)
	at java.base/java.io.BufferedInputStream.fill(Unknown Source)
	at java.base/java.io.BufferedInputStream.read(Unknown Source)
	at java.base/java.io.DataInputStream.readInt(Unknown Source)
	at org.apache.jute.BinaryInputArchive.readInt(BinaryInputArchive.java:84)
	at org.apache.zookeeper.server.quorum.QuorumPacket.deserialize(QuorumPacket.java:86)
	at org.apache.jute.BinaryInputArchive.readRecord(BinaryInputArchive.java:118)
	at org.apache.zookeeper.server.quorum.LearnerHandler.run(LearnerHandler.java:539)
[2020-10-26 20:57:29,097] WARN ******* GOODBYE /10.233.121.3:52954 ******** (org.apache.zookeeper.server.quorum.LearnerHandler)
[2020-10-26 20:57:29,124] INFO Notification: 2 (message format version), 2 (n.leader), 0x800000021 (n.zxid), 0x1d (n.round), LOOKING (n.state), 2 (n.sid), 0x8 (n.peerEPoch), LEADING (my state)0 (n.config version) (org.apache.zookeeper.server.quorum.FastLeaderElection)
[2020-10-26 20:57:29,148] INFO Follower sid: 2 : info : zoo-1.zoo.kafka.svc.cluster.local:2888:3888:participant (org.apache.zookeeper.server.quorum.LearnerHandler)
[2020-10-26 20:57:29,156] INFO On disk txn sync enabled with snapshotSizeFactor 0.33 (org.apache.zookeeper.server.ZKDatabase)
[2020-10-26 20:57:29,157] INFO Synchronizing with Follower sid: 2 maxCommittedLog=0x800000021 minCommittedLog=0x700000001 lastProcessedZxid=0x800000021 peerLastZxid=0x800000021 (org.apache.zookeeper.server.quorum.LearnerHandler)
[2020-10-26 20:57:29,158] INFO Sending DIFF zxid=0x800000021 for peer sid: 2 (org.apache.zookeeper.server.quorum.LearnerHandler)
[2020-10-26 20:57:37,540] ERROR Unexpected exception causing shutdown while sock still open (org.apache.zookeeper.server.quorum.LearnerHandler)
java.net.SocketTimeoutException: Read timed out
	at java.base/java.net.SocketInputStream.socketRead0(Native Method)
	at java.base/java.net.SocketInputStream.socketRead(Unknown Source)
	at java.base/java.net.SocketInputStream.read(Unknown Source)
	at java.base/java.net.SocketInputStream.read(Unknown Source)
	at java.base/java.io.BufferedInputStream.fill(Unknown Source)
	at java.base/java.io.BufferedInputStream.read(Unknown Source)
	at java.base/java.io.DataInputStream.readInt(Unknown Source)
	at org.apache.jute.BinaryInputArchive.readInt(BinaryInputArchive.java:84)
	at org.apache.zookeeper.server.quorum.QuorumPacket.deserialize(QuorumPacket.java:86)
	at org.apache.jute.BinaryInputArchive.readRecord(BinaryInputArchive.java:118)
	at org.apache.zookeeper.server.quorum.LearnerHandler.run(LearnerHandler.java:539)
[2020-10-26 20:57:37,541] WARN ******* GOODBYE /10.233.121.3:52992 ******** (org.apache.zookeeper.server.quorum.LearnerHandler)
[2020-10-26 20:57:37,597] INFO Notification: 2 (message format version), 2 (n.leader), 0x800000021 (n.zxid), 0x1d (n.round), LOOKING (n.state), 2 (n.sid), 0x8 (n.peerEPoch), LEADING (my state)0 (n.config version) (org.apache.zookeeper.server.quorum.FastLeaderElection)
[2020-10-26 20:57:37,657] INFO Follower sid: 2 : info : zoo-1.zoo.kafka.svc.cluster.local:2888:3888:participant (org.apache.zookeeper.server.quorum.LearnerHandler)
[2020-10-26 20:57:37,894] INFO On disk txn sync enabled with snapshotSizeFactor 0.33 (org.apache.zookeeper.server.ZKDatabase)
[2020-10-26 20:57:37,895] INFO Synchronizing with Follower sid: 2 maxCommittedLog=0x800000021 minCommittedLog=0x700000001 lastProcessedZxid=0x800000021 peerLastZxid=0x800000021 (org.apache.zookeeper.server.quorum.LearnerHandler)
[2020-10-26 20:57:37,895] INFO Sending DIFF zxid=0x800000021 for peer sid: 2 (org.apache.zookeeper.server.quorum.LearnerHandler)
[2020-10-26 21:00:04,983] ERROR Unexpected exception causing shutdown while sock still open (org.apache.zookeeper.server.quorum.LearnerHandler)
java.net.SocketTimeoutException: Read timed out
	at java.base/java.net.SocketInputStream.socketRead0(Native Method)
	at java.base/java.net.SocketInputStream.socketRead(Unknown Source)
	at java.base/java.net.SocketInputStream.read(Unknown Source)
	at java.base/java.net.SocketInputStream.read(Unknown Source)
	at java.base/java.io.BufferedInputStream.fill(Unknown Source)
	at java.base/java.io.BufferedInputStream.read(Unknown Source)
	at java.base/java.io.DataInputStream.readInt(Unknown Source)
	at org.apache.jute.BinaryInputArchive.readInt(BinaryInputArchive.java:84)
	at org.apache.zookeeper.server.quorum.QuorumPacket.deserialize(QuorumPacket.java:86)
	at org.apache.jute.BinaryInputArchive.readRecord(BinaryInputArchive.java:118)
	at org.apache.zookeeper.server.quorum.LearnerHandler.run(LearnerHandler.java:539)
[2020-10-26 21:00:04,984] WARN ******* GOODBYE /10.233.121.3:53024 ******** (org.apache.zookeeper.server.quorum.LearnerHandler)
[2020-10-26 21:00:05,098] INFO Notification: 2 (message format version), 2 (n.leader), 0x800000021 (n.zxid), 0x1d (n.round), LOOKING (n.state), 2 (n.sid), 0x8 (n.peerEPoch), LEADING (my state)0 (n.config version) (org.apache.zookeeper.server.quorum.FastLeaderElection)
[2020-10-26 21:00:05,137] INFO Follower sid: 2 : info : zoo-1.zoo.kafka.svc.cluster.local:2888:3888:participant (org.apache.zookeeper.server.quorum.LearnerHandler)
[2020-10-26 21:00:05,148] INFO On disk txn sync enabled with snapshotSizeFactor 0.33 (org.apache.zookeeper.server.ZKDatabase)
[2020-10-26 21:00:05,149] INFO Synchronizing with Follower sid: 2 maxCommittedLog=0x800000021 minCommittedLog=0x700000001 lastProcessedZxid=0x800000021 peerLastZxid=0x800000021 (org.apache.zookeeper.server.quorum.LearnerHandler)
[2020-10-26 21:00:05,149] INFO Sending DIFF zxid=0x800000021 for peer sid: 2 (org.apache.zookeeper.server.quorum.LearnerHandler)
