[2020-10-26 21:49:05,969] INFO Reading configuration from: /etc/kafka/zookeeper.properties.scale-3.zoo-1 (org.apache.zookeeper.server.quorum.QuorumPeerConfig)
[2020-10-26 21:49:06,023] INFO clientPortAddress is 0.0.0.0:2181 (org.apache.zookeeper.server.quorum.QuorumPeerConfig)
[2020-10-26 21:49:06,023] INFO secureClientPort is not set (org.apache.zookeeper.server.quorum.QuorumPeerConfig)
[2020-10-26 21:49:06,191] INFO autopurge.snapRetainCount set to 3 (org.apache.zookeeper.server.DatadirCleanupManager)
[2020-10-26 21:49:06,191] INFO autopurge.purgeInterval set to 0 (org.apache.zookeeper.server.DatadirCleanupManager)
[2020-10-26 21:49:06,191] INFO Purge task is not scheduled. (org.apache.zookeeper.server.DatadirCleanupManager)
[2020-10-26 21:49:06,205] INFO Log4j 1.2 jmx support found and enabled. (org.apache.zookeeper.jmx.ManagedUtil)
[2020-10-26 21:49:06,670] INFO Starting quorum peer (org.apache.zookeeper.server.quorum.QuorumPeerMain)
[2020-10-26 21:49:06,699] INFO Using org.apache.zookeeper.server.NIOServerCnxnFactory as server connection factory (org.apache.zookeeper.server.ServerCnxnFactory)
[2020-10-26 21:49:06,704] INFO Configuring NIO connection handler with 10s sessionless connection timeout, 1 selector thread(s), 2 worker threads, and 64 kB direct buffers. (org.apache.zookeeper.server.NIOServerCnxnFactory)
[2020-10-26 21:49:06,732] INFO binding to port 0.0.0.0/0.0.0.0:2181 (org.apache.zookeeper.server.NIOServerCnxnFactory)
[2020-10-26 21:49:06,835] INFO Logging initialized @1489ms to org.eclipse.jetty.util.log.Slf4jLog (org.eclipse.jetty.util.log)
[2020-10-26 21:49:07,072] WARN o.e.j.s.ServletContextHandler@6bd61f98{/,null,UNAVAILABLE} contextPath ends with /* (org.eclipse.jetty.server.handler.ContextHandler)
[2020-10-26 21:49:07,072] WARN Empty contextPath (org.eclipse.jetty.server.handler.ContextHandler)
[2020-10-26 21:49:07,111] INFO Setting -D jdk.tls.rejectClientInitiatedRenegotiation=true to disable client-initiated TLS renegotiation (org.apache.zookeeper.common.X509Util)
[2020-10-26 21:49:07,115] INFO zookeeper.snapshot.trust.empty : false (org.apache.zookeeper.server.persistence.FileTxnSnapLog)
[2020-10-26 21:49:07,125] INFO Local sessions disabled (org.apache.zookeeper.server.quorum.QuorumPeer)
[2020-10-26 21:49:07,125] INFO Local session upgrading disabled (org.apache.zookeeper.server.quorum.QuorumPeer)
[2020-10-26 21:49:07,126] INFO tickTime set to 130 (org.apache.zookeeper.server.quorum.QuorumPeer)
[2020-10-26 21:49:07,126] INFO minSessionTimeout set to 260 (org.apache.zookeeper.server.quorum.QuorumPeer)
[2020-10-26 21:49:07,126] INFO maxSessionTimeout set to 3000 (org.apache.zookeeper.server.quorum.QuorumPeer)
[2020-10-26 21:49:07,126] INFO initLimit set to 5 (org.apache.zookeeper.server.quorum.QuorumPeer)
[2020-10-26 21:49:07,149] INFO zookeeper.snapshotSizeFactor = 0.33 (org.apache.zookeeper.server.ZKDatabase)
[2020-10-26 21:49:07,163] INFO Using insecure (non-TLS) quorum communication (org.apache.zookeeper.server.quorum.QuorumPeer)
[2020-10-26 21:49:07,163] INFO Port unification disabled (org.apache.zookeeper.server.quorum.QuorumPeer)
[2020-10-26 21:49:07,163] INFO QuorumPeer communication is not secured! (SASL auth disabled) (org.apache.zookeeper.server.quorum.QuorumPeer)
[2020-10-26 21:49:07,163] INFO quorum.cnxn.threads.size set to 20 (org.apache.zookeeper.server.quorum.QuorumPeer)
[2020-10-26 21:49:07,170] INFO Snapshotting: 0x0 to /var/lib/zookeeper/data/version-2/snapshot.0 (org.apache.zookeeper.server.persistence.FileTxnSnapLog)
[2020-10-26 21:49:07,174] INFO currentEpoch not found! Creating with a reasonable default of 0. This should only happen when you are upgrading your installation (org.apache.zookeeper.server.quorum.QuorumPeer)
[2020-10-26 21:49:07,180] INFO acceptedEpoch not found! Creating with a reasonable default of 0. This should only happen when you are upgrading your installation (org.apache.zookeeper.server.quorum.QuorumPeer)
[2020-10-26 21:49:07,204] INFO jetty-9.4.24.v20191120; built: 2019-11-20T21:37:49.771Z; git: 363d5f2df3a8a28de40604320230664b9c793c16; jvm 11.0.7+10 (org.eclipse.jetty.server.Server)
[2020-10-26 21:49:07,333] INFO DefaultSessionIdManager workerName=node0 (org.eclipse.jetty.server.session)
[2020-10-26 21:49:07,333] INFO No SessionScavenger set, using defaults (org.eclipse.jetty.server.session)
[2020-10-26 21:49:07,347] INFO node0 Scavenging every 600000ms (org.eclipse.jetty.server.session)
[2020-10-26 21:49:07,374] INFO Started o.e.j.s.ServletContextHandler@6bd61f98{/,null,AVAILABLE} (org.eclipse.jetty.server.handler.ContextHandler)
[2020-10-26 21:49:07,395] INFO Started ServerConnector@7a419da4{HTTP/1.1,[http/1.1]}{0.0.0.0:8080} (org.eclipse.jetty.server.AbstractConnector)
[2020-10-26 21:49:07,396] INFO Started @2050ms (org.eclipse.jetty.server.Server)
[2020-10-26 21:49:07,396] INFO Started AdminServer on address 0.0.0.0, port 8080 and command URL /commands (org.apache.zookeeper.server.admin.JettyAdminServer)
[2020-10-26 21:49:07,413] INFO Election port bind maximum retries is infinite (org.apache.zookeeper.server.quorum.QuorumCnxManager)
[2020-10-26 21:49:07,418] INFO 2 is accepting connections now, my election bind port: zoo-1.zoo.kafka.svc.cluster.local/10.233.113.3:3888 (org.apache.zookeeper.server.quorum.QuorumCnxManager)
[2020-10-26 21:49:07,472] INFO LOOKING (org.apache.zookeeper.server.quorum.QuorumPeer)
[2020-10-26 21:49:07,475] INFO New election. My id =  2, proposed zxid=0x0 (org.apache.zookeeper.server.quorum.FastLeaderElection)
[2020-10-26 21:49:07,478] WARN Failed to resolve address: zoo-0.zoo.kafka.svc.cluster.local (org.apache.zookeeper.server.quorum.QuorumPeer)
java.net.UnknownHostException: zoo-0.zoo.kafka.svc.cluster.local
	at java.base/java.net.InetAddress$CachedAddresses.get(Unknown Source)
	at java.base/java.net.InetAddress.getAllByName0(Unknown Source)
	at java.base/java.net.InetAddress.getAllByName(Unknown Source)
	at java.base/java.net.InetAddress.getAllByName(Unknown Source)
	at java.base/java.net.InetAddress.getByName(Unknown Source)
	at org.apache.zookeeper.server.quorum.QuorumPeer$QuorumServer.recreateSocketAddresses(QuorumPeer.java:197)
	at org.apache.zookeeper.server.quorum.QuorumPeer.recreateSocketAddresses(QuorumPeer.java:746)
	at org.apache.zookeeper.server.quorum.QuorumCnxManager.connectOne(QuorumCnxManager.java:715)
	at org.apache.zookeeper.server.quorum.QuorumCnxManager.toSend(QuorumCnxManager.java:676)
	at org.apache.zookeeper.server.quorum.FastLeaderElection$Messenger$WorkerSender.process(FastLeaderElection.java:495)
	at org.apache.zookeeper.server.quorum.FastLeaderElection$Messenger$WorkerSender.run(FastLeaderElection.java:474)
	at java.base/java.lang.Thread.run(Unknown Source)
[2020-10-26 21:49:07,483] WARN Failed to resolve address: zoo-0.zoo.kafka.svc.cluster.local (org.apache.zookeeper.server.quorum.QuorumPeer)
java.net.UnknownHostException: zoo-0.zoo.kafka.svc.cluster.local
	at java.base/java.net.InetAddress$CachedAddresses.get(Unknown Source)
	at java.base/java.net.InetAddress.getAllByName0(Unknown Source)
	at java.base/java.net.InetAddress.getAllByName(Unknown Source)
	at java.base/java.net.InetAddress.getAllByName(Unknown Source)
	at java.base/java.net.InetAddress.getByName(Unknown Source)
	at org.apache.zookeeper.server.quorum.QuorumPeer$QuorumServer.recreateSocketAddresses(QuorumPeer.java:197)
	at org.apache.zookeeper.server.quorum.QuorumPeer.recreateSocketAddresses(QuorumPeer.java:756)
	at org.apache.zookeeper.server.quorum.QuorumCnxManager.connectOne(QuorumCnxManager.java:715)
	at org.apache.zookeeper.server.quorum.QuorumCnxManager.toSend(QuorumCnxManager.java:676)
	at org.apache.zookeeper.server.quorum.FastLeaderElection$Messenger$WorkerSender.process(FastLeaderElection.java:495)
	at org.apache.zookeeper.server.quorum.FastLeaderElection$Messenger$WorkerSender.run(FastLeaderElection.java:474)
	at java.base/java.lang.Thread.run(Unknown Source)
[2020-10-26 21:49:07,492] INFO Notification: 2 (message format version), 2 (n.leader), 0x0 (n.zxid), 0x1 (n.round), LOOKING (n.state), 2 (n.sid), 0x0 (n.peerEPoch), LOOKING (my state)0 (n.config version) (org.apache.zookeeper.server.quorum.FastLeaderElection)
[2020-10-26 21:49:07,492] WARN Failed to resolve address: zoo-2.zoo.kafka.svc.cluster.local (org.apache.zookeeper.server.quorum.QuorumPeer)
java.net.UnknownHostException: zoo-2.zoo.kafka.svc.cluster.local
	at java.base/java.net.InetAddress$CachedAddresses.get(Unknown Source)
	at java.base/java.net.InetAddress.getAllByName0(Unknown Source)
	at java.base/java.net.InetAddress.getAllByName(Unknown Source)
	at java.base/java.net.InetAddress.getAllByName(Unknown Source)
	at java.base/java.net.InetAddress.getByName(Unknown Source)
	at org.apache.zookeeper.server.quorum.QuorumPeer$QuorumServer.recreateSocketAddresses(QuorumPeer.java:197)
	at org.apache.zookeeper.server.quorum.QuorumPeer.recreateSocketAddresses(QuorumPeer.java:746)
	at org.apache.zookeeper.server.quorum.QuorumCnxManager.connectOne(QuorumCnxManager.java:715)
	at org.apache.zookeeper.server.quorum.QuorumCnxManager.toSend(QuorumCnxManager.java:676)
	at org.apache.zookeeper.server.quorum.FastLeaderElection$Messenger$WorkerSender.process(FastLeaderElection.java:495)
	at org.apache.zookeeper.server.quorum.FastLeaderElection$Messenger$WorkerSender.run(FastLeaderElection.java:474)
	at java.base/java.lang.Thread.run(Unknown Source)
[2020-10-26 21:49:07,497] WARN Failed to resolve address: zoo-2.zoo.kafka.svc.cluster.local (org.apache.zookeeper.server.quorum.QuorumPeer)
java.net.UnknownHostException: zoo-2.zoo.kafka.svc.cluster.local
	at java.base/java.net.InetAddress$CachedAddresses.get(Unknown Source)
	at java.base/java.net.InetAddress.getAllByName0(Unknown Source)
	at java.base/java.net.InetAddress.getAllByName(Unknown Source)
	at java.base/java.net.InetAddress.getAllByName(Unknown Source)
	at java.base/java.net.InetAddress.getByName(Unknown Source)
	at org.apache.zookeeper.server.quorum.QuorumPeer$QuorumServer.recreateSocketAddresses(QuorumPeer.java:197)
	at org.apache.zookeeper.server.quorum.QuorumPeer.recreateSocketAddresses(QuorumPeer.java:756)
	at org.apache.zookeeper.server.quorum.QuorumCnxManager.connectOne(QuorumCnxManager.java:715)
	at org.apache.zookeeper.server.quorum.QuorumCnxManager.toSend(QuorumCnxManager.java:676)
	at org.apache.zookeeper.server.quorum.FastLeaderElection$Messenger$WorkerSender.process(FastLeaderElection.java:495)
	at org.apache.zookeeper.server.quorum.FastLeaderElection$Messenger$WorkerSender.run(FastLeaderElection.java:474)
	at java.base/java.lang.Thread.run(Unknown Source)
[2020-10-26 21:49:07,502] WARN Cannot open channel to 1 at election address zoo-0.zoo.kafka.svc.cluster.local:3888 (org.apache.zookeeper.server.quorum.QuorumCnxManager)
java.net.UnknownHostException: zoo-0.zoo.kafka.svc.cluster.local
	at java.base/java.net.AbstractPlainSocketImpl.connect(Unknown Source)
	at java.base/java.net.SocksSocketImpl.connect(Unknown Source)
	at java.base/java.net.Socket.connect(Unknown Source)
	at org.apache.zookeeper.server.quorum.QuorumCnxManager.initiateConnection(QuorumCnxManager.java:373)
	at org.apache.zookeeper.server.quorum.QuorumCnxManager$QuorumConnectionReqThread.run(QuorumCnxManager.java:436)
	at java.base/java.util.concurrent.ThreadPoolExecutor.runWorker(Unknown Source)
	at java.base/java.util.concurrent.ThreadPoolExecutor$Worker.run(Unknown Source)
	at java.base/java.lang.Thread.run(Unknown Source)
[2020-10-26 21:49:07,503] WARN Cannot open channel to 3 at election address zoo-2.zoo.kafka.svc.cluster.local:3888 (org.apache.zookeeper.server.quorum.QuorumCnxManager)
java.net.UnknownHostException: zoo-2.zoo.kafka.svc.cluster.local
	at java.base/java.net.AbstractPlainSocketImpl.connect(Unknown Source)
	at java.base/java.net.SocksSocketImpl.connect(Unknown Source)
	at java.base/java.net.Socket.connect(Unknown Source)
	at org.apache.zookeeper.server.quorum.QuorumCnxManager.initiateConnection(QuorumCnxManager.java:373)
	at org.apache.zookeeper.server.quorum.QuorumCnxManager$QuorumConnectionReqThread.run(QuorumCnxManager.java:436)
	at java.base/java.util.concurrent.ThreadPoolExecutor.runWorker(Unknown Source)
	at java.base/java.util.concurrent.ThreadPoolExecutor$Worker.run(Unknown Source)
	at java.base/java.lang.Thread.run(Unknown Source)
[2020-10-26 21:49:07,702] WARN Failed to resolve address: zoo-0.zoo.kafka.svc.cluster.local (org.apache.zookeeper.server.quorum.QuorumPeer)
java.net.UnknownHostException: zoo-0.zoo.kafka.svc.cluster.local
	at java.base/java.net.InetAddress$CachedAddresses.get(Unknown Source)
	at java.base/java.net.InetAddress.getAllByName0(Unknown Source)
	at java.base/java.net.InetAddress.getAllByName(Unknown Source)
	at java.base/java.net.InetAddress.getAllByName(Unknown Source)
	at java.base/java.net.InetAddress.getByName(Unknown Source)
	at org.apache.zookeeper.server.quorum.QuorumPeer$QuorumServer.recreateSocketAddresses(QuorumPeer.java:197)
	at org.apache.zookeeper.server.quorum.QuorumPeer.recreateSocketAddresses(QuorumPeer.java:746)
	at org.apache.zookeeper.server.quorum.QuorumCnxManager.connectOne(QuorumCnxManager.java:715)
	at org.apache.zookeeper.server.quorum.QuorumCnxManager.connectAll(QuorumCnxManager.java:751)
	at org.apache.zookeeper.server.quorum.FastLeaderElection.lookForLeader(FastLeaderElection.java:928)
	at org.apache.zookeeper.server.quorum.QuorumPeer.run(QuorumPeer.java:1229)
[2020-10-26 21:49:07,702] WARN Failed to resolve address: zoo-0.zoo.kafka.svc.cluster.local (org.apache.zookeeper.server.quorum.QuorumPeer)
java.net.UnknownHostException: zoo-0.zoo.kafka.svc.cluster.local
	at java.base/java.net.InetAddress$CachedAddresses.get(Unknown Source)
	at java.base/java.net.InetAddress.getAllByName0(Unknown Source)
	at java.base/java.net.InetAddress.getAllByName(Unknown Source)
	at java.base/java.net.InetAddress.getAllByName(Unknown Source)
	at java.base/java.net.InetAddress.getByName(Unknown Source)
	at org.apache.zookeeper.server.quorum.QuorumPeer$QuorumServer.recreateSocketAddresses(QuorumPeer.java:197)
	at org.apache.zookeeper.server.quorum.QuorumPeer.recreateSocketAddresses(QuorumPeer.java:756)
	at org.apache.zookeeper.server.quorum.QuorumCnxManager.connectOne(QuorumCnxManager.java:715)
	at org.apache.zookeeper.server.quorum.QuorumCnxManager.connectAll(QuorumCnxManager.java:751)
	at org.apache.zookeeper.server.quorum.FastLeaderElection.lookForLeader(FastLeaderElection.java:928)
	at org.apache.zookeeper.server.quorum.QuorumPeer.run(QuorumPeer.java:1229)
[2020-10-26 21:49:07,703] WARN Failed to resolve address: zoo-2.zoo.kafka.svc.cluster.local (org.apache.zookeeper.server.quorum.QuorumPeer)
java.net.UnknownHostException: zoo-2.zoo.kafka.svc.cluster.local
	at java.base/java.net.InetAddress$CachedAddresses.get(Unknown Source)
	at java.base/java.net.InetAddress.getAllByName0(Unknown Source)
	at java.base/java.net.InetAddress.getAllByName(Unknown Source)
	at java.base/java.net.InetAddress.getAllByName(Unknown Source)
	at java.base/java.net.InetAddress.getByName(Unknown Source)
	at org.apache.zookeeper.server.quorum.QuorumPeer$QuorumServer.recreateSocketAddresses(QuorumPeer.java:197)
	at org.apache.zookeeper.server.quorum.QuorumPeer.recreateSocketAddresses(QuorumPeer.java:746)
	at org.apache.zookeeper.server.quorum.QuorumCnxManager.connectOne(QuorumCnxManager.java:715)
	at org.apache.zookeeper.server.quorum.QuorumCnxManager.connectAll(QuorumCnxManager.java:751)
	at org.apache.zookeeper.server.quorum.FastLeaderElection.lookForLeader(FastLeaderElection.java:928)
	at org.apache.zookeeper.server.quorum.QuorumPeer.run(QuorumPeer.java:1229)
[2020-10-26 21:49:07,704] WARN Failed to resolve address: zoo-2.zoo.kafka.svc.cluster.local (org.apache.zookeeper.server.quorum.QuorumPeer)
java.net.UnknownHostException: zoo-2.zoo.kafka.svc.cluster.local
	at java.base/java.net.InetAddress$CachedAddresses.get(Unknown Source)
	at java.base/java.net.InetAddress.getAllByName0(Unknown Source)
	at java.base/java.net.InetAddress.getAllByName(Unknown Source)
	at java.base/java.net.InetAddress.getAllByName(Unknown Source)
	at java.base/java.net.InetAddress.getByName(Unknown Source)
	at org.apache.zookeeper.server.quorum.QuorumPeer$QuorumServer.recreateSocketAddresses(QuorumPeer.java:197)
	at org.apache.zookeeper.server.quorum.QuorumPeer.recreateSocketAddresses(QuorumPeer.java:756)
	at org.apache.zookeeper.server.quorum.QuorumCnxManager.connectOne(QuorumCnxManager.java:715)
	at org.apache.zookeeper.server.quorum.QuorumCnxManager.connectAll(QuorumCnxManager.java:751)
	at org.apache.zookeeper.server.quorum.FastLeaderElection.lookForLeader(FastLeaderElection.java:928)
	at org.apache.zookeeper.server.quorum.QuorumPeer.run(QuorumPeer.java:1229)
[2020-10-26 21:49:07,704] INFO Notification time out: 400 (org.apache.zookeeper.server.quorum.FastLeaderElection)
[2020-10-26 21:49:07,704] WARN Cannot open channel to 3 at election address zoo-2.zoo.kafka.svc.cluster.local:3888 (org.apache.zookeeper.server.quorum.QuorumCnxManager)
java.net.UnknownHostException: zoo-2.zoo.kafka.svc.cluster.local
	at java.base/java.net.AbstractPlainSocketImpl.connect(Unknown Source)
	at java.base/java.net.SocksSocketImpl.connect(Unknown Source)
	at java.base/java.net.Socket.connect(Unknown Source)
	at org.apache.zookeeper.server.quorum.QuorumCnxManager.initiateConnection(QuorumCnxManager.java:373)
	at org.apache.zookeeper.server.quorum.QuorumCnxManager$QuorumConnectionReqThread.run(QuorumCnxManager.java:436)
	at java.base/java.util.concurrent.ThreadPoolExecutor.runWorker(Unknown Source)
	at java.base/java.util.concurrent.ThreadPoolExecutor$Worker.run(Unknown Source)
	at java.base/java.lang.Thread.run(Unknown Source)
[2020-10-26 21:49:07,705] WARN Cannot open channel to 1 at election address zoo-0.zoo.kafka.svc.cluster.local:3888 (org.apache.zookeeper.server.quorum.QuorumCnxManager)
java.net.UnknownHostException: zoo-0.zoo.kafka.svc.cluster.local
	at java.base/java.net.AbstractPlainSocketImpl.connect(Unknown Source)
	at java.base/java.net.SocksSocketImpl.connect(Unknown Source)
	at java.base/java.net.Socket.connect(Unknown Source)
	at org.apache.zookeeper.server.quorum.QuorumCnxManager.initiateConnection(QuorumCnxManager.java:373)
	at org.apache.zookeeper.server.quorum.QuorumCnxManager$QuorumConnectionReqThread.run(QuorumCnxManager.java:436)
	at java.base/java.util.concurrent.ThreadPoolExecutor.runWorker(Unknown Source)
	at java.base/java.util.concurrent.ThreadPoolExecutor$Worker.run(Unknown Source)
	at java.base/java.lang.Thread.run(Unknown Source)
[2020-10-26 21:49:07,767] INFO The list of known four letter word commands is : [{1936881266=srvr, 1937006964=stat, 2003003491=wchc, 1685417328=dump, 1668445044=crst, 1936880500=srst, 1701738089=envi, 1668247142=conf, -720899=telnet close, 2003003507=wchs, 2003003504=wchp, 1684632179=dirs, 1668247155=cons, 1835955314=mntr, 1769173615=isro, 1920298859=ruok, 1735683435=gtmk, 1937010027=stmk}] (org.apache.zookeeper.server.command.FourLetterCommands)
[2020-10-26 21:49:07,767] INFO The list of enabled four letter word commands is : [[ruok, srvr]] (org.apache.zookeeper.server.command.FourLetterCommands)
[2020-10-26 21:49:08,104] WARN Failed to resolve address: zoo-0.zoo.kafka.svc.cluster.local (org.apache.zookeeper.server.quorum.QuorumPeer)
java.net.UnknownHostException: zoo-0.zoo.kafka.svc.cluster.local
	at java.base/java.net.InetAddress$CachedAddresses.get(Unknown Source)
	at java.base/java.net.InetAddress.getAllByName0(Unknown Source)
	at java.base/java.net.InetAddress.getAllByName(Unknown Source)
	at java.base/java.net.InetAddress.getAllByName(Unknown Source)
	at java.base/java.net.InetAddress.getByName(Unknown Source)
	at org.apache.zookeeper.server.quorum.QuorumPeer$QuorumServer.recreateSocketAddresses(QuorumPeer.java:197)
	at org.apache.zookeeper.server.quorum.QuorumPeer.recreateSocketAddresses(QuorumPeer.java:746)
	at org.apache.zookeeper.server.quorum.QuorumCnxManager.connectOne(QuorumCnxManager.java:715)
	at org.apache.zookeeper.server.quorum.QuorumCnxManager.connectAll(QuorumCnxManager.java:751)
	at org.apache.zookeeper.server.quorum.FastLeaderElection.lookForLeader(FastLeaderElection.java:928)
	at org.apache.zookeeper.server.quorum.QuorumPeer.run(QuorumPeer.java:1229)
[2020-10-26 21:49:08,105] WARN Failed to resolve address: zoo-0.zoo.kafka.svc.cluster.local (org.apache.zookeeper.server.quorum.QuorumPeer)
java.net.UnknownHostException: zoo-0.zoo.kafka.svc.cluster.local
	at java.base/java.net.InetAddress$CachedAddresses.get(Unknown Source)
	at java.base/java.net.InetAddress.getAllByName0(Unknown Source)
	at java.base/java.net.InetAddress.getAllByName(Unknown Source)
	at java.base/java.net.InetAddress.getAllByName(Unknown Source)
	at java.base/java.net.InetAddress.getByName(Unknown Source)
	at org.apache.zookeeper.server.quorum.QuorumPeer$QuorumServer.recreateSocketAddresses(QuorumPeer.java:197)
	at org.apache.zookeeper.server.quorum.QuorumPeer.recreateSocketAddresses(QuorumPeer.java:756)
	at org.apache.zookeeper.server.quorum.QuorumCnxManager.connectOne(QuorumCnxManager.java:715)
	at org.apache.zookeeper.server.quorum.QuorumCnxManager.connectAll(QuorumCnxManager.java:751)
	at org.apache.zookeeper.server.quorum.FastLeaderElection.lookForLeader(FastLeaderElection.java:928)
	at org.apache.zookeeper.server.quorum.QuorumPeer.run(QuorumPeer.java:1229)
[2020-10-26 21:49:08,105] WARN Failed to resolve address: zoo-2.zoo.kafka.svc.cluster.local (org.apache.zookeeper.server.quorum.QuorumPeer)
java.net.UnknownHostException: zoo-2.zoo.kafka.svc.cluster.local
	at java.base/java.net.InetAddress$CachedAddresses.get(Unknown Source)
	at java.base/java.net.InetAddress.getAllByName0(Unknown Source)
	at java.base/java.net.InetAddress.getAllByName(Unknown Source)
	at java.base/java.net.InetAddress.getAllByName(Unknown Source)
	at java.base/java.net.InetAddress.getByName(Unknown Source)
	at org.apache.zookeeper.server.quorum.QuorumPeer$QuorumServer.recreateSocketAddresses(QuorumPeer.java:197)
	at org.apache.zookeeper.server.quorum.QuorumPeer.recreateSocketAddresses(QuorumPeer.java:746)
	at org.apache.zookeeper.server.quorum.QuorumCnxManager.connectOne(QuorumCnxManager.java:715)
	at org.apache.zookeeper.server.quorum.QuorumCnxManager.connectAll(QuorumCnxManager.java:751)
	at org.apache.zookeeper.server.quorum.FastLeaderElection.lookForLeader(FastLeaderElection.java:928)
	at org.apache.zookeeper.server.quorum.QuorumPeer.run(QuorumPeer.java:1229)
[2020-10-26 21:49:08,106] WARN Failed to resolve address: zoo-2.zoo.kafka.svc.cluster.local (org.apache.zookeeper.server.quorum.QuorumPeer)
java.net.UnknownHostException: zoo-2.zoo.kafka.svc.cluster.local
	at java.base/java.net.InetAddress$CachedAddresses.get(Unknown Source)
	at java.base/java.net.InetAddress.getAllByName0(Unknown Source)
	at java.base/java.net.InetAddress.getAllByName(Unknown Source)
	at java.base/java.net.InetAddress.getAllByName(Unknown Source)
	at java.base/java.net.InetAddress.getByName(Unknown Source)
	at org.apache.zookeeper.server.quorum.QuorumPeer$QuorumServer.recreateSocketAddresses(QuorumPeer.java:197)
	at org.apache.zookeeper.server.quorum.QuorumPeer.recreateSocketAddresses(QuorumPeer.java:756)
	at org.apache.zookeeper.server.quorum.QuorumCnxManager.connectOne(QuorumCnxManager.java:715)
	at org.apache.zookeeper.server.quorum.QuorumCnxManager.connectAll(QuorumCnxManager.java:751)
	at org.apache.zookeeper.server.quorum.FastLeaderElection.lookForLeader(FastLeaderElection.java:928)
	at org.apache.zookeeper.server.quorum.QuorumPeer.run(QuorumPeer.java:1229)
[2020-10-26 21:49:08,106] INFO Notification time out: 800 (org.apache.zookeeper.server.quorum.FastLeaderElection)
[2020-10-26 21:49:08,106] WARN Cannot open channel to 1 at election address zoo-0.zoo.kafka.svc.cluster.local:3888 (org.apache.zookeeper.server.quorum.QuorumCnxManager)
java.net.UnknownHostException: zoo-0.zoo.kafka.svc.cluster.local
	at java.base/java.net.AbstractPlainSocketImpl.connect(Unknown Source)
	at java.base/java.net.SocksSocketImpl.connect(Unknown Source)
	at java.base/java.net.Socket.connect(Unknown Source)
	at org.apache.zookeeper.server.quorum.QuorumCnxManager.initiateConnection(QuorumCnxManager.java:373)
	at org.apache.zookeeper.server.quorum.QuorumCnxManager$QuorumConnectionReqThread.run(QuorumCnxManager.java:436)
	at java.base/java.util.concurrent.ThreadPoolExecutor.runWorker(Unknown Source)
	at java.base/java.util.concurrent.ThreadPoolExecutor$Worker.run(Unknown Source)
	at java.base/java.lang.Thread.run(Unknown Source)
[2020-10-26 21:49:08,106] WARN Cannot open channel to 3 at election address zoo-2.zoo.kafka.svc.cluster.local:3888 (org.apache.zookeeper.server.quorum.QuorumCnxManager)
java.net.UnknownHostException: zoo-2.zoo.kafka.svc.cluster.local
	at java.base/java.net.AbstractPlainSocketImpl.connect(Unknown Source)
	at java.base/java.net.SocksSocketImpl.connect(Unknown Source)
	at java.base/java.net.Socket.connect(Unknown Source)
	at org.apache.zookeeper.server.quorum.QuorumCnxManager.initiateConnection(QuorumCnxManager.java:373)
	at org.apache.zookeeper.server.quorum.QuorumCnxManager$QuorumConnectionReqThread.run(QuorumCnxManager.java:436)
	at java.base/java.util.concurrent.ThreadPoolExecutor.runWorker(Unknown Source)
	at java.base/java.util.concurrent.ThreadPoolExecutor$Worker.run(Unknown Source)
	at java.base/java.lang.Thread.run(Unknown Source)
[2020-10-26 21:49:08,906] WARN Failed to resolve address: zoo-0.zoo.kafka.svc.cluster.local (org.apache.zookeeper.server.quorum.QuorumPeer)
java.net.UnknownHostException: zoo-0.zoo.kafka.svc.cluster.local
	at java.base/java.net.InetAddress$CachedAddresses.get(Unknown Source)
	at java.base/java.net.InetAddress.getAllByName0(Unknown Source)
	at java.base/java.net.InetAddress.getAllByName(Unknown Source)
	at java.base/java.net.InetAddress.getAllByName(Unknown Source)
	at java.base/java.net.InetAddress.getByName(Unknown Source)
	at org.apache.zookeeper.server.quorum.QuorumPeer$QuorumServer.recreateSocketAddresses(QuorumPeer.java:197)
	at org.apache.zookeeper.server.quorum.QuorumPeer.recreateSocketAddresses(QuorumPeer.java:746)
	at org.apache.zookeeper.server.quorum.QuorumCnxManager.connectOne(QuorumCnxManager.java:715)
	at org.apache.zookeeper.server.quorum.QuorumCnxManager.connectAll(QuorumCnxManager.java:751)
	at org.apache.zookeeper.server.quorum.FastLeaderElection.lookForLeader(FastLeaderElection.java:928)
	at org.apache.zookeeper.server.quorum.QuorumPeer.run(QuorumPeer.java:1229)
[2020-10-26 21:49:08,907] WARN Failed to resolve address: zoo-0.zoo.kafka.svc.cluster.local (org.apache.zookeeper.server.quorum.QuorumPeer)
java.net.UnknownHostException: zoo-0.zoo.kafka.svc.cluster.local
	at java.base/java.net.InetAddress$CachedAddresses.get(Unknown Source)
	at java.base/java.net.InetAddress.getAllByName0(Unknown Source)
	at java.base/java.net.InetAddress.getAllByName(Unknown Source)
	at java.base/java.net.InetAddress.getAllByName(Unknown Source)
	at java.base/java.net.InetAddress.getByName(Unknown Source)
	at org.apache.zookeeper.server.quorum.QuorumPeer$QuorumServer.recreateSocketAddresses(QuorumPeer.java:197)
	at org.apache.zookeeper.server.quorum.QuorumPeer.recreateSocketAddresses(QuorumPeer.java:756)
	at org.apache.zookeeper.server.quorum.QuorumCnxManager.connectOne(QuorumCnxManager.java:715)
	at org.apache.zookeeper.server.quorum.QuorumCnxManager.connectAll(QuorumCnxManager.java:751)
	at org.apache.zookeeper.server.quorum.FastLeaderElection.lookForLeader(FastLeaderElection.java:928)
	at org.apache.zookeeper.server.quorum.QuorumPeer.run(QuorumPeer.java:1229)
[2020-10-26 21:49:08,909] WARN Cannot open channel to 1 at election address zoo-0.zoo.kafka.svc.cluster.local:3888 (org.apache.zookeeper.server.quorum.QuorumCnxManager)
java.net.UnknownHostException: zoo-0.zoo.kafka.svc.cluster.local
	at java.base/java.net.AbstractPlainSocketImpl.connect(Unknown Source)
	at java.base/java.net.SocksSocketImpl.connect(Unknown Source)
	at java.base/java.net.Socket.connect(Unknown Source)
	at org.apache.zookeeper.server.quorum.QuorumCnxManager.initiateConnection(QuorumCnxManager.java:373)
	at org.apache.zookeeper.server.quorum.QuorumCnxManager$QuorumConnectionReqThread.run(QuorumCnxManager.java:436)
	at java.base/java.util.concurrent.ThreadPoolExecutor.runWorker(Unknown Source)
	at java.base/java.util.concurrent.ThreadPoolExecutor$Worker.run(Unknown Source)
	at java.base/java.lang.Thread.run(Unknown Source)
[2020-10-26 21:49:08,909] WARN Failed to resolve address: zoo-2.zoo.kafka.svc.cluster.local (org.apache.zookeeper.server.quorum.QuorumPeer)
java.net.UnknownHostException: zoo-2.zoo.kafka.svc.cluster.local
	at java.base/java.net.InetAddress$CachedAddresses.get(Unknown Source)
	at java.base/java.net.InetAddress.getAllByName0(Unknown Source)
	at java.base/java.net.InetAddress.getAllByName(Unknown Source)
	at java.base/java.net.InetAddress.getAllByName(Unknown Source)
	at java.base/java.net.InetAddress.getByName(Unknown Source)
	at org.apache.zookeeper.server.quorum.QuorumPeer$QuorumServer.recreateSocketAddresses(QuorumPeer.java:197)
	at org.apache.zookeeper.server.quorum.QuorumPeer.recreateSocketAddresses(QuorumPeer.java:746)
	at org.apache.zookeeper.server.quorum.QuorumCnxManager.connectOne(QuorumCnxManager.java:715)
	at org.apache.zookeeper.server.quorum.QuorumCnxManager.connectAll(QuorumCnxManager.java:751)
	at org.apache.zookeeper.server.quorum.FastLeaderElection.lookForLeader(FastLeaderElection.java:928)
	at org.apache.zookeeper.server.quorum.QuorumPeer.run(QuorumPeer.java:1229)
[2020-10-26 21:49:08,910] WARN Failed to resolve address: zoo-2.zoo.kafka.svc.cluster.local (org.apache.zookeeper.server.quorum.QuorumPeer)
java.net.UnknownHostException: zoo-2.zoo.kafka.svc.cluster.local
	at java.base/java.net.InetAddress$CachedAddresses.get(Unknown Source)
	at java.base/java.net.InetAddress.getAllByName0(Unknown Source)
	at java.base/java.net.InetAddress.getAllByName(Unknown Source)
	at java.base/java.net.InetAddress.getAllByName(Unknown Source)
	at java.base/java.net.InetAddress.getByName(Unknown Source)
	at org.apache.zookeeper.server.quorum.QuorumPeer$QuorumServer.recreateSocketAddresses(QuorumPeer.java:197)
	at org.apache.zookeeper.server.quorum.QuorumPeer.recreateSocketAddresses(QuorumPeer.java:756)
	at org.apache.zookeeper.server.quorum.QuorumCnxManager.connectOne(QuorumCnxManager.java:715)
	at org.apache.zookeeper.server.quorum.QuorumCnxManager.connectAll(QuorumCnxManager.java:751)
	at org.apache.zookeeper.server.quorum.FastLeaderElection.lookForLeader(FastLeaderElection.java:928)
	at org.apache.zookeeper.server.quorum.QuorumPeer.run(QuorumPeer.java:1229)
[2020-10-26 21:49:08,911] WARN Cannot open channel to 3 at election address zoo-2.zoo.kafka.svc.cluster.local:3888 (org.apache.zookeeper.server.quorum.QuorumCnxManager)
java.net.UnknownHostException: zoo-2.zoo.kafka.svc.cluster.local
	at java.base/java.net.AbstractPlainSocketImpl.connect(Unknown Source)
	at java.base/java.net.SocksSocketImpl.connect(Unknown Source)
	at java.base/java.net.Socket.connect(Unknown Source)
	at org.apache.zookeeper.server.quorum.QuorumCnxManager.initiateConnection(QuorumCnxManager.java:373)
	at org.apache.zookeeper.server.quorum.QuorumCnxManager$QuorumConnectionReqThread.run(QuorumCnxManager.java:436)
	at java.base/java.util.concurrent.ThreadPoolExecutor.runWorker(Unknown Source)
	at java.base/java.util.concurrent.ThreadPoolExecutor$Worker.run(Unknown Source)
	at java.base/java.lang.Thread.run(Unknown Source)
[2020-10-26 21:49:08,911] INFO Notification time out: 1600 (org.apache.zookeeper.server.quorum.FastLeaderElection)
[2020-10-26 21:49:10,511] WARN Failed to resolve address: zoo-0.zoo.kafka.svc.cluster.local (org.apache.zookeeper.server.quorum.QuorumPeer)
java.net.UnknownHostException: zoo-0.zoo.kafka.svc.cluster.local
	at java.base/java.net.InetAddress$CachedAddresses.get(Unknown Source)
	at java.base/java.net.InetAddress.getAllByName0(Unknown Source)
	at java.base/java.net.InetAddress.getAllByName(Unknown Source)
	at java.base/java.net.InetAddress.getAllByName(Unknown Source)
	at java.base/java.net.InetAddress.getByName(Unknown Source)
	at org.apache.zookeeper.server.quorum.QuorumPeer$QuorumServer.recreateSocketAddresses(QuorumPeer.java:197)
	at org.apache.zookeeper.server.quorum.QuorumPeer.recreateSocketAddresses(QuorumPeer.java:746)
	at org.apache.zookeeper.server.quorum.QuorumCnxManager.connectOne(QuorumCnxManager.java:715)
	at org.apache.zookeeper.server.quorum.QuorumCnxManager.connectAll(QuorumCnxManager.java:751)
	at org.apache.zookeeper.server.quorum.FastLeaderElection.lookForLeader(FastLeaderElection.java:928)
	at org.apache.zookeeper.server.quorum.QuorumPeer.run(QuorumPeer.java:1229)
[2020-10-26 21:49:10,512] WARN Failed to resolve address: zoo-0.zoo.kafka.svc.cluster.local (org.apache.zookeeper.server.quorum.QuorumPeer)
java.net.UnknownHostException: zoo-0.zoo.kafka.svc.cluster.local
	at java.base/java.net.InetAddress$CachedAddresses.get(Unknown Source)
	at java.base/java.net.InetAddress.getAllByName0(Unknown Source)
	at java.base/java.net.InetAddress.getAllByName(Unknown Source)
	at java.base/java.net.InetAddress.getAllByName(Unknown Source)
	at java.base/java.net.InetAddress.getByName(Unknown Source)
	at org.apache.zookeeper.server.quorum.QuorumPeer$QuorumServer.recreateSocketAddresses(QuorumPeer.java:197)
	at org.apache.zookeeper.server.quorum.QuorumPeer.recreateSocketAddresses(QuorumPeer.java:756)
	at org.apache.zookeeper.server.quorum.QuorumCnxManager.connectOne(QuorumCnxManager.java:715)
	at org.apache.zookeeper.server.quorum.QuorumCnxManager.connectAll(QuorumCnxManager.java:751)
	at org.apache.zookeeper.server.quorum.FastLeaderElection.lookForLeader(FastLeaderElection.java:928)
	at org.apache.zookeeper.server.quorum.QuorumPeer.run(QuorumPeer.java:1229)
[2020-10-26 21:49:10,512] WARN Cannot open channel to 1 at election address zoo-0.zoo.kafka.svc.cluster.local:3888 (org.apache.zookeeper.server.quorum.QuorumCnxManager)
java.net.UnknownHostException: zoo-0.zoo.kafka.svc.cluster.local
	at java.base/java.net.AbstractPlainSocketImpl.connect(Unknown Source)
	at java.base/java.net.SocksSocketImpl.connect(Unknown Source)
	at java.base/java.net.Socket.connect(Unknown Source)
	at org.apache.zookeeper.server.quorum.QuorumCnxManager.initiateConnection(QuorumCnxManager.java:373)
	at org.apache.zookeeper.server.quorum.QuorumCnxManager$QuorumConnectionReqThread.run(QuorumCnxManager.java:436)
	at java.base/java.util.concurrent.ThreadPoolExecutor.runWorker(Unknown Source)
	at java.base/java.util.concurrent.ThreadPoolExecutor$Worker.run(Unknown Source)
	at java.base/java.lang.Thread.run(Unknown Source)
[2020-10-26 21:49:10,513] WARN Failed to resolve address: zoo-2.zoo.kafka.svc.cluster.local (org.apache.zookeeper.server.quorum.QuorumPeer)
java.net.UnknownHostException: zoo-2.zoo.kafka.svc.cluster.local
	at java.base/java.net.InetAddress$CachedAddresses.get(Unknown Source)
	at java.base/java.net.InetAddress.getAllByName0(Unknown Source)
	at java.base/java.net.InetAddress.getAllByName(Unknown Source)
	at java.base/java.net.InetAddress.getAllByName(Unknown Source)
	at java.base/java.net.InetAddress.getByName(Unknown Source)
	at org.apache.zookeeper.server.quorum.QuorumPeer$QuorumServer.recreateSocketAddresses(QuorumPeer.java:197)
	at org.apache.zookeeper.server.quorum.QuorumPeer.recreateSocketAddresses(QuorumPeer.java:746)
	at org.apache.zookeeper.server.quorum.QuorumCnxManager.connectOne(QuorumCnxManager.java:715)
	at org.apache.zookeeper.server.quorum.QuorumCnxManager.connectAll(QuorumCnxManager.java:751)
	at org.apache.zookeeper.server.quorum.FastLeaderElection.lookForLeader(FastLeaderElection.java:928)
	at org.apache.zookeeper.server.quorum.QuorumPeer.run(QuorumPeer.java:1229)
[2020-10-26 21:49:10,513] WARN Failed to resolve address: zoo-2.zoo.kafka.svc.cluster.local (org.apache.zookeeper.server.quorum.QuorumPeer)
java.net.UnknownHostException: zoo-2.zoo.kafka.svc.cluster.local
	at java.base/java.net.InetAddress$CachedAddresses.get(Unknown Source)
	at java.base/java.net.InetAddress.getAllByName0(Unknown Source)
	at java.base/java.net.InetAddress.getAllByName(Unknown Source)
	at java.base/java.net.InetAddress.getAllByName(Unknown Source)
	at java.base/java.net.InetAddress.getByName(Unknown Source)
	at org.apache.zookeeper.server.quorum.QuorumPeer$QuorumServer.recreateSocketAddresses(QuorumPeer.java:197)
	at org.apache.zookeeper.server.quorum.QuorumPeer.recreateSocketAddresses(QuorumPeer.java:756)
	at org.apache.zookeeper.server.quorum.QuorumCnxManager.connectOne(QuorumCnxManager.java:715)
	at org.apache.zookeeper.server.quorum.QuorumCnxManager.connectAll(QuorumCnxManager.java:751)
	at org.apache.zookeeper.server.quorum.FastLeaderElection.lookForLeader(FastLeaderElection.java:928)
	at org.apache.zookeeper.server.quorum.QuorumPeer.run(QuorumPeer.java:1229)
[2020-10-26 21:49:10,513] WARN Cannot open channel to 3 at election address zoo-2.zoo.kafka.svc.cluster.local:3888 (org.apache.zookeeper.server.quorum.QuorumCnxManager)
java.net.UnknownHostException: zoo-2.zoo.kafka.svc.cluster.local
	at java.base/java.net.AbstractPlainSocketImpl.connect(Unknown Source)
	at java.base/java.net.SocksSocketImpl.connect(Unknown Source)
	at java.base/java.net.Socket.connect(Unknown Source)
	at org.apache.zookeeper.server.quorum.QuorumCnxManager.initiateConnection(QuorumCnxManager.java:373)
	at org.apache.zookeeper.server.quorum.QuorumCnxManager$QuorumConnectionReqThread.run(QuorumCnxManager.java:436)
	at java.base/java.util.concurrent.ThreadPoolExecutor.runWorker(Unknown Source)
	at java.base/java.util.concurrent.ThreadPoolExecutor$Worker.run(Unknown Source)
	at java.base/java.lang.Thread.run(Unknown Source)
[2020-10-26 21:49:10,514] INFO Notification time out: 3200 (org.apache.zookeeper.server.quorum.FastLeaderElection)
[2020-10-26 21:49:11,843] WARN Exception causing close of session 0x0: ZooKeeperServer not running (org.apache.zookeeper.server.NIOServerCnxn)
[2020-10-26 21:49:13,714] WARN Failed to resolve address: zoo-0.zoo.kafka.svc.cluster.local (org.apache.zookeeper.server.quorum.QuorumPeer)
java.net.UnknownHostException: zoo-0.zoo.kafka.svc.cluster.local
	at java.base/java.net.InetAddress$CachedAddresses.get(Unknown Source)
	at java.base/java.net.InetAddress.getAllByName0(Unknown Source)
	at java.base/java.net.InetAddress.getAllByName(Unknown Source)
	at java.base/java.net.InetAddress.getAllByName(Unknown Source)
	at java.base/java.net.InetAddress.getByName(Unknown Source)
	at org.apache.zookeeper.server.quorum.QuorumPeer$QuorumServer.recreateSocketAddresses(QuorumPeer.java:197)
	at org.apache.zookeeper.server.quorum.QuorumPeer.recreateSocketAddresses(QuorumPeer.java:746)
	at org.apache.zookeeper.server.quorum.QuorumCnxManager.connectOne(QuorumCnxManager.java:715)
	at org.apache.zookeeper.server.quorum.QuorumCnxManager.connectAll(QuorumCnxManager.java:751)
	at org.apache.zookeeper.server.quorum.FastLeaderElection.lookForLeader(FastLeaderElection.java:928)
	at org.apache.zookeeper.server.quorum.QuorumPeer.run(QuorumPeer.java:1229)
[2020-10-26 21:49:13,714] WARN Failed to resolve address: zoo-0.zoo.kafka.svc.cluster.local (org.apache.zookeeper.server.quorum.QuorumPeer)
java.net.UnknownHostException: zoo-0.zoo.kafka.svc.cluster.local
	at java.base/java.net.InetAddress$CachedAddresses.get(Unknown Source)
	at java.base/java.net.InetAddress.getAllByName0(Unknown Source)
	at java.base/java.net.InetAddress.getAllByName(Unknown Source)
	at java.base/java.net.InetAddress.getAllByName(Unknown Source)
	at java.base/java.net.InetAddress.getByName(Unknown Source)
	at org.apache.zookeeper.server.quorum.QuorumPeer$QuorumServer.recreateSocketAddresses(QuorumPeer.java:197)
	at org.apache.zookeeper.server.quorum.QuorumPeer.recreateSocketAddresses(QuorumPeer.java:756)
	at org.apache.zookeeper.server.quorum.QuorumCnxManager.connectOne(QuorumCnxManager.java:715)
	at org.apache.zookeeper.server.quorum.QuorumCnxManager.connectAll(QuorumCnxManager.java:751)
	at org.apache.zookeeper.server.quorum.FastLeaderElection.lookForLeader(FastLeaderElection.java:928)
	at org.apache.zookeeper.server.quorum.QuorumPeer.run(QuorumPeer.java:1229)
[2020-10-26 21:49:13,715] WARN Failed to resolve address: zoo-2.zoo.kafka.svc.cluster.local (org.apache.zookeeper.server.quorum.QuorumPeer)
java.net.UnknownHostException: zoo-2.zoo.kafka.svc.cluster.local
	at java.base/java.net.InetAddress$CachedAddresses.get(Unknown Source)
	at java.base/java.net.InetAddress.getAllByName0(Unknown Source)
	at java.base/java.net.InetAddress.getAllByName(Unknown Source)
	at java.base/java.net.InetAddress.getAllByName(Unknown Source)
	at java.base/java.net.InetAddress.getByName(Unknown Source)
	at org.apache.zookeeper.server.quorum.QuorumPeer$QuorumServer.recreateSocketAddresses(QuorumPeer.java:197)
	at org.apache.zookeeper.server.quorum.QuorumPeer.recreateSocketAddresses(QuorumPeer.java:746)
	at org.apache.zookeeper.server.quorum.QuorumCnxManager.connectOne(QuorumCnxManager.java:715)
	at org.apache.zookeeper.server.quorum.QuorumCnxManager.connectAll(QuorumCnxManager.java:751)
	at org.apache.zookeeper.server.quorum.FastLeaderElection.lookForLeader(FastLeaderElection.java:928)
	at org.apache.zookeeper.server.quorum.QuorumPeer.run(QuorumPeer.java:1229)
[2020-10-26 21:49:13,715] WARN Failed to resolve address: zoo-2.zoo.kafka.svc.cluster.local (org.apache.zookeeper.server.quorum.QuorumPeer)
java.net.UnknownHostException: zoo-2.zoo.kafka.svc.cluster.local
	at java.base/java.net.InetAddress$CachedAddresses.get(Unknown Source)
	at java.base/java.net.InetAddress.getAllByName0(Unknown Source)
	at java.base/java.net.InetAddress.getAllByName(Unknown Source)
	at java.base/java.net.InetAddress.getAllByName(Unknown Source)
	at java.base/java.net.InetAddress.getByName(Unknown Source)
	at org.apache.zookeeper.server.quorum.QuorumPeer$QuorumServer.recreateSocketAddresses(QuorumPeer.java:197)
	at org.apache.zookeeper.server.quorum.QuorumPeer.recreateSocketAddresses(QuorumPeer.java:756)
	at org.apache.zookeeper.server.quorum.QuorumCnxManager.connectOne(QuorumCnxManager.java:715)
	at org.apache.zookeeper.server.quorum.QuorumCnxManager.connectAll(QuorumCnxManager.java:751)
	at org.apache.zookeeper.server.quorum.FastLeaderElection.lookForLeader(FastLeaderElection.java:928)
	at org.apache.zookeeper.server.quorum.QuorumPeer.run(QuorumPeer.java:1229)
[2020-10-26 21:49:13,715] INFO Notification time out: 6400 (org.apache.zookeeper.server.quorum.FastLeaderElection)
[2020-10-26 21:49:13,715] WARN Cannot open channel to 1 at election address zoo-0.zoo.kafka.svc.cluster.local:3888 (org.apache.zookeeper.server.quorum.QuorumCnxManager)
java.net.UnknownHostException: zoo-0.zoo.kafka.svc.cluster.local
	at java.base/java.net.AbstractPlainSocketImpl.connect(Unknown Source)
	at java.base/java.net.SocksSocketImpl.connect(Unknown Source)
	at java.base/java.net.Socket.connect(Unknown Source)
	at org.apache.zookeeper.server.quorum.QuorumCnxManager.initiateConnection(QuorumCnxManager.java:373)
	at org.apache.zookeeper.server.quorum.QuorumCnxManager$QuorumConnectionReqThread.run(QuorumCnxManager.java:436)
	at java.base/java.util.concurrent.ThreadPoolExecutor.runWorker(Unknown Source)
	at java.base/java.util.concurrent.ThreadPoolExecutor$Worker.run(Unknown Source)
	at java.base/java.lang.Thread.run(Unknown Source)
[2020-10-26 21:49:13,716] WARN Cannot open channel to 3 at election address zoo-2.zoo.kafka.svc.cluster.local:3888 (org.apache.zookeeper.server.quorum.QuorumCnxManager)
java.net.UnknownHostException: zoo-2.zoo.kafka.svc.cluster.local
	at java.base/java.net.AbstractPlainSocketImpl.connect(Unknown Source)
	at java.base/java.net.SocksSocketImpl.connect(Unknown Source)
	at java.base/java.net.Socket.connect(Unknown Source)
	at org.apache.zookeeper.server.quorum.QuorumCnxManager.initiateConnection(QuorumCnxManager.java:373)
	at org.apache.zookeeper.server.quorum.QuorumCnxManager$QuorumConnectionReqThread.run(QuorumCnxManager.java:436)
	at java.base/java.util.concurrent.ThreadPoolExecutor.runWorker(Unknown Source)
	at java.base/java.util.concurrent.ThreadPoolExecutor$Worker.run(Unknown Source)
	at java.base/java.lang.Thread.run(Unknown Source)
[2020-10-26 21:49:14,753] WARN Exception causing close of session 0x0: ZooKeeperServer not running (org.apache.zookeeper.server.NIOServerCnxn)
[2020-10-26 21:49:14,808] WARN Exception causing close of session 0x0: ZooKeeperServer not running (org.apache.zookeeper.server.NIOServerCnxn)
[2020-10-26 21:49:14,994] WARN Exception causing close of session 0x0: ZooKeeperServer not running (org.apache.zookeeper.server.NIOServerCnxn)
[2020-10-26 21:49:16,433] WARN Exception causing close of session 0x0: ZooKeeperServer not running (org.apache.zookeeper.server.NIOServerCnxn)
[2020-10-26 21:49:16,494] INFO Received connection request from /10.233.122.3:37394 (org.apache.zookeeper.server.quorum.QuorumCnxManager)
[2020-10-26 21:49:16,509] INFO Notification: 2 (message format version), 1 (n.leader), 0x0 (n.zxid), 0x1 (n.round), LOOKING (n.state), 1 (n.sid), 0x0 (n.peerEPoch), LOOKING (my state)0 (n.config version) (org.apache.zookeeper.server.quorum.FastLeaderElection)
[2020-10-26 21:49:16,509] INFO Notification: 2 (message format version), 2 (n.leader), 0x0 (n.zxid), 0x1 (n.round), LOOKING (n.state), 1 (n.sid), 0x0 (n.peerEPoch), LOOKING (my state)0 (n.config version) (org.apache.zookeeper.server.quorum.FastLeaderElection)
[2020-10-26 21:49:16,710] INFO LEADING (org.apache.zookeeper.server.quorum.QuorumPeer)
[2020-10-26 21:49:16,713] INFO TCP NoDelay set to: true (org.apache.zookeeper.server.quorum.Leader)
[2020-10-26 21:49:16,713] INFO zookeeper.leader.maxConcurrentSnapshots = 10 (org.apache.zookeeper.server.quorum.Leader)
[2020-10-26 21:49:16,713] INFO zookeeper.leader.maxConcurrentSnapshotTimeout = 5 (org.apache.zookeeper.server.quorum.Leader)
[2020-10-26 21:49:16,719] INFO Server environment:zookeeper.version=3.5.8-f439ca583e70862c3068a1f2a7d4d068eec33315, built on 05/04/2020 15:53 GMT (org.apache.zookeeper.server.ZooKeeperServer)
[2020-10-26 21:49:16,719] INFO Server environment:host.name=zoo-1.zoo.kafka.svc.cluster.local (org.apache.zookeeper.server.ZooKeeperServer)
[2020-10-26 21:49:16,719] INFO Server environment:java.version=11.0.7 (org.apache.zookeeper.server.ZooKeeperServer)
[2020-10-26 21:49:16,719] INFO Server environment:java.vendor=AdoptOpenJDK (org.apache.zookeeper.server.ZooKeeperServer)
[2020-10-26 21:49:16,719] INFO Server environment:java.home=/opt/java/openjdk (org.apache.zookeeper.server.ZooKeeperServer)
[2020-10-26 21:49:16,719] INFO Server environment:java.class.path=/opt/kafka/libs/extensions/*:/opt/kafka/libs/activation-1.1.1.jar:/opt/kafka/libs/aopalliance-repackaged-2.5.0.jar:/opt/kafka/libs/argparse4j-0.7.0.jar:/opt/kafka/libs/audience-annotations-0.5.0.jar:/opt/kafka/libs/commons-cli-1.4.jar:/opt/kafka/libs/commons-lang3-3.8.1.jar:/opt/kafka/libs/connect-api-2.5.0.jar:/opt/kafka/libs/connect-basic-auth-extension-2.5.0.jar:/opt/kafka/libs/connect-file-2.5.0.jar:/opt/kafka/libs/connect-json-2.5.0.jar:/opt/kafka/libs/connect-mirror-2.5.0.jar:/opt/kafka/libs/connect-mirror-client-2.5.0.jar:/opt/kafka/libs/connect-runtime-2.5.0.jar:/opt/kafka/libs/connect-transforms-2.5.0.jar:/opt/kafka/libs/hk2-api-2.5.0.jar:/opt/kafka/libs/hk2-locator-2.5.0.jar:/opt/kafka/libs/hk2-utils-2.5.0.jar:/opt/kafka/libs/jackson-annotations-2.10.2.jar:/opt/kafka/libs/jackson-core-2.10.2.jar:/opt/kafka/libs/jackson-databind-2.10.2.jar:/opt/kafka/libs/jackson-dataformat-csv-2.10.2.jar:/opt/kafka/libs/jackson-datatype-jdk8-2.10.2.jar:/opt/kafka/libs/jackson-jaxrs-base-2.10.2.jar:/opt/kafka/libs/jackson-jaxrs-json-provider-2.10.2.jar:/opt/kafka/libs/jackson-module-jaxb-annotations-2.10.2.jar:/opt/kafka/libs/jackson-module-paranamer-2.10.2.jar:/opt/kafka/libs/jackson-module-scala_2.12-2.10.2.jar:/opt/kafka/libs/jakarta.activation-api-1.2.1.jar:/opt/kafka/libs/jakarta.annotation-api-1.3.4.jar:/opt/kafka/libs/jakarta.inject-2.5.0.jar:/opt/kafka/libs/jakarta.ws.rs-api-2.1.5.jar:/opt/kafka/libs/jakarta.xml.bind-api-2.3.2.jar:/opt/kafka/libs/javassist-3.22.0-CR2.jar:/opt/kafka/libs/javassist-3.26.0-GA.jar:/opt/kafka/libs/javax.servlet-api-3.1.0.jar:/opt/kafka/libs/javax.ws.rs-api-2.1.1.jar:/opt/kafka/libs/jaxb-api-2.3.0.jar:/opt/kafka/libs/jersey-client-2.28.jar:/opt/kafka/libs/jersey-common-2.28.jar:/opt/kafka/libs/jersey-container-servlet-2.28.jar:/opt/kafka/libs/jersey-container-servlet-core-2.28.jar:/opt/kafka/libs/jersey-hk2-2.28.jar:/opt/kafka/libs/jersey-media-jaxb-2.28.jar:/opt/kafka/libs/jersey-server-2.28.jar:/opt/kafka/libs/jetty-client-9.4.24.v20191120.jar:/opt/kafka/libs/jetty-continuation-9.4.24.v20191120.jar:/opt/kafka/libs/jetty-http-9.4.24.v20191120.jar:/opt/kafka/libs/jetty-io-9.4.24.v20191120.jar:/opt/kafka/libs/jetty-security-9.4.24.v20191120.jar:/opt/kafka/libs/jetty-server-9.4.24.v20191120.jar:/opt/kafka/libs/jetty-servlet-9.4.24.v20191120.jar:/opt/kafka/libs/jetty-servlets-9.4.24.v20191120.jar:/opt/kafka/libs/jetty-util-9.4.24.v20191120.jar:/opt/kafka/libs/jopt-simple-5.0.4.jar:/opt/kafka/libs/kafka-clients-2.5.0.jar:/opt/kafka/libs/kafka-log4j-appender-2.5.0.jar:/opt/kafka/libs/kafka-streams-2.5.0.jar:/opt/kafka/libs/kafka-streams-examples-2.5.0.jar:/opt/kafka/libs/kafka-streams-scala_2.12-2.5.0.jar:/opt/kafka/libs/kafka-streams-test-utils-2.5.0.jar:/opt/kafka/libs/kafka-tools-2.5.0.jar:/opt/kafka/libs/kafka_2.12-2.5.0-javadoc.jar:/opt/kafka/libs/kafka_2.12-2.5.0-scaladoc.jar:/opt/kafka/libs/kafka_2.12-2.5.0-sources.jar:/opt/kafka/libs/kafka_2.12-2.5.0-test-sources.jar:/opt/kafka/libs/kafka_2.12-2.5.0-test.jar:/opt/kafka/libs/kafka_2.12-2.5.0.jar:/opt/kafka/libs/log4j-1.2.17.jar:/opt/kafka/libs/lz4-java-1.7.1.jar:/opt/kafka/libs/maven-artifact-3.6.3.jar:/opt/kafka/libs/metrics-core-2.2.0.jar:/opt/kafka/libs/netty-buffer-4.1.45.Final.jar:/opt/kafka/libs/netty-codec-4.1.45.Final.jar:/opt/kafka/libs/netty-common-4.1.45.Final.jar:/opt/kafka/libs/netty-handler-4.1.45.Final.jar:/opt/kafka/libs/netty-resolver-4.1.45.Final.jar:/opt/kafka/libs/netty-transport-4.1.45.Final.jar:/opt/kafka/libs/netty-transport-native-epoll-4.1.45.Final.jar:/opt/kafka/libs/netty-transport-native-unix-common-4.1.45.Final.jar:/opt/kafka/libs/osgi-resource-locator-1.0.1.jar:/opt/kafka/libs/paranamer-2.8.jar:/opt/kafka/libs/plexus-utils-3.2.1.jar:/opt/kafka/libs/reflections-0.9.12.jar:/opt/kafka/libs/rocksdbjni-5.18.3.jar:/opt/kafka/libs/scala-java8-compat_2.12-0.9.0.jar:/opt/kafka/libs/scala-collection-compat_2.12-2.1.3.jar:/opt/kafka/libs/scala-library-2.12.10.jar:/opt/kafka/libs/scala-logging_2.12-3.9.2.jar:/opt/kafka/libs/scala-reflect-2.12.10.jar:/opt/kafka/libs/slf4j-api-1.7.30.jar:/opt/kafka/libs/slf4j-log4j12-1.7.30.jar:/opt/kafka/libs/snappy-java-1.1.7.3.jar:/opt/kafka/libs/validation-api-2.0.1.Final.jar:/opt/kafka/libs/zookeeper-3.5.7.jar:/opt/kafka/libs/zookeeper-jute-3.5.7.jar:/opt/kafka/libs/zstd-jni-1.4.4-7.jar (org.apache.zookeeper.server.ZooKeeperServer)
[2020-10-26 21:49:16,719] INFO Server environment:java.library.path=/usr/java/packages/lib:/usr/lib64:/lib64:/lib:/usr/lib (org.apache.zookeeper.server.ZooKeeperServer)
[2020-10-26 21:49:16,719] INFO Server environment:java.io.tmpdir=/tmp (org.apache.zookeeper.server.ZooKeeperServer)
[2020-10-26 21:49:16,720] INFO Server environment:java.compiler=<NA> (org.apache.zookeeper.server.ZooKeeperServer)
[2020-10-26 21:49:16,720] INFO Server environment:os.name=Linux (org.apache.zookeeper.server.ZooKeeperServer)
[2020-10-26 21:49:16,720] INFO Server environment:os.arch=amd64 (org.apache.zookeeper.server.ZooKeeperServer)
[2020-10-26 21:49:16,720] INFO Server environment:os.version=4.14.193-149.317.amzn2.x86_64 (org.apache.zookeeper.server.ZooKeeperServer)
[2020-10-26 21:49:16,720] INFO Server environment:user.name=nonroot (org.apache.zookeeper.server.ZooKeeperServer)
[2020-10-26 21:49:16,720] INFO Server environment:user.home=/home/nonroot (org.apache.zookeeper.server.ZooKeeperServer)
[2020-10-26 21:49:16,720] INFO Server environment:user.dir=/opt/kafka (org.apache.zookeeper.server.ZooKeeperServer)
[2020-10-26 21:49:16,720] INFO Server environment:os.memory.free=497MB (org.apache.zookeeper.server.ZooKeeperServer)
[2020-10-26 21:49:16,720] INFO Server environment:os.memory.max=512MB (org.apache.zookeeper.server.ZooKeeperServer)
[2020-10-26 21:49:16,720] INFO Server environment:os.memory.total=512MB (org.apache.zookeeper.server.ZooKeeperServer)
[2020-10-26 21:49:16,721] INFO minSessionTimeout set to 260 (org.apache.zookeeper.server.ZooKeeperServer)
[2020-10-26 21:49:16,721] INFO maxSessionTimeout set to 3000 (org.apache.zookeeper.server.ZooKeeperServer)
[2020-10-26 21:49:16,722] INFO Created server with tickTime 130 minSessionTimeout 260 maxSessionTimeout 3000 datadir /var/lib/zookeeper/log/version-2 snapdir /var/lib/zookeeper/data/version-2 (org.apache.zookeeper.server.ZooKeeperServer)
[2020-10-26 21:49:16,723] INFO LEADING - LEADER ELECTION TOOK - 13 MS (org.apache.zookeeper.server.quorum.Leader)
[2020-10-26 21:49:16,725] INFO Snapshotting: 0x0 to /var/lib/zookeeper/data/version-2/snapshot.0 (org.apache.zookeeper.server.persistence.FileTxnSnapLog)
[2020-10-26 21:49:16,740] INFO Follower sid: 1 : info : zoo-0.zoo.kafka.svc.cluster.local:2888:3888:participant (org.apache.zookeeper.server.quorum.LearnerHandler)
[2020-10-26 21:49:16,748] INFO On disk txn sync enabled with snapshotSizeFactor 0.33 (org.apache.zookeeper.server.ZKDatabase)
[2020-10-26 21:49:16,748] INFO Synchronizing with Follower sid: 1 maxCommittedLog=0x0 minCommittedLog=0x0 lastProcessedZxid=0x0 peerLastZxid=0x0 (org.apache.zookeeper.server.quorum.LearnerHandler)
[2020-10-26 21:49:16,749] INFO Sending DIFF zxid=0x0 for peer sid: 1 (org.apache.zookeeper.server.quorum.LearnerHandler)
[2020-10-26 21:49:16,761] INFO Have quorum of supporters, sids: [ [1, 2],[1, 2] ]; starting up and setting last processed zxid: 0x100000000 (org.apache.zookeeper.server.quorum.Leader)
[2020-10-26 21:49:16,773] INFO Configuring CommitProcessor with 1 worker threads. (org.apache.zookeeper.server.quorum.CommitProcessor)
[2020-10-26 21:49:16,784] INFO Using checkIntervalMs=60000 maxPerMinute=10000 (org.apache.zookeeper.server.ContainerManager)
[2020-10-26 21:49:16,887] INFO Creating new log file: log.100000001 (org.apache.zookeeper.server.persistence.FileTxnLog)
[2020-10-26 21:49:23,947] INFO Received connection request from /10.233.121.3:42454 (org.apache.zookeeper.server.quorum.QuorumCnxManager)
[2020-10-26 21:49:23,953] INFO Notification: 2 (message format version), 3 (n.leader), 0x0 (n.zxid), 0x1 (n.round), LOOKING (n.state), 3 (n.sid), 0x0 (n.peerEPoch), LEADING (my state)0 (n.config version) (org.apache.zookeeper.server.quorum.FastLeaderElection)
[2020-10-26 21:49:23,995] INFO Follower sid: 3 : info : zoo-2.zoo.kafka.svc.cluster.local:2888:3888:participant (org.apache.zookeeper.server.quorum.LearnerHandler)
[2020-10-26 21:49:24,001] INFO On disk txn sync enabled with snapshotSizeFactor 0.33 (org.apache.zookeeper.server.ZKDatabase)
[2020-10-26 21:49:24,001] INFO Synchronizing with Follower sid: 3 maxCommittedLog=0x10000004a minCommittedLog=0x100000001 lastProcessedZxid=0x10000004a peerLastZxid=0x0 (org.apache.zookeeper.server.quorum.LearnerHandler)
[2020-10-26 21:49:24,002] WARN Unable to find proposals from txnlog for zxid: 0 (org.apache.zookeeper.server.ZKDatabase)
[2020-10-26 21:49:24,003] INFO Sending snapshot last zxid of peer is 0x0, zxid of leader is 0x10000004a, send zxid of db as 0x10000004a, 1 concurrent snapshots, snapshot was exempt from throttle (org.apache.zookeeper.server.quorum.LearnerHandler)
[2020-10-26 21:51:44,259] ERROR Unexpected exception causing shutdown while sock still open (org.apache.zookeeper.server.quorum.LearnerHandler)
java.net.SocketTimeoutException: Read timed out
	at java.base/java.net.SocketInputStream.socketRead0(Native Method)
	at java.base/java.net.SocketInputStream.socketRead(Unknown Source)
	at java.base/java.net.SocketInputStream.read(Unknown Source)
	at java.base/java.net.SocketInputStream.read(Unknown Source)
	at java.base/java.io.BufferedInputStream.fill(Unknown Source)
	at java.base/java.io.BufferedInputStream.read(Unknown Source)
	at java.base/java.io.DataInputStream.readInt(Unknown Source)
	at org.apache.jute.BinaryInputArchive.readInt(BinaryInputArchive.java:84)
	at org.apache.zookeeper.server.quorum.QuorumPacket.deserialize(QuorumPacket.java:86)
	at org.apache.jute.BinaryInputArchive.readRecord(BinaryInputArchive.java:118)
	at org.apache.zookeeper.server.quorum.LearnerHandler.run(LearnerHandler.java:539)
[2020-10-26 21:51:44,259] WARN ******* GOODBYE /10.233.121.3:47998 ******** (org.apache.zookeeper.server.quorum.LearnerHandler)
[2020-10-26 21:51:44,267] INFO Notification: 2 (message format version), 3 (n.leader), 0x10000007c (n.zxid), 0x2 (n.round), LOOKING (n.state), 3 (n.sid), 0x1 (n.peerEPoch), LEADING (my state)0 (n.config version) (org.apache.zookeeper.server.quorum.FastLeaderElection)
[2020-10-26 21:51:44,289] INFO Follower sid: 3 : info : zoo-2.zoo.kafka.svc.cluster.local:2888:3888:participant (org.apache.zookeeper.server.quorum.LearnerHandler)
[2020-10-26 21:51:44,295] INFO On disk txn sync enabled with snapshotSizeFactor 0.33 (org.apache.zookeeper.server.ZKDatabase)
[2020-10-26 21:51:44,295] INFO Synchronizing with Follower sid: 3 maxCommittedLog=0x10000007c minCommittedLog=0x100000001 lastProcessedZxid=0x10000007c peerLastZxid=0x10000007c (org.apache.zookeeper.server.quorum.LearnerHandler)
[2020-10-26 21:51:44,296] INFO Sending DIFF zxid=0x10000007c for peer sid: 3 (org.apache.zookeeper.server.quorum.LearnerHandler)
[2020-10-26 21:54:26,783] ERROR Unexpected exception causing shutdown while sock still open (org.apache.zookeeper.server.quorum.LearnerHandler)
java.net.SocketTimeoutException: Read timed out
	at java.base/java.net.SocketInputStream.socketRead0(Native Method)
	at java.base/java.net.SocketInputStream.socketRead(Unknown Source)
	at java.base/java.net.SocketInputStream.read(Unknown Source)
	at java.base/java.net.SocketInputStream.read(Unknown Source)
	at java.base/java.io.BufferedInputStream.fill(Unknown Source)
	at java.base/java.io.BufferedInputStream.read(Unknown Source)
	at java.base/java.io.DataInputStream.readInt(Unknown Source)
	at org.apache.jute.BinaryInputArchive.readInt(BinaryInputArchive.java:84)
	at org.apache.zookeeper.server.quorum.QuorumPacket.deserialize(QuorumPacket.java:86)
	at org.apache.jute.BinaryInputArchive.readRecord(BinaryInputArchive.java:118)
	at org.apache.zookeeper.server.quorum.LearnerHandler.run(LearnerHandler.java:539)
[2020-10-26 21:54:26,784] WARN ******* GOODBYE /10.233.121.3:48600 ******** (org.apache.zookeeper.server.quorum.LearnerHandler)
[2020-10-26 21:54:26,815] INFO Notification: 2 (message format version), 3 (n.leader), 0x1000000fa (n.zxid), 0x2 (n.round), LOOKING (n.state), 3 (n.sid), 0x1 (n.peerEPoch), LEADING (my state)0 (n.config version) (org.apache.zookeeper.server.quorum.FastLeaderElection)
[2020-10-26 21:54:27,049] INFO Follower sid: 3 : info : zoo-2.zoo.kafka.svc.cluster.local:2888:3888:participant (org.apache.zookeeper.server.quorum.LearnerHandler)
[2020-10-26 21:54:27,053] INFO On disk txn sync enabled with snapshotSizeFactor 0.33 (org.apache.zookeeper.server.ZKDatabase)
[2020-10-26 21:54:27,054] INFO Synchronizing with Follower sid: 3 maxCommittedLog=0x1000000fa minCommittedLog=0x100000001 lastProcessedZxid=0x1000000fa peerLastZxid=0x1000000fa (org.apache.zookeeper.server.quorum.LearnerHandler)
[2020-10-26 21:54:27,054] INFO Sending DIFF zxid=0x1000000fa for peer sid: 3 (org.apache.zookeeper.server.quorum.LearnerHandler)
[2020-10-26 22:00:34,740] ERROR Unexpected exception causing shutdown while sock still open (org.apache.zookeeper.server.quorum.LearnerHandler)
java.net.SocketTimeoutException: Read timed out
	at java.base/java.net.SocketInputStream.socketRead0(Native Method)
	at java.base/java.net.SocketInputStream.socketRead(Unknown Source)
	at java.base/java.net.SocketInputStream.read(Unknown Source)
	at java.base/java.net.SocketInputStream.read(Unknown Source)
	at java.base/java.io.BufferedInputStream.fill(Unknown Source)
	at java.base/java.io.BufferedInputStream.read(Unknown Source)
	at java.base/java.io.DataInputStream.readInt(Unknown Source)
	at org.apache.jute.BinaryInputArchive.readInt(BinaryInputArchive.java:84)
	at org.apache.zookeeper.server.quorum.QuorumPacket.deserialize(QuorumPacket.java:86)
	at org.apache.jute.BinaryInputArchive.readRecord(BinaryInputArchive.java:118)
	at org.apache.zookeeper.server.quorum.LearnerHandler.run(LearnerHandler.java:539)
[2020-10-26 22:00:34,741] WARN ******* GOODBYE /10.233.121.3:49286 ******** (org.apache.zookeeper.server.quorum.LearnerHandler)
[2020-10-26 22:00:34,780] INFO Notification: 2 (message format version), 3 (n.leader), 0x1000000fa (n.zxid), 0x2 (n.round), LOOKING (n.state), 3 (n.sid), 0x1 (n.peerEPoch), LEADING (my state)0 (n.config version) (org.apache.zookeeper.server.quorum.FastLeaderElection)
[2020-10-26 22:00:34,801] INFO Follower sid: 3 : info : zoo-2.zoo.kafka.svc.cluster.local:2888:3888:participant (org.apache.zookeeper.server.quorum.LearnerHandler)
[2020-10-26 22:00:34,806] INFO On disk txn sync enabled with snapshotSizeFactor 0.33 (org.apache.zookeeper.server.ZKDatabase)
[2020-10-26 22:00:34,806] INFO Synchronizing with Follower sid: 3 maxCommittedLog=0x1000000fa minCommittedLog=0x100000001 lastProcessedZxid=0x1000000fa peerLastZxid=0x1000000fa (org.apache.zookeeper.server.quorum.LearnerHandler)
[2020-10-26 22:00:34,806] INFO Sending DIFF zxid=0x1000000fa for peer sid: 3 (org.apache.zookeeper.server.quorum.LearnerHandler)
[2020-10-26 22:04:33,068] WARN Unable to read additional data from client sessionid 0x200001b48ec0000, likely client has closed socket (org.apache.zookeeper.server.NIOServerCnxn)
[2020-10-26 22:04:35,093] INFO Expiring session 0x200001b48ec0000, timeout of 3000ms exceeded (org.apache.zookeeper.server.ZooKeeperServer)
[2020-10-26 22:04:35,093] INFO Submitting global closeSession request for session 0x200001b48ec0000 (org.apache.zookeeper.server.ZooKeeperServer)
[2020-10-26 22:08:10,349] ERROR Unexpected exception causing shutdown while sock still open (org.apache.zookeeper.server.quorum.LearnerHandler)
java.net.SocketTimeoutException: Read timed out
	at java.base/java.net.SocketInputStream.socketRead0(Native Method)
	at java.base/java.net.SocketInputStream.socketRead(Unknown Source)
	at java.base/java.net.SocketInputStream.read(Unknown Source)
	at java.base/java.net.SocketInputStream.read(Unknown Source)
	at java.base/java.io.BufferedInputStream.fill(Unknown Source)
	at java.base/java.io.BufferedInputStream.read(Unknown Source)
	at java.base/java.io.DataInputStream.readInt(Unknown Source)
	at org.apache.jute.BinaryInputArchive.readInt(BinaryInputArchive.java:84)
	at org.apache.zookeeper.server.quorum.QuorumPacket.deserialize(QuorumPacket.java:86)
	at org.apache.jute.BinaryInputArchive.readRecord(BinaryInputArchive.java:118)
	at org.apache.zookeeper.server.quorum.LearnerHandler.run(LearnerHandler.java:539)
[2020-10-26 22:08:10,349] WARN ******* GOODBYE /10.233.121.3:50688 ******** (org.apache.zookeeper.server.quorum.LearnerHandler)
[2020-10-26 22:08:10,358] INFO Notification: 2 (message format version), 3 (n.leader), 0x100000100 (n.zxid), 0x2 (n.round), LOOKING (n.state), 3 (n.sid), 0x1 (n.peerEPoch), LEADING (my state)0 (n.config version) (org.apache.zookeeper.server.quorum.FastLeaderElection)
[2020-10-26 22:08:10,386] INFO Follower sid: 3 : info : zoo-2.zoo.kafka.svc.cluster.local:2888:3888:participant (org.apache.zookeeper.server.quorum.LearnerHandler)
[2020-10-26 22:08:10,390] INFO On disk txn sync enabled with snapshotSizeFactor 0.33 (org.apache.zookeeper.server.ZKDatabase)
[2020-10-26 22:08:10,390] INFO Synchronizing with Follower sid: 3 maxCommittedLog=0x100000100 minCommittedLog=0x100000001 lastProcessedZxid=0x100000100 peerLastZxid=0x100000100 (org.apache.zookeeper.server.quorum.LearnerHandler)
[2020-10-26 22:08:10,390] INFO Sending DIFF zxid=0x100000100 for peer sid: 3 (org.apache.zookeeper.server.quorum.LearnerHandler)
[2020-10-26 22:13:51,224] ERROR Unexpected exception causing shutdown while sock still open (org.apache.zookeeper.server.quorum.LearnerHandler)
java.net.SocketTimeoutException: Read timed out
	at java.base/java.net.SocketInputStream.socketRead0(Native Method)
	at java.base/java.net.SocketInputStream.socketRead(Unknown Source)
	at java.base/java.net.SocketInputStream.read(Unknown Source)
	at java.base/java.net.SocketInputStream.read(Unknown Source)
	at java.base/java.io.BufferedInputStream.fill(Unknown Source)
	at java.base/java.io.BufferedInputStream.read(Unknown Source)
	at java.base/java.io.DataInputStream.readInt(Unknown Source)
	at org.apache.jute.BinaryInputArchive.readInt(BinaryInputArchive.java:84)
	at org.apache.zookeeper.server.quorum.QuorumPacket.deserialize(QuorumPacket.java:86)
	at org.apache.jute.BinaryInputArchive.readRecord(BinaryInputArchive.java:118)
	at org.apache.zookeeper.server.quorum.LearnerHandler.run(LearnerHandler.java:539)
[2020-10-26 22:13:51,224] WARN ******* GOODBYE /10.233.121.3:52410 ******** (org.apache.zookeeper.server.quorum.LearnerHandler)
[2020-10-26 22:13:51,238] INFO Notification: 2 (message format version), 3 (n.leader), 0x100000111 (n.zxid), 0x2 (n.round), LOOKING (n.state), 3 (n.sid), 0x1 (n.peerEPoch), LEADING (my state)0 (n.config version) (org.apache.zookeeper.server.quorum.FastLeaderElection)
[2020-10-26 22:13:51,252] INFO Follower sid: 3 : info : zoo-2.zoo.kafka.svc.cluster.local:2888:3888:participant (org.apache.zookeeper.server.quorum.LearnerHandler)
[2020-10-26 22:13:51,257] INFO On disk txn sync enabled with snapshotSizeFactor 0.33 (org.apache.zookeeper.server.ZKDatabase)
[2020-10-26 22:13:51,257] INFO Synchronizing with Follower sid: 3 maxCommittedLog=0x100000111 minCommittedLog=0x100000001 lastProcessedZxid=0x100000111 peerLastZxid=0x100000111 (org.apache.zookeeper.server.quorum.LearnerHandler)
[2020-10-26 22:13:51,257] INFO Sending DIFF zxid=0x100000111 for peer sid: 3 (org.apache.zookeeper.server.quorum.LearnerHandler)
[2020-10-26 22:14:01,322] ERROR Unexpected exception causing shutdown while sock still open (org.apache.zookeeper.server.quorum.LearnerHandler)
java.net.SocketTimeoutException: Read timed out
	at java.base/java.net.SocketInputStream.socketRead0(Native Method)
	at java.base/java.net.SocketInputStream.socketRead(Unknown Source)
	at java.base/java.net.SocketInputStream.read(Unknown Source)
	at java.base/java.net.SocketInputStream.read(Unknown Source)
	at java.base/java.io.BufferedInputStream.fill(Unknown Source)
	at java.base/java.io.BufferedInputStream.read(Unknown Source)
	at java.base/java.io.DataInputStream.readInt(Unknown Source)
	at org.apache.jute.BinaryInputArchive.readInt(BinaryInputArchive.java:84)
	at org.apache.zookeeper.server.quorum.QuorumPacket.deserialize(QuorumPacket.java:86)
	at org.apache.jute.BinaryInputArchive.readRecord(BinaryInputArchive.java:118)
	at org.apache.zookeeper.server.quorum.LearnerHandler.run(LearnerHandler.java:539)
[2020-10-26 22:14:01,323] WARN ******* GOODBYE /10.233.121.3:53700 ******** (org.apache.zookeeper.server.quorum.LearnerHandler)
[2020-10-26 22:14:01,337] INFO Notification: 2 (message format version), 3 (n.leader), 0x100000111 (n.zxid), 0x2 (n.round), LOOKING (n.state), 3 (n.sid), 0x1 (n.peerEPoch), LEADING (my state)0 (n.config version) (org.apache.zookeeper.server.quorum.FastLeaderElection)
[2020-10-26 22:14:01,349] INFO Follower sid: 3 : info : zoo-2.zoo.kafka.svc.cluster.local:2888:3888:participant (org.apache.zookeeper.server.quorum.LearnerHandler)
[2020-10-26 22:14:01,355] INFO On disk txn sync enabled with snapshotSizeFactor 0.33 (org.apache.zookeeper.server.ZKDatabase)
[2020-10-26 22:14:01,355] INFO Synchronizing with Follower sid: 3 maxCommittedLog=0x100000111 minCommittedLog=0x100000001 lastProcessedZxid=0x100000111 peerLastZxid=0x100000111 (org.apache.zookeeper.server.quorum.LearnerHandler)
[2020-10-26 22:14:01,355] INFO Sending DIFF zxid=0x100000111 for peer sid: 3 (org.apache.zookeeper.server.quorum.LearnerHandler)
[2020-10-26 22:14:44,671] ERROR Unexpected exception causing shutdown while sock still open (org.apache.zookeeper.server.quorum.LearnerHandler)
java.net.SocketTimeoutException: Read timed out
	at java.base/java.net.SocketInputStream.socketRead0(Native Method)
	at java.base/java.net.SocketInputStream.socketRead(Unknown Source)
	at java.base/java.net.SocketInputStream.read(Unknown Source)
	at java.base/java.net.SocketInputStream.read(Unknown Source)
	at java.base/java.io.BufferedInputStream.fill(Unknown Source)
	at java.base/java.io.BufferedInputStream.read(Unknown Source)
	at java.base/java.io.DataInputStream.readInt(Unknown Source)
	at org.apache.jute.BinaryInputArchive.readInt(BinaryInputArchive.java:84)
	at org.apache.zookeeper.server.quorum.QuorumPacket.deserialize(QuorumPacket.java:86)
	at org.apache.jute.BinaryInputArchive.readRecord(BinaryInputArchive.java:118)
	at org.apache.zookeeper.server.quorum.LearnerHandler.run(LearnerHandler.java:539)
[2020-10-26 22:14:44,672] WARN ******* GOODBYE /10.233.121.3:53738 ******** (org.apache.zookeeper.server.quorum.LearnerHandler)
[2020-10-26 22:14:44,761] INFO Notification: 2 (message format version), 3 (n.leader), 0x100000114 (n.zxid), 0x2 (n.round), LOOKING (n.state), 3 (n.sid), 0x1 (n.peerEPoch), LEADING (my state)0 (n.config version) (org.apache.zookeeper.server.quorum.FastLeaderElection)
[2020-10-26 22:14:44,868] INFO Follower sid: 3 : info : zoo-2.zoo.kafka.svc.cluster.local:2888:3888:participant (org.apache.zookeeper.server.quorum.LearnerHandler)
[2020-10-26 22:14:44,876] INFO On disk txn sync enabled with snapshotSizeFactor 0.33 (org.apache.zookeeper.server.ZKDatabase)
[2020-10-26 22:14:44,876] INFO Synchronizing with Follower sid: 3 maxCommittedLog=0x100000114 minCommittedLog=0x100000001 lastProcessedZxid=0x100000114 peerLastZxid=0x100000114 (org.apache.zookeeper.server.quorum.LearnerHandler)
[2020-10-26 22:14:44,876] INFO Sending DIFF zxid=0x100000114 for peer sid: 3 (org.apache.zookeeper.server.quorum.LearnerHandler)
[2020-10-26 22:17:17,335] ERROR Unexpected exception causing shutdown while sock still open (org.apache.zookeeper.server.quorum.LearnerHandler)
java.net.SocketTimeoutException: Read timed out
	at java.base/java.net.SocketInputStream.socketRead0(Native Method)
	at java.base/java.net.SocketInputStream.socketRead(Unknown Source)
	at java.base/java.net.SocketInputStream.read(Unknown Source)
	at java.base/java.net.SocketInputStream.read(Unknown Source)
	at java.base/java.io.BufferedInputStream.fill(Unknown Source)
	at java.base/java.io.BufferedInputStream.read(Unknown Source)
	at java.base/java.io.DataInputStream.readInt(Unknown Source)
	at org.apache.jute.BinaryInputArchive.readInt(BinaryInputArchive.java:84)
	at org.apache.zookeeper.server.quorum.QuorumPacket.deserialize(QuorumPacket.java:86)
	at org.apache.jute.BinaryInputArchive.readRecord(BinaryInputArchive.java:118)
	at org.apache.zookeeper.server.quorum.LearnerHandler.run(LearnerHandler.java:539)
[2020-10-26 22:17:17,336] WARN ******* GOODBYE /10.233.121.3:53908 ******** (org.apache.zookeeper.server.quorum.LearnerHandler)
[2020-10-26 22:17:17,480] INFO Notification: 2 (message format version), 3 (n.leader), 0x100000114 (n.zxid), 0x2 (n.round), LOOKING (n.state), 3 (n.sid), 0x1 (n.peerEPoch), LEADING (my state)0 (n.config version) (org.apache.zookeeper.server.quorum.FastLeaderElection)
[2020-10-26 22:17:17,772] INFO Notification: 2 (message format version), 3 (n.leader), 0x100000114 (n.zxid), 0x2 (n.round), LOOKING (n.state), 3 (n.sid), 0x1 (n.peerEPoch), LEADING (my state)0 (n.config version) (org.apache.zookeeper.server.quorum.FastLeaderElection)
[2020-10-26 22:17:17,788] INFO Follower sid: 3 : info : zoo-2.zoo.kafka.svc.cluster.local:2888:3888:participant (org.apache.zookeeper.server.quorum.LearnerHandler)
[2020-10-26 22:17:17,794] INFO On disk txn sync enabled with snapshotSizeFactor 0.33 (org.apache.zookeeper.server.ZKDatabase)
[2020-10-26 22:17:17,794] INFO Synchronizing with Follower sid: 3 maxCommittedLog=0x100000114 minCommittedLog=0x100000001 lastProcessedZxid=0x100000114 peerLastZxid=0x100000114 (org.apache.zookeeper.server.quorum.LearnerHandler)
[2020-10-26 22:17:17,794] INFO Sending DIFF zxid=0x100000114 for peer sid: 3 (org.apache.zookeeper.server.quorum.LearnerHandler)
