[2020-10-26 11:00:59,234] INFO Registered kafka:type=kafka.Log4jController MBean (kafka.utils.Log4jControllerRegistration$)
[2020-10-26 11:00:59,823] INFO Setting -D jdk.tls.rejectClientInitiatedRenegotiation=true to disable client-initiated TLS renegotiation (org.apache.zookeeper.common.X509Util)
[2020-10-26 11:00:59,877] INFO Registered signal handlers for TERM, INT, HUP (org.apache.kafka.common.utils.LoggingSignalHandler)
[2020-10-26 11:00:59,881] INFO starting (kafka.server.KafkaServer)
[2020-10-26 11:00:59,882] INFO Connecting to zookeeper on zookeeper:2181 (kafka.server.KafkaServer)
[2020-10-26 11:00:59,909] INFO [ZooKeeperClient Kafka server] Initializing a new session to zookeeper:2181. (kafka.zookeeper.ZooKeeperClient)
[2020-10-26 11:00:59,924] INFO Client environment:zookeeper.version=3.5.7-f0fdd52973d373ffd9c86b81d99842dc2c7f660e, built on 02/10/2020 11:30 GMT (org.apache.zookeeper.ZooKeeper)
[2020-10-26 11:00:59,927] INFO Client environment:host.name=kafka-0.kafka.kafka.svc.cluster.local (org.apache.zookeeper.ZooKeeper)
[2020-10-26 11:00:59,927] INFO Client environment:java.version=11.0.7 (org.apache.zookeeper.ZooKeeper)
[2020-10-26 11:00:59,928] INFO Client environment:java.vendor=AdoptOpenJDK (org.apache.zookeeper.ZooKeeper)
[2020-10-26 11:00:59,928] INFO Client environment:java.home=/opt/java/openjdk (org.apache.zookeeper.ZooKeeper)
[2020-10-26 11:00:59,929] INFO Client environment:java.class.path=/opt/kafka/libs/extensions/*:/opt/kafka/libs/activation-1.1.1.jar:/opt/kafka/libs/aopalliance-repackaged-2.5.0.jar:/opt/kafka/libs/argparse4j-0.7.0.jar:/opt/kafka/libs/audience-annotations-0.5.0.jar:/opt/kafka/libs/commons-cli-1.4.jar:/opt/kafka/libs/commons-lang3-3.8.1.jar:/opt/kafka/libs/connect-api-2.5.0.jar:/opt/kafka/libs/connect-basic-auth-extension-2.5.0.jar:/opt/kafka/libs/connect-file-2.5.0.jar:/opt/kafka/libs/connect-json-2.5.0.jar:/opt/kafka/libs/connect-mirror-2.5.0.jar:/opt/kafka/libs/connect-mirror-client-2.5.0.jar:/opt/kafka/libs/connect-runtime-2.5.0.jar:/opt/kafka/libs/connect-transforms-2.5.0.jar:/opt/kafka/libs/hk2-api-2.5.0.jar:/opt/kafka/libs/hk2-locator-2.5.0.jar:/opt/kafka/libs/hk2-utils-2.5.0.jar:/opt/kafka/libs/jackson-annotations-2.10.2.jar:/opt/kafka/libs/jackson-core-2.10.2.jar:/opt/kafka/libs/jackson-databind-2.10.2.jar:/opt/kafka/libs/jackson-dataformat-csv-2.10.2.jar:/opt/kafka/libs/jackson-datatype-jdk8-2.10.2.jar:/opt/kafka/libs/jackson-jaxrs-base-2.10.2.jar:/opt/kafka/libs/jackson-jaxrs-json-provider-2.10.2.jar:/opt/kafka/libs/jackson-module-jaxb-annotations-2.10.2.jar:/opt/kafka/libs/jackson-module-paranamer-2.10.2.jar:/opt/kafka/libs/jackson-module-scala_2.12-2.10.2.jar:/opt/kafka/libs/jakarta.activation-api-1.2.1.jar:/opt/kafka/libs/jakarta.annotation-api-1.3.4.jar:/opt/kafka/libs/jakarta.inject-2.5.0.jar:/opt/kafka/libs/jakarta.ws.rs-api-2.1.5.jar:/opt/kafka/libs/jakarta.xml.bind-api-2.3.2.jar:/opt/kafka/libs/javassist-3.22.0-CR2.jar:/opt/kafka/libs/javassist-3.26.0-GA.jar:/opt/kafka/libs/javax.servlet-api-3.1.0.jar:/opt/kafka/libs/javax.ws.rs-api-2.1.1.jar:/opt/kafka/libs/jaxb-api-2.3.0.jar:/opt/kafka/libs/jersey-client-2.28.jar:/opt/kafka/libs/jersey-common-2.28.jar:/opt/kafka/libs/jersey-container-servlet-2.28.jar:/opt/kafka/libs/jersey-container-servlet-core-2.28.jar:/opt/kafka/libs/jersey-hk2-2.28.jar:/opt/kafka/libs/jersey-media-jaxb-2.28.jar:/opt/kafka/libs/jersey-server-2.28.jar:/opt/kafka/libs/jetty-client-9.4.24.v20191120.jar:/opt/kafka/libs/jetty-continuation-9.4.24.v20191120.jar:/opt/kafka/libs/jetty-http-9.4.24.v20191120.jar:/opt/kafka/libs/jetty-io-9.4.24.v20191120.jar:/opt/kafka/libs/jetty-security-9.4.24.v20191120.jar:/opt/kafka/libs/jetty-server-9.4.24.v20191120.jar:/opt/kafka/libs/jetty-servlet-9.4.24.v20191120.jar:/opt/kafka/libs/jetty-servlets-9.4.24.v20191120.jar:/opt/kafka/libs/jetty-util-9.4.24.v20191120.jar:/opt/kafka/libs/jopt-simple-5.0.4.jar:/opt/kafka/libs/kafka-clients-2.5.0.jar:/opt/kafka/libs/kafka-log4j-appender-2.5.0.jar:/opt/kafka/libs/kafka-streams-2.5.0.jar:/opt/kafka/libs/kafka-streams-examples-2.5.0.jar:/opt/kafka/libs/kafka-streams-scala_2.12-2.5.0.jar:/opt/kafka/libs/kafka-streams-test-utils-2.5.0.jar:/opt/kafka/libs/kafka-tools-2.5.0.jar:/opt/kafka/libs/kafka_2.12-2.5.0-javadoc.jar:/opt/kafka/libs/kafka_2.12-2.5.0-scaladoc.jar:/opt/kafka/libs/kafka_2.12-2.5.0-sources.jar:/opt/kafka/libs/kafka_2.12-2.5.0-test-sources.jar:/opt/kafka/libs/kafka_2.12-2.5.0-test.jar:/opt/kafka/libs/kafka_2.12-2.5.0.jar:/opt/kafka/libs/log4j-1.2.17.jar:/opt/kafka/libs/lz4-java-1.7.1.jar:/opt/kafka/libs/maven-artifact-3.6.3.jar:/opt/kafka/libs/metrics-core-2.2.0.jar:/opt/kafka/libs/netty-buffer-4.1.45.Final.jar:/opt/kafka/libs/netty-codec-4.1.45.Final.jar:/opt/kafka/libs/netty-common-4.1.45.Final.jar:/opt/kafka/libs/netty-handler-4.1.45.Final.jar:/opt/kafka/libs/netty-resolver-4.1.45.Final.jar:/opt/kafka/libs/netty-transport-4.1.45.Final.jar:/opt/kafka/libs/netty-transport-native-epoll-4.1.45.Final.jar:/opt/kafka/libs/netty-transport-native-unix-common-4.1.45.Final.jar:/opt/kafka/libs/osgi-resource-locator-1.0.1.jar:/opt/kafka/libs/paranamer-2.8.jar:/opt/kafka/libs/plexus-utils-3.2.1.jar:/opt/kafka/libs/reflections-0.9.12.jar:/opt/kafka/libs/rocksdbjni-5.18.3.jar:/opt/kafka/libs/scala-java8-compat_2.12-0.9.0.jar:/opt/kafka/libs/scala-collection-compat_2.12-2.1.3.jar:/opt/kafka/libs/scala-library-2.12.10.jar:/opt/kafka/libs/scala-logging_2.12-3.9.2.jar:/opt/kafka/libs/scala-reflect-2.12.10.jar:/opt/kafka/libs/slf4j-api-1.7.30.jar:/opt/kafka/libs/slf4j-log4j12-1.7.30.jar:/opt/kafka/libs/snappy-java-1.1.7.3.jar:/opt/kafka/libs/validation-api-2.0.1.Final.jar:/opt/kafka/libs/zookeeper-3.5.7.jar:/opt/kafka/libs/zookeeper-jute-3.5.7.jar:/opt/kafka/libs/zstd-jni-1.4.4-7.jar (org.apache.zookeeper.ZooKeeper)
[2020-10-26 11:00:59,929] INFO Client environment:java.library.path=/usr/java/packages/lib:/usr/lib64:/lib64:/lib:/usr/lib (org.apache.zookeeper.ZooKeeper)
[2020-10-26 11:00:59,929] INFO Client environment:java.io.tmpdir=/tmp (org.apache.zookeeper.ZooKeeper)
[2020-10-26 11:00:59,929] INFO Client environment:java.compiler=<NA> (org.apache.zookeeper.ZooKeeper)
[2020-10-26 11:00:59,929] INFO Client environment:os.name=Linux (org.apache.zookeeper.ZooKeeper)
[2020-10-26 11:00:59,929] INFO Client environment:os.arch=amd64 (org.apache.zookeeper.ZooKeeper)
[2020-10-26 11:00:59,929] INFO Client environment:os.version=4.14.193-149.317.amzn2.x86_64 (org.apache.zookeeper.ZooKeeper)
[2020-10-26 11:00:59,929] INFO Client environment:user.name=nonroot (org.apache.zookeeper.ZooKeeper)
[2020-10-26 11:00:59,929] INFO Client environment:user.home=/home/nonroot (org.apache.zookeeper.ZooKeeper)
[2020-10-26 11:00:59,929] INFO Client environment:user.dir=/opt/kafka (org.apache.zookeeper.ZooKeeper)
[2020-10-26 11:00:59,929] INFO Client environment:os.memory.free=983MB (org.apache.zookeeper.ZooKeeper)
[2020-10-26 11:00:59,929] INFO Client environment:os.memory.max=1024MB (org.apache.zookeeper.ZooKeeper)
[2020-10-26 11:00:59,929] INFO Client environment:os.memory.total=1024MB (org.apache.zookeeper.ZooKeeper)
[2020-10-26 11:00:59,932] INFO Initiating client connection, connectString=zookeeper:2181 sessionTimeout=5000 watcher=kafka.zookeeper.ZooKeeperClient$ZooKeeperClientWatcher$@2fd953a6 (org.apache.zookeeper.ZooKeeper)
[2020-10-26 11:00:59,937] INFO jute.maxbuffer value is 4194304 Bytes (org.apache.zookeeper.ClientCnxnSocket)
[2020-10-26 11:00:59,942] INFO zookeeper.request.timeout value is 0. feature enabled= (org.apache.zookeeper.ClientCnxn)
[2020-10-26 11:00:59,946] INFO [ZooKeeperClient Kafka server] Waiting until connected. (kafka.zookeeper.ZooKeeperClient)
[2020-10-26 11:00:59,983] INFO Opening socket connection to server zookeeper/10.233.17.172:2181. Will not attempt to authenticate using SASL (unknown error) (org.apache.zookeeper.ClientCnxn)
[2020-10-26 11:01:00,000] INFO Socket connection established, initiating session, client: /10.233.125.3:45262, server: zookeeper/10.233.17.172:2181 (org.apache.zookeeper.ClientCnxn)
[2020-10-26 11:01:00,036] INFO Session establishment complete on server zookeeper/10.233.17.172:2181, sessionid = 0x2000018a3340003, negotiated timeout = 3000 (org.apache.zookeeper.ClientCnxn)
[2020-10-26 11:01:00,039] INFO [ZooKeeperClient Kafka server] Connected. (kafka.zookeeper.ZooKeeperClient)
[2020-10-26 11:01:00,661] INFO Cluster ID = I-cz0XINT9Gdw-7eRbudDQ (kafka.server.KafkaServer)
[2020-10-26 11:01:00,667] WARN No meta.properties file under dir /var/lib/kafka/data/topics/meta.properties (kafka.server.BrokerMetadataCheckpoint)
[2020-10-26 11:01:00,991] INFO KafkaConfig values: 
	advertised.host.name = null
	advertised.listeners = PLAINTEXT://:9092,OUTSIDE://10.0.2.7:32400
	advertised.port = null
	alter.config.policy.class.name = null
	alter.log.dirs.replication.quota.window.num = 11
	alter.log.dirs.replication.quota.window.size.seconds = 1
	authorizer.class.name = 
	auto.create.topics.enable = false
	auto.leader.rebalance.enable = true
	background.threads = 10
	broker.id = 0
	broker.id.generation.enable = true
	broker.rack = null
	client.quota.callback.class = null
	compression.type = producer
	connection.failed.authentication.delay.ms = 100
	connections.max.idle.ms = 600000
	connections.max.reauth.ms = 0
	control.plane.listener.name = null
	controlled.shutdown.enable = true
	controlled.shutdown.max.retries = 3
	controlled.shutdown.retry.backoff.ms = 5000
	controller.socket.timeout.ms = 5000
	create.topic.policy.class.name = null
	default.replication.factor = 3
	delegation.token.expiry.check.interval.ms = 3600000
	delegation.token.expiry.time.ms = 86400000
	delegation.token.master.key = null
	delegation.token.max.lifetime.ms = 604800000
	delete.records.purgatory.purge.interval.requests = 1
	delete.topic.enable = true
	fetch.max.bytes = 57671680
	fetch.purgatory.purge.interval.requests = 1000
	group.initial.rebalance.delay.ms = 0
	group.max.session.timeout.ms = 2000
	group.max.size = 2147483647
	group.min.session.timeout.ms = 0
	host.name = 
	inter.broker.listener.name = PLAINTEXT
	inter.broker.protocol.version = 2.5-IV0
	kafka.metrics.polling.interval.secs = 10
	kafka.metrics.reporters = []
	leader.imbalance.check.interval.seconds = 300
	leader.imbalance.per.broker.percentage = 10
	listener.security.protocol.map = PLAINTEXT:PLAINTEXT,SSL:SSL,SASL_PLAINTEXT:SASL_PLAINTEXT,SASL_SSL:SASL_SSL,OUTSIDE:PLAINTEXT
	listeners = PLAINTEXT://:9092,OUTSIDE://:9094
	log.cleaner.backoff.ms = 15000
	log.cleaner.dedupe.buffer.size = 134217728
	log.cleaner.delete.retention.ms = 86400000
	log.cleaner.enable = true
	log.cleaner.io.buffer.load.factor = 0.9
	log.cleaner.io.buffer.size = 524288
	log.cleaner.io.max.bytes.per.second = 1.7976931348623157E308
	log.cleaner.max.compaction.lag.ms = 9223372036854775807
	log.cleaner.min.cleanable.ratio = 0.5
	log.cleaner.min.compaction.lag.ms = 0
	log.cleaner.threads = 1
	log.cleanup.policy = [delete]
	log.dir = /tmp/kafka-logs
	log.dirs = /var/lib/kafka/data/topics
	log.flush.interval.messages = 9223372036854775807
	log.flush.interval.ms = null
	log.flush.offset.checkpoint.interval.ms = 60000
	log.flush.scheduler.interval.ms = 9223372036854775807
	log.flush.start.offset.checkpoint.interval.ms = 60000
	log.index.interval.bytes = 4096
	log.index.size.max.bytes = 10485760
	log.message.downconversion.enable = true
	log.message.format.version = 2.5-IV0
	log.message.timestamp.difference.max.ms = 9223372036854775807
	log.message.timestamp.type = CreateTime
	log.preallocate = false
	log.retention.bytes = -1
	log.retention.check.interval.ms = 300000
	log.retention.hours = -1
	log.retention.minutes = null
	log.retention.ms = null
	log.roll.hours = 168
	log.roll.jitter.hours = 0
	log.roll.jitter.ms = null
	log.roll.ms = null
	log.segment.bytes = 1073741824
	log.segment.delete.delay.ms = 60000
	max.connections = 2147483647
	max.connections.per.ip = 2147483647
	max.connections.per.ip.overrides = 
	max.incremental.fetch.session.cache.slots = 1000
	message.max.bytes = 1048588
	metric.reporters = []
	metrics.num.samples = 2
	metrics.recording.level = INFO
	metrics.sample.window.ms = 30000
	min.insync.replicas = 2
	num.io.threads = 8
	num.network.threads = 3
	num.partitions = 1
	num.recovery.threads.per.data.dir = 1
	num.replica.alter.log.dirs.threads = null
	num.replica.fetchers = 2
	offset.metadata.max.bytes = 4096
	offsets.commit.required.acks = -1
	offsets.commit.timeout.ms = 5000
	offsets.load.buffer.size = 5242880
	offsets.retention.check.interval.ms = 600000
	offsets.retention.minutes = 10080
	offsets.topic.compression.codec = 0
	offsets.topic.num.partitions = 2
	offsets.topic.replication.factor = 5
	offsets.topic.segment.bytes = 104857600
	password.encoder.cipher.algorithm = AES/CBC/PKCS5Padding
	password.encoder.iterations = 4096
	password.encoder.key.length = 128
	password.encoder.keyfactory.algorithm = null
	password.encoder.old.secret = null
	password.encoder.secret = null
	port = 9092
	principal.builder.class = null
	producer.purgatory.purge.interval.requests = 1000
	queued.max.request.bytes = -1
	queued.max.requests = 500
	quota.consumer.default = 9223372036854775807
	quota.producer.default = 9223372036854775807
	quota.window.num = 11
	quota.window.size.seconds = 1
	replica.fetch.backoff.ms = 1000
	replica.fetch.max.bytes = 1048576
	replica.fetch.min.bytes = 1
	replica.fetch.response.max.bytes = 10485760
	replica.fetch.wait.max.ms = 500
	replica.high.watermark.checkpoint.interval.ms = 5000
	replica.lag.time.max.ms = 5000
	replica.selector.class = null
	replica.socket.receive.buffer.bytes = 65536
	replica.socket.timeout.ms = 3000
	replication.quota.window.num = 11
	replication.quota.window.size.seconds = 1
	request.timeout.ms = 2000
	reserved.broker.max.id = 1000
	sasl.client.callback.handler.class = null
	sasl.enabled.mechanisms = [GSSAPI]
	sasl.jaas.config = null
	sasl.kerberos.kinit.cmd = /usr/bin/kinit
	sasl.kerberos.min.time.before.relogin = 60000
	sasl.kerberos.principal.to.local.rules = [DEFAULT]
	sasl.kerberos.service.name = null
	sasl.kerberos.ticket.renew.jitter = 0.05
	sasl.kerberos.ticket.renew.window.factor = 0.8
	sasl.login.callback.handler.class = null
	sasl.login.class = null
	sasl.login.refresh.buffer.seconds = 300
	sasl.login.refresh.min.period.seconds = 60
	sasl.login.refresh.window.factor = 0.8
	sasl.login.refresh.window.jitter = 0.05
	sasl.mechanism.inter.broker.protocol = GSSAPI
	sasl.server.callback.handler.class = null
	security.inter.broker.protocol = PLAINTEXT
	security.providers = null
	socket.receive.buffer.bytes = 102400
	socket.request.max.bytes = 104857600
	socket.send.buffer.bytes = 102400
	ssl.cipher.suites = []
	ssl.client.auth = none
	ssl.enabled.protocols = [TLSv1.2]
	ssl.endpoint.identification.algorithm = https
	ssl.key.password = null
	ssl.keymanager.algorithm = SunX509
	ssl.keystore.location = null
	ssl.keystore.password = null
	ssl.keystore.type = JKS
	ssl.principal.mapping.rules = DEFAULT
	ssl.protocol = TLSv1.2
	ssl.provider = null
	ssl.secure.random.implementation = null
	ssl.trustmanager.algorithm = PKIX
	ssl.truststore.location = null
	ssl.truststore.password = null
	ssl.truststore.type = JKS
	transaction.abort.timed.out.transaction.cleanup.interval.ms = 10000
	transaction.max.timeout.ms = 3000
	transaction.remove.expired.transaction.cleanup.interval.ms = 3600000
	transaction.state.log.load.buffer.size = 5242880
	transaction.state.log.min.isr = 2
	transaction.state.log.num.partitions = 50
	transaction.state.log.replication.factor = 3
	transaction.state.log.segment.bytes = 104857600
	transactional.id.expiration.ms = 604800000
	unclean.leader.election.enable = false
	zookeeper.clientCnxnSocket = null
	zookeeper.connect = zookeeper:2181
	zookeeper.connection.timeout.ms = 3000
	zookeeper.max.in.flight.requests = 10
	zookeeper.session.timeout.ms = 5000
	zookeeper.set.acl = false
	zookeeper.ssl.cipher.suites = null
	zookeeper.ssl.client.enable = false
	zookeeper.ssl.crl.enable = false
	zookeeper.ssl.enabled.protocols = null
	zookeeper.ssl.endpoint.identification.algorithm = HTTPS
	zookeeper.ssl.keystore.location = null
	zookeeper.ssl.keystore.password = null
	zookeeper.ssl.keystore.type = null
	zookeeper.ssl.ocsp.enable = false
	zookeeper.ssl.protocol = TLSv1.2
	zookeeper.ssl.truststore.location = null
	zookeeper.ssl.truststore.password = null
	zookeeper.ssl.truststore.type = null
	zookeeper.sync.time.ms = 2000
 (kafka.server.KafkaConfig)
[2020-10-26 11:01:01,012] INFO KafkaConfig values: 
	advertised.host.name = null
	advertised.listeners = PLAINTEXT://:9092,OUTSIDE://10.0.2.7:32400
	advertised.port = null
	alter.config.policy.class.name = null
	alter.log.dirs.replication.quota.window.num = 11
	alter.log.dirs.replication.quota.window.size.seconds = 1
	authorizer.class.name = 
	auto.create.topics.enable = false
	auto.leader.rebalance.enable = true
	background.threads = 10
	broker.id = 0
	broker.id.generation.enable = true
	broker.rack = null
	client.quota.callback.class = null
	compression.type = producer
	connection.failed.authentication.delay.ms = 100
	connections.max.idle.ms = 600000
	connections.max.reauth.ms = 0
	control.plane.listener.name = null
	controlled.shutdown.enable = true
	controlled.shutdown.max.retries = 3
	controlled.shutdown.retry.backoff.ms = 5000
	controller.socket.timeout.ms = 5000
	create.topic.policy.class.name = null
	default.replication.factor = 3
	delegation.token.expiry.check.interval.ms = 3600000
	delegation.token.expiry.time.ms = 86400000
	delegation.token.master.key = null
	delegation.token.max.lifetime.ms = 604800000
	delete.records.purgatory.purge.interval.requests = 1
	delete.topic.enable = true
	fetch.max.bytes = 57671680
	fetch.purgatory.purge.interval.requests = 1000
	group.initial.rebalance.delay.ms = 0
	group.max.session.timeout.ms = 2000
	group.max.size = 2147483647
	group.min.session.timeout.ms = 0
	host.name = 
	inter.broker.listener.name = PLAINTEXT
	inter.broker.protocol.version = 2.5-IV0
	kafka.metrics.polling.interval.secs = 10
	kafka.metrics.reporters = []
	leader.imbalance.check.interval.seconds = 300
	leader.imbalance.per.broker.percentage = 10
	listener.security.protocol.map = PLAINTEXT:PLAINTEXT,SSL:SSL,SASL_PLAINTEXT:SASL_PLAINTEXT,SASL_SSL:SASL_SSL,OUTSIDE:PLAINTEXT
	listeners = PLAINTEXT://:9092,OUTSIDE://:9094
	log.cleaner.backoff.ms = 15000
	log.cleaner.dedupe.buffer.size = 134217728
	log.cleaner.delete.retention.ms = 86400000
	log.cleaner.enable = true
	log.cleaner.io.buffer.load.factor = 0.9
	log.cleaner.io.buffer.size = 524288
	log.cleaner.io.max.bytes.per.second = 1.7976931348623157E308
	log.cleaner.max.compaction.lag.ms = 9223372036854775807
	log.cleaner.min.cleanable.ratio = 0.5
	log.cleaner.min.compaction.lag.ms = 0
	log.cleaner.threads = 1
	log.cleanup.policy = [delete]
	log.dir = /tmp/kafka-logs
	log.dirs = /var/lib/kafka/data/topics
	log.flush.interval.messages = 9223372036854775807
	log.flush.interval.ms = null
	log.flush.offset.checkpoint.interval.ms = 60000
	log.flush.scheduler.interval.ms = 9223372036854775807
	log.flush.start.offset.checkpoint.interval.ms = 60000
	log.index.interval.bytes = 4096
	log.index.size.max.bytes = 10485760
	log.message.downconversion.enable = true
	log.message.format.version = 2.5-IV0
	log.message.timestamp.difference.max.ms = 9223372036854775807
	log.message.timestamp.type = CreateTime
	log.preallocate = false
	log.retention.bytes = -1
	log.retention.check.interval.ms = 300000
	log.retention.hours = -1
	log.retention.minutes = null
	log.retention.ms = null
	log.roll.hours = 168
	log.roll.jitter.hours = 0
	log.roll.jitter.ms = null
	log.roll.ms = null
	log.segment.bytes = 1073741824
	log.segment.delete.delay.ms = 60000
	max.connections = 2147483647
	max.connections.per.ip = 2147483647
	max.connections.per.ip.overrides = 
	max.incremental.fetch.session.cache.slots = 1000
	message.max.bytes = 1048588
	metric.reporters = []
	metrics.num.samples = 2
	metrics.recording.level = INFO
	metrics.sample.window.ms = 30000
	min.insync.replicas = 2
	num.io.threads = 8
	num.network.threads = 3
	num.partitions = 1
	num.recovery.threads.per.data.dir = 1
	num.replica.alter.log.dirs.threads = null
	num.replica.fetchers = 2
	offset.metadata.max.bytes = 4096
	offsets.commit.required.acks = -1
	offsets.commit.timeout.ms = 5000
	offsets.load.buffer.size = 5242880
	offsets.retention.check.interval.ms = 600000
	offsets.retention.minutes = 10080
	offsets.topic.compression.codec = 0
	offsets.topic.num.partitions = 2
	offsets.topic.replication.factor = 5
	offsets.topic.segment.bytes = 104857600
	password.encoder.cipher.algorithm = AES/CBC/PKCS5Padding
	password.encoder.iterations = 4096
	password.encoder.key.length = 128
	password.encoder.keyfactory.algorithm = null
	password.encoder.old.secret = null
	password.encoder.secret = null
	port = 9092
	principal.builder.class = null
	producer.purgatory.purge.interval.requests = 1000
	queued.max.request.bytes = -1
	queued.max.requests = 500
	quota.consumer.default = 9223372036854775807
	quota.producer.default = 9223372036854775807
	quota.window.num = 11
	quota.window.size.seconds = 1
	replica.fetch.backoff.ms = 1000
	replica.fetch.max.bytes = 1048576
	replica.fetch.min.bytes = 1
	replica.fetch.response.max.bytes = 10485760
	replica.fetch.wait.max.ms = 500
	replica.high.watermark.checkpoint.interval.ms = 5000
	replica.lag.time.max.ms = 5000
	replica.selector.class = null
	replica.socket.receive.buffer.bytes = 65536
	replica.socket.timeout.ms = 3000
	replication.quota.window.num = 11
	replication.quota.window.size.seconds = 1
	request.timeout.ms = 2000
	reserved.broker.max.id = 1000
	sasl.client.callback.handler.class = null
	sasl.enabled.mechanisms = [GSSAPI]
	sasl.jaas.config = null
	sasl.kerberos.kinit.cmd = /usr/bin/kinit
	sasl.kerberos.min.time.before.relogin = 60000
	sasl.kerberos.principal.to.local.rules = [DEFAULT]
	sasl.kerberos.service.name = null
	sasl.kerberos.ticket.renew.jitter = 0.05
	sasl.kerberos.ticket.renew.window.factor = 0.8
	sasl.login.callback.handler.class = null
	sasl.login.class = null
	sasl.login.refresh.buffer.seconds = 300
	sasl.login.refresh.min.period.seconds = 60
	sasl.login.refresh.window.factor = 0.8
	sasl.login.refresh.window.jitter = 0.05
	sasl.mechanism.inter.broker.protocol = GSSAPI
	sasl.server.callback.handler.class = null
	security.inter.broker.protocol = PLAINTEXT
	security.providers = null
	socket.receive.buffer.bytes = 102400
	socket.request.max.bytes = 104857600
	socket.send.buffer.bytes = 102400
	ssl.cipher.suites = []
	ssl.client.auth = none
	ssl.enabled.protocols = [TLSv1.2]
	ssl.endpoint.identification.algorithm = https
	ssl.key.password = null
	ssl.keymanager.algorithm = SunX509
	ssl.keystore.location = null
	ssl.keystore.password = null
	ssl.keystore.type = JKS
	ssl.principal.mapping.rules = DEFAULT
	ssl.protocol = TLSv1.2
	ssl.provider = null
	ssl.secure.random.implementation = null
	ssl.trustmanager.algorithm = PKIX
	ssl.truststore.location = null
	ssl.truststore.password = null
	ssl.truststore.type = JKS
	transaction.abort.timed.out.transaction.cleanup.interval.ms = 10000
	transaction.max.timeout.ms = 3000
	transaction.remove.expired.transaction.cleanup.interval.ms = 3600000
	transaction.state.log.load.buffer.size = 5242880
	transaction.state.log.min.isr = 2
	transaction.state.log.num.partitions = 50
	transaction.state.log.replication.factor = 3
	transaction.state.log.segment.bytes = 104857600
	transactional.id.expiration.ms = 604800000
	unclean.leader.election.enable = false
	zookeeper.clientCnxnSocket = null
	zookeeper.connect = zookeeper:2181
	zookeeper.connection.timeout.ms = 3000
	zookeeper.max.in.flight.requests = 10
	zookeeper.session.timeout.ms = 5000
	zookeeper.set.acl = false
	zookeeper.ssl.cipher.suites = null
	zookeeper.ssl.client.enable = false
	zookeeper.ssl.crl.enable = false
	zookeeper.ssl.enabled.protocols = null
	zookeeper.ssl.endpoint.identification.algorithm = HTTPS
	zookeeper.ssl.keystore.location = null
	zookeeper.ssl.keystore.password = null
	zookeeper.ssl.keystore.type = null
	zookeeper.ssl.ocsp.enable = false
	zookeeper.ssl.protocol = TLSv1.2
	zookeeper.ssl.truststore.location = null
	zookeeper.ssl.truststore.password = null
	zookeeper.ssl.truststore.type = null
	zookeeper.sync.time.ms = 2000
 (kafka.server.KafkaConfig)
[2020-10-26 11:01:01,050] INFO [ThrottledChannelReaper-Produce]: Starting (kafka.server.ClientQuotaManager$ThrottledChannelReaper)
[2020-10-26 11:01:01,050] INFO [ThrottledChannelReaper-Request]: Starting (kafka.server.ClientQuotaManager$ThrottledChannelReaper)
[2020-10-26 11:01:01,050] INFO [ThrottledChannelReaper-Fetch]: Starting (kafka.server.ClientQuotaManager$ThrottledChannelReaper)
[2020-10-26 11:01:01,080] INFO Log directory /var/lib/kafka/data/topics not found, creating it. (kafka.log.LogManager)
[2020-10-26 11:01:01,088] INFO Loading logs. (kafka.log.LogManager)
[2020-10-26 11:01:01,102] INFO Logs loading complete in 14 ms. (kafka.log.LogManager)
[2020-10-26 11:01:01,117] INFO Starting log cleanup with a period of 300000 ms. (kafka.log.LogManager)
[2020-10-26 11:01:01,121] INFO Starting log flusher with a default period of 9223372036854775807 ms. (kafka.log.LogManager)
[2020-10-26 11:01:01,634] INFO Awaiting socket connections on 0.0.0.0:9092. (kafka.network.Acceptor)
[2020-10-26 11:01:01,709] INFO [SocketServer brokerId=0] Created data-plane acceptor and processors for endpoint : EndPoint(null,9092,ListenerName(PLAINTEXT),PLAINTEXT) (kafka.network.SocketServer)
[2020-10-26 11:01:01,728] INFO Awaiting socket connections on 0.0.0.0:9094. (kafka.network.Acceptor)
[2020-10-26 11:01:01,743] INFO [SocketServer brokerId=0] Created data-plane acceptor and processors for endpoint : EndPoint(null,9094,ListenerName(OUTSIDE),PLAINTEXT) (kafka.network.SocketServer)
[2020-10-26 11:01:01,745] INFO [SocketServer brokerId=0] Started 2 acceptor threads for data-plane (kafka.network.SocketServer)
[2020-10-26 11:01:01,783] INFO [ExpirationReaper-0-Produce]: Starting (kafka.server.DelayedOperationPurgatory$ExpiredOperationReaper)
[2020-10-26 11:01:01,785] INFO [ExpirationReaper-0-Fetch]: Starting (kafka.server.DelayedOperationPurgatory$ExpiredOperationReaper)
[2020-10-26 11:01:01,816] INFO [ExpirationReaper-0-ElectLeader]: Starting (kafka.server.DelayedOperationPurgatory$ExpiredOperationReaper)
[2020-10-26 11:01:01,817] INFO [ExpirationReaper-0-DeleteRecords]: Starting (kafka.server.DelayedOperationPurgatory$ExpiredOperationReaper)
[2020-10-26 11:01:01,850] INFO [LogDirFailureHandler]: Starting (kafka.server.ReplicaManager$LogDirFailureHandler)
[2020-10-26 11:01:01,942] INFO Creating /brokers/ids/0 (is it secure? false) (kafka.zk.KafkaZkClient)
[2020-10-26 11:01:01,980] INFO Stat of the created znode at /brokers/ids/0 is: 4294967373,4294967373,1603710061962,1603710061962,1,0,0,144115293893165059,293,0,4294967373
 (kafka.zk.KafkaZkClient)
[2020-10-26 11:01:01,981] INFO Registered broker 0 at path /brokers/ids/0 with addresses: ArrayBuffer(EndPoint(kafka-0.kafka.kafka.svc.cluster.local,9092,ListenerName(PLAINTEXT),PLAINTEXT), EndPoint(10.0.2.7,32400,ListenerName(OUTSIDE),PLAINTEXT)), czxid (broker epoch): 4294967373 (kafka.zk.KafkaZkClient)
[2020-10-26 11:01:02,084] INFO [ExpirationReaper-0-topic]: Starting (kafka.server.DelayedOperationPurgatory$ExpiredOperationReaper)
[2020-10-26 11:01:02,091] INFO [ExpirationReaper-0-Heartbeat]: Starting (kafka.server.DelayedOperationPurgatory$ExpiredOperationReaper)
[2020-10-26 11:01:02,091] INFO [ExpirationReaper-0-Rebalance]: Starting (kafka.server.DelayedOperationPurgatory$ExpiredOperationReaper)
[2020-10-26 11:01:02,143] INFO [GroupCoordinator 0]: Starting up. (kafka.coordinator.group.GroupCoordinator)
[2020-10-26 11:01:02,144] INFO [GroupCoordinator 0]: Startup complete. (kafka.coordinator.group.GroupCoordinator)
[2020-10-26 11:01:02,154] INFO [GroupMetadataManager brokerId=0] Removed 0 expired offsets in 10 milliseconds. (kafka.coordinator.group.GroupMetadataManager)
[2020-10-26 11:01:02,410] INFO [ProducerId Manager 0]: Acquired new producerId block (brokerId:0,blockStartProducerId:3000,blockEndProducerId:3999) by writing to Zk with path version 4 (kafka.coordinator.transaction.ProducerIdManager)
[2020-10-26 11:01:02,460] INFO [TransactionCoordinator id=0] Starting up. (kafka.coordinator.transaction.TransactionCoordinator)
[2020-10-26 11:01:02,462] INFO [TransactionCoordinator id=0] Startup complete. (kafka.coordinator.transaction.TransactionCoordinator)
[2020-10-26 11:01:02,475] INFO [Transaction Marker Channel Manager 0]: Starting (kafka.coordinator.transaction.TransactionMarkerChannelManager)
[2020-10-26 11:01:02,515] INFO [ExpirationReaper-0-AlterAcls]: Starting (kafka.server.DelayedOperationPurgatory$ExpiredOperationReaper)
[2020-10-26 11:01:02,569] INFO [/config/changes-event-process-thread]: Starting (kafka.common.ZkNodeChangeNotificationListener$ChangeEventProcessThread)
[2020-10-26 11:01:02,676] INFO [SocketServer brokerId=0] Started data-plane processors for 2 acceptors (kafka.network.SocketServer)
[2020-10-26 11:01:02,688] INFO Kafka version: 2.5.0 (org.apache.kafka.common.utils.AppInfoParser)
[2020-10-26 11:01:02,688] INFO Kafka commitId: 66563e712b0b9f84 (org.apache.kafka.common.utils.AppInfoParser)
[2020-10-26 11:01:02,688] INFO Kafka startTimeMs: 1603710062676 (org.apache.kafka.common.utils.AppInfoParser)
[2020-10-26 11:01:02,689] INFO [KafkaServer id=0] started (kafka.server.KafkaServer)
[2020-10-26 11:02:53,871] INFO Unable to read additional data from server sessionid 0x2000018a3340003, likely server has closed socket, closing socket connection and attempting reconnect (org.apache.zookeeper.ClientCnxn)
[2020-10-26 11:02:56,034] INFO Opening socket connection to server zookeeper/10.233.17.172:2181. Will not attempt to authenticate using SASL (unknown error) (org.apache.zookeeper.ClientCnxn)
[2020-10-26 11:02:56,043] INFO Socket connection established, initiating session, client: /10.233.125.3:45918, server: zookeeper/10.233.17.172:2181 (org.apache.zookeeper.ClientCnxn)
[2020-10-26 11:02:56,054] WARN Unable to reconnect to ZooKeeper service, session 0x2000018a3340003 has expired (org.apache.zookeeper.ClientCnxn)
[2020-10-26 11:02:56,054] INFO Unable to reconnect to ZooKeeper service, session 0x2000018a3340003 has expired, closing socket connection (org.apache.zookeeper.ClientCnxn)
[2020-10-26 11:02:56,055] INFO EventThread shut down for session: 0x2000018a3340003 (org.apache.zookeeper.ClientCnxn)
[2020-10-26 11:02:56,061] INFO [ZooKeeperClient Kafka server] Session expired. (kafka.zookeeper.ZooKeeperClient)
[2020-10-26 11:02:56,065] INFO [ZooKeeperClient Kafka server] Initializing a new session to zookeeper:2181. (kafka.zookeeper.ZooKeeperClient)
[2020-10-26 11:02:56,065] INFO Initiating client connection, connectString=zookeeper:2181 sessionTimeout=5000 watcher=kafka.zookeeper.ZooKeeperClient$ZooKeeperClientWatcher$@2fd953a6 (org.apache.zookeeper.ZooKeeper)
[2020-10-26 11:02:56,066] INFO jute.maxbuffer value is 4194304 Bytes (org.apache.zookeeper.ClientCnxnSocket)
[2020-10-26 11:02:56,069] INFO zookeeper.request.timeout value is 0. feature enabled= (org.apache.zookeeper.ClientCnxn)
[2020-10-26 11:02:56,075] INFO Opening socket connection to server zookeeper/10.233.17.172:2181. Will not attempt to authenticate using SASL (unknown error) (org.apache.zookeeper.ClientCnxn)
[2020-10-26 11:02:56,076] INFO Creating /brokers/ids/0 (is it secure? false) (kafka.zk.KafkaZkClient)
[2020-10-26 11:02:56,080] INFO Socket connection established, initiating session, client: /10.233.125.3:45920, server: zookeeper/10.233.17.172:2181 (org.apache.zookeeper.ClientCnxn)
[2020-10-26 11:02:56,096] INFO Session establishment complete on server zookeeper/10.233.17.172:2181, sessionid = 0x10000189daf0001, negotiated timeout = 3000 (org.apache.zookeeper.ClientCnxn)
[2020-10-26 11:02:56,119] INFO Stat of the created znode at /brokers/ids/0 is: 4294967425,4294967425,1603710176104,1603710176104,1,0,0,72057699762634753,293,0,4294967425
 (kafka.zk.KafkaZkClient)
[2020-10-26 11:02:56,119] INFO Registered broker 0 at path /brokers/ids/0 with addresses: ArrayBuffer(EndPoint(kafka-0.kafka.kafka.svc.cluster.local,9092,ListenerName(PLAINTEXT),PLAINTEXT), EndPoint(10.0.2.7,32400,ListenerName(OUTSIDE),PLAINTEXT)), czxid (broker epoch): 4294967425 (kafka.zk.KafkaZkClient)
[2020-10-26 11:03:02,632] INFO [Log partition=t2_filtered-0, dir=/var/lib/kafka/data/topics] Loading producer state till offset 0 with message format version 2 (kafka.log.Log)
[2020-10-26 11:03:02,642] INFO [Log partition=t2_filtered-0, dir=/var/lib/kafka/data/topics] Completed load of log with 1 segments, log start offset 0 and log end offset 0 in 71 ms (kafka.log.Log)
[2020-10-26 11:03:02,650] INFO Created log for partition t2_filtered-0 in /var/lib/kafka/data/topics/t2_filtered-0 with properties {compression.type -> producer, min.insync.replicas -> 2, message.downconversion.enable -> true, segment.jitter.ms -> 0, cleanup.policy -> [delete], flush.ms -> 9223372036854775807, retention.ms -> -1, segment.bytes -> 1073741824, flush.messages -> 9223372036854775807, message.format.version -> 2.5-IV0, max.compaction.lag.ms -> 9223372036854775807, file.delete.delay.ms -> 60000, max.message.bytes -> 1048588, min.compaction.lag.ms -> 0, message.timestamp.type -> CreateTime, preallocate -> false, index.interval.bytes -> 4096, min.cleanable.dirty.ratio -> 0.5, unclean.leader.election.enable -> false, retention.bytes -> -1, delete.retention.ms -> 86400000, segment.ms -> 604800000, message.timestamp.difference.max.ms -> 9223372036854775807, segment.index.bytes -> 10485760}. (kafka.log.LogManager)
[2020-10-26 11:03:02,652] INFO [Partition t2_filtered-0 broker=0] No checkpointed highwatermark is found for partition t2_filtered-0 (kafka.cluster.Partition)
[2020-10-26 11:03:02,654] INFO [Partition t2_filtered-0 broker=0] Log loaded for partition t2_filtered-0 with initial high watermark 0 (kafka.cluster.Partition)
[2020-10-26 11:03:02,656] INFO [ReplicaFetcherManager on broker 0] Removed fetcher for partitions Set(t2_filtered-0) (kafka.server.ReplicaFetcherManager)
[2020-10-26 11:03:02,708] INFO [ReplicaFetcherManager on broker 0] Added fetcher to broker 6 for partitions Map(t2_filtered-0 -> (offset=0, leaderEpoch=0)) (kafka.server.ReplicaFetcherManager)
[2020-10-26 11:03:02,719] INFO [ReplicaFetcher replicaId=0, leaderId=6, fetcherId=0] Starting (kafka.server.ReplicaFetcherThread)
[2020-10-26 11:03:02,722] INFO [ReplicaFetcher replicaId=0, leaderId=6, fetcherId=0] Truncating partition t2_filtered-0 to local high watermark 0 (kafka.server.ReplicaFetcherThread)
[2020-10-26 11:03:02,728] INFO [Log partition=t2_filtered-0, dir=/var/lib/kafka/data/topics] Truncating to 0 has no effect as the largest offset in the log is -1 (kafka.log.Log)
[2020-10-26 11:03:05,728] INFO [Log partition=t4_warnings-0, dir=/var/lib/kafka/data/topics] Loading producer state till offset 0 with message format version 2 (kafka.log.Log)
[2020-10-26 11:03:05,733] INFO [Log partition=t4_warnings-0, dir=/var/lib/kafka/data/topics] Completed load of log with 1 segments, log start offset 0 and log end offset 0 in 6 ms (kafka.log.Log)
[2020-10-26 11:03:05,736] INFO Created log for partition t4_warnings-0 in /var/lib/kafka/data/topics/t4_warnings-0 with properties {compression.type -> producer, min.insync.replicas -> 2, message.downconversion.enable -> true, segment.jitter.ms -> 0, cleanup.policy -> [delete], flush.ms -> 9223372036854775807, retention.ms -> -1, segment.bytes -> 1073741824, flush.messages -> 9223372036854775807, message.format.version -> 2.5-IV0, max.compaction.lag.ms -> 9223372036854775807, file.delete.delay.ms -> 60000, max.message.bytes -> 1048588, min.compaction.lag.ms -> 0, message.timestamp.type -> CreateTime, preallocate -> false, index.interval.bytes -> 4096, min.cleanable.dirty.ratio -> 0.5, unclean.leader.election.enable -> false, retention.bytes -> -1, delete.retention.ms -> 86400000, segment.ms -> 604800000, message.timestamp.difference.max.ms -> 9223372036854775807, segment.index.bytes -> 10485760}. (kafka.log.LogManager)
[2020-10-26 11:03:05,744] INFO [Partition t4_warnings-0 broker=0] No checkpointed highwatermark is found for partition t4_warnings-0 (kafka.cluster.Partition)
[2020-10-26 11:03:05,744] INFO [Partition t4_warnings-0 broker=0] Log loaded for partition t4_warnings-0 with initial high watermark 0 (kafka.cluster.Partition)
[2020-10-26 11:03:05,745] INFO [ReplicaFetcherManager on broker 0] Removed fetcher for partitions Set(t4_warnings-0) (kafka.server.ReplicaFetcherManager)
[2020-10-26 11:03:05,756] INFO [ReplicaFetcherManager on broker 0] Added fetcher to broker 4 for partitions Map(t4_warnings-0 -> (offset=0, leaderEpoch=0)) (kafka.server.ReplicaFetcherManager)
[2020-10-26 11:03:05,759] INFO [ReplicaFetcher replicaId=0, leaderId=4, fetcherId=0] Starting (kafka.server.ReplicaFetcherThread)
[2020-10-26 11:03:05,761] INFO [ReplicaFetcher replicaId=0, leaderId=4, fetcherId=0] Truncating partition t4_warnings-0 to local high watermark 0 (kafka.server.ReplicaFetcherThread)
[2020-10-26 11:03:05,761] INFO [Log partition=t4_warnings-0, dir=/var/lib/kafka/data/topics] Truncating to 0 has no effect as the largest offset in the log is -1 (kafka.log.Log)
[2020-10-26 11:03:07,078] INFO [ReplicaFetcherManager on broker 0] Removed fetcher for partitions Set(t4_filtered-0) (kafka.server.ReplicaFetcherManager)
[2020-10-26 11:03:07,094] INFO [Log partition=t4_filtered-0, dir=/var/lib/kafka/data/topics] Loading producer state till offset 0 with message format version 2 (kafka.log.Log)
[2020-10-26 11:03:07,094] INFO [Log partition=t4_filtered-0, dir=/var/lib/kafka/data/topics] Completed load of log with 1 segments, log start offset 0 and log end offset 0 in 2 ms (kafka.log.Log)
[2020-10-26 11:03:07,096] INFO Created log for partition t4_filtered-0 in /var/lib/kafka/data/topics/t4_filtered-0 with properties {compression.type -> producer, min.insync.replicas -> 2, message.downconversion.enable -> true, segment.jitter.ms -> 0, cleanup.policy -> [delete], flush.ms -> 9223372036854775807, retention.ms -> -1, segment.bytes -> 1073741824, flush.messages -> 9223372036854775807, message.format.version -> 2.5-IV0, max.compaction.lag.ms -> 9223372036854775807, file.delete.delay.ms -> 60000, max.message.bytes -> 1048588, min.compaction.lag.ms -> 0, message.timestamp.type -> CreateTime, preallocate -> false, index.interval.bytes -> 4096, min.cleanable.dirty.ratio -> 0.5, unclean.leader.election.enable -> false, retention.bytes -> -1, delete.retention.ms -> 86400000, segment.ms -> 604800000, message.timestamp.difference.max.ms -> 9223372036854775807, segment.index.bytes -> 10485760}. (kafka.log.LogManager)
[2020-10-26 11:03:07,096] INFO [Partition t4_filtered-0 broker=0] No checkpointed highwatermark is found for partition t4_filtered-0 (kafka.cluster.Partition)
[2020-10-26 11:03:07,097] INFO [Partition t4_filtered-0 broker=0] Log loaded for partition t4_filtered-0 with initial high watermark 0 (kafka.cluster.Partition)
[2020-10-26 11:03:07,098] INFO [Partition t4_filtered-0 broker=0] t4_filtered-0 starts at leader epoch 0 from offset 0 with high watermark 0. Previous leader epoch was -1. (kafka.cluster.Partition)
[2020-10-26 11:03:09,158] INFO [ReplicaFetcherManager on broker 0] Removed fetcher for partitions Set(t5_warnings-0) (kafka.server.ReplicaFetcherManager)
[2020-10-26 11:03:09,172] INFO [Log partition=t5_warnings-0, dir=/var/lib/kafka/data/topics] Loading producer state till offset 0 with message format version 2 (kafka.log.Log)
[2020-10-26 11:03:09,173] INFO [Log partition=t5_warnings-0, dir=/var/lib/kafka/data/topics] Completed load of log with 1 segments, log start offset 0 and log end offset 0 in 6 ms (kafka.log.Log)
[2020-10-26 11:03:09,174] INFO Created log for partition t5_warnings-0 in /var/lib/kafka/data/topics/t5_warnings-0 with properties {compression.type -> producer, min.insync.replicas -> 2, message.downconversion.enable -> true, segment.jitter.ms -> 0, cleanup.policy -> [delete], flush.ms -> 9223372036854775807, retention.ms -> -1, segment.bytes -> 1073741824, flush.messages -> 9223372036854775807, message.format.version -> 2.5-IV0, max.compaction.lag.ms -> 9223372036854775807, file.delete.delay.ms -> 60000, max.message.bytes -> 1048588, min.compaction.lag.ms -> 0, message.timestamp.type -> CreateTime, preallocate -> false, index.interval.bytes -> 4096, min.cleanable.dirty.ratio -> 0.5, unclean.leader.election.enable -> false, retention.bytes -> -1, delete.retention.ms -> 86400000, segment.ms -> 604800000, message.timestamp.difference.max.ms -> 9223372036854775807, segment.index.bytes -> 10485760}. (kafka.log.LogManager)
[2020-10-26 11:03:09,180] INFO [Partition t5_warnings-0 broker=0] No checkpointed highwatermark is found for partition t5_warnings-0 (kafka.cluster.Partition)
[2020-10-26 11:03:09,180] INFO [Partition t5_warnings-0 broker=0] Log loaded for partition t5_warnings-0 with initial high watermark 0 (kafka.cluster.Partition)
[2020-10-26 11:03:09,180] INFO [Partition t5_warnings-0 broker=0] t5_warnings-0 starts at leader epoch 0 from offset 0 with high watermark 0. Previous leader epoch was -1. (kafka.cluster.Partition)
[2020-10-26 11:03:10,570] INFO [Log partition=t5_filtered-0, dir=/var/lib/kafka/data/topics] Loading producer state till offset 0 with message format version 2 (kafka.log.Log)
[2020-10-26 11:03:10,572] INFO [Log partition=t5_filtered-0, dir=/var/lib/kafka/data/topics] Completed load of log with 1 segments, log start offset 0 and log end offset 0 in 3 ms (kafka.log.Log)
[2020-10-26 11:03:10,576] INFO Created log for partition t5_filtered-0 in /var/lib/kafka/data/topics/t5_filtered-0 with properties {compression.type -> producer, min.insync.replicas -> 2, message.downconversion.enable -> true, segment.jitter.ms -> 0, cleanup.policy -> [delete], flush.ms -> 9223372036854775807, retention.ms -> -1, segment.bytes -> 1073741824, flush.messages -> 9223372036854775807, message.format.version -> 2.5-IV0, max.compaction.lag.ms -> 9223372036854775807, file.delete.delay.ms -> 60000, max.message.bytes -> 1048588, min.compaction.lag.ms -> 0, message.timestamp.type -> CreateTime, preallocate -> false, index.interval.bytes -> 4096, min.cleanable.dirty.ratio -> 0.5, unclean.leader.election.enable -> false, retention.bytes -> -1, delete.retention.ms -> 86400000, segment.ms -> 604800000, message.timestamp.difference.max.ms -> 9223372036854775807, segment.index.bytes -> 10485760}. (kafka.log.LogManager)
[2020-10-26 11:03:10,581] INFO [Partition t5_filtered-0 broker=0] No checkpointed highwatermark is found for partition t5_filtered-0 (kafka.cluster.Partition)
[2020-10-26 11:03:10,581] INFO [Partition t5_filtered-0 broker=0] Log loaded for partition t5_filtered-0 with initial high watermark 0 (kafka.cluster.Partition)
[2020-10-26 11:03:10,583] INFO [ReplicaFetcherManager on broker 0] Removed fetcher for partitions Set(t5_filtered-0) (kafka.server.ReplicaFetcherManager)
[2020-10-26 11:03:10,597] INFO [ReplicaFetcherManager on broker 0] Added fetcher to broker 5 for partitions Map(t5_filtered-0 -> (offset=0, leaderEpoch=0)) (kafka.server.ReplicaFetcherManager)
[2020-10-26 11:03:10,604] INFO [ReplicaFetcher replicaId=0, leaderId=5, fetcherId=1] Starting (kafka.server.ReplicaFetcherThread)
[2020-10-26 11:03:10,605] INFO [ReplicaFetcher replicaId=0, leaderId=5, fetcherId=1] Truncating partition t5_filtered-0 to local high watermark 0 (kafka.server.ReplicaFetcherThread)
[2020-10-26 11:03:10,605] INFO [Log partition=t5_filtered-0, dir=/var/lib/kafka/data/topics] Truncating to 0 has no effect as the largest offset in the log is -1 (kafka.log.Log)
[2020-10-26 11:03:37,974] INFO Unable to read additional data from server sessionid 0x10000189daf0001, likely server has closed socket, closing socket connection and attempting reconnect (org.apache.zookeeper.ClientCnxn)
[2020-10-26 11:03:39,615] INFO Opening socket connection to server zookeeper/10.233.17.172:2181. Will not attempt to authenticate using SASL (unknown error) (org.apache.zookeeper.ClientCnxn)
[2020-10-26 11:03:39,623] INFO Socket connection established, initiating session, client: /10.233.125.3:46232, server: zookeeper/10.233.17.172:2181 (org.apache.zookeeper.ClientCnxn)
[2020-10-26 11:03:39,642] INFO Session establishment complete on server zookeeper/10.233.17.172:2181, sessionid = 0x10000189daf0001, negotiated timeout = 3000 (org.apache.zookeeper.ClientCnxn)
[2020-10-26 11:04:21,430] INFO [Log partition=t5-0, dir=/var/lib/kafka/data/topics] Loading producer state till offset 0 with message format version 2 (kafka.log.Log)
[2020-10-26 11:04:21,433] INFO [Log partition=t5-0, dir=/var/lib/kafka/data/topics] Completed load of log with 1 segments, log start offset 0 and log end offset 0 in 4 ms (kafka.log.Log)
[2020-10-26 11:04:21,435] INFO Created log for partition t5-0 in /var/lib/kafka/data/topics/t5-0 with properties {compression.type -> producer, min.insync.replicas -> 2, message.downconversion.enable -> true, segment.jitter.ms -> 0, cleanup.policy -> [delete], flush.ms -> 9223372036854775807, retention.ms -> -1, segment.bytes -> 1073741824, flush.messages -> 9223372036854775807, message.format.version -> 2.5-IV0, max.compaction.lag.ms -> 9223372036854775807, file.delete.delay.ms -> 60000, max.message.bytes -> 1048588, min.compaction.lag.ms -> 0, message.timestamp.type -> CreateTime, preallocate -> false, index.interval.bytes -> 4096, min.cleanable.dirty.ratio -> 0.5, unclean.leader.election.enable -> false, retention.bytes -> -1, delete.retention.ms -> 86400000, segment.ms -> 604800000, message.timestamp.difference.max.ms -> 9223372036854775807, segment.index.bytes -> 10485760}. (kafka.log.LogManager)
[2020-10-26 11:04:21,437] INFO [Partition t5-0 broker=0] No checkpointed highwatermark is found for partition t5-0 (kafka.cluster.Partition)
[2020-10-26 11:04:21,437] INFO [Partition t5-0 broker=0] Log loaded for partition t5-0 with initial high watermark 0 (kafka.cluster.Partition)
[2020-10-26 11:04:21,437] INFO [ReplicaFetcherManager on broker 0] Removed fetcher for partitions Set(t5-0) (kafka.server.ReplicaFetcherManager)
[2020-10-26 11:04:21,438] INFO [ReplicaFetcherManager on broker 0] Added fetcher to broker 5 for partitions Map(t5-0 -> (offset=0, leaderEpoch=0)) (kafka.server.ReplicaFetcherManager)
[2020-10-26 11:04:21,661] INFO [ReplicaFetcher replicaId=0, leaderId=5, fetcherId=1] Truncating partition t5-0 to local high watermark 0 (kafka.server.ReplicaFetcherThread)
[2020-10-26 11:04:21,663] INFO [Log partition=t5-0, dir=/var/lib/kafka/data/topics] Truncating to 0 has no effect as the largest offset in the log is -1 (kafka.log.Log)
[2020-10-26 11:04:27,104] INFO [Log partition=t7-0, dir=/var/lib/kafka/data/topics] Loading producer state till offset 0 with message format version 2 (kafka.log.Log)
[2020-10-26 11:04:27,104] INFO [Log partition=t7-0, dir=/var/lib/kafka/data/topics] Completed load of log with 1 segments, log start offset 0 and log end offset 0 in 1 ms (kafka.log.Log)
[2020-10-26 11:04:27,105] INFO Created log for partition t7-0 in /var/lib/kafka/data/topics/t7-0 with properties {compression.type -> producer, min.insync.replicas -> 2, message.downconversion.enable -> true, segment.jitter.ms -> 0, cleanup.policy -> [delete], flush.ms -> 9223372036854775807, retention.ms -> -1, segment.bytes -> 1073741824, flush.messages -> 9223372036854775807, message.format.version -> 2.5-IV0, max.compaction.lag.ms -> 9223372036854775807, file.delete.delay.ms -> 60000, max.message.bytes -> 1048588, min.compaction.lag.ms -> 0, message.timestamp.type -> CreateTime, preallocate -> false, index.interval.bytes -> 4096, min.cleanable.dirty.ratio -> 0.5, unclean.leader.election.enable -> false, retention.bytes -> -1, delete.retention.ms -> 86400000, segment.ms -> 604800000, message.timestamp.difference.max.ms -> 9223372036854775807, segment.index.bytes -> 10485760}. (kafka.log.LogManager)
[2020-10-26 11:04:27,105] INFO [Partition t7-0 broker=0] No checkpointed highwatermark is found for partition t7-0 (kafka.cluster.Partition)
[2020-10-26 11:04:27,106] INFO [Partition t7-0 broker=0] Log loaded for partition t7-0 with initial high watermark 0 (kafka.cluster.Partition)
[2020-10-26 11:04:27,106] INFO [ReplicaFetcherManager on broker 0] Removed fetcher for partitions Set(t7-0) (kafka.server.ReplicaFetcherManager)
[2020-10-26 11:04:27,106] INFO [ReplicaFetcherManager on broker 0] Added fetcher to broker 5 for partitions Map(t7-0 -> (offset=0, leaderEpoch=0)) (kafka.server.ReplicaFetcherManager)
[2020-10-26 11:04:27,295] INFO [ReplicaFetcher replicaId=0, leaderId=5, fetcherId=1] Truncating partition t7-0 to local high watermark 0 (kafka.server.ReplicaFetcherThread)
[2020-10-26 11:04:27,296] INFO [Log partition=t7-0, dir=/var/lib/kafka/data/topics] Truncating to 0 has no effect as the largest offset in the log is -1 (kafka.log.Log)
[2020-10-26 11:05:08,574] INFO Unable to read additional data from server sessionid 0x10000189daf0001, likely server has closed socket, closing socket connection and attempting reconnect (org.apache.zookeeper.ClientCnxn)
[2020-10-26 11:05:10,132] INFO Opening socket connection to server zookeeper/10.233.17.172:2181. Will not attempt to authenticate using SASL (unknown error) (org.apache.zookeeper.ClientCnxn)
[2020-10-26 11:05:10,142] INFO Socket connection established, initiating session, client: /10.233.125.3:46918, server: zookeeper/10.233.17.172:2181 (org.apache.zookeeper.ClientCnxn)
[2020-10-26 11:05:10,154] INFO Session establishment complete on server zookeeper/10.233.17.172:2181, sessionid = 0x10000189daf0001, negotiated timeout = 3000 (org.apache.zookeeper.ClientCnxn)
[2020-10-26 11:11:02,144] INFO [GroupMetadataManager brokerId=0] Removed 0 expired offsets in 0 milliseconds. (kafka.coordinator.group.GroupMetadataManager)
[2020-10-26 11:15:12,162] WARN Session 0x10000189daf0001 for server zookeeper/10.233.17.172:2181, unexpected error, closing socket connection and attempting reconnect (org.apache.zookeeper.ClientCnxn)
java.io.IOException: Connection reset by peer
	at java.base/sun.nio.ch.FileDispatcherImpl.read0(Native Method)
	at java.base/sun.nio.ch.SocketDispatcher.read(Unknown Source)
	at java.base/sun.nio.ch.IOUtil.readIntoNativeBuffer(Unknown Source)
	at java.base/sun.nio.ch.IOUtil.read(Unknown Source)
	at java.base/sun.nio.ch.IOUtil.read(Unknown Source)
	at java.base/sun.nio.ch.SocketChannelImpl.read(Unknown Source)
	at org.apache.zookeeper.ClientCnxnSocketNIO.doIO(ClientCnxnSocketNIO.java:75)
	at org.apache.zookeeper.ClientCnxnSocketNIO.doTransport(ClientCnxnSocketNIO.java:363)
	at org.apache.zookeeper.ClientCnxn$SendThread.run(ClientCnxn.java:1223)
[2020-10-26 11:15:13,635] INFO Opening socket connection to server zookeeper/10.233.17.172:2181. Will not attempt to authenticate using SASL (unknown error) (org.apache.zookeeper.ClientCnxn)
[2020-10-26 11:15:13,641] INFO Socket connection established, initiating session, client: /10.233.125.3:51586, server: zookeeper/10.233.17.172:2181 (org.apache.zookeeper.ClientCnxn)
[2020-10-26 11:15:13,654] INFO Session establishment complete on server zookeeper/10.233.17.172:2181, sessionid = 0x10000189daf0001, negotiated timeout = 3000 (org.apache.zookeeper.ClientCnxn)
[2020-10-26 11:18:08,794] INFO Unable to read additional data from server sessionid 0x10000189daf0001, likely server has closed socket, closing socket connection and attempting reconnect (org.apache.zookeeper.ClientCnxn)
[2020-10-26 11:18:14,451] INFO Opening socket connection to server zookeeper/10.233.17.172:2181. Will not attempt to authenticate using SASL (unknown error) (org.apache.zookeeper.ClientCnxn)
[2020-10-26 11:18:15,467] INFO Socket connection established, initiating session, client: /10.233.125.3:53100, server: zookeeper/10.233.17.172:2181 (org.apache.zookeeper.ClientCnxn)
[2020-10-26 11:18:15,491] WARN Unable to reconnect to ZooKeeper service, session 0x10000189daf0001 has expired (org.apache.zookeeper.ClientCnxn)
[2020-10-26 11:18:15,493] INFO Unable to reconnect to ZooKeeper service, session 0x10000189daf0001 has expired, closing socket connection (org.apache.zookeeper.ClientCnxn)
[2020-10-26 11:18:15,491] INFO [ZooKeeperClient Kafka server] Session expired. (kafka.zookeeper.ZooKeeperClient)
[2020-10-26 11:18:15,491] INFO EventThread shut down for session: 0x10000189daf0001 (org.apache.zookeeper.ClientCnxn)
[2020-10-26 11:18:15,495] INFO [ZooKeeperClient Kafka server] Initializing a new session to zookeeper:2181. (kafka.zookeeper.ZooKeeperClient)
[2020-10-26 11:18:15,496] INFO Initiating client connection, connectString=zookeeper:2181 sessionTimeout=5000 watcher=kafka.zookeeper.ZooKeeperClient$ZooKeeperClientWatcher$@2fd953a6 (org.apache.zookeeper.ZooKeeper)
[2020-10-26 11:18:15,496] INFO jute.maxbuffer value is 4194304 Bytes (org.apache.zookeeper.ClientCnxnSocket)
[2020-10-26 11:18:15,496] INFO zookeeper.request.timeout value is 0. feature enabled= (org.apache.zookeeper.ClientCnxn)
[2020-10-26 11:18:15,504] INFO Opening socket connection to server zookeeper/10.233.17.172:2181. Will not attempt to authenticate using SASL (unknown error) (org.apache.zookeeper.ClientCnxn)
[2020-10-26 11:18:15,504] INFO Creating /brokers/ids/0 (is it secure? false) (kafka.zk.KafkaZkClient)
[2020-10-26 11:18:15,515] INFO Socket connection established, initiating session, client: /10.233.125.3:53116, server: zookeeper/10.233.17.172:2181 (org.apache.zookeeper.ClientCnxn)
[2020-10-26 11:18:15,534] INFO Session establishment complete on server zookeeper/10.233.17.172:2181, sessionid = 0x2000025fde00002, negotiated timeout = 3000 (org.apache.zookeeper.ClientCnxn)
[2020-10-26 11:18:15,780] INFO Stat of the created znode at /brokers/ids/0 is: 8589934672,8589934672,1603711095765,1603711095765,1,0,0,144115351248961538,293,0,8589934672
 (kafka.zk.KafkaZkClient)
[2020-10-26 11:18:15,780] INFO Registered broker 0 at path /brokers/ids/0 with addresses: ArrayBuffer(EndPoint(kafka-0.kafka.kafka.svc.cluster.local,9092,ListenerName(PLAINTEXT),PLAINTEXT), EndPoint(10.0.2.7,32400,ListenerName(OUTSIDE),PLAINTEXT)), czxid (broker epoch): 8589934672 (kafka.zk.KafkaZkClient)
[2020-10-26 11:18:16,407] INFO [ReplicaFetcher replicaId=0, leaderId=5, fetcherId=1] Partition t7-0 has an older epoch (0) than the current leader. Will await the new LeaderAndIsr state before resuming fetching. (kafka.server.ReplicaFetcherThread)
[2020-10-26 11:18:16,411] WARN [ReplicaFetcher replicaId=0, leaderId=5, fetcherId=1] Partition t7-0 marked as failed (kafka.server.ReplicaFetcherThread)
[2020-10-26 11:18:16,419] INFO [ReplicaFetcher replicaId=0, leaderId=5, fetcherId=1] Partition t5_filtered-0 has an older epoch (0) than the current leader. Will await the new LeaderAndIsr state before resuming fetching. (kafka.server.ReplicaFetcherThread)
[2020-10-26 11:18:16,420] WARN [ReplicaFetcher replicaId=0, leaderId=5, fetcherId=1] Partition t5_filtered-0 marked as failed (kafka.server.ReplicaFetcherThread)
[2020-10-26 11:18:16,549] INFO [ReplicaFetcherManager on broker 0] Removed fetcher for partitions Set(t5_filtered-0, t2_filtered-0, t5_warnings-0, t7-0) (kafka.server.ReplicaFetcherManager)
[2020-10-26 11:18:16,586] INFO [ReplicaFetcherManager on broker 0] Added fetcher to broker 3 for partitions Map(t7-0 -> (offset=154801, leaderEpoch=1), t5_warnings-0 -> (offset=3068, leaderEpoch=1), t5_filtered-0 -> (offset=154397, leaderEpoch=1)) (kafka.server.ReplicaFetcherManager)
[2020-10-26 11:18:16,586] INFO [ReplicaFetcher replicaId=0, leaderId=3, fetcherId=1] Starting (kafka.server.ReplicaFetcherThread)
[2020-10-26 11:18:16,612] INFO [ReplicaFetcherManager on broker 0] Added fetcher to broker 3 for partitions Map(t2_filtered-0 -> (offset=154346, leaderEpoch=3)) (kafka.server.ReplicaFetcherManager)
[2020-10-26 11:18:16,629] INFO [ReplicaFetcher replicaId=0, leaderId=3, fetcherId=0] Starting (kafka.server.ReplicaFetcherThread)
[2020-10-26 11:18:16,632] INFO [ReplicaFetcher replicaId=0, leaderId=6, fetcherId=0] Shutting down (kafka.server.ReplicaFetcherThread)
[2020-10-26 11:18:16,657] INFO [ReplicaFetcher replicaId=0, leaderId=6, fetcherId=0] Error sending fetch request (sessionId=1352487995, epoch=14187) to node 6: {}. (org.apache.kafka.clients.FetchSessionHandler)
java.io.IOException: Client was shutdown before response was read
	at org.apache.kafka.clients.NetworkClientUtils.sendAndReceive(NetworkClientUtils.java:109)
	at kafka.server.ReplicaFetcherBlockingSend.sendRequest(ReplicaFetcherBlockingSend.scala:108)
	at kafka.server.ReplicaFetcherThread.fetchFromLeader(ReplicaFetcherThread.scala:206)
	at kafka.server.AbstractFetcherThread.processFetchRequest(AbstractFetcherThread.scala:300)
	at kafka.server.AbstractFetcherThread.$anonfun$maybeFetch$3(AbstractFetcherThread.scala:135)
	at kafka.server.AbstractFetcherThread.maybeFetch(AbstractFetcherThread.scala:134)
	at kafka.server.AbstractFetcherThread.doWork(AbstractFetcherThread.scala:117)
	at kafka.utils.ShutdownableThread.run(ShutdownableThread.scala:96)
[2020-10-26 11:18:16,659] INFO [ReplicaFetcher replicaId=0, leaderId=6, fetcherId=0] Stopped (kafka.server.ReplicaFetcherThread)
[2020-10-26 11:18:16,660] INFO [ReplicaFetcher replicaId=0, leaderId=4, fetcherId=0] Partition t4_warnings-0 has an older epoch (0) than the current leader. Will await the new LeaderAndIsr state before resuming fetching. (kafka.server.ReplicaFetcherThread)
[2020-10-26 11:18:16,661] WARN [ReplicaFetcher replicaId=0, leaderId=4, fetcherId=0] Partition t4_warnings-0 marked as failed (kafka.server.ReplicaFetcherThread)
[2020-10-26 11:18:16,674] INFO [ReplicaFetcher replicaId=0, leaderId=6, fetcherId=0] Shutdown completed (kafka.server.ReplicaFetcherThread)
[2020-10-26 11:18:16,679] INFO [Log partition=t7-0, dir=/var/lib/kafka/data/topics] Truncating to offset 154801 (kafka.log.Log)
[2020-10-26 11:18:16,696] INFO [Log partition=t7-0, dir=/var/lib/kafka/data/topics] Scheduling segments for deletion List() (kafka.log.Log)
[2020-10-26 11:18:16,716] INFO [Log partition=t7-0, dir=/var/lib/kafka/data/topics] Loading producer state till offset 154801 with message format version 2 (kafka.log.Log)
[2020-10-26 11:18:16,717] INFO [ProducerStateManager partition=t7-0] Writing producer snapshot at offset 154801 (kafka.log.ProducerStateManager)
[2020-10-26 11:18:16,721] INFO [Log partition=t5_filtered-0, dir=/var/lib/kafka/data/topics] Truncating to offset 154397 (kafka.log.Log)
[2020-10-26 11:18:16,724] INFO [Log partition=t5_filtered-0, dir=/var/lib/kafka/data/topics] Scheduling segments for deletion List() (kafka.log.Log)
[2020-10-26 11:18:16,727] INFO [Log partition=t5_filtered-0, dir=/var/lib/kafka/data/topics] Loading producer state till offset 154397 with message format version 2 (kafka.log.Log)
[2020-10-26 11:18:16,731] INFO [ProducerStateManager partition=t5_filtered-0] Writing producer snapshot at offset 154397 (kafka.log.ProducerStateManager)
[2020-10-26 11:18:16,736] INFO [Log partition=t5_warnings-0, dir=/var/lib/kafka/data/topics] Truncating to 3068 has no effect as the largest offset in the log is 3067 (kafka.log.Log)
[2020-10-26 11:18:16,971] INFO [ReplicaFetcher replicaId=0, leaderId=5, fetcherId=1] Partition t5-0 has an older epoch (0) than the current leader. Will await the new LeaderAndIsr state before resuming fetching. (kafka.server.ReplicaFetcherThread)
[2020-10-26 11:18:16,972] WARN [ReplicaFetcher replicaId=0, leaderId=5, fetcherId=1] Partition t5-0 marked as failed (kafka.server.ReplicaFetcherThread)
[2020-10-26 11:18:17,003] INFO [ReplicaFetcherManager on broker 0] Removed fetcher for partitions Set(t5-0, t4_warnings-0, t4_filtered-0) (kafka.server.ReplicaFetcherManager)
[2020-10-26 11:18:17,003] INFO [Partition t5-0 broker=0] t5-0 starts at leader epoch 4 from offset 155194 with high watermark 155098. Previous leader epoch was 0. (kafka.cluster.Partition)
[2020-10-26 11:18:17,029] ERROR [ReplicaManager broker=0] Error processing append operation on partition t5-0 (kafka.server.ReplicaManager)
org.apache.kafka.common.errors.NotEnoughReplicasException: The size of the current ISR Set(0) is insufficient to satisfy the min.isr requirement of 2 for partition t5-0
[2020-10-26 11:18:17,030] INFO [Partition t4_warnings-0 broker=0] t4_warnings-0 starts at leader epoch 4 from offset 3030 with high watermark 3030. Previous leader epoch was 0. (kafka.cluster.Partition)
[2020-10-26 11:18:17,033] INFO [Partition t4_filtered-0 broker=0] t4_filtered-0 starts at leader epoch 4 from offset 154562 with high watermark 154562. Previous leader epoch was 0. (kafka.cluster.Partition)
[2020-10-26 11:18:17,036] INFO [ReplicaFetcher replicaId=0, leaderId=4, fetcherId=0] Shutting down (kafka.server.ReplicaFetcherThread)
[2020-10-26 11:18:17,039] INFO [ReplicaFetcher replicaId=0, leaderId=4, fetcherId=0] Stopped (kafka.server.ReplicaFetcherThread)
[2020-10-26 11:18:17,044] INFO [ReplicaFetcher replicaId=0, leaderId=4, fetcherId=0] Shutdown completed (kafka.server.ReplicaFetcherThread)
[2020-10-26 11:18:17,053] INFO [ReplicaFetcher replicaId=0, leaderId=5, fetcherId=1] Shutting down (kafka.server.ReplicaFetcherThread)
[2020-10-26 11:18:17,053] INFO [ReplicaFetcher replicaId=0, leaderId=5, fetcherId=1] Stopped (kafka.server.ReplicaFetcherThread)
[2020-10-26 11:18:17,053] INFO [ReplicaFetcher replicaId=0, leaderId=5, fetcherId=1] Shutdown completed (kafka.server.ReplicaFetcherThread)
[2020-10-26 11:18:17,101] ERROR [ReplicaManager broker=0] Error processing append operation on partition t5-0 (kafka.server.ReplicaManager)
org.apache.kafka.common.errors.NotEnoughReplicasException: The size of the current ISR Set(0) is insufficient to satisfy the min.isr requirement of 2 for partition t5-0
[2020-10-26 11:18:17,129] INFO [Partition t4_filtered-0 broker=0] Expanding ISR from 0 to 0,5 (kafka.cluster.Partition)
[2020-10-26 11:18:17,131] ERROR [ReplicaManager broker=0] Error processing append operation on partition t5-0 (kafka.server.ReplicaManager)
org.apache.kafka.common.errors.NotEnoughReplicasException: The size of the current ISR Set(0) is insufficient to satisfy the min.isr requirement of 2 for partition t5-0
[2020-10-26 11:18:17,153] ERROR [ReplicaManager broker=0] Error processing append operation on partition t5-0 (kafka.server.ReplicaManager)
org.apache.kafka.common.errors.NotEnoughReplicasException: The size of the current ISR Set(0) is insufficient to satisfy the min.isr requirement of 2 for partition t5-0
[2020-10-26 11:18:17,168] INFO [Partition t4_filtered-0 broker=0] ISR updated to [0,5] and zkVersion updated to [5] (kafka.cluster.Partition)
[2020-10-26 11:18:17,168] INFO [Partition t4_warnings-0 broker=0] Expanding ISR from 0 to 0,5 (kafka.cluster.Partition)
[2020-10-26 11:18:17,175] ERROR [ReplicaManager broker=0] Error processing append operation on partition t5-0 (kafka.server.ReplicaManager)
org.apache.kafka.common.errors.NotEnoughReplicasException: The size of the current ISR Set(0) is insufficient to satisfy the min.isr requirement of 2 for partition t5-0
[2020-10-26 11:18:17,195] INFO [Partition t4_warnings-0 broker=0] ISR updated to [0,5] and zkVersion updated to [5] (kafka.cluster.Partition)
[2020-10-26 11:18:17,196] ERROR [ReplicaManager broker=0] Error processing append operation on partition t5-0 (kafka.server.ReplicaManager)
org.apache.kafka.common.errors.NotEnoughReplicasException: The size of the current ISR Set(0) is insufficient to satisfy the min.isr requirement of 2 for partition t5-0
[2020-10-26 11:18:17,217] ERROR [ReplicaManager broker=0] Error processing append operation on partition t5-0 (kafka.server.ReplicaManager)
org.apache.kafka.common.errors.NotEnoughReplicasException: The size of the current ISR Set(0) is insufficient to satisfy the min.isr requirement of 2 for partition t5-0
[2020-10-26 11:18:17,237] ERROR [ReplicaManager broker=0] Error processing append operation on partition t5-0 (kafka.server.ReplicaManager)
org.apache.kafka.common.errors.NotEnoughReplicasException: The size of the current ISR Set(0) is insufficient to satisfy the min.isr requirement of 2 for partition t5-0
[2020-10-26 11:18:17,259] ERROR [ReplicaManager broker=0] Error processing append operation on partition t5-0 (kafka.server.ReplicaManager)
org.apache.kafka.common.errors.NotEnoughReplicasException: The size of the current ISR Set(0) is insufficient to satisfy the min.isr requirement of 2 for partition t5-0
[2020-10-26 11:18:17,280] ERROR [ReplicaManager broker=0] Error processing append operation on partition t5-0 (kafka.server.ReplicaManager)
org.apache.kafka.common.errors.NotEnoughReplicasException: The size of the current ISR Set(0) is insufficient to satisfy the min.isr requirement of 2 for partition t5-0
[2020-10-26 11:18:17,301] ERROR [ReplicaManager broker=0] Error processing append operation on partition t5-0 (kafka.server.ReplicaManager)
org.apache.kafka.common.errors.NotEnoughReplicasException: The size of the current ISR Set(0) is insufficient to satisfy the min.isr requirement of 2 for partition t5-0
[2020-10-26 11:18:17,324] ERROR [ReplicaManager broker=0] Error processing append operation on partition t5-0 (kafka.server.ReplicaManager)
org.apache.kafka.common.errors.NotEnoughReplicasException: The size of the current ISR Set(0) is insufficient to satisfy the min.isr requirement of 2 for partition t5-0
[2020-10-26 11:18:17,344] ERROR [ReplicaManager broker=0] Error processing append operation on partition t5-0 (kafka.server.ReplicaManager)
org.apache.kafka.common.errors.NotEnoughReplicasException: The size of the current ISR Set(0) is insufficient to satisfy the min.isr requirement of 2 for partition t5-0
[2020-10-26 11:18:17,351] INFO [ReplicaFetcherManager on broker 0] Removed fetcher for partitions Set(t5_warnings-0) (kafka.server.ReplicaFetcherManager)
[2020-10-26 11:18:17,351] INFO [Partition t5_warnings-0 broker=0] t5_warnings-0 starts at leader epoch 2 from offset 3068 with high watermark 3068. Previous leader epoch was 1. (kafka.cluster.Partition)
[2020-10-26 11:18:17,366] ERROR [ReplicaManager broker=0] Error processing append operation on partition t5-0 (kafka.server.ReplicaManager)
org.apache.kafka.common.errors.NotEnoughReplicasException: The size of the current ISR Set(0) is insufficient to satisfy the min.isr requirement of 2 for partition t5-0
[2020-10-26 11:18:17,392] INFO [ReplicaFetcherManager on broker 0] Removed fetcher for partitions Set(t5_filtered-0, t7-0) (kafka.server.ReplicaFetcherManager)
[2020-10-26 11:18:17,399] INFO [ReplicaFetcherManager on broker 0] Added fetcher to broker 5 for partitions Map(t7-0 -> (offset=155701, leaderEpoch=2), t5_filtered-0 -> (offset=155155, leaderEpoch=2)) (kafka.server.ReplicaFetcherManager)
[2020-10-26 11:18:17,399] INFO [ReplicaFetcher replicaId=0, leaderId=3, fetcherId=1] Shutting down (kafka.server.ReplicaFetcherThread)
[2020-10-26 11:18:17,400] INFO [ReplicaFetcher replicaId=0, leaderId=5, fetcherId=1] Starting (kafka.server.ReplicaFetcherThread)
[2020-10-26 11:18:17,400] INFO [ReplicaFetcher replicaId=0, leaderId=3, fetcherId=1] Error sending fetch request (sessionId=1571497820, epoch=2) to node 3: {}. (org.apache.kafka.clients.FetchSessionHandler)
java.io.IOException: Client was shutdown before response was read
	at org.apache.kafka.clients.NetworkClientUtils.sendAndReceive(NetworkClientUtils.java:109)
	at kafka.server.ReplicaFetcherBlockingSend.sendRequest(ReplicaFetcherBlockingSend.scala:108)
	at kafka.server.ReplicaFetcherThread.fetchFromLeader(ReplicaFetcherThread.scala:206)
	at kafka.server.AbstractFetcherThread.processFetchRequest(AbstractFetcherThread.scala:300)
	at kafka.server.AbstractFetcherThread.$anonfun$maybeFetch$3(AbstractFetcherThread.scala:135)
	at kafka.server.AbstractFetcherThread.maybeFetch(AbstractFetcherThread.scala:134)
	at kafka.server.AbstractFetcherThread.doWork(AbstractFetcherThread.scala:117)
	at kafka.utils.ShutdownableThread.run(ShutdownableThread.scala:96)
[2020-10-26 11:18:17,401] INFO [ReplicaFetcher replicaId=0, leaderId=3, fetcherId=1] Stopped (kafka.server.ReplicaFetcherThread)
[2020-10-26 11:18:17,402] INFO [ReplicaFetcher replicaId=0, leaderId=3, fetcherId=1] Shutdown completed (kafka.server.ReplicaFetcherThread)
[2020-10-26 11:18:17,437] ERROR [ReplicaManager broker=0] Error processing append operation on partition t5-0 (kafka.server.ReplicaManager)
org.apache.kafka.common.errors.NotEnoughReplicasException: The size of the current ISR Set(0) is insufficient to satisfy the min.isr requirement of 2 for partition t5-0
[2020-10-26 11:18:17,445] INFO [Log partition=t7-0, dir=/var/lib/kafka/data/topics] Truncating to 155708 has no effect as the largest offset in the log is 155707 (kafka.log.Log)
[2020-10-26 11:18:17,445] INFO [Log partition=t5_filtered-0, dir=/var/lib/kafka/data/topics] Truncating to 155155 has no effect as the largest offset in the log is 155154 (kafka.log.Log)
[2020-10-26 11:18:17,462] ERROR [ReplicaManager broker=0] Error processing append operation on partition t5-0 (kafka.server.ReplicaManager)
org.apache.kafka.common.errors.NotEnoughReplicasException: The size of the current ISR Set(0) is insufficient to satisfy the min.isr requirement of 2 for partition t5-0
[2020-10-26 11:18:17,483] ERROR [ReplicaManager broker=0] Error processing append operation on partition t5-0 (kafka.server.ReplicaManager)
org.apache.kafka.common.errors.NotEnoughReplicasException: The size of the current ISR Set(0) is insufficient to satisfy the min.isr requirement of 2 for partition t5-0
[2020-10-26 11:18:17,505] ERROR [ReplicaManager broker=0] Error processing append operation on partition t5-0 (kafka.server.ReplicaManager)
org.apache.kafka.common.errors.NotEnoughReplicasException: The size of the current ISR Set(0) is insufficient to satisfy the min.isr requirement of 2 for partition t5-0
[2020-10-26 11:18:17,674] INFO [Log partition=t2_filtered-0, dir=/var/lib/kafka/data/topics] Truncating to offset 154346 (kafka.log.Log)
[2020-10-26 11:18:17,674] INFO [Log partition=t2_filtered-0, dir=/var/lib/kafka/data/topics] Scheduling segments for deletion List() (kafka.log.Log)
[2020-10-26 11:18:17,674] INFO [Log partition=t2_filtered-0, dir=/var/lib/kafka/data/topics] Loading producer state till offset 154346 with message format version 2 (kafka.log.Log)
[2020-10-26 11:18:17,675] INFO [ProducerStateManager partition=t2_filtered-0] Writing producer snapshot at offset 154346 (kafka.log.ProducerStateManager)
[2020-10-26 11:18:17,711] INFO [Partition t5-0 broker=0] Expanding ISR from 0 to 0,4 (kafka.cluster.Partition)
[2020-10-26 11:18:17,751] INFO [ReplicaFetcherManager on broker 0] Removed fetcher for partitions Set(t2_filtered-0) (kafka.server.ReplicaFetcherManager)
[2020-10-26 11:18:17,754] INFO [ReplicaFetcherManager on broker 0] Added fetcher to broker 6 for partitions Map(t2_filtered-0 -> (offset=154961, leaderEpoch=4)) (kafka.server.ReplicaFetcherManager)
[2020-10-26 11:18:17,754] INFO [ReplicaFetcher replicaId=0, leaderId=3, fetcherId=0] Shutting down (kafka.server.ReplicaFetcherThread)
[2020-10-26 11:18:17,755] INFO [ReplicaFetcher replicaId=0, leaderId=3, fetcherId=0] Error sending fetch request (sessionId=1366623364, epoch=1) to node 3: {}. (org.apache.kafka.clients.FetchSessionHandler)
java.io.IOException: Client was shutdown before response was read
	at org.apache.kafka.clients.NetworkClientUtils.sendAndReceive(NetworkClientUtils.java:109)
	at kafka.server.ReplicaFetcherBlockingSend.sendRequest(ReplicaFetcherBlockingSend.scala:108)
	at kafka.server.ReplicaFetcherThread.fetchFromLeader(ReplicaFetcherThread.scala:206)
	at kafka.server.AbstractFetcherThread.processFetchRequest(AbstractFetcherThread.scala:300)
	at kafka.server.AbstractFetcherThread.$anonfun$maybeFetch$3(AbstractFetcherThread.scala:135)
	at kafka.server.AbstractFetcherThread.maybeFetch(AbstractFetcherThread.scala:134)
	at kafka.server.AbstractFetcherThread.doWork(AbstractFetcherThread.scala:117)
	at kafka.utils.ShutdownableThread.run(ShutdownableThread.scala:96)
[2020-10-26 11:18:17,761] INFO [ReplicaFetcher replicaId=0, leaderId=3, fetcherId=0] Shutdown completed (kafka.server.ReplicaFetcherThread)
[2020-10-26 11:18:17,761] INFO [ReplicaFetcher replicaId=0, leaderId=3, fetcherId=0] Stopped (kafka.server.ReplicaFetcherThread)
[2020-10-26 11:18:17,763] INFO [ReplicaFetcher replicaId=0, leaderId=6, fetcherId=0] Starting (kafka.server.ReplicaFetcherThread)
[2020-10-26 11:18:17,793] INFO [Partition t4_warnings-0 broker=0] Expanding ISR from 0,5 to 0,5,4 (kafka.cluster.Partition)
[2020-10-26 11:18:17,795] INFO [Log partition=t2_filtered-0, dir=/var/lib/kafka/data/topics] Truncating to offset 154961 (kafka.log.Log)
[2020-10-26 11:18:17,795] INFO [Log partition=t2_filtered-0, dir=/var/lib/kafka/data/topics] Scheduling segments for deletion List() (kafka.log.Log)
[2020-10-26 11:18:17,797] INFO [Log partition=t2_filtered-0, dir=/var/lib/kafka/data/topics] Loading producer state till offset 154961 with message format version 2 (kafka.log.Log)
[2020-10-26 11:18:17,799] INFO [ProducerStateManager partition=t2_filtered-0] Loading producer state from snapshot file '/var/lib/kafka/data/topics/t2_filtered-0/00000000000000154346.snapshot' (kafka.log.ProducerStateManager)
[2020-10-26 11:18:17,816] INFO [ProducerStateManager partition=t2_filtered-0] Writing producer snapshot at offset 154961 (kafka.log.ProducerStateManager)
[2020-10-26 11:18:17,867] INFO [Partition t5-0 broker=0] ISR updated to [0,4] and zkVersion updated to [5] (kafka.cluster.Partition)
[2020-10-26 11:18:17,868] INFO [Partition t4_warnings-0 broker=0] ISR updated to [0,5,4] and zkVersion updated to [6] (kafka.cluster.Partition)
[2020-10-26 11:18:17,869] INFO [Partition t4_filtered-0 broker=0] Expanding ISR from 0,5 to 0,5,4 (kafka.cluster.Partition)
[2020-10-26 11:18:17,880] INFO [Partition t5-0 broker=0] Expanding ISR from 0,4 to 0,4,5 (kafka.cluster.Partition)
[2020-10-26 11:18:17,886] INFO [Partition t4_filtered-0 broker=0] ISR updated to [0,5,4] and zkVersion updated to [6] (kafka.cluster.Partition)
[2020-10-26 11:18:17,896] INFO [Partition t5-0 broker=0] ISR updated to [0,4,5] and zkVersion updated to [6] (kafka.cluster.Partition)
[2020-10-26 11:19:16,701] INFO [Log partition=t7-0, dir=/var/lib/kafka/data/topics] Deleting segments List() (kafka.log.Log)
[2020-10-26 11:19:16,724] INFO [Log partition=t5_filtered-0, dir=/var/lib/kafka/data/topics] Deleting segments List() (kafka.log.Log)
[2020-10-26 11:19:17,674] INFO [Log partition=t2_filtered-0, dir=/var/lib/kafka/data/topics] Deleting segments List() (kafka.log.Log)
[2020-10-26 11:19:17,796] INFO [Log partition=t2_filtered-0, dir=/var/lib/kafka/data/topics] Deleting segments List() (kafka.log.Log)
[2020-10-26 11:21:02,146] INFO [GroupMetadataManager brokerId=0] Removed 0 expired offsets in 0 milliseconds. (kafka.coordinator.group.GroupMetadataManager)
[2020-10-26 11:23:17,879] INFO [ReplicaFetcherManager on broker 0] Removed fetcher for partitions Set(t5-0) (kafka.server.ReplicaFetcherManager)
[2020-10-26 11:23:17,880] INFO [ReplicaFetcherManager on broker 0] Added fetcher to broker 5 for partitions Map(t5-0 -> (offset=215983, leaderEpoch=5)) (kafka.server.ReplicaFetcherManager)
[2020-10-26 11:23:18,077] INFO [Log partition=t5-0, dir=/var/lib/kafka/data/topics] Truncating to 215989 has no effect as the largest offset in the log is 215988 (kafka.log.Log)
[2020-10-26 11:23:18,148] INFO [ReplicaFetcherManager on broker 0] Removed fetcher for partitions Set(t4_warnings-0) (kafka.server.ReplicaFetcherManager)
[2020-10-26 11:23:18,203] INFO [ReplicaFetcherManager on broker 0] Added fetcher to broker 4 for partitions Map(t4_warnings-0 -> (offset=4343, leaderEpoch=5)) (kafka.server.ReplicaFetcherManager)
[2020-10-26 11:23:18,205] INFO [ReplicaFetcher replicaId=0, leaderId=4, fetcherId=0] Starting (kafka.server.ReplicaFetcherThread)
[2020-10-26 11:23:18,220] INFO [Log partition=t4_warnings-0, dir=/var/lib/kafka/data/topics] Truncating to 4343 has no effect as the largest offset in the log is 4342 (kafka.log.Log)
[2020-10-26 11:27:25,760] INFO Unable to read additional data from server sessionid 0x2000025fde00002, likely server has closed socket, closing socket connection and attempting reconnect (org.apache.zookeeper.ClientCnxn)
[2020-10-26 11:27:27,916] INFO Opening socket connection to server zookeeper/10.233.17.172:2181. Will not attempt to authenticate using SASL (unknown error) (org.apache.zookeeper.ClientCnxn)
[2020-10-26 11:27:27,924] INFO Socket connection established, initiating session, client: /10.233.125.3:57870, server: zookeeper/10.233.17.172:2181 (org.apache.zookeeper.ClientCnxn)
[2020-10-26 11:27:27,930] INFO Unable to read additional data from server sessionid 0x2000025fde00002, likely server has closed socket, closing socket connection and attempting reconnect (org.apache.zookeeper.ClientCnxn)
[2020-10-26 11:27:29,559] INFO Opening socket connection to server zookeeper/10.233.17.172:2181. Will not attempt to authenticate using SASL (unknown error) (org.apache.zookeeper.ClientCnxn)
[2020-10-26 11:27:29,567] INFO Socket connection established, initiating session, client: /10.233.125.3:57880, server: zookeeper/10.233.17.172:2181 (org.apache.zookeeper.ClientCnxn)
[2020-10-26 11:27:29,576] INFO Unable to read additional data from server sessionid 0x2000025fde00002, likely server has closed socket, closing socket connection and attempting reconnect (org.apache.zookeeper.ClientCnxn)
[2020-10-26 11:27:30,957] INFO Opening socket connection to server zookeeper/10.233.17.172:2181. Will not attempt to authenticate using SASL (unknown error) (org.apache.zookeeper.ClientCnxn)
[2020-10-26 11:27:30,962] INFO Socket connection established, initiating session, client: /10.233.125.3:57892, server: zookeeper/10.233.17.172:2181 (org.apache.zookeeper.ClientCnxn)
[2020-10-26 11:27:30,968] INFO Unable to read additional data from server sessionid 0x2000025fde00002, likely server has closed socket, closing socket connection and attempting reconnect (org.apache.zookeeper.ClientCnxn)
[2020-10-26 11:27:32,989] INFO Opening socket connection to server zookeeper/10.233.17.172:2181. Will not attempt to authenticate using SASL (unknown error) (org.apache.zookeeper.ClientCnxn)
[2020-10-26 11:27:32,997] INFO Socket connection established, initiating session, client: /10.233.125.3:57906, server: zookeeper/10.233.17.172:2181 (org.apache.zookeeper.ClientCnxn)
[2020-10-26 11:27:33,029] INFO Session establishment complete on server zookeeper/10.233.17.172:2181, sessionid = 0x2000025fde00002, negotiated timeout = 3000 (org.apache.zookeeper.ClientCnxn)
[2020-10-26 11:28:06,497] INFO Unable to read additional data from server sessionid 0x2000025fde00002, likely server has closed socket, closing socket connection and attempting reconnect (org.apache.zookeeper.ClientCnxn)
[2020-10-26 11:28:08,047] INFO Opening socket connection to server zookeeper/10.233.17.172:2181. Will not attempt to authenticate using SASL (unknown error) (org.apache.zookeeper.ClientCnxn)
[2020-10-26 11:28:08,059] INFO Socket connection established, initiating session, client: /10.233.125.3:58132, server: zookeeper/10.233.17.172:2181 (org.apache.zookeeper.ClientCnxn)
[2020-10-26 11:28:08,075] INFO Session establishment complete on server zookeeper/10.233.17.172:2181, sessionid = 0x2000025fde00002, negotiated timeout = 3000 (org.apache.zookeeper.ClientCnxn)
