[2020-10-26 11:27:28,277] INFO Reading configuration from: /etc/kafka/zookeeper.properties.scale-3.zoo-1 (org.apache.zookeeper.server.quorum.QuorumPeerConfig)
[2020-10-26 11:27:28,328] INFO clientPortAddress is 0.0.0.0:2181 (org.apache.zookeeper.server.quorum.QuorumPeerConfig)
[2020-10-26 11:27:28,328] INFO secureClientPort is not set (org.apache.zookeeper.server.quorum.QuorumPeerConfig)
[2020-10-26 11:27:28,442] INFO autopurge.snapRetainCount set to 3 (org.apache.zookeeper.server.DatadirCleanupManager)
[2020-10-26 11:27:28,442] INFO autopurge.purgeInterval set to 0 (org.apache.zookeeper.server.DatadirCleanupManager)
[2020-10-26 11:27:28,442] INFO Purge task is not scheduled. (org.apache.zookeeper.server.DatadirCleanupManager)
[2020-10-26 11:27:28,454] INFO Log4j 1.2 jmx support found and enabled. (org.apache.zookeeper.jmx.ManagedUtil)
[2020-10-26 11:27:28,906] INFO Starting quorum peer (org.apache.zookeeper.server.quorum.QuorumPeerMain)
[2020-10-26 11:27:28,928] INFO Using org.apache.zookeeper.server.NIOServerCnxnFactory as server connection factory (org.apache.zookeeper.server.ServerCnxnFactory)
[2020-10-26 11:27:28,937] INFO Configuring NIO connection handler with 10s sessionless connection timeout, 1 selector thread(s), 2 worker threads, and 64 kB direct buffers. (org.apache.zookeeper.server.NIOServerCnxnFactory)
[2020-10-26 11:27:28,956] INFO binding to port 0.0.0.0/0.0.0.0:2181 (org.apache.zookeeper.server.NIOServerCnxnFactory)
[2020-10-26 11:27:29,031] INFO Logging initialized @2358ms to org.eclipse.jetty.util.log.Slf4jLog (org.eclipse.jetty.util.log)
[2020-10-26 11:27:29,322] WARN o.e.j.s.ServletContextHandler@59505b48{/,null,UNAVAILABLE} contextPath ends with /* (org.eclipse.jetty.server.handler.ContextHandler)
[2020-10-26 11:27:29,322] WARN Empty contextPath (org.eclipse.jetty.server.handler.ContextHandler)
[2020-10-26 11:27:29,382] INFO Setting -D jdk.tls.rejectClientInitiatedRenegotiation=true to disable client-initiated TLS renegotiation (org.apache.zookeeper.common.X509Util)
[2020-10-26 11:27:29,418] INFO zookeeper.snapshot.trust.empty : false (org.apache.zookeeper.server.persistence.FileTxnSnapLog)
[2020-10-26 11:27:29,452] INFO Local sessions disabled (org.apache.zookeeper.server.quorum.QuorumPeer)
[2020-10-26 11:27:29,452] INFO Local session upgrading disabled (org.apache.zookeeper.server.quorum.QuorumPeer)
[2020-10-26 11:27:29,452] INFO tickTime set to 130 (org.apache.zookeeper.server.quorum.QuorumPeer)
[2020-10-26 11:27:29,452] INFO minSessionTimeout set to 260 (org.apache.zookeeper.server.quorum.QuorumPeer)
[2020-10-26 11:27:29,452] INFO maxSessionTimeout set to 3000 (org.apache.zookeeper.server.quorum.QuorumPeer)
[2020-10-26 11:27:29,452] INFO initLimit set to 5 (org.apache.zookeeper.server.quorum.QuorumPeer)
[2020-10-26 11:27:29,532] INFO zookeeper.snapshotSizeFactor = 0.33 (org.apache.zookeeper.server.ZKDatabase)
[2020-10-26 11:27:29,547] INFO Using insecure (non-TLS) quorum communication (org.apache.zookeeper.server.quorum.QuorumPeer)
[2020-10-26 11:27:29,552] INFO Port unification disabled (org.apache.zookeeper.server.quorum.QuorumPeer)
[2020-10-26 11:27:29,553] INFO QuorumPeer communication is not secured! (SASL auth disabled) (org.apache.zookeeper.server.quorum.QuorumPeer)
[2020-10-26 11:27:29,553] INFO quorum.cnxn.threads.size set to 20 (org.apache.zookeeper.server.quorum.QuorumPeer)
[2020-10-26 11:27:29,581] INFO Reading snapshot /var/lib/zookeeper/data/version-2/snapshot.1000000ff (org.apache.zookeeper.server.persistence.FileSnap)
[2020-10-26 11:27:29,912] INFO jetty-9.4.24.v20191120; built: 2019-11-20T21:37:49.771Z; git: 363d5f2df3a8a28de40604320230664b9c793c16; jvm 11.0.7+10 (org.eclipse.jetty.server.Server)
[2020-10-26 11:27:30,139] INFO DefaultSessionIdManager workerName=node0 (org.eclipse.jetty.server.session)
[2020-10-26 11:27:30,139] INFO No SessionScavenger set, using defaults (org.eclipse.jetty.server.session)
[2020-10-26 11:27:30,149] INFO node0 Scavenging every 660000ms (org.eclipse.jetty.server.session)
[2020-10-26 11:27:30,192] INFO Started o.e.j.s.ServletContextHandler@59505b48{/,null,AVAILABLE} (org.eclipse.jetty.server.handler.ContextHandler)
[2020-10-26 11:27:30,309] INFO Started ServerConnector@1e683a3e{HTTP/1.1,[http/1.1]}{0.0.0.0:8080} (org.eclipse.jetty.server.AbstractConnector)
[2020-10-26 11:27:30,313] INFO Started @3640ms (org.eclipse.jetty.server.Server)
[2020-10-26 11:27:30,314] INFO Started AdminServer on address 0.0.0.0, port 8080 and command URL /commands (org.apache.zookeeper.server.admin.JettyAdminServer)
[2020-10-26 11:27:30,359] INFO Election port bind maximum retries is infinite (org.apache.zookeeper.server.quorum.QuorumCnxManager)
[2020-10-26 11:27:30,442] INFO 2 is accepting connections now, my election bind port: zoo-1.zoo.kafka.svc.cluster.local/10.233.109.5:3888 (org.apache.zookeeper.server.quorum.QuorumCnxManager)
[2020-10-26 11:27:30,702] INFO Received connection request from /10.233.120.2:47488 (org.apache.zookeeper.server.quorum.QuorumCnxManager)
[2020-10-26 11:27:30,710] INFO Received connection request from /10.233.119.3:50594 (org.apache.zookeeper.server.quorum.QuorumCnxManager)
[2020-10-26 11:27:30,774] INFO Notification: 2 (message format version), 3 (n.leader), 0x2000000b0 (n.zxid), 0x9 (n.round), LOOKING (n.state), 3 (n.sid), 0x2 (n.peerEPoch), LOOKING (my state)0 (n.config version) (org.apache.zookeeper.server.quorum.FastLeaderElection)
[2020-10-26 11:27:30,824] INFO LOOKING (org.apache.zookeeper.server.quorum.QuorumPeer)
[2020-10-26 11:27:30,855] INFO Notification: 2 (message format version), 3 (n.leader), 0x2000000b0 (n.zxid), 0x9 (n.round), LOOKING (n.state), 1 (n.sid), 0x2 (n.peerEPoch), LOOKING (my state)0 (n.config version) (org.apache.zookeeper.server.quorum.FastLeaderElection)
[2020-10-26 11:27:30,857] INFO New election. My id =  2, proposed zxid=0x2000000b0 (org.apache.zookeeper.server.quorum.FastLeaderElection)
[2020-10-26 11:27:30,861] INFO Notification: 2 (message format version), 2 (n.leader), 0x2000000b0 (n.zxid), 0x1 (n.round), LOOKING (n.state), 2 (n.sid), 0x2 (n.peerEPoch), LOOKING (my state)0 (n.config version) (org.apache.zookeeper.server.quorum.FastLeaderElection)
[2020-10-26 11:27:30,874] INFO Notification: 2 (message format version), 3 (n.leader), 0x2000000b0 (n.zxid), 0x9 (n.round), LOOKING (n.state), 3 (n.sid), 0x2 (n.peerEPoch), LOOKING (my state)0 (n.config version) (org.apache.zookeeper.server.quorum.FastLeaderElection)
[2020-10-26 11:27:30,874] INFO Notification: 2 (message format version), 3 (n.leader), 0x2000000b0 (n.zxid), 0x9 (n.round), LOOKING (n.state), 1 (n.sid), 0x2 (n.peerEPoch), LOOKING (my state)0 (n.config version) (org.apache.zookeeper.server.quorum.FastLeaderElection)
[2020-10-26 11:27:30,884] INFO Notification: 2 (message format version), 3 (n.leader), 0x2000000b0 (n.zxid), 0x9 (n.round), LOOKING (n.state), 2 (n.sid), 0x2 (n.peerEPoch), LOOKING (my state)0 (n.config version) (org.apache.zookeeper.server.quorum.FastLeaderElection)
[2020-10-26 11:27:31,044] INFO The list of known four letter word commands is : [{1936881266=srvr, 1937006964=stat, 2003003491=wchc, 1685417328=dump, 1668445044=crst, 1936880500=srst, 1701738089=envi, 1668247142=conf, -720899=telnet close, 2003003507=wchs, 2003003504=wchp, 1684632179=dirs, 1668247155=cons, 1835955314=mntr, 1769173615=isro, 1920298859=ruok, 1735683435=gtmk, 1937010027=stmk}] (org.apache.zookeeper.server.command.FourLetterCommands)
[2020-10-26 11:27:31,046] INFO The list of enabled four letter word commands is : [[ruok, srvr]] (org.apache.zookeeper.server.command.FourLetterCommands)
[2020-10-26 11:27:31,106] INFO Notification: 2 (message format version), 1 (n.leader), 0x2000000b0 (n.zxid), 0xa (n.round), LOOKING (n.state), 1 (n.sid), 0x2 (n.peerEPoch), LOOKING (my state)0 (n.config version) (org.apache.zookeeper.server.quorum.FastLeaderElection)
[2020-10-26 11:27:31,124] INFO FOLLOWING (org.apache.zookeeper.server.quorum.QuorumPeer)
[2020-10-26 11:27:31,224] INFO TCP NoDelay set to: true (org.apache.zookeeper.server.quorum.Learner)
[2020-10-26 11:27:31,277] INFO Server environment:zookeeper.version=3.5.8-f439ca583e70862c3068a1f2a7d4d068eec33315, built on 05/04/2020 15:53 GMT (org.apache.zookeeper.server.ZooKeeperServer)
[2020-10-26 11:27:31,277] INFO Server environment:host.name=zoo-1.zoo.kafka.svc.cluster.local (org.apache.zookeeper.server.ZooKeeperServer)
[2020-10-26 11:27:31,277] INFO Server environment:java.version=11.0.7 (org.apache.zookeeper.server.ZooKeeperServer)
[2020-10-26 11:27:31,282] INFO Server environment:java.vendor=AdoptOpenJDK (org.apache.zookeeper.server.ZooKeeperServer)
[2020-10-26 11:27:31,284] INFO Server environment:java.home=/opt/java/openjdk (org.apache.zookeeper.server.ZooKeeperServer)
[2020-10-26 11:27:31,284] INFO Server environment:java.class.path=/opt/kafka/libs/extensions/*:/opt/kafka/libs/activation-1.1.1.jar:/opt/kafka/libs/aopalliance-repackaged-2.5.0.jar:/opt/kafka/libs/argparse4j-0.7.0.jar:/opt/kafka/libs/audience-annotations-0.5.0.jar:/opt/kafka/libs/commons-cli-1.4.jar:/opt/kafka/libs/commons-lang3-3.8.1.jar:/opt/kafka/libs/connect-api-2.5.0.jar:/opt/kafka/libs/connect-basic-auth-extension-2.5.0.jar:/opt/kafka/libs/connect-file-2.5.0.jar:/opt/kafka/libs/connect-json-2.5.0.jar:/opt/kafka/libs/connect-mirror-2.5.0.jar:/opt/kafka/libs/connect-mirror-client-2.5.0.jar:/opt/kafka/libs/connect-runtime-2.5.0.jar:/opt/kafka/libs/connect-transforms-2.5.0.jar:/opt/kafka/libs/hk2-api-2.5.0.jar:/opt/kafka/libs/hk2-locator-2.5.0.jar:/opt/kafka/libs/hk2-utils-2.5.0.jar:/opt/kafka/libs/jackson-annotations-2.10.2.jar:/opt/kafka/libs/jackson-core-2.10.2.jar:/opt/kafka/libs/jackson-databind-2.10.2.jar:/opt/kafka/libs/jackson-dataformat-csv-2.10.2.jar:/opt/kafka/libs/jackson-datatype-jdk8-2.10.2.jar:/opt/kafka/libs/jackson-jaxrs-base-2.10.2.jar:/opt/kafka/libs/jackson-jaxrs-json-provider-2.10.2.jar:/opt/kafka/libs/jackson-module-jaxb-annotations-2.10.2.jar:/opt/kafka/libs/jackson-module-paranamer-2.10.2.jar:/opt/kafka/libs/jackson-module-scala_2.12-2.10.2.jar:/opt/kafka/libs/jakarta.activation-api-1.2.1.jar:/opt/kafka/libs/jakarta.annotation-api-1.3.4.jar:/opt/kafka/libs/jakarta.inject-2.5.0.jar:/opt/kafka/libs/jakarta.ws.rs-api-2.1.5.jar:/opt/kafka/libs/jakarta.xml.bind-api-2.3.2.jar:/opt/kafka/libs/javassist-3.22.0-CR2.jar:/opt/kafka/libs/javassist-3.26.0-GA.jar:/opt/kafka/libs/javax.servlet-api-3.1.0.jar:/opt/kafka/libs/javax.ws.rs-api-2.1.1.jar:/opt/kafka/libs/jaxb-api-2.3.0.jar:/opt/kafka/libs/jersey-client-2.28.jar:/opt/kafka/libs/jersey-common-2.28.jar:/opt/kafka/libs/jersey-container-servlet-2.28.jar:/opt/kafka/libs/jersey-container-servlet-core-2.28.jar:/opt/kafka/libs/jersey-hk2-2.28.jar:/opt/kafka/libs/jersey-media-jaxb-2.28.jar:/opt/kafka/libs/jersey-server-2.28.jar:/opt/kafka/libs/jetty-client-9.4.24.v20191120.jar:/opt/kafka/libs/jetty-continuation-9.4.24.v20191120.jar:/opt/kafka/libs/jetty-http-9.4.24.v20191120.jar:/opt/kafka/libs/jetty-io-9.4.24.v20191120.jar:/opt/kafka/libs/jetty-security-9.4.24.v20191120.jar:/opt/kafka/libs/jetty-server-9.4.24.v20191120.jar:/opt/kafka/libs/jetty-servlet-9.4.24.v20191120.jar:/opt/kafka/libs/jetty-servlets-9.4.24.v20191120.jar:/opt/kafka/libs/jetty-util-9.4.24.v20191120.jar:/opt/kafka/libs/jopt-simple-5.0.4.jar:/opt/kafka/libs/kafka-clients-2.5.0.jar:/opt/kafka/libs/kafka-log4j-appender-2.5.0.jar:/opt/kafka/libs/kafka-streams-2.5.0.jar:/opt/kafka/libs/kafka-streams-examples-2.5.0.jar:/opt/kafka/libs/kafka-streams-scala_2.12-2.5.0.jar:/opt/kafka/libs/kafka-streams-test-utils-2.5.0.jar:/opt/kafka/libs/kafka-tools-2.5.0.jar:/opt/kafka/libs/kafka_2.12-2.5.0-javadoc.jar:/opt/kafka/libs/kafka_2.12-2.5.0-scaladoc.jar:/opt/kafka/libs/kafka_2.12-2.5.0-sources.jar:/opt/kafka/libs/kafka_2.12-2.5.0-test-sources.jar:/opt/kafka/libs/kafka_2.12-2.5.0-test.jar:/opt/kafka/libs/kafka_2.12-2.5.0.jar:/opt/kafka/libs/log4j-1.2.17.jar:/opt/kafka/libs/lz4-java-1.7.1.jar:/opt/kafka/libs/maven-artifact-3.6.3.jar:/opt/kafka/libs/metrics-core-2.2.0.jar:/opt/kafka/libs/netty-buffer-4.1.45.Final.jar:/opt/kafka/libs/netty-codec-4.1.45.Final.jar:/opt/kafka/libs/netty-common-4.1.45.Final.jar:/opt/kafka/libs/netty-handler-4.1.45.Final.jar:/opt/kafka/libs/netty-resolver-4.1.45.Final.jar:/opt/kafka/libs/netty-transport-4.1.45.Final.jar:/opt/kafka/libs/netty-transport-native-epoll-4.1.45.Final.jar:/opt/kafka/libs/netty-transport-native-unix-common-4.1.45.Final.jar:/opt/kafka/libs/osgi-resource-locator-1.0.1.jar:/opt/kafka/libs/paranamer-2.8.jar:/opt/kafka/libs/plexus-utils-3.2.1.jar:/opt/kafka/libs/reflections-0.9.12.jar:/opt/kafka/libs/rocksdbjni-5.18.3.jar:/opt/kafka/libs/scala-java8-compat_2.12-0.9.0.jar:/opt/kafka/libs/scala-collection-compat_2.12-2.1.3.jar:/opt/kafka/libs/scala-library-2.12.10.jar:/opt/kafka/libs/scala-logging_2.12-3.9.2.jar:/opt/kafka/libs/scala-reflect-2.12.10.jar:/opt/kafka/libs/slf4j-api-1.7.30.jar:/opt/kafka/libs/slf4j-log4j12-1.7.30.jar:/opt/kafka/libs/snappy-java-1.1.7.3.jar:/opt/kafka/libs/validation-api-2.0.1.Final.jar:/opt/kafka/libs/zookeeper-3.5.7.jar:/opt/kafka/libs/zookeeper-jute-3.5.7.jar:/opt/kafka/libs/zstd-jni-1.4.4-7.jar (org.apache.zookeeper.server.ZooKeeperServer)
[2020-10-26 11:27:31,284] INFO Server environment:java.library.path=/usr/java/packages/lib:/usr/lib64:/lib64:/lib:/usr/lib (org.apache.zookeeper.server.ZooKeeperServer)
[2020-10-26 11:27:31,284] INFO Server environment:java.io.tmpdir=/tmp (org.apache.zookeeper.server.ZooKeeperServer)
[2020-10-26 11:27:31,284] INFO Server environment:java.compiler=<NA> (org.apache.zookeeper.server.ZooKeeperServer)
[2020-10-26 11:27:31,284] INFO Server environment:os.name=Linux (org.apache.zookeeper.server.ZooKeeperServer)
[2020-10-26 11:27:31,284] INFO Server environment:os.arch=amd64 (org.apache.zookeeper.server.ZooKeeperServer)
[2020-10-26 11:27:31,289] INFO Server environment:os.version=4.14.193-149.317.amzn2.x86_64 (org.apache.zookeeper.server.ZooKeeperServer)
[2020-10-26 11:27:31,289] INFO Server environment:user.name=nonroot (org.apache.zookeeper.server.ZooKeeperServer)
[2020-10-26 11:27:31,290] INFO Server environment:user.home=/home/nonroot (org.apache.zookeeper.server.ZooKeeperServer)
[2020-10-26 11:27:31,293] INFO Server environment:user.dir=/opt/kafka (org.apache.zookeeper.server.ZooKeeperServer)
[2020-10-26 11:27:31,298] INFO Server environment:os.memory.free=496MB (org.apache.zookeeper.server.ZooKeeperServer)
[2020-10-26 11:27:31,301] INFO Server environment:os.memory.max=512MB (org.apache.zookeeper.server.ZooKeeperServer)
[2020-10-26 11:27:31,303] INFO Server environment:os.memory.total=512MB (org.apache.zookeeper.server.ZooKeeperServer)
[2020-10-26 11:27:31,305] INFO minSessionTimeout set to 260 (org.apache.zookeeper.server.ZooKeeperServer)
[2020-10-26 11:27:31,306] INFO maxSessionTimeout set to 3000 (org.apache.zookeeper.server.ZooKeeperServer)
[2020-10-26 11:27:31,306] INFO Created server with tickTime 130 minSessionTimeout 260 maxSessionTimeout 3000 datadir /var/lib/zookeeper/log/version-2 snapdir /var/lib/zookeeper/data/version-2 (org.apache.zookeeper.server.ZooKeeperServer)
[2020-10-26 11:27:31,306] INFO FOLLOWING - LEADER ELECTION TOOK - 182 MS (org.apache.zookeeper.server.quorum.Learner)
[2020-10-26 11:27:31,363] INFO Notification: 2 (message format version), 1 (n.leader), 0x2000000b0 (n.zxid), 0xa (n.round), LOOKING (n.state), 1 (n.sid), 0x2 (n.peerEPoch), FOLLOWING (my state)0 (n.config version) (org.apache.zookeeper.server.quorum.FastLeaderElection)
[2020-10-26 11:27:31,440] INFO Getting a diff from the leader 0x2000000b0 (org.apache.zookeeper.server.quorum.Learner)
[2020-10-26 11:27:31,453] INFO Learner received NEWLEADER message (org.apache.zookeeper.server.quorum.Learner)
[2020-10-26 11:27:31,598] INFO Learner received UPTODATE message (org.apache.zookeeper.server.quorum.Learner)
[2020-10-26 11:27:31,756] INFO Configuring CommitProcessor with 1 worker threads. (org.apache.zookeeper.server.quorum.CommitProcessor)
[2020-10-26 11:27:32,682] INFO Revalidating client: 0x2000025fde00000 (org.apache.zookeeper.server.quorum.Learner)
[2020-10-26 11:27:32,831] INFO Revalidating client: 0x2000025fde00003 (org.apache.zookeeper.server.quorum.Learner)
[2020-10-26 11:27:32,999] INFO Revalidating client: 0x2000025fde00001 (org.apache.zookeeper.server.quorum.Learner)
[2020-10-26 11:27:33,003] INFO Revalidating client: 0x2000025fde00002 (org.apache.zookeeper.server.quorum.Learner)
[2020-10-26 11:28:06,462] WARN Exception when following the leader (org.apache.zookeeper.server.quorum.Learner)
java.io.EOFException
	at java.base/java.io.DataInputStream.readInt(Unknown Source)
	at org.apache.jute.BinaryInputArchive.readInt(BinaryInputArchive.java:84)
	at org.apache.zookeeper.server.quorum.QuorumPacket.deserialize(QuorumPacket.java:86)
	at org.apache.jute.BinaryInputArchive.readRecord(BinaryInputArchive.java:118)
	at org.apache.zookeeper.server.quorum.Learner.readPacket(Learner.java:158)
	at org.apache.zookeeper.server.quorum.Follower.followLeader(Follower.java:92)
	at org.apache.zookeeper.server.quorum.QuorumPeer.run(QuorumPeer.java:1253)
[2020-10-26 11:28:06,488] INFO shutdown called (org.apache.zookeeper.server.quorum.Learner)
java.lang.Exception: shutdown Follower
	at org.apache.zookeeper.server.quorum.Follower.shutdown(Follower.java:201)
	at org.apache.zookeeper.server.quorum.QuorumPeer.run(QuorumPeer.java:1257)
[2020-10-26 11:28:06,493] INFO Shutting down (org.apache.zookeeper.server.ZooKeeperServer)
[2020-10-26 11:28:06,493] INFO shutting down (org.apache.zookeeper.server.ZooKeeperServer)
[2020-10-26 11:28:06,493] INFO Shutting down (org.apache.zookeeper.server.quorum.FollowerRequestProcessor)
[2020-10-26 11:28:06,493] INFO Shutting down (org.apache.zookeeper.server.quorum.CommitProcessor)
[2020-10-26 11:28:06,493] INFO CommitProcessor exited loop! (org.apache.zookeeper.server.quorum.CommitProcessor)
[2020-10-26 11:28:06,494] INFO FollowerRequestProcessor exited loop! (org.apache.zookeeper.server.quorum.FollowerRequestProcessor)
[2020-10-26 11:28:06,497] INFO shutdown of request processor complete (org.apache.zookeeper.server.FinalRequestProcessor)
[2020-10-26 11:28:06,502] INFO Shutting down (org.apache.zookeeper.server.SyncRequestProcessor)
[2020-10-26 11:28:06,512] INFO SyncRequestProcessor exited! (org.apache.zookeeper.server.SyncRequestProcessor)
[2020-10-26 11:28:06,515] WARN PeerState set to LOOKING (org.apache.zookeeper.server.quorum.QuorumPeer)
[2020-10-26 11:28:06,515] INFO LOOKING (org.apache.zookeeper.server.quorum.QuorumPeer)
[2020-10-26 11:28:06,516] INFO New election. My id =  2, proposed zxid=0x2000000b0 (org.apache.zookeeper.server.quorum.FastLeaderElection)
[2020-10-26 11:28:06,537] INFO Notification: 2 (message format version), 2 (n.leader), 0x2000000b0 (n.zxid), 0xa (n.round), LOOKING (n.state), 2 (n.sid), 0x3 (n.peerEPoch), LOOKING (my state)0 (n.config version) (org.apache.zookeeper.server.quorum.FastLeaderElection)
[2020-10-26 11:28:06,545] INFO Notification: 2 (message format version), 3 (n.leader), 0x2000000b0 (n.zxid), 0x9 (n.round), FOLLOWING (n.state), 1 (n.sid), 0x3 (n.peerEPoch), LOOKING (my state)0 (n.config version) (org.apache.zookeeper.server.quorum.FastLeaderElection)
[2020-10-26 11:28:06,571] INFO Notification: 2 (message format version), 3 (n.leader), 0x2000000b0 (n.zxid), 0x9 (n.round), LEADING (n.state), 3 (n.sid), 0x3 (n.peerEPoch), LOOKING (my state)0 (n.config version) (org.apache.zookeeper.server.quorum.FastLeaderElection)
[2020-10-26 11:28:06,573] INFO FOLLOWING (org.apache.zookeeper.server.quorum.QuorumPeer)
[2020-10-26 11:28:06,574] INFO minSessionTimeout set to 260 (org.apache.zookeeper.server.ZooKeeperServer)
[2020-10-26 11:28:06,574] INFO maxSessionTimeout set to 3000 (org.apache.zookeeper.server.ZooKeeperServer)
[2020-10-26 11:28:06,574] INFO Created server with tickTime 130 minSessionTimeout 260 maxSessionTimeout 3000 datadir /var/lib/zookeeper/log/version-2 snapdir /var/lib/zookeeper/data/version-2 (org.apache.zookeeper.server.ZooKeeperServer)
[2020-10-26 11:28:06,574] INFO FOLLOWING - LEADER ELECTION TOOK - 1 MS (org.apache.zookeeper.server.quorum.Learner)
[2020-10-26 11:28:06,605] INFO Getting a diff from the leader 0x2000000b0 (org.apache.zookeeper.server.quorum.Learner)
[2020-10-26 11:28:06,607] INFO Learner received NEWLEADER message (org.apache.zookeeper.server.quorum.Learner)
[2020-10-26 11:28:06,620] INFO Learner received UPTODATE message (org.apache.zookeeper.server.quorum.Learner)
[2020-10-26 11:28:06,622] INFO Configuring CommitProcessor with 1 worker threads. (org.apache.zookeeper.server.quorum.CommitProcessor)
[2020-10-26 11:30:10,114] WARN Exception when following the leader (org.apache.zookeeper.server.quorum.Learner)
java.io.EOFException
	at java.base/java.io.DataInputStream.readInt(Unknown Source)
	at org.apache.jute.BinaryInputArchive.readInt(BinaryInputArchive.java:84)
	at org.apache.zookeeper.server.quorum.QuorumPacket.deserialize(QuorumPacket.java:86)
	at org.apache.jute.BinaryInputArchive.readRecord(BinaryInputArchive.java:118)
	at org.apache.zookeeper.server.quorum.Learner.readPacket(Learner.java:158)
	at org.apache.zookeeper.server.quorum.Follower.followLeader(Follower.java:92)
	at org.apache.zookeeper.server.quorum.QuorumPeer.run(QuorumPeer.java:1253)
[2020-10-26 11:30:10,120] INFO shutdown called (org.apache.zookeeper.server.quorum.Learner)
java.lang.Exception: shutdown Follower
	at org.apache.zookeeper.server.quorum.Follower.shutdown(Follower.java:201)
	at org.apache.zookeeper.server.quorum.QuorumPeer.run(QuorumPeer.java:1257)
[2020-10-26 11:30:10,125] INFO Shutting down (org.apache.zookeeper.server.ZooKeeperServer)
[2020-10-26 11:30:10,129] INFO shutting down (org.apache.zookeeper.server.ZooKeeperServer)
[2020-10-26 11:30:10,130] INFO Shutting down (org.apache.zookeeper.server.quorum.FollowerRequestProcessor)
[2020-10-26 11:30:10,130] INFO Shutting down (org.apache.zookeeper.server.quorum.CommitProcessor)
[2020-10-26 11:30:10,130] INFO shutdown of request processor complete (org.apache.zookeeper.server.FinalRequestProcessor)
[2020-10-26 11:30:10,130] INFO FollowerRequestProcessor exited loop! (org.apache.zookeeper.server.quorum.FollowerRequestProcessor)
[2020-10-26 11:30:10,130] INFO CommitProcessor exited loop! (org.apache.zookeeper.server.quorum.CommitProcessor)
[2020-10-26 11:30:10,147] INFO Shutting down (org.apache.zookeeper.server.SyncRequestProcessor)
[2020-10-26 11:30:10,169] INFO SyncRequestProcessor exited! (org.apache.zookeeper.server.SyncRequestProcessor)
[2020-10-26 11:30:10,169] WARN PeerState set to LOOKING (org.apache.zookeeper.server.quorum.QuorumPeer)
[2020-10-26 11:30:10,170] INFO LOOKING (org.apache.zookeeper.server.quorum.QuorumPeer)
[2020-10-26 11:30:10,178] INFO New election. My id =  2, proposed zxid=0x2000000b0 (org.apache.zookeeper.server.quorum.FastLeaderElection)
[2020-10-26 11:30:10,210] INFO Notification: 2 (message format version), 2 (n.leader), 0x2000000b0 (n.zxid), 0xa (n.round), LOOKING (n.state), 2 (n.sid), 0x3 (n.peerEPoch), LOOKING (my state)0 (n.config version) (org.apache.zookeeper.server.quorum.FastLeaderElection)
[2020-10-26 11:30:10,218] INFO Notification: 2 (message format version), 3 (n.leader), 0x2000000b0 (n.zxid), 0x9 (n.round), FOLLOWING (n.state), 1 (n.sid), 0x3 (n.peerEPoch), LOOKING (my state)0 (n.config version) (org.apache.zookeeper.server.quorum.FastLeaderElection)
[2020-10-26 11:30:10,229] INFO Notification: 2 (message format version), 3 (n.leader), 0x2000000b0 (n.zxid), 0x9 (n.round), LEADING (n.state), 3 (n.sid), 0x3 (n.peerEPoch), LOOKING (my state)0 (n.config version) (org.apache.zookeeper.server.quorum.FastLeaderElection)
[2020-10-26 11:30:10,229] INFO FOLLOWING (org.apache.zookeeper.server.quorum.QuorumPeer)
[2020-10-26 11:30:10,231] INFO minSessionTimeout set to 260 (org.apache.zookeeper.server.ZooKeeperServer)
[2020-10-26 11:30:10,231] INFO maxSessionTimeout set to 3000 (org.apache.zookeeper.server.ZooKeeperServer)
[2020-10-26 11:30:10,231] INFO Created server with tickTime 130 minSessionTimeout 260 maxSessionTimeout 3000 datadir /var/lib/zookeeper/log/version-2 snapdir /var/lib/zookeeper/data/version-2 (org.apache.zookeeper.server.ZooKeeperServer)
[2020-10-26 11:30:10,231] INFO FOLLOWING - LEADER ELECTION TOOK - 1 MS (org.apache.zookeeper.server.quorum.Learner)
[2020-10-26 11:30:10,278] INFO Getting a diff from the leader 0x2000000b0 (org.apache.zookeeper.server.quorum.Learner)
[2020-10-26 11:30:10,279] INFO Learner received NEWLEADER message (org.apache.zookeeper.server.quorum.Learner)
[2020-10-26 11:30:10,310] INFO Learner received UPTODATE message (org.apache.zookeeper.server.quorum.Learner)
[2020-10-26 11:30:10,311] INFO Configuring CommitProcessor with 1 worker threads. (org.apache.zookeeper.server.quorum.CommitProcessor)
